Host: http://host.docker.internal:8080
Dealer: hogehoge, Player: P2
Client connect successfully!
Send join-room event.
req_data: 
{'room_name': 'hogehoge', 'player': 'P2'}
Receive join-room event.
res_data: 
{'room_name': 'hogehoge', 'player': 'P2'}
Send join-room event.
res_data: 
{
    'room_name': 'hogehoge',
    'player': 'P2',
    'game_id': 'D-00000001',
    'your_id': 'P-00000002',
    'total_turn': 1,
    'white_wild': 'skip_bind_2'
}
Client join room successfully!
My id is P-00000002
Receive join-room event.
res_data: 
{'room_name': 'hogehoge', 'player': 'Alternative 3'}
Receive join-room event.
res_data: 
{'room_name': 'hogehoge', 'player': 'Alternative 4'}
場札または手札にないのは
カードステータス: {'blue': {'0': 1, '1': 2, '2': 2, '3': 2, '4': 2, '5': 2, '6': 2, '7': 2, '8': 1, '9': 2, 'draw_2': 2, 'skip': 2, 'reverse': 2}, 'green': {'0': 1, '1': 2, '2': 2, '3': 2, '4': 2, '5': 2, '6': 2, '7': 1, '8': 2, '9': 2, 'draw_2': 2, 'skip': 1, 'reverse': 2}, 'red': {'0': 1, '1': 2, '2': 1, '3': 1, '4': 2, '5': 2, '6': 2, '7': 2, '8': 2, '9': 2, 'draw_2': 2, 'skip': 2, 'reverse': 1}, 'yellow': {'0': 1, '1': 2, '2': 2, '3': 2, '4': 2, '5': 2, '6': 2, '7': 2, '8': 2, '9': 2, 'draw_2': 2, 'skip': 2, 'reverse': 2}, 'black': {'wild': 4, 'wild_draw_4': 4, 'wild_shuffle': 0}, 'white': {'white_wild': 3}}
私の手札は
[
    {'color': 'red', 'number': 2},
    {'color': 'blue', 'number': 8},
    {'color': 'green', 'number': 7},
    {'color': 'green', 'special': 'skip'},
    {'color': 'red', 'number': 3},
    {'color': 'red', 'special': 'reverse'},
    {'color': 'black', 'special': 'wild_shuffle'}
]
Receive receiver-card event.
res_data: 
{
    'cards_receive': [
        {'color': 'red', 'number': 2},
        {'color': 'blue', 'number': 8},
        {'color': 'green', 'number': 7},
        {'color': 'green', 'special': 'skip'},
        {'color': 'red', 'number': 3},
        {'color': 'red', 'special': 'reverse'},
        {'color': 'black', 'special': 'wild_shuffle'}
    ],
    'is_penalty': False
}
Receive first-player event.
res_data: 
{
    'first_player': 'P-00000001',
    'first_card': {'color': 'yellow', 'number': 6},
    'play_order': ['P-00000001', 'P-00000004', 'P-00000003', 'P-00000002'],
    'total_turn': 1,
    'white_wild': 'skip_bind_2'
}
私以外だよ
場札または手札にないのは
カードステータス: {'blue': {'0': 1, '1': 2, '2': 2, '3': 2, '4': 2, '5': 2, '6': 2, '7': 2, '8': 1, '9': 2, 'draw_2': 2, 'skip': 2, 'reverse': 2}, 'green': {'0': 1, '1': 2, '2': 2, '3': 2, '4': 2, '5': 2, '6': 2, '7': 1, '8': 2, '9': 2, 'draw_2': 2, 'skip': 1, 'reverse': 2}, 'red': {'0': 1, '1': 2, '2': 1, '3': 1, '4': 2, '5': 2, '6': 2, '7': 2, '8': 2, '9': 2, 'draw_2': 2, 'skip': 2, 'reverse': 1}, 'yellow': {'0': 1, '1': 2, '2': 2, '3': 2, '4': 2, '5': 2, '6': 2, '7': 2, '8': 2, '9': 2, 'draw_2': 2, 'skip': 2, 'reverse': 1}, 'black': {'wild': 4, 'wild_draw_4': 4, 'wild_shuffle': 0}, 'white': {'white_wild': 3}}
---場にカードを出した---
プレイヤー: P-00000001
カード: {'color': 'yellow', 'special': 'reverse'}
山札の枚数: 83
場の枚数: 2
P-00000001の枚数: 6
P-00000004の枚数: 7
P-00000003の枚数: 7
P-00000002の枚数: 7
カード合計: 112
CHECK: True
最後に記録されたカード: {'color': 'yellow', 'special': 'reverse'}
反転発動
{'P-00000001': {'位置': '直後', 'UNO': False}, 'P-00000004': {'位置': '対面', 'UNO': False}, 'P-00000003': {'位置': '直前', 'UNO': False}}
Receive play-card event.
res_data: 
{
    'card_play': {'color': 'yellow', 'special': 'reverse'},
    'yell_uno': False,
    'player': 'P-00000001'
}
私はP-00000002です
Receive next-player event.
res_data: 
{
    'next_player': 'P-00000002',
    'before_player': 'P-00000001',
    'card_before': {'color': 'yellow', 'special': 'reverse'},
    'card_of_player': [
        {'color': 'green', 'number': 7},
        {'color': 'green', 'special': 'skip'},
        {'color': 'blue', 'number': 8},
        {'color': 'red', 'number': 2},
        {'color': 'red', 'number': 3},
        {'color': 'red', 'special': 'reverse'},
        {'color': 'black', 'special': 'wild_shuffle'}
    ],
    'must_call_draw_card': False,
    'draw_reason': 'nothing',
    'turn_right': False,
    'number_card_play': 2,
    'number_turn_play': 1,
    'number_card_of_player': {
        'P-00000001': 6,
        'P-00000004': 7,
        'P-00000003': 7,
        'P-00000002': 7
    }
}
---枚数照合---
誰？： P-00000001
dealerから送られてきたカード枚数: 6
game_statusで記録していたカード枚数: 6
正しいか: True
---枚数照合---
誰？： P-00000004
dealerから送られてきたカード枚数: 7
game_statusで記録していたカード枚数: 7
正しいか: True
---枚数照合---
誰？： P-00000003
dealerから送られてきたカード枚数: 7
game_statusで記録していたカード枚数: 7
正しいか: True
---枚数照合---
誰？： P-00000002
dealerから送られてきたカード枚数: 7
game_statusで記録していたカード枚数: 7
正しいか: True
出せるのは(offensive)
[{'color': 'red', 'special': 'reverse'}]
selected card: red reverse
Send play-card event.
req_data: 
{'card_play': {'color': 'red', 'special': 'reverse'}, 'yell_uno': False}
---場にカードを出した---
プレイヤー: P-00000002
カード: {'color': 'red', 'special': 'reverse'}
山札の枚数: 83
場の枚数: 3
P-00000001の枚数: 6
P-00000004の枚数: 7
P-00000003の枚数: 7
P-00000002の枚数: 6
カード合計: 112
CHECK: True
最後に記録されたカード: {'color': 'red', 'special': 'reverse'}
反転発動
{'P-00000001': {'位置': '直前', 'UNO': False}, 'P-00000004': {'位置': '対面', 'UNO': False}, 'P-00000003': {'位置': '直後', 'UNO': False}}
Receive play-card event.
res_data: 
{
    'card_play': {'color': 'red', 'special': 'reverse'},
    'yell_uno': False,
    'player': 'P-00000002'
}
Send play-card event.
res_data: 
{'card_play': {'color': 'red', 'special': 'reverse'}, 'yell_uno': False}
私以外だよ
場札または手札にないのは
カードステータス: {'blue': {'0': 1, '1': 2, '2': 2, '3': 2, '4': 2, '5': 2, '6': 2, '7': 2, '8': 1, '9': 2, 'draw_2': 2, 'skip': 2, 'reverse': 2}, 'green': {'0': 1, '1': 2, '2': 2, '3': 2, '4': 2, '5': 2, '6': 2, '7': 1, '8': 2, '9': 2, 'draw_2': 2, 'skip': 1, 'reverse': 2}, 'red': {'0': 1, '1': 1, '2': 1, '3': 1, '4': 2, '5': 2, '6': 2, '7': 2, '8': 2, '9': 2, 'draw_2': 2, 'skip': 2, 'reverse': 1}, 'yellow': {'0': 1, '1': 2, '2': 2, '3': 2, '4': 2, '5': 2, '6': 2, '7': 2, '8': 2, '9': 2, 'draw_2': 2, 'skip': 2, 'reverse': 1}, 'black': {'wild': 4, 'wild_draw_4': 4, 'wild_shuffle': 0}, 'white': {'white_wild': 3}}
今のは{'card_counts': 5, 'card': {'color': 'red', 'number': 1}}
その前は{'card_counts': 6, 'card': {'color': 'yellow', 'special': 'reverse'}}
---場にカードを出した---
プレイヤー: P-00000001
カード: {'color': 'red', 'number': 1}
山札の枚数: 83
場の枚数: 4
P-00000001の枚数: 5
P-00000004の枚数: 7
P-00000003の枚数: 7
P-00000002の枚数: 6
カード合計: 112
CHECK: True
最後に記録されたカード: {'color': 'red', 'number': 1}
Receive play-card event.
res_data: 
{
    'card_play': {'color': 'red', 'number': 1},
    'yell_uno': False,
    'player': 'P-00000001'
}
私以外だよ
場札または手札にないのは
カードステータス: {'blue': {'0': 1, '1': 2, '2': 2, '3': 2, '4': 2, '5': 2, '6': 2, '7': 2, '8': 1, '9': 2, 'draw_2': 2, 'skip': 2, 'reverse': 2}, 'green': {'0': 1, '1': 2, '2': 2, '3': 2, '4': 2, '5': 2, '6': 2, '7': 1, '8': 2, '9': 2, 'draw_2': 2, 'skip': 1, 'reverse': 2}, 'red': {'0': 1, '1': 1, '2': 1, '3': 1, '4': 2, '5': 2, '6': 2, '7': 2, '8': 2, '9': 2, 'draw_2': 1, 'skip': 2, 'reverse': 1}, 'yellow': {'0': 1, '1': 2, '2': 2, '3': 2, '4': 2, '5': 2, '6': 2, '7': 2, '8': 2, '9': 2, 'draw_2': 2, 'skip': 2, 'reverse': 1}, 'black': {'wild': 4, 'wild_draw_4': 4, 'wild_shuffle': 0}, 'white': {'white_wild': 3}}
---場にカードを出した---
プレイヤー: P-00000004
カード: {'color': 'red', 'special': 'draw_2'}
山札の枚数: 83
場の枚数: 5
P-00000001の枚数: 5
P-00000004の枚数: 6
P-00000003の枚数: 7
P-00000002の枚数: 6
カード合計: 112
CHECK: True
最後に記録されたカード: {'color': 'red', 'special': 'draw_2'}
Receive play-card event.
res_data: 
{
    'card_play': {'color': 'red', 'special': 'draw_2'},
    'yell_uno': False,
    'player': 'P-00000004'
}
Receive draw-card event.
res_data: 
{'player': 'P-00000003', 'is_draw': True}
---P-00000003がカードを引きます---
引く理由: draw_2
---更新前---
山札:83枚
P-00000001:5枚 P-00000004:6枚 P-00000003:7枚 P-00000002:6枚 
---更新後---
山札からP-00000003へ2枚移動
山札:81枚
P-00000001:5枚 P-00000004:6枚 P-00000003:9枚 P-00000002:6枚 
私はP-00000002です
Receive next-player event.
res_data: 
{
    'next_player': 'P-00000002',
    'before_player': 'P-00000003',
    'card_before': {'color': 'red', 'special': 'draw_2'},
    'card_of_player': [
        {'color': 'green', 'number': 7},
        {'color': 'green', 'special': 'skip'},
        {'color': 'blue', 'number': 8},
        {'color': 'red', 'number': 2},
        {'color': 'red', 'number': 3},
        {'color': 'black', 'special': 'wild_shuffle'}
    ],
    'must_call_draw_card': False,
    'draw_reason': 'nothing',
    'turn_right': True,
    'number_card_play': 5,
    'number_turn_play': 5,
    'number_card_of_player': {
        'P-00000001': 5,
        'P-00000004': 6,
        'P-00000003': 9,
        'P-00000002': 6
    }
}
---枚数照合---
誰？： P-00000001
dealerから送られてきたカード枚数: 5
game_statusで記録していたカード枚数: 5
正しいか: True
---枚数照合---
誰？： P-00000004
dealerから送られてきたカード枚数: 6
game_statusで記録していたカード枚数: 6
正しいか: True
---枚数照合---
誰？： P-00000003
dealerから送られてきたカード枚数: 9
game_statusで記録していたカード枚数: 9
正しいか: True
---枚数照合---
誰？： P-00000002
dealerから送られてきたカード枚数: 6
game_statusで記録していたカード枚数: 6
正しいか: True
出せるのは(offensive)
[{'color': 'red', 'number': 3}, {'color': 'red', 'number': 2}]
selected card: red 3
Send play-card event.
req_data: 
{'card_play': {'color': 'red', 'number': 3}, 'yell_uno': False}
今のは{'card_counts': 5, 'card': {'color': 'red', 'number': 3}}
その前は{'card_counts': 6, 'card': {'color': 'red', 'special': 'reverse'}}
---場にカードを出した---
プレイヤー: P-00000002
カード: {'color': 'red', 'number': 3}
山札の枚数: 81
場の枚数: 6
P-00000001の枚数: 5
P-00000004の枚数: 6
P-00000003の枚数: 9
P-00000002の枚数: 5
カード合計: 112
CHECK: True
最後に記録されたカード: {'color': 'red', 'number': 3}
Receive play-card event.
res_data: 
{
    'card_play': {'color': 'red', 'number': 3},
    'yell_uno': False,
    'player': 'P-00000002'
}
Send play-card event.
res_data: 
{'card_play': {'color': 'red', 'number': 3}, 'yell_uno': False}
私以外だよ
場札または手札にないのは
カードステータス: {'blue': {'0': 1, '1': 2, '2': 2, '3': 2, '4': 2, '5': 2, '6': 2, '7': 2, '8': 1, '9': 2, 'draw_2': 2, 'skip': 2, 'reverse': 2}, 'green': {'0': 1, '1': 2, '2': 2, '3': 2, '4': 2, '5': 2, '6': 2, '7': 1, '8': 2, '9': 2, 'draw_2': 2, 'skip': 1, 'reverse': 2}, 'red': {'0': 1, '1': 1, '2': 1, '3': 1, '4': 2, '5': 1, '6': 2, '7': 2, '8': 2, '9': 2, 'draw_2': 1, 'skip': 2, 'reverse': 1}, 'yellow': {'0': 1, '1': 2, '2': 2, '3': 2, '4': 2, '5': 2, '6': 2, '7': 2, '8': 2, '9': 2, 'draw_2': 2, 'skip': 2, 'reverse': 1}, 'black': {'wild': 4, 'wild_draw_4': 4, 'wild_shuffle': 0}, 'white': {'white_wild': 3}}
今のは{'card_counts': 4, 'card': {'color': 'red', 'number': 5}}
その前は{'card_counts': 5, 'card': {'color': 'red', 'number': 1}}
---場にカードを出した---
プレイヤー: P-00000001
カード: {'color': 'red', 'number': 5}
山札の枚数: 81
場の枚数: 7
P-00000001の枚数: 4
P-00000004の枚数: 6
P-00000003の枚数: 9
P-00000002の枚数: 5
カード合計: 112
CHECK: True
最後に記録されたカード: {'color': 'red', 'number': 5}
Receive play-card event.
res_data: 
{
    'card_play': {'color': 'red', 'number': 5},
    'yell_uno': False,
    'player': 'P-00000001'
}
Receive draw-card event.
res_data: 
{'player': 'P-00000004', 'is_draw': True}
---P-00000004がカードを引きます---
引く理由: 場に出すカードがない(再行動可能)
---更新前---
山札:81枚
P-00000001:4枚 P-00000004:6枚 P-00000003:9枚 P-00000002:5枚 
25枚以下制約あり
---更新後---
山札からP-00000004へ1枚移動
山札:80枚
P-00000001:4枚 P-00000004:7枚 P-00000003:9枚 P-00000002:5枚 
私以外だよ
場札または手札にないのは
カードステータス: {'blue': {'0': 1, '1': 2, '2': 2, '3': 2, '4': 2, '5': 1, '6': 2, '7': 2, '8': 1, '9': 2, 'draw_2': 2, 'skip': 2, 'reverse': 2}, 'green': {'0': 1, '1': 2, '2': 2, '3': 2, '4': 2, '5': 2, '6': 2, '7': 1, '8': 2, '9': 2, 'draw_2': 2, 'skip': 1, 'reverse': 2}, 'red': {'0': 1, '1': 1, '2': 1, '3': 1, '4': 2, '5': 1, '6': 2, '7': 2, '8': 2, '9': 2, 'draw_2': 1, 'skip': 2, 'reverse': 1}, 'yellow': {'0': 1, '1': 2, '2': 2, '3': 2, '4': 2, '5': 2, '6': 2, '7': 2, '8': 2, '9': 2, 'draw_2': 2, 'skip': 2, 'reverse': 1}, 'black': {'wild': 4, 'wild_draw_4': 4, 'wild_shuffle': 0}, 'white': {'white_wild': 3}}
---場にカードを出した---
プレイヤー: P-00000003
カード: {'color': 'blue', 'number': 5}
山札の枚数: 80
場の枚数: 8
P-00000001の枚数: 4
P-00000004の枚数: 7
P-00000003の枚数: 8
P-00000002の枚数: 5
カード合計: 112
CHECK: True
最後に記録されたカード: {'color': 'blue', 'number': 5}
Receive play-card event.
res_data: 
{
    'card_play': {'color': 'blue', 'number': 5},
    'yell_uno': False,
    'player': 'P-00000003'
}
私はP-00000002です
Receive next-player event.
res_data: 
{
    'next_player': 'P-00000002',
    'before_player': 'P-00000003',
    'card_before': {'color': 'blue', 'number': 5},
    'card_of_player': [
        {'color': 'green', 'number': 7},
        {'color': 'green', 'special': 'skip'},
        {'color': 'blue', 'number': 8},
        {'color': 'red', 'number': 2},
        {'color': 'black', 'special': 'wild_shuffle'}
    ],
    'must_call_draw_card': False,
    'draw_reason': 'nothing',
    'turn_right': True,
    'number_card_play': 8,
    'number_turn_play': 9,
    'number_card_of_player': {
        'P-00000001': 4,
        'P-00000004': 7,
        'P-00000003': 8,
        'P-00000002': 5
    }
}
---枚数照合---
誰？： P-00000001
dealerから送られてきたカード枚数: 4
game_statusで記録していたカード枚数: 4
正しいか: True
---枚数照合---
誰？： P-00000004
dealerから送られてきたカード枚数: 7
game_statusで記録していたカード枚数: 7
正しいか: True
---枚数照合---
誰？： P-00000003
dealerから送られてきたカード枚数: 8
game_statusで記録していたカード枚数: 8
正しいか: True
---枚数照合---
誰？： P-00000002
dealerから送られてきたカード枚数: 5
game_statusで記録していたカード枚数: 5
正しいか: True
出せるのは(offensive)
[{'color': 'blue', 'number': 8}]
selected card: blue 8
Send play-card event.
req_data: 
{'card_play': {'color': 'blue', 'number': 8}, 'yell_uno': False}
今のは{'card_counts': 4, 'card': {'color': 'blue', 'number': 8}}
その前は{'card_counts': 5, 'card': {'color': 'red', 'number': 3}}
---場にカードを出した---
プレイヤー: P-00000002
カード: {'color': 'blue', 'number': 8}
山札の枚数: 80
場の枚数: 9
P-00000001の枚数: 4
P-00000004の枚数: 7
P-00000003の枚数: 8
P-00000002の枚数: 4
カード合計: 112
CHECK: True
最後に記録されたカード: {'color': 'blue', 'number': 8}
Receive play-card event.
res_data: 
{
    'card_play': {'color': 'blue', 'number': 8},
    'yell_uno': False,
    'player': 'P-00000002'
}
Send play-card event.
res_data: 
{'card_play': {'color': 'blue', 'number': 8}, 'yell_uno': False}
私以外だよ
場札または手札にないのは
カードステータス: {'blue': {'0': 0, '1': 2, '2': 2, '3': 2, '4': 2, '5': 1, '6': 2, '7': 2, '8': 1, '9': 2, 'draw_2': 2, 'skip': 2, 'reverse': 2}, 'green': {'0': 1, '1': 2, '2': 2, '3': 2, '4': 2, '5': 2, '6': 2, '7': 1, '8': 2, '9': 2, 'draw_2': 2, 'skip': 1, 'reverse': 2}, 'red': {'0': 1, '1': 1, '2': 1, '3': 1, '4': 2, '5': 1, '6': 2, '7': 2, '8': 2, '9': 2, 'draw_2': 1, 'skip': 2, 'reverse': 1}, 'yellow': {'0': 1, '1': 2, '2': 2, '3': 2, '4': 2, '5': 2, '6': 2, '7': 2, '8': 2, '9': 2, 'draw_2': 2, 'skip': 2, 'reverse': 1}, 'black': {'wild': 4, 'wild_draw_4': 4, 'wild_shuffle': 0}, 'white': {'white_wild': 3}}
今のは{'card_counts': 3, 'card': {'color': 'blue', 'number': 0}}
その前は{'card_counts': 4, 'card': {'color': 'red', 'number': 5}}
---場にカードを出した---
プレイヤー: P-00000001
カード: {'color': 'blue', 'number': 0}
山札の枚数: 80
場の枚数: 10
P-00000001の枚数: 3
P-00000004の枚数: 7
P-00000003の枚数: 8
P-00000002の枚数: 4
カード合計: 112
CHECK: True
最後に記録されたカード: {'color': 'blue', 'number': 0}
Receive play-card event.
res_data: 
{
    'card_play': {'color': 'blue', 'number': 0},
    'yell_uno': False,
    'player': 'P-00000001'
}
私以外だよ
場札または手札にないのは
カードステータス: {'blue': {'0': 0, '1': 2, '2': 2, '3': 1, '4': 2, '5': 1, '6': 2, '7': 2, '8': 1, '9': 2, 'draw_2': 2, 'skip': 2, 'reverse': 2}, 'green': {'0': 1, '1': 2, '2': 2, '3': 2, '4': 2, '5': 2, '6': 2, '7': 1, '8': 2, '9': 2, 'draw_2': 2, 'skip': 1, 'reverse': 2}, 'red': {'0': 1, '1': 1, '2': 1, '3': 1, '4': 2, '5': 1, '6': 2, '7': 2, '8': 2, '9': 2, 'draw_2': 1, 'skip': 2, 'reverse': 1}, 'yellow': {'0': 1, '1': 2, '2': 2, '3': 2, '4': 2, '5': 2, '6': 2, '7': 2, '8': 2, '9': 2, 'draw_2': 2, 'skip': 2, 'reverse': 1}, 'black': {'wild': 4, 'wild_draw_4': 4, 'wild_shuffle': 0}, 'white': {'white_wild': 3}}
今のは{'card_counts': 6, 'card': {'color': 'blue', 'number': 3}}
その前は{'card_counts': 6, 'card': {'color': 'red', 'special': 'draw_2'}}
---場にカードを出した---
プレイヤー: P-00000004
カード: {'color': 'blue', 'number': 3}
山札の枚数: 80
場の枚数: 11
P-00000001の枚数: 3
P-00000004の枚数: 6
P-00000003の枚数: 8
P-00000002の枚数: 4
カード合計: 112
CHECK: True
最後に記録されたカード: {'color': 'blue', 'number': 3}
Receive play-card event.
res_data: 
{
    'card_play': {'color': 'blue', 'number': 3},
    'yell_uno': False,
    'player': 'P-00000004'
}
私以外だよ
場札または手札にないのは
カードステータス: {'blue': {'0': 0, '1': 1, '2': 2, '3': 1, '4': 2, '5': 1, '6': 2, '7': 2, '8': 1, '9': 2, 'draw_2': 2, 'skip': 2, 'reverse': 2}, 'green': {'0': 1, '1': 2, '2': 2, '3': 2, '4': 2, '5': 2, '6': 2, '7': 1, '8': 2, '9': 2, 'draw_2': 2, 'skip': 1, 'reverse': 2}, 'red': {'0': 1, '1': 1, '2': 1, '3': 1, '4': 2, '5': 1, '6': 2, '7': 2, '8': 2, '9': 2, 'draw_2': 1, 'skip': 2, 'reverse': 1}, 'yellow': {'0': 1, '1': 2, '2': 2, '3': 2, '4': 2, '5': 2, '6': 2, '7': 2, '8': 2, '9': 2, 'draw_2': 2, 'skip': 2, 'reverse': 1}, 'black': {'wild': 4, 'wild_draw_4': 4, 'wild_shuffle': 0}, 'white': {'white_wild': 3}}
今のは{'card_counts': 7, 'card': {'color': 'blue', 'number': 1}}
その前は{'card_counts': 8, 'card': {'color': 'blue', 'number': 5}}
---場にカードを出した---
プレイヤー: P-00000003
カード: {'color': 'blue', 'number': 1}
山札の枚数: 80
場の枚数: 12
P-00000001の枚数: 3
P-00000004の枚数: 6
P-00000003の枚数: 7
P-00000002の枚数: 4
カード合計: 112
CHECK: True
最後に記録されたカード: {'color': 'blue', 'number': 1}
Receive play-card event.
res_data: 
{
    'card_play': {'color': 'blue', 'number': 1},
    'yell_uno': False,
    'player': 'P-00000003'
}
私はP-00000002です
Receive next-player event.
res_data: 
{
    'next_player': 'P-00000002',
    'before_player': 'P-00000003',
    'card_before': {'color': 'blue', 'number': 1},
    'card_of_player': [
        {'color': 'green', 'number': 7},
        {'color': 'green', 'special': 'skip'},
        {'color': 'red', 'number': 2},
        {'color': 'black', 'special': 'wild_shuffle'}
    ],
    'must_call_draw_card': False,
    'draw_reason': 'nothing',
    'turn_right': True,
    'number_card_play': 12,
    'number_turn_play': 13,
    'number_card_of_player': {
        'P-00000001': 3,
        'P-00000004': 6,
        'P-00000003': 7,
        'P-00000002': 4
    }
}
---枚数照合---
誰？： P-00000001
dealerから送られてきたカード枚数: 3
game_statusで記録していたカード枚数: 3
正しいか: True
---枚数照合---
誰？： P-00000004
dealerから送られてきたカード枚数: 6
game_statusで記録していたカード枚数: 6
正しいか: True
---枚数照合---
誰？： P-00000003
dealerから送られてきたカード枚数: 7
game_statusで記録していたカード枚数: 7
正しいか: True
---枚数照合---
誰？： P-00000002
dealerから送られてきたカード枚数: 4
game_statusで記録していたカード枚数: 4
正しいか: True
Send special-logic event.
req_data: 
{'title': '◯◯◯◯◯◯◯◯◯◯◯◯◯◯◯◯◯◯◯◯◯'}
出せるのは(offensive)
[]
Send draw-card event.
req_data: 
{}
Send special-logic event.
res_data: 
{'title': '◯◯◯◯◯◯◯◯◯◯◯◯◯◯◯◯◯◯◯◯◯'}
場札または手札にないのは
カードステータス: {'blue': {'0': 0, '1': 1, '2': 2, '3': 1, '4': 2, '5': 1, '6': 2, '7': 2, '8': 1, '9': 2, 'draw_2': 2, 'skip': 2, 'reverse': 2}, 'green': {'0': 1, '1': 2, '2': 2, '3': 2, '4': 2, '5': 2, '6': 2, '7': 1, '8': 2, '9': 1, 'draw_2': 2, 'skip': 1, 'reverse': 2}, 'red': {'0': 1, '1': 1, '2': 1, '3': 1, '4': 2, '5': 1, '6': 2, '7': 2, '8': 2, '9': 2, 'draw_2': 1, 'skip': 2, 'reverse': 1}, 'yellow': {'0': 1, '1': 2, '2': 2, '3': 2, '4': 2, '5': 2, '6': 2, '7': 2, '8': 2, '9': 2, 'draw_2': 2, 'skip': 2, 'reverse': 1}, 'black': {'wild': 4, 'wild_draw_4': 4, 'wild_shuffle': 0}, 'white': {'white_wild': 3}}
私の手札は
[
    {'color': 'green', 'number': 7},
    {'color': 'green', 'special': 'skip'},
    {'color': 'red', 'number': 2},
    {'color': 'black', 'special': 'wild_shuffle'},
    {'color': 'green', 'number': 9}
]
Receive receiver-card event.
res_data: 
{'cards_receive': [{'color': 'green', 'number': 9}], 'is_penalty': False}
Receive draw-card event.
Send draw-card event.
res_data: 
{
    'player': 'P-00000002',
    'is_draw': True,
    'can_play_draw_card': False,
    'draw_card': [{'color': 'green', 'number': 9}]
}
res_data: 
{'player': 'P-00000002', 'is_draw': True}
---P-00000002がカードを引きます---
引く理由: 場に出すカードがない(再行動可能)
---更新前---
山札:80枚
P-00000001:3枚 P-00000004:6枚 P-00000003:7枚 P-00000002:4枚 
25枚以下制約あり
---更新後---
山札からP-00000002へ1枚移動
山札:79枚
P-00000001:3枚 P-00000004:6枚 P-00000003:7枚 P-00000002:5枚 
私以外だよ
場札または手札にないのは
カードステータス: {'blue': {'0': 0, '1': 1, '2': 2, '3': 1, '4': 2, '5': 1, '6': 2, '7': 2, '8': 1, '9': 2, 'draw_2': 2, 'skip': 2, 'reverse': 2}, 'green': {'0': 1, '1': 2, '2': 2, '3': 2, '4': 2, '5': 2, '6': 2, '7': 1, '8': 2, '9': 1, 'draw_2': 2, 'skip': 1, 'reverse': 2}, 'red': {'0': 1, '1': 1, '2': 1, '3': 1, '4': 2, '5': 1, '6': 2, '7': 2, '8': 2, '9': 2, 'draw_2': 1, 'skip': 2, 'reverse': 1}, 'yellow': {'0': 1, '1': 2, '2': 2, '3': 2, '4': 2, '5': 2, '6': 2, '7': 2, '8': 2, '9': 2, 'draw_2': 2, 'skip': 2, 'reverse': 1}, 'black': {'wild': 3, 'wild_draw_4': 4, 'wild_shuffle': 0}, 'white': {'white_wild': 3}}
今のは{'card_counts': 2, 'card': {'color': 'black', 'special': 'wild'}}
その前は{'card_counts': 3, 'card': {'color': 'blue', 'number': 0}}
---場にカードを出した---
プレイヤー: P-00000001
カード: {'color': 'black', 'special': 'wild'}
山札の枚数: 79
場の枚数: 13
P-00000001の枚数: 2
P-00000004の枚数: 6
P-00000003の枚数: 7
P-00000002の枚数: 5
カード合計: 112
CHECK: True
最後に記録されたカード: {'color': 'black', 'special': 'wild'}
Receive play-card event.
res_data: 
{
    'card_play': {'color': 'black', 'special': 'wild'},
    'yell_uno': False,
    'color_of_wild': 'green',
    'player': 'P-00000001'
}
Receive update-color event.
res_data: 
{'color': 'green'}
私以外だよ
場札または手札にないのは
カードステータス: {'blue': {'0': 0, '1': 1, '2': 2, '3': 1, '4': 2, '5': 1, '6': 2, '7': 2, '8': 1, '9': 2, 'draw_2': 2, 'skip': 2, 'reverse': 2}, 'green': {'0': 1, '1': 1, '2': 2, '3': 2, '4': 2, '5': 2, '6': 2, '7': 1, '8': 2, '9': 1, 'draw_2': 2, 'skip': 1, 'reverse': 2}, 'red': {'0': 1, '1': 1, '2': 1, '3': 1, '4': 2, '5': 1, '6': 2, '7': 2, '8': 2, '9': 2, 'draw_2': 1, 'skip': 2, 'reverse': 1}, 'yellow': {'0': 1, '1': 2, '2': 2, '3': 2, '4': 2, '5': 2, '6': 2, '7': 2, '8': 2, '9': 2, 'draw_2': 2, 'skip': 2, 'reverse': 1}, 'black': {'wild': 3, 'wild_draw_4': 4, 'wild_shuffle': 0}, 'white': {'white_wild': 3}}
今のは{'card_counts': 5, 'card': {'color': 'green', 'number': 1}}
その前は{'card_counts': 6, 'card': {'color': 'blue', 'number': 3}}
---場にカードを出した---
プレイヤー: P-00000004
カード: {'color': 'green', 'number': 1}
山札の枚数: 79
場の枚数: 14
P-00000001の枚数: 2
P-00000004の枚数: 5
P-00000003の枚数: 7
P-00000002の枚数: 5
カード合計: 112
CHECK: True
最後に記録されたカード: {'color': 'green', 'number': 1}
Receive play-card event.
res_data: 
{
    'card_play': {'color': 'green', 'number': 1},
    'yell_uno': False,
    'player': 'P-00000004'
}
私以外だよ
場札または手札にないのは
カードステータス: {'blue': {'0': 0, '1': 1, '2': 2, '3': 1, '4': 2, '5': 1, '6': 2, '7': 2, '8': 1, '9': 2, 'draw_2': 2, 'skip': 2, 'reverse': 2}, 'green': {'0': 1, '1': 1, '2': 1, '3': 2, '4': 2, '5': 2, '6': 2, '7': 1, '8': 2, '9': 1, 'draw_2': 2, 'skip': 1, 'reverse': 2}, 'red': {'0': 1, '1': 1, '2': 1, '3': 1, '4': 2, '5': 1, '6': 2, '7': 2, '8': 2, '9': 2, 'draw_2': 1, 'skip': 2, 'reverse': 1}, 'yellow': {'0': 1, '1': 2, '2': 2, '3': 2, '4': 2, '5': 2, '6': 2, '7': 2, '8': 2, '9': 2, 'draw_2': 2, 'skip': 2, 'reverse': 1}, 'black': {'wild': 3, 'wild_draw_4': 4, 'wild_shuffle': 0}, 'white': {'white_wild': 3}}
今のは{'card_counts': 6, 'card': {'color': 'green', 'number': 2}}
その前は{'card_counts': 7, 'card': {'color': 'blue', 'number': 1}}
---場にカードを出した---
プレイヤー: P-00000003
カード: {'color': 'green', 'number': 2}
山札の枚数: 79
場の枚数: 15
P-00000001の枚数: 2
P-00000004の枚数: 5
P-00000003の枚数: 6
P-00000002の枚数: 5
カード合計: 112
CHECK: True
最後に記録されたカード: {'color': 'green', 'number': 2}
Receive play-card event.
res_data: 
{
    'card_play': {'color': 'green', 'number': 2},
    'yell_uno': False,
    'player': 'P-00000003'
}
私はP-00000002です
Receive next-player event.
res_data: 
{
    'next_player': 'P-00000002',
    'before_player': 'P-00000003',
    'card_before': {'color': 'green', 'number': 2},
    'card_of_player': [
        {'color': 'green', 'number': 7},
        {'color': 'green', 'special': 'skip'},
        {'color': 'green', 'number': 9},
        {'color': 'red', 'number': 2},
        {'color': 'black', 'special': 'wild_shuffle'}
    ],
    'must_call_draw_card': False,
    'draw_reason': 'nothing',
    'turn_right': True,
    'number_card_play': 15,
    'number_turn_play': 17,
    'number_card_of_player': {
        'P-00000001': 2,
        'P-00000004': 5,
        'P-00000003': 6,
        'P-00000002': 5
    }
}
---枚数照合---
誰？： P-00000001
dealerから送られてきたカード枚数: 2
game_statusで記録していたカード枚数: 2
正しいか: True
---枚数照合---
誰？： P-00000004
dealerから送られてきたカード枚数: 5
game_statusで記録していたカード枚数: 5
正しいか: True
---枚数照合---
誰？： P-00000003
dealerから送られてきたカード枚数: 6
game_statusで記録していたカード枚数: 6
正しいか: True
---枚数照合---
誰？： P-00000002
dealerから送られてきたカード枚数: 5
game_statusで記録していたカード枚数: 5
正しいか: True
selected card: black wild_shuffle
Send play-card event.
req_data: 
{'card_play': {'color': 'black', 'special': 'wild_shuffle'}, 'yell_uno': False}
場札または手札にないのは
カードステータス: {'blue': {'0': 0, '1': 1, '2': 2, '3': 1, '4': 2, '5': 1, '6': 2, '7': 2, '8': 1, '9': 2, 'draw_2': 2, 'skip': 1, 'reverse': 2}, 'green': {'0': 1, '1': 1, '2': 1, '3': 2, '4': 2, '5': 2, '6': 2, '7': 2, '8': 1, '9': 2, 'draw_2': 2, 'skip': 2, 'reverse': 2}, 'red': {'0': 1, '1': 1, '2': 1, '3': 1, '4': 2, '5': 1, '6': 2, '7': 2, '8': 2, '9': 2, 'draw_2': 1, 'skip': 2, 'reverse': 1}, 'yellow': {'0': 1, '1': 2, '2': 2, '3': 2, '4': 2, '5': 2, '6': 2, '7': 2, '8': 2, '9': 2, 'draw_2': 2, 'skip': 1, 'reverse': 1}, 'black': {'wild': 3, 'wild_draw_4': 4, 'wild_shuffle': 1}, 'white': {'white_wild': 3}}
---枚数照合---
誰？： P-00000001
dealerから送られてきたカード枚数: 5
game_statusで記録していたカード枚数: 2
正しいか: False
正しい枚数に更新する
---枚数照合---
誰？： P-00000004
dealerから送られてきたカード枚数: 4
game_statusで記録していたカード枚数: 5
正しいか: False
正しい枚数に更新する
---枚数照合---
誰？： P-00000003
dealerから送られてきたカード枚数: 4
game_statusで記録していたカード枚数: 6
正しいか: False
正しい枚数に更新する
---枚数照合---
誰？： P-00000002
dealerから送られてきたカード枚数: 4
game_statusで記録していたカード枚数: 5
正しいか: False
正しい枚数に更新する
Receive shuffle-wild event.
res_data: 
{
    'cards_receive': [
        {'color': 'yellow', 'special': 'skip'},
        {'color': 'green', 'number': 8},
        {'color': 'blue', 'special': 'skip'},
        {'color': 'red', 'number': 2}
    ],
    'number_card_of_player': {
        'P-00000001': 5,
        'P-00000004': 4,
        'P-00000003': 4,
        'P-00000002': 4
    }
}
今のは{'card_counts': 3, 'card': {'color': 'black', 'special': 'wild_shuffle'}}
その前は{'card_counts': 4, 'card': {'color': 'blue', 'number': 8}}
---場にカードを出した---
プレイヤー: P-00000002
カード: {'color': 'black', 'special': 'wild_shuffle'}
山札の枚数: 79
場の枚数: 16
P-00000001の枚数: 5
P-00000004の枚数: 4
P-00000003の枚数: 4
P-00000002の枚数: 3
カード合計: 111
CHECK: False
最後に記録されたカード: {'color': 'black', 'special': 'wild_shuffle'}
公開カードリセット
Receive play-card event.
Receive color-of-wild event.
Send play-card event.
res_data: 
{
    'card_play': {'color': 'black', 'special': 'wild_shuffle'},
    'yell_uno': False,
    'player': 'P-00000002'
}
res_data: 
{}
change_card
[('red', 1), ('blue', 1), ('green', 1), ('yellow', 1)]
res_data: 
{'card_play': {'color': 'black', 'special': 'wild_shuffle'}, 'yell_uno': False}
Send color-of-wild event.
req_data: 
{'color_of_wild': 'blue'}
Receive update-color event.
res_data: 
{'color': 'blue'}
Send color-of-wild event.
res_data: 
{'color_of_wild': 'blue'}
私以外だよ
場札または手札にないのは
カードステータス: {'blue': {'0': 0, '1': 1, '2': 2, '3': 1, '4': 2, '5': 1, '6': 2, '7': 2, '8': 1, '9': 2, 'draw_2': 1, 'skip': 1, 'reverse': 2}, 'green': {'0': 1, '1': 1, '2': 1, '3': 2, '4': 2, '5': 2, '6': 2, '7': 2, '8': 1, '9': 2, 'draw_2': 2, 'skip': 2, 'reverse': 2}, 'red': {'0': 1, '1': 1, '2': 1, '3': 1, '4': 2, '5': 1, '6': 2, '7': 2, '8': 2, '9': 2, 'draw_2': 1, 'skip': 2, 'reverse': 1}, 'yellow': {'0': 1, '1': 2, '2': 2, '3': 2, '4': 2, '5': 2, '6': 2, '7': 2, '8': 2, '9': 2, 'draw_2': 2, 'skip': 1, 'reverse': 1}, 'black': {'wild': 3, 'wild_draw_4': 4, 'wild_shuffle': 1}, 'white': {'white_wild': 3}}
今のは{'card_counts': 4, 'card': {'color': 'blue', 'special': 'draw_2'}}
その前は{'card_counts': 2, 'card': {'color': 'black', 'special': 'wild'}}
---場にカードを出した---
プレイヤー: P-00000001
カード: {'color': 'blue', 'special': 'draw_2'}
山札の枚数: 79
場の枚数: 17
P-00000001の枚数: 4
P-00000004の枚数: 4
P-00000003の枚数: 4
P-00000002の枚数: 3
カード合計: 111
CHECK: False
最後に記録されたカード: {'color': 'blue', 'special': 'draw_2'}
Receive play-card event.
res_data: 
{
    'card_play': {'color': 'blue', 'special': 'draw_2'},
    'yell_uno': False,
    'player': 'P-00000001'
}
Receive draw-card event.
res_data: 
{'player': 'P-00000004', 'is_draw': True}
---P-00000004がカードを引きます---
引く理由: draw_2
---更新前---
山札:79枚
P-00000001:4枚 P-00000004:4枚 P-00000003:4枚 P-00000002:3枚 
---更新後---
山札からP-00000004へ2枚移動
山札:77枚
P-00000001:4枚 P-00000004:6枚 P-00000003:4枚 P-00000002:3枚 
私以外だよ
場札または手札にないのは
カードステータス: {'blue': {'0': 0, '1': 1, '2': 2, '3': 1, '4': 2, '5': 1, '6': 2, '7': 2, '8': 1, '9': 2, 'draw_2': 1, 'skip': 1, 'reverse': 2}, 'green': {'0': 1, '1': 1, '2': 1, '3': 2, '4': 2, '5': 2, '6': 2, '7': 2, '8': 1, '9': 2, 'draw_2': 2, 'skip': 2, 'reverse': 2}, 'red': {'0': 1, '1': 1, '2': 1, '3': 1, '4': 2, '5': 1, '6': 2, '7': 2, '8': 2, '9': 2, 'draw_2': 1, 'skip': 2, 'reverse': 1}, 'yellow': {'0': 1, '1': 2, '2': 2, '3': 2, '4': 2, '5': 2, '6': 2, '7': 2, '8': 2, '9': 2, 'draw_2': 2, 'skip': 1, 'reverse': 1}, 'black': {'wild': 2, 'wild_draw_4': 4, 'wild_shuffle': 1}, 'white': {'white_wild': 3}}
今のは{'card_counts': 3, 'card': {'color': 'black', 'special': 'wild'}}
その前は{'card_counts': 6, 'card': {'color': 'green', 'number': 2}}
---場にカードを出した---
プレイヤー: P-00000003
カード: {'color': 'black', 'special': 'wild'}
山札の枚数: 77
場の枚数: 18
P-00000001の枚数: 4
P-00000004の枚数: 6
P-00000003の枚数: 3
P-00000002の枚数: 3
カード合計: 111
CHECK: False
最後に記録されたカード: {'color': 'black', 'special': 'wild'}
Receive play-card event.
res_data: 
{
    'card_play': {'color': 'black', 'special': 'wild'},
    'yell_uno': False,
    'color_of_wild': 'green',
    'player': 'P-00000003'
}
Receive update-color event.
res_data: 
{'color': 'green'}
私はP-00000002です
Receive next-player event.
res_data: 
{
    'next_player': 'P-00000002',
    'before_player': 'P-00000003',
    'card_before': {'color': 'green', 'special': 'wild'},
    'card_of_player': [
        {'color': 'yellow', 'special': 'skip'},
        {'color': 'green', 'number': 8},
        {'color': 'blue', 'special': 'skip'},
        {'color': 'red', 'number': 2}
    ],
    'must_call_draw_card': False,
    'draw_reason': 'nothing',
    'turn_right': True,
    'number_card_play': 18,
    'number_turn_play': 21,
    'number_card_of_player': {
        'P-00000001': 4,
        'P-00000004': 6,
        'P-00000003': 3,
        'P-00000002': 4
    }
}
---枚数照合---
誰？： P-00000001
dealerから送られてきたカード枚数: 4
game_statusで記録していたカード枚数: 4
正しいか: True
---枚数照合---
誰？： P-00000004
dealerから送られてきたカード枚数: 6
game_statusで記録していたカード枚数: 6
正しいか: True
---枚数照合---
誰？： P-00000003
dealerから送られてきたカード枚数: 3
game_statusで記録していたカード枚数: 3
正しいか: True
---枚数照合---
誰？： P-00000002
dealerから送られてきたカード枚数: 4
game_statusで記録していたカード枚数: 3
正しいか: False
正しい枚数に更新する
出せるのは(offensive)
[{'color': 'green', 'number': 8}]
selected card: green 8
Send play-card event.
req_data: 
{'card_play': {'color': 'green', 'number': 8}, 'yell_uno': False}
今のは{'card_counts': 3, 'card': {'color': 'green', 'number': 8}}
その前は{'card_counts': 3, 'card': {'color': 'black', 'special': 'wild_shuffle'}}
---場にカードを出した---
プレイヤー: P-00000002
カード: {'color': 'green', 'number': 8}
山札の枚数: 77
場の枚数: 19
P-00000001の枚数: 4
P-00000004の枚数: 6
P-00000003の枚数: 3
P-00000002の枚数: 3
カード合計: 112
CHECK: True
最後に記録されたカード: {'color': 'green', 'number': 8}
Receive play-card event.
res_data: 
{
    'card_play': {'color': 'green', 'number': 8},
    'yell_uno': False,
    'player': 'P-00000002'
}
Send play-card event.
res_data: 
{'card_play': {'color': 'green', 'number': 8}, 'yell_uno': False}
私以外だよ
場札または手札にないのは
カードステータス: {'blue': {'0': 0, '1': 1, '2': 2, '3': 1, '4': 2, '5': 1, '6': 2, '7': 2, '8': 1, '9': 2, 'draw_2': 1, 'skip': 1, 'reverse': 2}, 'green': {'0': 1, '1': 1, '2': 1, '3': 2, '4': 2, '5': 2, '6': 2, '7': 1, '8': 1, '9': 2, 'draw_2': 2, 'skip': 2, 'reverse': 2}, 'red': {'0': 1, '1': 1, '2': 1, '3': 1, '4': 2, '5': 1, '6': 2, '7': 2, '8': 2, '9': 2, 'draw_2': 1, 'skip': 2, 'reverse': 1}, 'yellow': {'0': 1, '1': 2, '2': 2, '3': 2, '4': 2, '5': 2, '6': 2, '7': 2, '8': 2, '9': 2, 'draw_2': 2, 'skip': 1, 'reverse': 1}, 'black': {'wild': 2, 'wild_draw_4': 4, 'wild_shuffle': 1}, 'white': {'white_wild': 3}}
今のは{'card_counts': 3, 'card': {'color': 'green', 'number': 7}}
その前は{'card_counts': 4, 'card': {'color': 'blue', 'special': 'draw_2'}}
---場にカードを出した---
プレイヤー: P-00000001
カード: {'color': 'green', 'number': 7}
山札の枚数: 77
場の枚数: 20
P-00000001の枚数: 3
P-00000004の枚数: 6
P-00000003の枚数: 3
P-00000002の枚数: 3
カード合計: 112
CHECK: True
最後に記録されたカード: {'color': 'green', 'number': 7}
Receive play-card event.
res_data: 
{
    'card_play': {'color': 'green', 'number': 7},
    'yell_uno': False,
    'player': 'P-00000001'
}
私以外だよ
場札または手札にないのは
カードステータス: {'blue': {'0': 0, '1': 1, '2': 2, '3': 1, '4': 2, '5': 1, '6': 2, '7': 2, '8': 1, '9': 2, 'draw_2': 1, 'skip': 1, 'reverse': 2}, 'green': {'0': 1, '1': 1, '2': 1, '3': 2, '4': 2, '5': 2, '6': 2, '7': 1, '8': 1, '9': 2, 'draw_2': 2, 'skip': 2, 'reverse': 2}, 'red': {'0': 1, '1': 1, '2': 1, '3': 1, '4': 2, '5': 1, '6': 2, '7': 2, '8': 2, '9': 2, 'draw_2': 1, 'skip': 2, 'reverse': 1}, 'yellow': {'0': 1, '1': 2, '2': 2, '3': 2, '4': 2, '5': 2, '6': 2, '7': 1, '8': 2, '9': 2, 'draw_2': 2, 'skip': 1, 'reverse': 1}, 'black': {'wild': 2, 'wild_draw_4': 4, 'wild_shuffle': 1}, 'white': {'white_wild': 3}}
今のは{'card_counts': 5, 'card': {'color': 'yellow', 'number': 7}}
その前は{'card_counts': 5, 'card': {'color': 'green', 'number': 1}}
---場にカードを出した---
プレイヤー: P-00000004
カード: {'color': 'yellow', 'number': 7}
山札の枚数: 77
場の枚数: 21
P-00000001の枚数: 3
P-00000004の枚数: 5
P-00000003の枚数: 3
P-00000002の枚数: 3
カード合計: 112
CHECK: True
最後に記録されたカード: {'color': 'yellow', 'number': 7}
Receive play-card event.
res_data: 
{
    'card_play': {'color': 'yellow', 'number': 7},
    'yell_uno': False,
    'player': 'P-00000004'
}
Receive draw-card event.
res_data: 
{'player': 'P-00000003', 'is_draw': True}
---P-00000003がカードを引きます---
引く理由: 場に出すカードがない(再行動可能)
---更新前---
山札:77枚
P-00000001:3枚 P-00000004:5枚 P-00000003:3枚 P-00000002:3枚 
25枚以下制約あり
---更新後---
山札からP-00000003へ1枚移動
山札:76枚
P-00000001:3枚 P-00000004:5枚 P-00000003:4枚 P-00000002:3枚 
私はP-00000002です
Receive next-player event.
res_data: 
{
    'next_player': 'P-00000002',
    'before_player': 'P-00000003',
    'card_before': {'color': 'yellow', 'number': 7},
    'card_of_player': [
        {'color': 'yellow', 'special': 'skip'},
        {'color': 'blue', 'special': 'skip'},
        {'color': 'red', 'number': 2}
    ],
    'must_call_draw_card': False,
    'draw_reason': 'nothing',
    'turn_right': True,
    'number_card_play': 21,
    'number_turn_play': 25,
    'number_card_of_player': {
        'P-00000001': 3,
        'P-00000004': 5,
        'P-00000003': 4,
        'P-00000002': 3
    }
}
---枚数照合---
誰？： P-00000001
dealerから送られてきたカード枚数: 3
game_statusで記録していたカード枚数: 3
正しいか: True
---枚数照合---
誰？： P-00000004
dealerから送られてきたカード枚数: 5
game_statusで記録していたカード枚数: 5
正しいか: True
---枚数照合---
誰？： P-00000003
dealerから送られてきたカード枚数: 4
game_statusで記録していたカード枚数: 4
正しいか: True
---枚数照合---
誰？： P-00000002
dealerから送られてきたカード枚数: 3
game_statusで記録していたカード枚数: 3
正しいか: True
出せるのは(offensive)
[{'color': 'yellow', 'special': 'skip'}]
selected card: yellow skip
Send play-card event.
req_data: 
{'card_play': {'color': 'yellow', 'special': 'skip'}, 'yell_uno': False}
今のは{'card_counts': 2, 'card': {'color': 'yellow', 'special': 'skip'}}
その前は{'card_counts': 3, 'card': {'color': 'green', 'number': 8}}
---場にカードを出した---
プレイヤー: P-00000002
カード: {'color': 'yellow', 'special': 'skip'}
山札の枚数: 76
場の枚数: 22
P-00000001の枚数: 3
P-00000004の枚数: 5
P-00000003の枚数: 4
P-00000002の枚数: 2
カード合計: 112
CHECK: True
最後に記録されたカード: {'color': 'yellow', 'special': 'skip'}
Receive play-card event.
res_data: 
{
    'card_play': {'color': 'yellow', 'special': 'skip'},
    'yell_uno': False,
    'player': 'P-00000002'
}
Send play-card event.
res_data: 
{'card_play': {'color': 'yellow', 'special': 'skip'}, 'yell_uno': False}
Receive draw-card event.
res_data: 
{'player': 'P-00000004', 'is_draw': True}
---P-00000004がカードを引きます---
引く理由: 場に出すカードがない(再行動可能)
---更新前---
山札:76枚
P-00000001:3枚 P-00000004:5枚 P-00000003:4枚 P-00000002:2枚 
25枚以下制約あり
---更新後---
山札からP-00000004へ1枚移動
山札:75枚
P-00000001:3枚 P-00000004:6枚 P-00000003:4枚 P-00000002:2枚 
私以外だよ
場札または手札にないのは
カードステータス: {'blue': {'0': 0, '1': 1, '2': 2, '3': 1, '4': 2, '5': 1, '6': 2, '7': 2, '8': 1, '9': 2, 'draw_2': 1, 'skip': 1, 'reverse': 2}, 'green': {'0': 1, '1': 1, '2': 1, '3': 2, '4': 2, '5': 2, '6': 2, '7': 1, '8': 1, '9': 2, 'draw_2': 2, 'skip': 1, 'reverse': 2}, 'red': {'0': 1, '1': 1, '2': 1, '3': 1, '4': 2, '5': 1, '6': 2, '7': 2, '8': 2, '9': 2, 'draw_2': 1, 'skip': 2, 'reverse': 1}, 'yellow': {'0': 1, '1': 2, '2': 2, '3': 2, '4': 2, '5': 2, '6': 2, '7': 1, '8': 2, '9': 2, 'draw_2': 2, 'skip': 1, 'reverse': 1}, 'black': {'wild': 2, 'wild_draw_4': 4, 'wild_shuffle': 1}, 'white': {'white_wild': 3}}
今のは{'card_counts': 3, 'card': {'color': 'green', 'special': 'skip'}}
その前は{'card_counts': 3, 'card': {'color': 'black', 'special': 'wild'}}
---場にカードを出した---
プレイヤー: P-00000003
カード: {'color': 'green', 'special': 'skip'}
山札の枚数: 75
場の枚数: 23
P-00000001の枚数: 3
P-00000004の枚数: 6
P-00000003の枚数: 3
P-00000002の枚数: 2
カード合計: 112
CHECK: True
最後に記録されたカード: {'color': 'green', 'special': 'skip'}
Receive play-card event.
res_data: 
{
    'card_play': {'color': 'green', 'special': 'skip'},
    'yell_uno': False,
    'player': 'P-00000003'
}
私以外だよ
場札または手札にないのは
カードステータス: {'blue': {'0': 0, '1': 1, '2': 2, '3': 1, '4': 2, '5': 1, '6': 2, '7': 2, '8': 1, '9': 2, 'draw_2': 1, 'skip': 1, 'reverse': 2}, 'green': {'0': 1, '1': 1, '2': 1, '3': 2, '4': 2, '5': 2, '6': 2, '7': 1, '8': 1, '9': 1, 'draw_2': 2, 'skip': 1, 'reverse': 2}, 'red': {'0': 1, '1': 1, '2': 1, '3': 1, '4': 2, '5': 1, '6': 2, '7': 2, '8': 2, '9': 2, 'draw_2': 1, 'skip': 2, 'reverse': 1}, 'yellow': {'0': 1, '1': 2, '2': 2, '3': 2, '4': 2, '5': 2, '6': 2, '7': 1, '8': 2, '9': 2, 'draw_2': 2, 'skip': 1, 'reverse': 1}, 'black': {'wild': 2, 'wild_draw_4': 4, 'wild_shuffle': 1}, 'white': {'white_wild': 3}}
今のは{'card_counts': 2, 'card': {'color': 'green', 'number': 9}}
その前は{'card_counts': 3, 'card': {'color': 'green', 'number': 7}}
---場にカードを出した---
プレイヤー: P-00000001
カード: {'color': 'green', 'number': 9}
山札の枚数: 75
場の枚数: 24
P-00000001の枚数: 2
P-00000004の枚数: 6
P-00000003の枚数: 3
P-00000002の枚数: 2
カード合計: 112
CHECK: True
最後に記録されたカード: {'color': 'green', 'number': 9}
Receive play-card event.
res_data: 
{
    'card_play': {'color': 'green', 'number': 9},
    'yell_uno': False,
    'player': 'P-00000001'
}
私以外だよ
場札または手札にないのは
カードステータス: {'blue': {'0': 0, '1': 1, '2': 2, '3': 1, '4': 2, '5': 1, '6': 2, '7': 2, '8': 1, '9': 2, 'draw_2': 1, 'skip': 1, 'reverse': 2}, 'green': {'0': 1, '1': 1, '2': 1, '3': 2, '4': 1, '5': 2, '6': 2, '7': 1, '8': 1, '9': 1, 'draw_2': 2, 'skip': 1, 'reverse': 2}, 'red': {'0': 1, '1': 1, '2': 1, '3': 1, '4': 2, '5': 1, '6': 2, '7': 2, '8': 2, '9': 2, 'draw_2': 1, 'skip': 2, 'reverse': 1}, 'yellow': {'0': 1, '1': 2, '2': 2, '3': 2, '4': 2, '5': 2, '6': 2, '7': 1, '8': 2, '9': 2, 'draw_2': 2, 'skip': 1, 'reverse': 1}, 'black': {'wild': 2, 'wild_draw_4': 4, 'wild_shuffle': 1}, 'white': {'white_wild': 3}}
今のは{'card_counts': 5, 'card': {'color': 'green', 'number': 4}}
その前は{'card_counts': 5, 'card': {'color': 'yellow', 'number': 7}}
---場にカードを出した---
プレイヤー: P-00000004
カード: {'color': 'green', 'number': 4}
山札の枚数: 75
場の枚数: 25
P-00000001の枚数: 2
P-00000004の枚数: 5
P-00000003の枚数: 3
P-00000002の枚数: 2
カード合計: 112
CHECK: True
最後に記録されたカード: {'color': 'green', 'number': 4}
Receive play-card event.
res_data: 
{
    'card_play': {'color': 'green', 'number': 4},
    'yell_uno': False,
    'player': 'P-00000004'
}
私以外だよ
場札または手札にないのは
カードステータス: {'blue': {'0': 0, '1': 1, '2': 2, '3': 1, '4': 2, '5': 1, '6': 2, '7': 2, '8': 1, '9': 2, 'draw_2': 1, 'skip': 1, 'reverse': 2}, 'green': {'0': 1, '1': 1, '2': 1, '3': 2, '4': 1, '5': 2, '6': 2, '7': 1, '8': 1, '9': 1, 'draw_2': 2, 'skip': 1, 'reverse': 1}, 'red': {'0': 1, '1': 1, '2': 1, '3': 1, '4': 2, '5': 1, '6': 2, '7': 2, '8': 2, '9': 2, 'draw_2': 1, 'skip': 2, 'reverse': 1}, 'yellow': {'0': 1, '1': 2, '2': 2, '3': 2, '4': 2, '5': 2, '6': 2, '7': 1, '8': 2, '9': 2, 'draw_2': 2, 'skip': 1, 'reverse': 1}, 'black': {'wild': 2, 'wild_draw_4': 4, 'wild_shuffle': 1}, 'white': {'white_wild': 3}}
今のは{'card_counts': 2, 'card': {'color': 'green', 'special': 'reverse'}}
その前は{'card_counts': 3, 'card': {'color': 'green', 'special': 'skip'}}
---場にカードを出した---
プレイヤー: P-00000003
カード: {'color': 'green', 'special': 'reverse'}
山札の枚数: 75
場の枚数: 26
P-00000001の枚数: 2
P-00000004の枚数: 5
P-00000003の枚数: 2
P-00000002の枚数: 2
カード合計: 112
CHECK: True
最後に記録されたカード: {'color': 'green', 'special': 'reverse'}
反転発動
{'P-00000001': {'位置': '直後', 'UNO': False}, 'P-00000004': {'位置': '対面', 'UNO': False}, 'P-00000003': {'位置': '直前', 'UNO': False}}
Receive play-card event.
res_data: 
{
    'card_play': {'color': 'green', 'special': 'reverse'},
    'yell_uno': False,
    'player': 'P-00000003'
}
私以外だよ
場札または手札にないのは
カードステータス: {'blue': {'0': 0, '1': 1, '2': 2, '3': 1, '4': 2, '5': 1, '6': 2, '7': 2, '8': 1, '9': 2, 'draw_2': 1, 'skip': 1, 'reverse': 2}, 'green': {'0': 1, '1': 1, '2': 1, '3': 2, '4': 1, '5': 2, '6': 2, '7': 0, '8': 1, '9': 1, 'draw_2': 2, 'skip': 1, 'reverse': 1}, 'red': {'0': 1, '1': 1, '2': 1, '3': 1, '4': 2, '5': 1, '6': 2, '7': 2, '8': 2, '9': 2, 'draw_2': 1, 'skip': 2, 'reverse': 1}, 'yellow': {'0': 1, '1': 2, '2': 2, '3': 2, '4': 2, '5': 2, '6': 2, '7': 1, '8': 2, '9': 2, 'draw_2': 2, 'skip': 1, 'reverse': 1}, 'black': {'wild': 2, 'wild_draw_4': 4, 'wild_shuffle': 1}, 'white': {'white_wild': 3}}
今のは{'card_counts': 4, 'card': {'color': 'green', 'number': 7}}
その前は{'card_counts': 5, 'card': {'color': 'green', 'number': 4}}
---場にカードを出した---
プレイヤー: P-00000004
カード: {'color': 'green', 'number': 7}
山札の枚数: 75
場の枚数: 27
P-00000001の枚数: 2
P-00000004の枚数: 4
P-00000003の枚数: 2
P-00000002の枚数: 2
カード合計: 112
CHECK: True
最後に記録されたカード: {'color': 'green', 'number': 7}
Receive play-card event.
res_data: 
{
    'card_play': {'color': 'green', 'number': 7},
    'yell_uno': False,
    'player': 'P-00000004'
}
私以外だよ
場札または手札にないのは
カードステータス: {'blue': {'0': 0, '1': 1, '2': 2, '3': 1, '4': 2, '5': 1, '6': 2, '7': 1, '8': 1, '9': 2, 'draw_2': 1, 'skip': 1, 'reverse': 2}, 'green': {'0': 1, '1': 1, '2': 1, '3': 2, '4': 1, '5': 2, '6': 2, '7': 0, '8': 1, '9': 1, 'draw_2': 2, 'skip': 1, 'reverse': 1}, 'red': {'0': 1, '1': 1, '2': 1, '3': 1, '4': 2, '5': 1, '6': 2, '7': 2, '8': 2, '9': 2, 'draw_2': 1, 'skip': 2, 'reverse': 1}, 'yellow': {'0': 1, '1': 2, '2': 2, '3': 2, '4': 2, '5': 2, '6': 2, '7': 1, '8': 2, '9': 2, 'draw_2': 2, 'skip': 1, 'reverse': 1}, 'black': {'wild': 2, 'wild_draw_4': 4, 'wild_shuffle': 1}, 'white': {'white_wild': 3}}
今のは{'card_counts': 1, 'card': {'color': 'blue', 'number': 7}}
その前は{'card_counts': 2, 'card': {'color': 'green', 'number': 9}}
---場にカードを出した---
プレイヤー: P-00000001
カード: {'color': 'blue', 'number': 7}
山札の枚数: 75
場の枚数: 28
P-00000001の枚数: 1
P-00000004の枚数: 4
P-00000003の枚数: 2
P-00000002の枚数: 2
カード合計: 112
CHECK: True
最後に記録されたカード: {'color': 'blue', 'number': 7}
Receive play-card event.
res_data: 
{
    'card_play': {'color': 'blue', 'number': 7},
    'yell_uno': True,
    'player': 'P-00000001'
}
P-00000001がUNOしました
私はP-00000002です
Receive next-player event.
res_data: 
{
    'next_player': 'P-00000002',
    'before_player': 'P-00000001',
    'card_before': {'color': 'blue', 'number': 7},
    'card_of_player': [
        {'color': 'blue', 'special': 'skip'},
        {'color': 'red', 'number': 2}
    ],
    'must_call_draw_card': False,
    'draw_reason': 'nothing',
    'turn_right': False,
    'number_card_play': 28,
    'number_turn_play': 33,
    'number_card_of_player': {
        'P-00000001': 1,
        'P-00000004': 4,
        'P-00000003': 2,
        'P-00000002': 2
    }
}
---枚数照合---
誰？： P-00000001
dealerから送られてきたカード枚数: 1
game_statusで記録していたカード枚数: 1
正しいか: True
---枚数照合---
誰？： P-00000004
dealerから送られてきたカード枚数: 4
game_statusで記録していたカード枚数: 4
正しいか: True
---枚数照合---
誰？： P-00000003
dealerから送られてきたカード枚数: 2
game_statusで記録していたカード枚数: 2
正しいか: True
---枚数照合---
誰？： P-00000002
dealerから送られてきたカード枚数: 2
game_statusで記録していたカード枚数: 2
正しいか: True
pos is  直前
tmp_num_list
[]
rtn_list_1 :
[{'color': 'blue', 'special': 'skip'}]
rtn_list_2 :
[{'color': 'blue', 'special': 'skip'}]
---出す順---
skip [{'color': 'blue', 'special': 'skip'}]
selected card: blue skip
Send play-card event.
req_data: 
{'card_play': {'color': 'blue', 'special': 'skip'}, 'yell_uno': True}
今のは{'card_counts': 1, 'card': {'color': 'blue', 'special': 'skip'}}
その前は{'card_counts': 2, 'card': {'color': 'yellow', 'special': 'skip'}}
---場にカードを出した---
プレイヤー: P-00000002
カード: {'color': 'blue', 'special': 'skip'}
山札の枚数: 75
場の枚数: 29
P-00000001の枚数: 1
P-00000004の枚数: 4
P-00000003の枚数: 2
P-00000002の枚数: 1
カード合計: 112
CHECK: True
最後に記録されたカード: {'color': 'blue', 'special': 'skip'}
Receive play-card event.
res_data: 
{
    'card_play': {'color': 'blue', 'special': 'skip'},
    'yell_uno': True,
    'player': 'P-00000002'
}
Send play-card event.
res_data: 
{'card_play': {'color': 'blue', 'special': 'skip'}, 'yell_uno': True}
私以外だよ
場札または手札にないのは
カードステータス: {'blue': {'0': 0, '1': 1, '2': 1, '3': 1, '4': 2, '5': 1, '6': 2, '7': 1, '8': 1, '9': 2, 'draw_2': 1, 'skip': 1, 'reverse': 2}, 'green': {'0': 1, '1': 1, '2': 1, '3': 2, '4': 1, '5': 2, '6': 2, '7': 0, '8': 1, '9': 1, 'draw_2': 2, 'skip': 1, 'reverse': 1}, 'red': {'0': 1, '1': 1, '2': 1, '3': 1, '4': 2, '5': 1, '6': 2, '7': 2, '8': 2, '9': 2, 'draw_2': 1, 'skip': 2, 'reverse': 1}, 'yellow': {'0': 1, '1': 2, '2': 2, '3': 2, '4': 2, '5': 2, '6': 2, '7': 1, '8': 2, '9': 2, 'draw_2': 2, 'skip': 1, 'reverse': 1}, 'black': {'wild': 2, 'wild_draw_4': 4, 'wild_shuffle': 1}, 'white': {'white_wild': 3}}
今のは{'card_counts': 3, 'card': {'color': 'blue', 'number': 2}}
その前は{'card_counts': 4, 'card': {'color': 'green', 'number': 7}}
---場にカードを出した---
プレイヤー: P-00000004
カード: {'color': 'blue', 'number': 2}
山札の枚数: 75
場の枚数: 30
P-00000001の枚数: 1
P-00000004の枚数: 3
P-00000003の枚数: 2
P-00000002の枚数: 1
カード合計: 112
CHECK: True
最後に記録されたカード: {'color': 'blue', 'number': 2}
Receive play-card event.
res_data: 
{
    'card_play': {'color': 'blue', 'number': 2},
    'yell_uno': False,
    'player': 'P-00000004'
}
Receive draw-card event.
res_data: 
{'player': 'P-00000001', 'is_draw': True}
P-00000001がUNO解除しました
---P-00000001がカードを引きます---
引く理由: 場に出すカードがない(再行動可能)
---更新前---
山札:75枚
P-00000001:1枚 P-00000004:3枚 P-00000003:2枚 P-00000002:1枚 
25枚以下制約あり
---更新後---
山札からP-00000001へ1枚移動
山札:74枚
P-00000001:2枚 P-00000004:3枚 P-00000003:2枚 P-00000002:1枚 
私はP-00000002です
Receive next-player event.
res_data: 
{
    'next_player': 'P-00000002',
    'before_player': 'P-00000001',
    'card_before': {'color': 'blue', 'number': 2},
    'card_of_player': [{'color': 'red', 'number': 2}],
    'must_call_draw_card': False,
    'draw_reason': 'nothing',
    'turn_right': False,
    'number_card_play': 30,
    'number_turn_play': 36,
    'number_card_of_player': {
        'P-00000001': 2,
        'P-00000004': 3,
        'P-00000003': 2,
        'P-00000002': 1
    }
}
---枚数照合---
誰？： P-00000001
dealerから送られてきたカード枚数: 2
game_statusで記録していたカード枚数: 2
正しいか: True
---枚数照合---
誰？： P-00000004
dealerから送られてきたカード枚数: 3
game_statusで記録していたカード枚数: 3
正しいか: True
---枚数照合---
誰？： P-00000003
dealerから送られてきたカード枚数: 2
game_statusで記録していたカード枚数: 2
正しいか: True
---枚数照合---
誰？： P-00000002
dealerから送られてきたカード枚数: 1
game_statusで記録していたカード枚数: 1
正しいか: True
出せるのは(offensive)
[{'color': 'red', 'number': 2}]
selected card: red 2
Send play-card event.
req_data: 
{'card_play': {'color': 'red', 'number': 2}, 'yell_uno': False}
今のは{'card_counts': 0, 'card': {'color': 'red', 'number': 2}}
その前は{'card_counts': 1, 'card': {'color': 'blue', 'special': 'skip'}}
---場にカードを出した---
プレイヤー: P-00000002
カード: {'color': 'red', 'number': 2}
山札の枚数: 74
場の枚数: 31
P-00000001の枚数: 2
P-00000004の枚数: 3
P-00000003の枚数: 2
P-00000002の枚数: 0
カード合計: 112
CHECK: True
最後に記録されたカード: {'color': 'red', 'number': 2}
Receive play-card event.
res_data: 
{
    'card_play': {'color': 'red', 'number': 2},
    'yell_uno': False,
    'player': 'P-00000002'
}
Receive finish-turn event.
res_data: 
{
    'winner': 'P-00000002',
    'turn_no': 195,
    'score': {
        'P-00000001': -23,
        'P-00000004': -27,
        'P-00000003': -12,
        'P-00000002': 62
    }
}
Receive finish-game event.
res_data: 
{
    'winner': 'P-00000001',
    'turn_win': 52,
    'order': {
        'P-00000001': 52,
        'P-00000004': 51,
        'P-00000003': 45,
        'P-00000002': 44
    },
    'total_score': {
        'P-00000001': 1501,
        'P-00000004': 276,
        'P-00000002': -594,
        'P-00000003': -1183
    }
}
Client disconnect.
