Host: http://host.docker.internal:8080
Dealer: iuoae, Player: Player_sono
Client connect successfully!
Send join-room event.
req_data: 
{'room_name': 'iuoae', 'player': 'Player_sono'}
Receive join-room event.
res_data: 
{'room_name': 'iuoae', 'player': 'Player_sono'}
Send join-room event.
res_data: 
{
    'room_name': 'iuoae',
    'player': 'Player_sono',
    'game_id': 'D-00000003',
    'your_id': 'P-00000005',
    'total_turn': 1,
    'white_wild': 'skip_bind_2'
}
Client join room successfully!
My id is P-00000005
Receive join-room event.
res_data: 
{'room_name': 'iuoae', 'player': 'Alternative 2'}
Receive join-room event.
res_data: 
{'room_name': 'iuoae', 'player': 'Alternative 3'}
Receive join-room event.
res_data: 
{'room_name': 'iuoae', 'player': 'Alternative 4'}
場札または手札にないのは
カードステータス: {'blue': {'0': 0, '1': 2, '2': 2, '3': 2, '4': 2, '5': 1, '6': 2, '7': 2, '8': 2, '9': 2, 'draw_2': 1, 'skip': 2, 'reverse': 2}, 'green': {'0': 1, '1': 2, '2': 2, '3': 2, '4': 2, '5': 2, '6': 2, '7': 2, '8': 2, '9': 2, 'draw_2': 2, 'skip': 2, 'reverse': 1}, 'red': {'0': 1, '1': 2, '2': 2, '3': 2, '4': 2, '5': 1, '6': 2, '7': 2, '8': 2, '9': 2, 'draw_2': 1, 'skip': 2, 'reverse': 2}, 'yellow': {'0': 1, '1': 2, '2': 2, '3': 1, '4': 2, '5': 2, '6': 2, '7': 2, '8': 2, '9': 2, 'draw_2': 2, 'skip': 2, 'reverse': 2}, 'black': {'wild': 4, 'wild_draw_4': 4, 'wild_shuffle': 1}, 'white': {'white_wild': 3}}
私の手札は
場札または手札にないのは
カードステータス: {'blue': {'0': 0, '1': 2, '2': 2, '3': 2, '4': 2, '5': 1, '6': 2, '7': 2, '8': 2, '9': 2, 'draw_2': 1, 'skip': 2, 'reverse': 2}, 'green': {'0': 1, '1': 2, '2': 2, '3': 2, '4': 2, '5': 2, '6': 2, '7': 2, '8': 2, '9': 2, 'draw_2': 2, 'skip': 2, 'reverse': 1}, 'red': {'0': 1, '1': 2, '2': 2, '3': 2, '4': 2, '5': 1, '6': 2, '7': 2, '8': 2, '9': 2, 'draw_2': 1, 'skip': 2, 'reverse': 2}, 'yellow': {'0': 1, '1': 2, '2': 2, '3': 1, '4': 2, '5': 2, '6': 2, '7': 2, '8': 1, '9': 2, 'draw_2': 2, 'skip': 2, 'reverse': 2}, 'black': {'wild': 4, 'wild_draw_4': 4, 'wild_shuffle': 1}, 'white': {'white_wild': 3}}
Receive first-player event.
res_data: 
{
    'first_player': 'P-00000005',
    'first_card': {'color': 'yellow', 'number': 8},
    'play_order': ['P-00000005', 'P-00000003', 'P-00000004', 'P-00000002'],
    'total_turn': 1,
    'white_wild': 'skip_bind_2'
}
[
    {'color': 'red', 'number': 5},
    {'color': 'green', 'special': 'reverse'},
    {'color': 'blue', 'number': 5},
    {'color': 'yellow', 'number': 3},
    {'color': 'red', 'special': 'draw_2'},
    {'color': 'blue', 'number': 0},
    {'color': 'blue', 'special': 'draw_2'}
]
Receive receiver-card event.
res_data: 
{
    'cards_receive': [
        {'color': 'red', 'number': 5},
        {'color': 'green', 'special': 'reverse'},
        {'color': 'blue', 'number': 5},
        {'color': 'yellow', 'number': 3},
        {'color': 'red', 'special': 'draw_2'},
        {'color': 'blue', 'number': 0},
        {'color': 'blue', 'special': 'draw_2'}
    ],
    'is_penalty': False
}
私はP-00000005です
Receive next-player event.
res_data: 
{
    'next_player': 'P-00000005',
    'before_player': 'P-00000005',
    'card_before': {'color': 'yellow', 'number': 8},
    'card_of_player': [
        {'color': 'yellow', 'number': 3},
        {'color': 'green', 'special': 'reverse'},
        {'color': 'blue', 'number': 0},
        {'color': 'blue', 'number': 5},
        {'color': 'blue', 'special': 'draw_2'},
        {'color': 'red', 'number': 5},
        {'color': 'red', 'special': 'draw_2'}
    ],
    'must_call_draw_card': False,
    'draw_reason': 'nothing',
    'turn_right': True,
    'number_card_play': 1,
    'number_turn_play': 1,
    'number_card_of_player': {
        'P-00000005': 7,
        'P-00000003': 7,
        'P-00000004': 7,
        'P-00000002': 7
    }
}
---枚数照合---
誰？： P-00000005
dealerから送られてきたカード枚数: 7
game_statusで記録していたカード枚数: 7
正しいか: True
---枚数照合---
誰？： P-00000003
dealerから送られてきたカード枚数: 7
game_statusで記録していたカード枚数: 7
正しいか: True
---枚数照合---
誰？： P-00000004
dealerから送られてきたカード枚数: 7
game_statusで記録していたカード枚数: 7
正しいか: True
---枚数照合---
誰？： P-00000002
dealerから送られてきたカード枚数: 7
game_statusで記録していたカード枚数: 7
正しいか: True
P-00000005の枚数: 7
P-00000003の枚数: 7
P-00000004の枚数: 7
P-00000002の枚数: 7
デバッグプリント 1対戦目
{
    'P-00000003': {'位置': '直後', 'UNO': False},
    'P-00000004': {'位置': '対面', 'UNO': False},
    'P-00000002': {'位置': '直前', 'UNO': False}
}
[
    {'color': 'yellow', 'number': 3},
    {'color': 'green', 'special': 'reverse'},
    {'color': 'blue', 'number': 0},
    {'color': 'blue', 'number': 5},
    {'color': 'blue', 'special': 'draw_2'},
    {'color': 'red', 'number': 5},
    {'color': 'red', 'special': 'draw_2'}
]
山札の枚数: 83
場の枚数: 1
P-00000005の枚数: 7
P-00000003の枚数: 7
P-00000004の枚数: 7
P-00000002の枚数: 7
カード合計: 112
CHECK: True
最後に記録されたカード: {'color': 'yellow', 'number': 8}
場札または手札にないのは
カードステータス: {'blue': {'0': 0, '1': 2, '2': 2, '3': 2, '4': 2, '5': 1, '6': 2, '7': 2, '8': 2, '9': 2, 'draw_2': 1, 'skip': 2, 'reverse': 2}, 'green': {'0': 1, '1': 2, '2': 2, '3': 2, '4': 2, '5': 2, '6': 2, '7': 2, '8': 2, '9': 2, 'draw_2': 2, 'skip': 2, 'reverse': 1}, 'red': {'0': 0, '1': 2, '2': 2, '3': 2, '4': 2, '5': 1, '6': 2, '7': 2, '8': 2, '9': 2, 'draw_2': 1, 'skip': 2, 'reverse': 2}, 'yellow': {'0': 1, '1': 2, '2': 2, '3': 1, '4': 1, '5': 2, '6': 2, '7': 2, '8': 1, '9': 2, 'draw_2': 2, 'skip': 2, 'reverse': 2}, 'black': {'wild': 4, 'wild_draw_4': 4, 'wild_shuffle': 1}, 'white': {'white_wild': 3}}
私の手札は
[
    {'color': 'yellow', 'number': 3},
    {'color': 'green', 'special': 'reverse'},
    {'color': 'blue', 'number': 0},
    {'color': 'blue', 'number': 5},
    {'color': 'blue', 'special': 'draw_2'},
    {'color': 'red', 'number': 5},
    {'color': 'red', 'special': 'draw_2'},
    {'color': 'yellow', 'number': 4},
    {'color': 'red', 'number': 0}
]
Receive receiver-card event.
Receive penalty event.
res_data: 
{
    'cards_receive': [
        {'color': 'yellow', 'number': 4},
        {'color': 'red', 'number': 0}
    ],
    'is_penalty': True
}
res_data: 
{'player': 'P-00000005', 'number_card_of_player': 9, 'error': 'timeout'}
---P-00000005がカードを引きます---
引く理由: ペナルティ
---更新前---
山札:83枚
P-00000005:7枚 P-00000003:7枚 P-00000004:7枚 P-00000002:7枚 
25枚以下制約あり
---更新後---
山札からP-00000005へ2枚移動
山札:81枚
P-00000005:9枚 P-00000003:7枚 P-00000004:7枚 P-00000002:7枚 
ペナルティ発生
{'player': 'P-00000005', 'number_card_of_player': 9, 'error': 'timeout'}
Receive play-card event.
res_data: 
{
    'card_play': {'color': 'yellow', 'special': 'draw_2'},
    'yell_uno': False,
    'player': 'P-00000003'
}
---場にカードを出した---
プレイヤー: P-00000003
カード: {'color': 'yellow', 'special': 'draw_2'}
私以外だよ
場札または手札にないのは
カードステータス: {'blue': {'0': 0, '1': 2, '2': 2, '3': 2, '4': 2, '5': 1, '6': 2, '7': 2, '8': 2, '9': 2, 'draw_2': 1, 'skip': 2, 'reverse': 2}, 'green': {'0': 1, '1': 2, '2': 2, '3': 2, '4': 2, '5': 2, '6': 2, '7': 2, '8': 2, '9': 2, 'draw_2': 2, 'skip': 2, 'reverse': 1}, 'red': {'0': 0, '1': 2, '2': 2, '3': 2, '4': 2, '5': 1, '6': 2, '7': 2, '8': 2, '9': 2, 'draw_2': 1, 'skip': 2, 'reverse': 2}, 'yellow': {'0': 1, '1': 2, '2': 2, '3': 1, '4': 1, '5': 2, '6': 2, '7': 2, '8': 1, '9': 2, 'draw_2': 1, 'skip': 2, 'reverse': 2}, 'black': {'wild': 4, 'wild_draw_4': 4, 'wild_shuffle': 1}, 'white': {'white_wild': 3}}
Receive draw-card event.
res_data: 
{'player': 'P-00000004', 'is_draw': True}
---P-00000004がカードを引きます---
引く理由: draw_2
---更新前---
山札:81枚
P-00000005:9枚 P-00000003:6枚 P-00000004:7枚 P-00000002:7枚 
---更新後---
山札からP-00000004へ2枚移動
山札:79枚
P-00000005:9枚 P-00000003:6枚 P-00000004:9枚 P-00000002:7枚 
Receive play-card event.
res_data: 
{
    'card_play': {'color': 'blue', 'special': 'draw_2'},
    'yell_uno': False,
    'player': 'P-00000002'
}
---場にカードを出した---
プレイヤー: P-00000002
カード: {'color': 'blue', 'special': 'draw_2'}
私以外だよ
場札または手札にないのは
カードステータス: {'blue': {'0': 0, '1': 2, '2': 2, '3': 2, '4': 2, '5': 1, '6': 2, '7': 2, '8': 2, '9': 2, 'draw_2': 0, 'skip': 2, 'reverse': 2}, 'green': {'0': 1, '1': 2, '2': 2, '3': 2, '4': 2, '5': 2, '6': 2, '7': 2, '8': 2, '9': 2, 'draw_2': 2, 'skip': 2, 'reverse': 1}, 'red': {'0': 0, '1': 2, '2': 2, '3': 2, '4': 2, '5': 1, '6': 2, '7': 2, '8': 2, '9': 2, 'draw_2': 1, 'skip': 2, 'reverse': 2}, 'yellow': {'0': 1, '1': 2, '2': 2, '3': 1, '4': 1, '5': 2, '6': 2, '7': 2, '8': 1, '9': 2, 'draw_2': 1, 'skip': 2, 'reverse': 2}, 'black': {'wild': 4, 'wild_draw_4': 4, 'wild_shuffle': 1}, 'white': {'white_wild': 3}}
私はP-00000005です
Receive next-player event.
res_data: 
{
    'next_player': 'P-00000005',
    'before_player': 'P-00000002',
    'card_before': {'color': 'blue', 'special': 'draw_2'},
    'card_of_player': [
        {'color': 'yellow', 'number': 3},
        {'color': 'yellow', 'number': 4},
        {'color': 'green', 'special': 'reverse'},
        {'color': 'blue', 'number': 0},
        {'color': 'blue', 'number': 5},
        {'color': 'blue', 'special': 'draw_2'},
        {'color': 'red', 'number': 0},
        {'color': 'red', 'number': 5},
        {'color': 'red', 'special': 'draw_2'}
    ],
    'must_call_draw_card': True,
    'draw_reason': 'draw_2',
    'turn_right': True,
    'number_card_play': 3,
    'number_turn_play': 4,
    'number_card_of_player': {
        'P-00000005': 9,
        'P-00000003': 6,
        'P-00000004': 9,
        'P-00000002': 6
    }
}
---枚数照合---
誰？： P-00000005
dealerから送られてきたカード枚数: 9
game_statusで記録していたカード枚数: 9
正しいか: True
---枚数照合---
誰？： P-00000003
dealerから送られてきたカード枚数: 6
game_statusで記録していたカード枚数: 6
正しいか: True
---枚数照合---
誰？： P-00000004
dealerから送られてきたカード枚数: 9
game_statusで記録していたカード枚数: 9
正しいか: True
---枚数照合---
誰？： P-00000002
dealerから送られてきたカード枚数: 6
game_statusで記録していたカード枚数: 6
正しいか: True
P-00000005の枚数: 9
P-00000003の枚数: 6
P-00000004の枚数: 9
P-00000002の枚数: 6
デバッグプリント 1対戦目
{
    'P-00000003': {'位置': '直後', 'UNO': False},
    'P-00000004': {'位置': '対面', 'UNO': False},
    'P-00000002': {'位置': '直前', 'UNO': False}
}
[
    {'color': 'yellow', 'number': 3},
    {'color': 'yellow', 'number': 4},
    {'color': 'green', 'special': 'reverse'},
    {'color': 'blue', 'number': 0},
    {'color': 'blue', 'number': 5},
    {'color': 'blue', 'special': 'draw_2'},
    {'color': 'red', 'number': 0},
    {'color': 'red', 'number': 5},
    {'color': 'red', 'special': 'draw_2'}
]
山札の枚数: 79
場の枚数: 3
P-00000005の枚数: 9
P-00000003の枚数: 6
P-00000004の枚数: 9
P-00000002の枚数: 6
カード合計: 112
CHECK: True
最後に記録されたカード: {'color': 'blue', 'special': 'draw_2'}
Send draw-card event.
req_data: 
{}
場札または手札にないのは
カードステータス: {'blue': {'0': 0, '1': 2, '2': 1, '3': 2, '4': 2, '5': 1, '6': 2, '7': 2, '8': 2, '9': 2, 'draw_2': 0, 'skip': 2, 'reverse': 2}, 'green': {'0': 1, '1': 2, '2': 2, '3': 2, '4': 2, '5': 2, '6': 2, '7': 2, '8': 2, '9': 2, 'draw_2': 2, 'skip': 2, 'reverse': 1}, 'red': {'0': 0, '1': 2, '2': 2, '3': 2, '4': 2, '5': 1, '6': 2, '7': 2, '8': 2, '9': 2, 'draw_2': 1, 'skip': 2, 'reverse': 2}, 'yellow': {'0': 1, '1': 2, '2': 2, '3': 1, '4': 1, '5': 2, '6': 2, '7': 2, '8': 1, '9': 2, 'draw_2': 1, 'skip': 1, 'reverse': 2}, 'black': {'wild': 4, 'wild_draw_4': 4, 'wild_shuffle': 1}, 'white': {'white_wild': 3}}
私の手札は
Receive draw-card event.
res_data: 
{'player': 'P-00000005', 'is_draw': True}
---P-00000005がカードを引きます---
引く理由: draw_2
---更新前---
山札:79枚
P-00000005:9枚 P-00000003:6枚 P-00000004:9枚 P-00000002:6枚 
---更新後---
山札からP-00000005へ2枚移動
山札:77枚
P-00000005:11枚 P-00000003:6枚 P-00000004:9枚 P-00000002:6枚 
Send draw-card event.
[
    {'color': 'yellow', 'number': 3},
    {'color': 'yellow', 'number': 4},
    {'color': 'green', 'special': 'reverse'},
    {'color': 'blue', 'number': 0},
    {'color': 'blue', 'number': 5},
    {'color': 'blue', 'special': 'draw_2'},
    {'color': 'red', 'number': 0},
    {'color': 'red', 'number': 5},
    {'color': 'red', 'special': 'draw_2'},
    {'color': 'yellow', 'special': 'skip'},
    {'color': 'blue', 'number': 2}
]
Receive receiver-card event.
res_data: 
{
    'player': 'P-00000005',
    'is_draw': True,
    'can_play_draw_card': False,
    'draw_card': [
        {'color': 'yellow', 'special': 'skip'},
        {'color': 'blue', 'number': 2}
    ]
}
res_data: 
{
    'cards_receive': [
        {'color': 'yellow', 'special': 'skip'},
        {'color': 'blue', 'number': 2}
    ],
    'is_penalty': False
}
Receive play-card event.
res_data: 
{
    'card_play': {'color': 'black', 'special': 'wild_draw_4'},
    'yell_uno': False,
    'color_of_wild': 'yellow',
    'player': 'P-00000003'
}
今のは{'card_counts': 5, 'card': {'color': 'black', 'special': 'wild_draw_4'}}
その前は{'card_counts': 6, 'card': {'color': 'yellow', 'special': 'draw_2'}}
---場にカードを出した---
プレイヤー: P-00000003
カード: {'color': 'black', 'special': 'wild_draw_4'}
私以外だよ
場札または手札にないのは
カードステータス: {'blue': {'0': 0, '1': 2, '2': 1, '3': 2, '4': 2, '5': 1, '6': 2, '7': 2, '8': 2, '9': 2, 'draw_2': 0, 'skip': 2, 'reverse': 2}, 'green': {'0': 1, '1': 2, '2': 2, '3': 2, '4': 2, '5': 2, '6': 2, '7': 2, '8': 2, '9': 2, 'draw_2': 2, 'skip': 2, 'reverse': 1}, 'red': {'0': 0, '1': 2, '2': 2, '3': 2, '4': 2, '5': 1, '6': 2, '7': 2, '8': 2, '9': 2, 'draw_2': 1, 'skip': 2, 'reverse': 2}, 'yellow': {'0': 1, '1': 2, '2': 2, '3': 1, '4': 1, '5': 2, '6': 2, '7': 2, '8': 1, '9': 2, 'draw_2': 1, 'skip': 1, 'reverse': 2}, 'black': {'wild': 4, 'wild_draw_4': 3, 'wild_shuffle': 1}, 'white': {'white_wild': 3}}
Receive update-color event.
res_data: 
{'color': 'yellow'}
---P-00000004がカードを引きます---
引く理由: wild_draw_4
---更新前---
山札:77枚
P-00000005:11枚 P-00000003:5枚 P-00000004:9枚 P-00000002:6枚 
---更新後---
山札からP-00000004へ4枚移動
山札:73枚
P-00000005:11枚 P-00000003:5枚 P-00000004:13枚 P-00000002:6枚 
---P-00000004がカードを引きます---
引く理由: ペナルティ
---更新前---
山札:73枚
P-00000005:11枚 P-00000003:5枚 P-00000004:13枚 P-00000002:6枚 
25枚以下制約あり
---更新後---
山札からP-00000004へ2枚移動
山札:71枚
P-00000005:11枚 P-00000003:5枚 P-00000004:15枚 P-00000002:6枚 
Receive challenge event.
res_data: 
{
    'challenger': 'P-00000004',
    'target': 'P-00000003',
    'is_challenge': True,
    'is_challenge_success': False
}
Receive play-card event.
res_data: 
{
    'card_play': {'color': 'black', 'special': 'wild'},
    'yell_uno': False,
    'color_of_wild': 'blue',
    'player': 'P-00000002'
}
今のは{'card_counts': 5, 'card': {'color': 'black', 'special': 'wild'}}
その前は{'card_counts': 6, 'card': {'color': 'blue', 'special': 'draw_2'}}
---場にカードを出した---
プレイヤー: P-00000002
カード: {'color': 'black', 'special': 'wild'}
私以外だよ
場札または手札にないのは
カードステータス: {'blue': {'0': 0, '1': 2, '2': 1, '3': 2, '4': 2, '5': 1, '6': 2, '7': 2, '8': 2, '9': 2, 'draw_2': 0, 'skip': 2, 'reverse': 2}, 'green': {'0': 1, '1': 2, '2': 2, '3': 2, '4': 2, '5': 2, '6': 2, '7': 2, '8': 2, '9': 2, 'draw_2': 2, 'skip': 2, 'reverse': 1}, 'red': {'0': 0, '1': 2, '2': 2, '3': 2, '4': 2, '5': 1, '6': 2, '7': 2, '8': 2, '9': 2, 'draw_2': 1, 'skip': 2, 'reverse': 2}, 'yellow': {'0': 1, '1': 2, '2': 2, '3': 1, '4': 1, '5': 2, '6': 2, '7': 2, '8': 1, '9': 2, 'draw_2': 1, 'skip': 1, 'reverse': 2}, 'black': {'wild': 3, 'wild_draw_4': 3, 'wild_shuffle': 1}, 'white': {'white_wild': 3}}
Receive update-color event.
res_data: 
{'color': 'blue'}
私はP-00000005です
Receive next-player event.
res_data: 
{
    'next_player': 'P-00000005',
    'before_player': 'P-00000002',
    'card_before': {'color': 'blue', 'special': 'wild'},
    'card_of_player': [
        {'color': 'yellow', 'number': 3},
        {'color': 'yellow', 'number': 4},
        {'color': 'yellow', 'special': 'skip'},
        {'color': 'green', 'special': 'reverse'},
        {'color': 'blue', 'number': 0},
        {'color': 'blue', 'number': 2},
        {'color': 'blue', 'number': 5},
        {'color': 'blue', 'special': 'draw_2'},
        {'color': 'red', 'number': 0},
        {'color': 'red', 'number': 5},
        {'color': 'red', 'special': 'draw_2'}
    ],
    'must_call_draw_card': False,
    'draw_reason': 'nothing',
    'turn_right': True,
    'number_card_play': 5,
    'number_turn_play': 8,
    'number_card_of_player': {
        'P-00000005': 11,
        'P-00000003': 5,
        'P-00000004': 15,
        'P-00000002': 5
    }
}
---枚数照合---
誰？： P-00000005
dealerから送られてきたカード枚数: 11
game_statusで記録していたカード枚数: 11
正しいか: True
---枚数照合---
誰？： P-00000003
dealerから送られてきたカード枚数: 5
game_statusで記録していたカード枚数: 5
正しいか: True
---枚数照合---
誰？： P-00000004
dealerから送られてきたカード枚数: 15
game_statusで記録していたカード枚数: 15
正しいか: True
---枚数照合---
誰？： P-00000002
dealerから送られてきたカード枚数: 5
game_statusで記録していたカード枚数: 5
正しいか: True
P-00000005の枚数: 11
P-00000003の枚数: 5
P-00000004の枚数: 15
P-00000002の枚数: 5
デバッグプリント 1対戦目
{
    'P-00000003': {'位置': '直後', 'UNO': False},
    'P-00000004': {'位置': '対面', 'UNO': False},
    'P-00000002': {'位置': '直前', 'UNO': False}
}
[
    {'color': 'yellow', 'number': 3},
    {'color': 'yellow', 'number': 4},
    {'color': 'yellow', 'special': 'skip'},
    {'color': 'green', 'special': 'reverse'},
    {'color': 'blue', 'number': 0},
    {'color': 'blue', 'number': 2},
    {'color': 'blue', 'number': 5},
    {'color': 'blue', 'special': 'draw_2'},
    {'color': 'red', 'number': 0},
    {'color': 'red', 'number': 5},
    {'color': 'red', 'special': 'draw_2'}
]
山札の枚数: 71
場の枚数: 5
P-00000005の枚数: 11
P-00000003の枚数: 5
P-00000004の枚数: 15
P-00000002の枚数: 5
カード合計: 112
CHECK: True
最後に記録されたカード: {'color': 'black', 'special': 'wild'}
場札または手札にないのは
カードステータス: {'blue': {'0': 0, '1': 2, '2': 1, '3': 2, '4': 2, '5': 1, '6': 2, '7': 1, '8': 2, '9': 2, 'draw_2': 0, 'skip': 2, 'reverse': 2}, 'green': {'0': 1, '1': 1, '2': 2, '3': 2, '4': 2, '5': 2, '6': 2, '7': 2, '8': 2, '9': 2, 'draw_2': 2, 'skip': 2, 'reverse': 1}, 'red': {'0': 0, '1': 2, '2': 2, '3': 2, '4': 2, '5': 1, '6': 2, '7': 2, '8': 2, '9': 2, 'draw_2': 1, 'skip': 2, 'reverse': 2}, 'yellow': {'0': 1, '1': 2, '2': 2, '3': 1, '4': 1, '5': 2, '6': 2, '7': 2, '8': 1, '9': 2, 'draw_2': 1, 'skip': 1, 'reverse': 2}, 'black': {'wild': 3, 'wild_draw_4': 3, 'wild_shuffle': 1}, 'white': {'white_wild': 3}}
私の手札は
[
    {'color': 'yellow', 'number': 3},
    {'color': 'yellow', 'number': 4},
    {'color': 'yellow', 'special': 'skip'},
    {'color': 'green', 'special': 'reverse'},
    {'color': 'blue', 'number': 0},
    {'color': 'blue', 'number': 2},
    {'color': 'blue', 'number': 5},
    {'color': 'blue', 'special': 'draw_2'},
    {'color': 'red', 'number': 0},
    {'color': 'red', 'number': 5},
    {'color': 'red', 'special': 'draw_2'},
    {'color': 'green', 'number': 1},
    {'color': 'blue', 'number': 7}
]
Receive receiver-card event.
Receive penalty event.
res_data: 
{'player': 'P-00000005', 'number_card_of_player': 13, 'error': 'timeout'}
---P-00000005がカードを引きます---
引く理由: ペナルティ
---更新前---
山札:71枚
P-00000005:11枚 P-00000003:5枚 P-00000004:15枚 P-00000002:5枚 
25枚以下制約あり
---更新後---
山札からP-00000005へ2枚移動
山札:69枚
P-00000005:13枚 P-00000003:5枚 P-00000004:15枚 P-00000002:5枚 
res_data: 
{
    'cards_receive': [
        {'color': 'green', 'number': 1},
        {'color': 'blue', 'number': 7}
    ],
    'is_penalty': True
}
ペナルティ発生
{'player': 'P-00000005', 'number_card_of_player': 13, 'error': 'timeout'}
Receive draw-card event.
res_data: 
{'player': 'P-00000003', 'is_draw': True}
---P-00000003がカードを引きます---
引く理由: 場に出すカードがない(再行動可能)
---更新前---
山札:69枚
P-00000005:13枚 P-00000003:5枚 P-00000004:15枚 P-00000002:5枚 
25枚以下制約あり
---更新後---
山札からP-00000003へ1枚移動
山札:68枚
P-00000005:13枚 P-00000003:6枚 P-00000004:15枚 P-00000002:5枚 
Receive play-card event.
res_data: 
{
    'card_play': {'color': 'blue', 'number': 1},
    'yell_uno': False,
    'player': 'P-00000004'
}
---場にカードを出した---
プレイヤー: P-00000004
カード: {'color': 'blue', 'number': 1}
私以外だよ
場札または手札にないのは
カードステータス: {'blue': {'0': 0, '1': 1, '2': 1, '3': 2, '4': 2, '5': 1, '6': 2, '7': 1, '8': 2, '9': 2, 'draw_2': 0, 'skip': 2, 'reverse': 2}, 'green': {'0': 1, '1': 1, '2': 2, '3': 2, '4': 2, '5': 2, '6': 2, '7': 2, '8': 2, '9': 2, 'draw_2': 2, 'skip': 2, 'reverse': 1}, 'red': {'0': 0, '1': 2, '2': 2, '3': 2, '4': 2, '5': 1, '6': 2, '7': 2, '8': 2, '9': 2, 'draw_2': 1, 'skip': 2, 'reverse': 2}, 'yellow': {'0': 1, '1': 2, '2': 2, '3': 1, '4': 1, '5': 2, '6': 2, '7': 2, '8': 1, '9': 2, 'draw_2': 1, 'skip': 1, 'reverse': 2}, 'black': {'wild': 3, 'wild_draw_4': 3, 'wild_shuffle': 1}, 'white': {'white_wild': 3}}
Receive play-card event.
res_data: 
{
    'card_play': {'color': 'blue', 'special': 'skip'},
    'yell_uno': False,
    'player': 'P-00000002'
}
今のは{'card_counts': 4, 'card': {'color': 'blue', 'special': 'skip'}}
その前は{'card_counts': 5, 'card': {'color': 'black', 'special': 'wild'}}
---場にカードを出した---
プレイヤー: P-00000002
カード: {'color': 'blue', 'special': 'skip'}
私以外だよ
場札または手札にないのは
カードステータス: {'blue': {'0': 0, '1': 1, '2': 1, '3': 2, '4': 2, '5': 1, '6': 2, '7': 1, '8': 2, '9': 2, 'draw_2': 0, 'skip': 1, 'reverse': 2}, 'green': {'0': 1, '1': 1, '2': 2, '3': 2, '4': 2, '5': 2, '6': 2, '7': 2, '8': 2, '9': 2, 'draw_2': 2, 'skip': 2, 'reverse': 1}, 'red': {'0': 0, '1': 2, '2': 2, '3': 2, '4': 2, '5': 1, '6': 2, '7': 2, '8': 2, '9': 2, 'draw_2': 1, 'skip': 2, 'reverse': 2}, 'yellow': {'0': 1, '1': 2, '2': 2, '3': 1, '4': 1, '5': 2, '6': 2, '7': 2, '8': 1, '9': 2, 'draw_2': 1, 'skip': 1, 'reverse': 2}, 'black': {'wild': 3, 'wild_draw_4': 3, 'wild_shuffle': 1}, 'white': {'white_wild': 3}}
Receive play-card event.
res_data: 
{
    'card_play': {'color': 'red', 'special': 'skip'},
    'yell_uno': False,
    'player': 'P-00000003'
}
今のは{'card_counts': 5, 'card': {'color': 'red', 'special': 'skip'}}
その前は{'card_counts': 5, 'card': {'color': 'black', 'special': 'wild_draw_4'}}
---場にカードを出した---
プレイヤー: P-00000003
カード: {'color': 'red', 'special': 'skip'}
私以外だよ
場札または手札にないのは
カードステータス: {'blue': {'0': 0, '1': 1, '2': 1, '3': 2, '4': 2, '5': 1, '6': 2, '7': 1, '8': 2, '9': 2, 'draw_2': 0, 'skip': 1, 'reverse': 2}, 'green': {'0': 1, '1': 1, '2': 2, '3': 2, '4': 2, '5': 2, '6': 2, '7': 2, '8': 2, '9': 2, 'draw_2': 2, 'skip': 2, 'reverse': 1}, 'red': {'0': 0, '1': 2, '2': 2, '3': 2, '4': 2, '5': 1, '6': 2, '7': 2, '8': 2, '9': 2, 'draw_2': 1, 'skip': 1, 'reverse': 2}, 'yellow': {'0': 1, '1': 2, '2': 2, '3': 1, '4': 1, '5': 2, '6': 2, '7': 2, '8': 1, '9': 2, 'draw_2': 1, 'skip': 1, 'reverse': 2}, 'black': {'wild': 3, 'wild_draw_4': 3, 'wild_shuffle': 1}, 'white': {'white_wild': 3}}
Receive play-card event.
res_data: 
{
    'card_play': {'color': 'red', 'special': 'reverse'},
    'yell_uno': False,
    'player': 'P-00000002'
}
今のは{'card_counts': 3, 'card': {'color': 'red', 'special': 'reverse'}}
その前は{'card_counts': 4, 'card': {'color': 'blue', 'special': 'skip'}}
---場にカードを出した---
プレイヤー: P-00000002
カード: {'color': 'red', 'special': 'reverse'}
私以外だよ
場札または手札にないのは
カードステータス: {'blue': {'0': 0, '1': 1, '2': 1, '3': 2, '4': 2, '5': 1, '6': 2, '7': 1, '8': 2, '9': 2, 'draw_2': 0, 'skip': 1, 'reverse': 2}, 'green': {'0': 1, '1': 1, '2': 2, '3': 2, '4': 2, '5': 2, '6': 2, '7': 2, '8': 2, '9': 2, 'draw_2': 2, 'skip': 2, 'reverse': 1}, 'red': {'0': 0, '1': 2, '2': 2, '3': 2, '4': 2, '5': 1, '6': 2, '7': 2, '8': 2, '9': 2, 'draw_2': 1, 'skip': 1, 'reverse': 1}, 'yellow': {'0': 1, '1': 2, '2': 2, '3': 1, '4': 1, '5': 2, '6': 2, '7': 2, '8': 1, '9': 2, 'draw_2': 1, 'skip': 1, 'reverse': 2}, 'black': {'wild': 3, 'wild_draw_4': 3, 'wild_shuffle': 1}, 'white': {'white_wild': 3}}
反転発動
{'P-00000003': {'位置': '直後', 'UNO': False}, 'P-00000004': {'位置': '対面', 'UNO': False}, 'P-00000002': {'位置': '直前', 'UNO': False}}
Receive play-card event.
res_data: 
{
    'card_play': {'color': 'red', 'number': 2},
    'yell_uno': False,
    'player': 'P-00000004'
}
今のは{'card_counts': 13, 'card': {'color': 'red', 'number': 2}}
その前は{'card_counts': 14, 'card': {'color': 'blue', 'number': 1}}
---場にカードを出した---
プレイヤー: P-00000004
カード: {'color': 'red', 'number': 2}
私以外だよ
場札または手札にないのは
カードステータス: {'blue': {'0': 0, '1': 1, '2': 1, '3': 2, '4': 2, '5': 1, '6': 2, '7': 1, '8': 2, '9': 2, 'draw_2': 0, 'skip': 1, 'reverse': 2}, 'green': {'0': 1, '1': 1, '2': 2, '3': 2, '4': 2, '5': 2, '6': 2, '7': 2, '8': 2, '9': 2, 'draw_2': 2, 'skip': 2, 'reverse': 1}, 'red': {'0': 0, '1': 2, '2': 1, '3': 2, '4': 2, '5': 1, '6': 2, '7': 2, '8': 2, '9': 2, 'draw_2': 1, 'skip': 1, 'reverse': 1}, 'yellow': {'0': 1, '1': 2, '2': 2, '3': 1, '4': 1, '5': 2, '6': 2, '7': 2, '8': 1, '9': 2, 'draw_2': 1, 'skip': 1, 'reverse': 2}, 'black': {'wild': 3, 'wild_draw_4': 3, 'wild_shuffle': 1}, 'white': {'white_wild': 3}}
Receive play-card event.
res_data: 
{
    'card_play': {'color': 'red', 'number': 1},
    'yell_uno': False,
    'player': 'P-00000003'
}
今のは{'card_counts': 4, 'card': {'color': 'red', 'number': 1}}
その前は{'card_counts': 5, 'card': {'color': 'red', 'special': 'skip'}}
---場にカードを出した---
プレイヤー: P-00000003
カード: {'color': 'red', 'number': 1}
私以外だよ
場札または手札にないのは
カードステータス: {'blue': {'0': 0, '1': 1, '2': 1, '3': 2, '4': 2, '5': 1, '6': 2, '7': 1, '8': 2, '9': 2, 'draw_2': 0, 'skip': 1, 'reverse': 2}, 'green': {'0': 1, '1': 1, '2': 2, '3': 2, '4': 2, '5': 2, '6': 2, '7': 2, '8': 2, '9': 2, 'draw_2': 2, 'skip': 2, 'reverse': 1}, 'red': {'0': 0, '1': 1, '2': 1, '3': 2, '4': 2, '5': 1, '6': 2, '7': 2, '8': 2, '9': 2, 'draw_2': 1, 'skip': 1, 'reverse': 1}, 'yellow': {'0': 1, '1': 2, '2': 2, '3': 1, '4': 1, '5': 2, '6': 2, '7': 2, '8': 1, '9': 2, 'draw_2': 1, 'skip': 1, 'reverse': 2}, 'black': {'wild': 3, 'wild_draw_4': 3, 'wild_shuffle': 1}, 'white': {'white_wild': 3}}
私はP-00000005です
Receive next-player event.
res_data: 
{
    'next_player': 'P-00000005',
    'before_player': 'P-00000003',
    'card_before': {'color': 'red', 'number': 1},
    'card_of_player': [
        {'color': 'yellow', 'number': 3},
        {'color': 'yellow', 'number': 4},
        {'color': 'yellow', 'special': 'skip'},
        {'color': 'green', 'special': 'reverse'},
        {'color': 'green', 'number': 1},
        {'color': 'blue', 'number': 0},
        {'color': 'blue', 'number': 2},
        {'color': 'blue', 'number': 5},
        {'color': 'blue', 'special': 'draw_2'},
        {'color': 'blue', 'number': 7},
        {'color': 'red', 'number': 0},
        {'color': 'red', 'number': 5},
        {'color': 'red', 'special': 'draw_2'}
    ],
    'must_call_draw_card': False,
    'draw_reason': 'nothing',
    'turn_right': False,
    'number_card_play': 11,
    'number_turn_play': 16,
    'number_card_of_player': {
        'P-00000005': 13,
        'P-00000003': 4,
        'P-00000004': 13,
        'P-00000002': 3
    }
}
---枚数照合---
誰？： P-00000005
dealerから送られてきたカード枚数: 13
game_statusで記録していたカード枚数: 13
正しいか: True
---枚数照合---
誰？： P-00000003
dealerから送られてきたカード枚数: 4
game_statusで記録していたカード枚数: 4
正しいか: True
---枚数照合---
誰？： P-00000004
dealerから送られてきたカード枚数: 13
game_statusで記録していたカード枚数: 13
正しいか: True
---枚数照合---
誰？： P-00000002
dealerから送られてきたカード枚数: 3
game_statusで記録していたカード枚数: 3
正しいか: True
P-00000005の枚数: 13
P-00000003の枚数: 4
P-00000004の枚数: 13
P-00000002の枚数: 3
デバッグプリント 1対戦目
{
    'P-00000003': {'位置': '直前', 'UNO': False},
    'P-00000004': {'位置': '対面', 'UNO': False},
    'P-00000002': {'位置': '直後', 'UNO': False}
}
[
    {'color': 'yellow', 'number': 3},
    {'color': 'yellow', 'number': 4},
    {'color': 'yellow', 'special': 'skip'},
    {'color': 'green', 'special': 'reverse'},
    {'color': 'green', 'number': 1},
    {'color': 'blue', 'number': 0},
    {'color': 'blue', 'number': 2},
    {'color': 'blue', 'number': 5},
    {'color': 'blue', 'special': 'draw_2'},
    {'color': 'blue', 'number': 7},
    {'color': 'red', 'number': 0},
    {'color': 'red', 'number': 5},
    {'color': 'red', 'special': 'draw_2'}
]
山札の枚数: 68
場の枚数: 11
P-00000005の枚数: 13
P-00000003の枚数: 4
P-00000004の枚数: 13
P-00000002の枚数: 3
カード合計: 112
CHECK: True
最後に記録されたカード: {'color': 'red', 'number': 1}
場札または手札にないのは
カードステータス: {'blue': {'0': 0, '1': 1, '2': 1, '3': 2, '4': 2, '5': 1, '6': 2, '7': 1, '8': 2, '9': 2, 'draw_2': 0, 'skip': 1, 'reverse': 2}, 'green': {'0': 1, '1': 1, '2': 1, '3': 2, '4': 2, '5': 2, '6': 2, '7': 2, '8': 2, '9': 2, 'draw_2': 2, 'skip': 2, 'reverse': 1}, 'red': {'0': 0, '1': 1, '2': 1, '3': 2, '4': 2, '5': 1, '6': 2, '7': 2, '8': 2, '9': 2, 'draw_2': 1, 'skip': 1, 'reverse': 1}, 'yellow': {'0': 1, '1': 2, '2': 2, '3': 1, '4': 1, '5': 1, '6': 2, '7': 2, '8': 1, '9': 2, 'draw_2': 1, 'skip': 1, 'reverse': 2}, 'black': {'wild': 3, 'wild_draw_4': 3, 'wild_shuffle': 1}, 'white': {'white_wild': 3}}
私の手札は
[
    {'color': 'yellow', 'number': 3},
    {'color': 'yellow', 'number': 4},
    {'color': 'yellow', 'special': 'skip'},
    {'color': 'green', 'special': 'reverse'},
    {'color': 'green', 'number': 1},
    {'color': 'blue', 'number': 0},
    {'color': 'blue', 'number': 2},
    {'color': 'blue', 'number': 5},
    {'color': 'blue', 'special': 'draw_2'},
    {'color': 'blue', 'number': 7},
    {'color': 'red', 'number': 0},
    {'color': 'red', 'number': 5},
    {'color': 'red', 'special': 'draw_2'},
    {'color': 'yellow', 'number': 5},
    {'color': 'green', 'number': 2}
]
Receive receiver-card event.
res_data: 
{
    'cards_receive': [
        {'color': 'yellow', 'number': 5},
        {'color': 'green', 'number': 2}
    ],
    'is_penalty': True
}
Receive penalty event.
res_data: 
{'player': 'P-00000005', 'number_card_of_player': 15, 'error': 'timeout'}
---P-00000005がカードを引きます---
引く理由: ペナルティ
---更新前---
山札:68枚
P-00000005:13枚 P-00000003:4枚 P-00000004:13枚 P-00000002:3枚 
25枚以下制約あり
---更新後---
山札からP-00000005へ2枚移動
山札:66枚
P-00000005:15枚 P-00000003:4枚 P-00000004:13枚 P-00000002:3枚 
ペナルティ発生
{'player': 'P-00000005', 'number_card_of_player': 15, 'error': 'timeout'}
Receive play-card event.
res_data: 
{
    'card_play': {'color': 'black', 'special': 'wild'},
    'yell_uno': False,
    'color_of_wild': 'green',
    'player': 'P-00000002'
}
今のは{'card_counts': 2, 'card': {'color': 'black', 'special': 'wild'}}
その前は{'card_counts': 3, 'card': {'color': 'red', 'special': 'reverse'}}
---場にカードを出した---
プレイヤー: P-00000002
カード: {'color': 'black', 'special': 'wild'}
Receive update-color event.
私以外だよ
場札または手札にないのは
カードステータス: {'blue': {'0': 0, '1': 1, '2': 1, '3': 2, '4': 2, '5': 1, '6': 2, '7': 1, '8': 2, '9': 2, 'draw_2': 0, 'skip': 1, 'reverse': 2}, 'green': {'0': 1, '1': 1, '2': 1, '3': 2, '4': 2, '5': 2, '6': 2, '7': 2, '8': 2, '9': 2, 'draw_2': 2, 'skip': 2, 'reverse': 1}, 'red': {'0': 0, '1': 1, '2': 1, '3': 2, '4': 2, '5': 1, '6': 2, '7': 2, '8': 2, '9': 2, 'draw_2': 1, 'skip': 1, 'reverse': 1}, 'yellow': {'0': 1, '1': 2, '2': 2, '3': 1, '4': 1, '5': 1, '6': 2, '7': 2, '8': 1, '9': 2, 'draw_2': 1, 'skip': 1, 'reverse': 2}, 'black': {'wild': 2, 'wild_draw_4': 3, 'wild_shuffle': 1}, 'white': {'white_wild': 3}}
res_data: 
{'color': 'green'}
Receive play-card event.
res_data: 
{
    'card_play': {'color': 'green', 'number': 3},
    'yell_uno': False,
    'player': 'P-00000004'
}
今のは{'card_counts': 12, 'card': {'color': 'green', 'number': 3}}
その前は{'card_counts': 13, 'card': {'color': 'red', 'number': 2}}
---場にカードを出した---
プレイヤー: P-00000004
カード: {'color': 'green', 'number': 3}
私以外だよ
場札または手札にないのは
カードステータス: {'blue': {'0': 0, '1': 1, '2': 1, '3': 2, '4': 2, '5': 1, '6': 2, '7': 1, '8': 2, '9': 2, 'draw_2': 0, 'skip': 1, 'reverse': 2}, 'green': {'0': 1, '1': 1, '2': 1, '3': 1, '4': 2, '5': 2, '6': 2, '7': 2, '8': 2, '9': 2, 'draw_2': 2, 'skip': 2, 'reverse': 1}, 'red': {'0': 0, '1': 1, '2': 1, '3': 2, '4': 2, '5': 1, '6': 2, '7': 2, '8': 2, '9': 2, 'draw_2': 1, 'skip': 1, 'reverse': 1}, 'yellow': {'0': 1, '1': 2, '2': 2, '3': 1, '4': 1, '5': 1, '6': 2, '7': 2, '8': 1, '9': 2, 'draw_2': 1, 'skip': 1, 'reverse': 2}, 'black': {'wild': 2, 'wild_draw_4': 3, 'wild_shuffle': 1}, 'white': {'white_wild': 3}}
Receive play-card event.
res_data: 
{
    'card_play': {'color': 'green', 'number': 3},
    'yell_uno': False,
    'player': 'P-00000003'
}
今のは{'card_counts': 3, 'card': {'color': 'green', 'number': 3}}
その前は{'card_counts': 4, 'card': {'color': 'red', 'number': 1}}
---場にカードを出した---
プレイヤー: P-00000003
カード: {'color': 'green', 'number': 3}
私以外だよ
場札または手札にないのは
カードステータス: {'blue': {'0': 0, '1': 1, '2': 1, '3': 2, '4': 2, '5': 1, '6': 2, '7': 1, '8': 2, '9': 2, 'draw_2': 0, 'skip': 1, 'reverse': 2}, 'green': {'0': 1, '1': 1, '2': 1, '3': 0, '4': 2, '5': 2, '6': 2, '7': 2, '8': 2, '9': 2, 'draw_2': 2, 'skip': 2, 'reverse': 1}, 'red': {'0': 0, '1': 1, '2': 1, '3': 2, '4': 2, '5': 1, '6': 2, '7': 2, '8': 2, '9': 2, 'draw_2': 1, 'skip': 1, 'reverse': 1}, 'yellow': {'0': 1, '1': 2, '2': 2, '3': 1, '4': 1, '5': 1, '6': 2, '7': 2, '8': 1, '9': 2, 'draw_2': 1, 'skip': 1, 'reverse': 2}, 'black': {'wild': 2, 'wild_draw_4': 3, 'wild_shuffle': 1}, 'white': {'white_wild': 3}}
私はP-00000005です
Receive next-player event.
res_data: 
{
    'next_player': 'P-00000005',
    'before_player': 'P-00000003',
    'card_before': {'color': 'green', 'number': 3},
    'card_of_player': [
        {'color': 'yellow', 'number': 3},
        {'color': 'yellow', 'number': 4},
        {'color': 'yellow', 'special': 'skip'},
        {'color': 'yellow', 'number': 5},
        {'color': 'green', 'special': 'reverse'},
        {'color': 'green', 'number': 1},
        {'color': 'green', 'number': 2},
        {'color': 'blue', 'number': 0},
        {'color': 'blue', 'number': 2},
        {'color': 'blue', 'number': 5},
        {'color': 'blue', 'special': 'draw_2'},
        {'color': 'blue', 'number': 7},
        {'color': 'red', 'number': 0},
        {'color': 'red', 'number': 5},
        {'color': 'red', 'special': 'draw_2'}
    ],
    'must_call_draw_card': False,
    'draw_reason': 'nothing',
    'turn_right': False,
    'number_card_play': 14,
    'number_turn_play': 20,
    'number_card_of_player': {
        'P-00000005': 15,
        'P-00000003': 3,
        'P-00000004': 12,
        'P-00000002': 2
    }
}
---枚数照合---
誰？： P-00000005
dealerから送られてきたカード枚数: 15
game_statusで記録していたカード枚数: 15
正しいか: True
---枚数照合---
誰？： P-00000003
dealerから送られてきたカード枚数: 3
game_statusで記録していたカード枚数: 3
正しいか: True
---枚数照合---
誰？： P-00000004
dealerから送られてきたカード枚数: 12
game_statusで記録していたカード枚数: 12
正しいか: True
---枚数照合---
誰？： P-00000002
dealerから送られてきたカード枚数: 2
game_statusで記録していたカード枚数: 2
正しいか: True
P-00000005の枚数: 15
P-00000003の枚数: 3
P-00000004の枚数: 12
P-00000002の枚数: 2
デバッグプリント 1対戦目
{
    'P-00000003': {'位置': '直前', 'UNO': False},
    'P-00000004': {'位置': '対面', 'UNO': False},
    'P-00000002': {'位置': '直後', 'UNO': False}
}
[
    {'color': 'yellow', 'number': 3},
    {'color': 'yellow', 'number': 4},
    {'color': 'yellow', 'special': 'skip'},
    {'color': 'yellow', 'number': 5},
    {'color': 'green', 'special': 'reverse'},
    {'color': 'green', 'number': 1},
    {'color': 'green', 'number': 2},
    {'color': 'blue', 'number': 0},
    {'color': 'blue', 'number': 2},
    {'color': 'blue', 'number': 5},
    {'color': 'blue', 'special': 'draw_2'},
    {'color': 'blue', 'number': 7},
    {'color': 'red', 'number': 0},
    {'color': 'red', 'number': 5},
    {'color': 'red', 'special': 'draw_2'}
]
山札の枚数: 66
場の枚数: 14
P-00000005の枚数: 15
P-00000003の枚数: 3
P-00000004の枚数: 12
P-00000002の枚数: 2
カード合計: 112
CHECK: True
最後に記録されたカード: {'color': 'green', 'number': 3}
場札または手札にないのは
カードステータス: {'blue': {'0': 0, '1': 1, '2': 1, '3': 2, '4': 2, '5': 1, '6': 2, '7': 1, '8': 2, '9': 2, 'draw_2': 0, 'skip': 1, 'reverse': 2}, 'green': {'0': 1, '1': 1, '2': 1, '3': 0, '4': 2, '5': 2, '6': 2, '7': 2, '8': 2, '9': 1, 'draw_2': 2, 'skip': 2, 'reverse': 1}, 'red': {'0': 0, '1': 1, '2': 1, '3': 2, '4': 2, '5': 1, '6': 2, '7': 2, '8': 2, '9': 1, 'draw_2': 1, 'skip': 1, 'reverse': 1}, 'yellow': {'0': 1, '1': 2, '2': 2, '3': 1, '4': 1, '5': 1, '6': 2, '7': 2, '8': 1, '9': 2, 'draw_2': 1, 'skip': 1, 'reverse': 2}, 'black': {'wild': 2, 'wild_draw_4': 3, 'wild_shuffle': 1}, 'white': {'white_wild': 3}}
私の手札は
Receive penalty event.
[
    {'color': 'yellow', 'number': 3},
    {'color': 'yellow', 'number': 4},
    {'color': 'yellow', 'special': 'skip'},
    {'color': 'yellow', 'number': 5},
    {'color': 'green', 'special': 'reverse'},
    {'color': 'green', 'number': 1},
    {'color': 'green', 'number': 2},
    {'color': 'blue', 'number': 0},
    {'color': 'blue', 'number': 2},
    {'color': 'blue', 'number': 5},
    {'color': 'blue', 'special': 'draw_2'},
    {'color': 'blue', 'number': 7},
    {'color': 'red', 'number': 0},
    {'color': 'red', 'number': 5},
    {'color': 'red', 'special': 'draw_2'},
    {'color': 'green', 'number': 9},
    {'color': 'red', 'number': 9}
]
res_data: 
{'player': 'P-00000005', 'number_card_of_player': 17, 'error': 'timeout'}
---P-00000005がカードを引きます---
引く理由: ペナルティ
---更新前---
山札:66枚
P-00000005:15枚 P-00000003:3枚 P-00000004:12枚 P-00000002:2枚 
25枚以下制約あり
---更新後---
山札からP-00000005へ2枚移動
山札:64枚
P-00000005:17枚 P-00000003:3枚 P-00000004:12枚 P-00000002:2枚 
Receive receiver-card event.
ペナルティ発生
{'player': 'P-00000005', 'number_card_of_player': 17, 'error': 'timeout'}
res_data: 
{
    'cards_receive': [
        {'color': 'green', 'number': 9},
        {'color': 'red', 'number': 9}
    ],
    'is_penalty': True
}
Receive play-card event.
res_data: 
{
    'card_play': {'color': 'green', 'number': 9},
    'yell_uno': True,
    'player': 'P-00000002'
}
P-00000002がUNOしました
今のは{'card_counts': 1, 'card': {'color': 'green', 'number': 9}}
その前は{'card_counts': 2, 'card': {'color': 'black', 'special': 'wild'}}
---場にカードを出した---
プレイヤー: P-00000002
カード: {'color': 'green', 'number': 9}
私以外だよ
場札または手札にないのは
カードステータス: {'blue': {'0': 0, '1': 1, '2': 1, '3': 2, '4': 2, '5': 1, '6': 2, '7': 1, '8': 2, '9': 2, 'draw_2': 0, 'skip': 1, 'reverse': 2}, 'green': {'0': 1, '1': 1, '2': 1, '3': 0, '4': 2, '5': 2, '6': 2, '7': 2, '8': 2, '9': 0, 'draw_2': 2, 'skip': 2, 'reverse': 1}, 'red': {'0': 0, '1': 1, '2': 1, '3': 2, '4': 2, '5': 1, '6': 2, '7': 2, '8': 2, '9': 1, 'draw_2': 1, 'skip': 1, 'reverse': 1}, 'yellow': {'0': 1, '1': 2, '2': 2, '3': 1, '4': 1, '5': 1, '6': 2, '7': 2, '8': 1, '9': 2, 'draw_2': 1, 'skip': 1, 'reverse': 2}, 'black': {'wild': 2, 'wild_draw_4': 3, 'wild_shuffle': 1}, 'white': {'white_wild': 3}}
Receive play-card event.
res_data: 
{
    'card_play': {'color': 'green', 'number': 6},
    'yell_uno': False,
    'player': 'P-00000004'
}
今のは{'card_counts': 11, 'card': {'color': 'green', 'number': 6}}
その前は{'card_counts': 12, 'card': {'color': 'green', 'number': 3}}
---場にカードを出した---
プレイヤー: P-00000004
カード: {'color': 'green', 'number': 6}
私以外だよ
場札または手札にないのは
カードステータス: {'blue': {'0': 0, '1': 1, '2': 1, '3': 2, '4': 2, '5': 1, '6': 2, '7': 1, '8': 2, '9': 2, 'draw_2': 0, 'skip': 1, 'reverse': 2}, 'green': {'0': 1, '1': 1, '2': 1, '3': 0, '4': 2, '5': 2, '6': 1, '7': 2, '8': 2, '9': 0, 'draw_2': 2, 'skip': 2, 'reverse': 1}, 'red': {'0': 0, '1': 1, '2': 1, '3': 2, '4': 2, '5': 1, '6': 2, '7': 2, '8': 2, '9': 1, 'draw_2': 1, 'skip': 1, 'reverse': 1}, 'yellow': {'0': 1, '1': 2, '2': 2, '3': 1, '4': 1, '5': 1, '6': 2, '7': 2, '8': 1, '9': 2, 'draw_2': 1, 'skip': 1, 'reverse': 2}, 'black': {'wild': 2, 'wild_draw_4': 3, 'wild_shuffle': 1}, 'white': {'white_wild': 3}}
Receive play-card event.
res_data: 
{
    'card_play': {'color': 'yellow', 'number': 6},
    'yell_uno': False,
    'player': 'P-00000003'
}
今のは{'card_counts': 2, 'card': {'color': 'yellow', 'number': 6}}
その前は{'card_counts': 3, 'card': {'color': 'green', 'number': 3}}
---場にカードを出した---
プレイヤー: P-00000003
カード: {'color': 'yellow', 'number': 6}
私以外だよ
場札または手札にないのは
カードステータス: {'blue': {'0': 0, '1': 1, '2': 1, '3': 2, '4': 2, '5': 1, '6': 2, '7': 1, '8': 2, '9': 2, 'draw_2': 0, 'skip': 1, 'reverse': 2}, 'green': {'0': 1, '1': 1, '2': 1, '3': 0, '4': 2, '5': 2, '6': 1, '7': 2, '8': 2, '9': 0, 'draw_2': 2, 'skip': 2, 'reverse': 1}, 'red': {'0': 0, '1': 1, '2': 1, '3': 2, '4': 2, '5': 1, '6': 2, '7': 2, '8': 2, '9': 1, 'draw_2': 1, 'skip': 1, 'reverse': 1}, 'yellow': {'0': 1, '1': 2, '2': 2, '3': 1, '4': 1, '5': 1, '6': 1, '7': 2, '8': 1, '9': 2, 'draw_2': 1, 'skip': 1, 'reverse': 2}, 'black': {'wild': 2, 'wild_draw_4': 3, 'wild_shuffle': 1}, 'white': {'white_wild': 3}}
私はP-00000005です
Receive next-player event.
res_data: 
{
    'next_player': 'P-00000005',
    'before_player': 'P-00000003',
    'card_before': {'color': 'yellow', 'number': 6},
    'card_of_player': [
        {'color': 'yellow', 'number': 3},
        {'color': 'yellow', 'number': 4},
        {'color': 'yellow', 'special': 'skip'},
        {'color': 'yellow', 'number': 5},
        {'color': 'green', 'special': 'reverse'},
        {'color': 'green', 'number': 1},
        {'color': 'green', 'number': 2},
        {'color': 'green', 'number': 9},
        {'color': 'blue', 'number': 0},
        {'color': 'blue', 'number': 2},
        {'color': 'blue', 'number': 5},
        {'color': 'blue', 'special': 'draw_2'},
        {'color': 'blue', 'number': 7},
        {'color': 'red', 'number': 0},
        {'color': 'red', 'number': 5},
        {'color': 'red', 'special': 'draw_2'},
        {'color': 'red', 'number': 9}
    ],
    'must_call_draw_card': False,
    'draw_reason': 'nothing',
    'turn_right': False,
    'number_card_play': 17,
    'number_turn_play': 24,
    'number_card_of_player': {
        'P-00000005': 17,
        'P-00000003': 2,
        'P-00000004': 11,
        'P-00000002': 1
    }
}
---枚数照合---
誰？： P-00000005
dealerから送られてきたカード枚数: 17
game_statusで記録していたカード枚数: 17
正しいか: True
---枚数照合---
誰？： P-00000003
dealerから送られてきたカード枚数: 2
game_statusで記録していたカード枚数: 2
正しいか: True
---枚数照合---
誰？： P-00000004
dealerから送られてきたカード枚数: 11
game_statusで記録していたカード枚数: 11
正しいか: True
---枚数照合---
誰？： P-00000002
dealerから送られてきたカード枚数: 1
game_statusで記録していたカード枚数: 1
正しいか: True
P-00000005の枚数: 17
P-00000003の枚数: 2
P-00000004の枚数: 11
P-00000002の枚数: 1
デバッグプリント 1対戦目
{
    'P-00000003': {'位置': '直前', 'UNO': False},
    'P-00000004': {'位置': '対面', 'UNO': False},
    'P-00000002': {'位置': '直後', 'UNO': True}
}
[
    {'color': 'yellow', 'number': 3},
    {'color': 'yellow', 'number': 4},
    {'color': 'yellow', 'special': 'skip'},
    {'color': 'yellow', 'number': 5},
    {'color': 'green', 'special': 'reverse'},
    {'color': 'green', 'number': 1},
    {'color': 'green', 'number': 2},
    {'color': 'green', 'number': 9},
    {'color': 'blue', 'number': 0},
    {'color': 'blue', 'number': 2},
    {'color': 'blue', 'number': 5},
    {'color': 'blue', 'special': 'draw_2'},
    {'color': 'blue', 'number': 7},
    {'color': 'red', 'number': 0},
    {'color': 'red', 'number': 5},
    {'color': 'red', 'special': 'draw_2'},
    {'color': 'red', 'number': 9}
]
山札の枚数: 64
場の枚数: 17
P-00000005の枚数: 17
P-00000003の枚数: 2
P-00000004の枚数: 11
P-00000002の枚数: 1
カード合計: 112
CHECK: True
最後に記録されたカード: {'color': 'yellow', 'number': 6}
場札または手札にないのは
カードステータス: {'blue': {'0': 0, '1': 1, '2': 1, '3': 2, '4': 2, '5': 1, '6': 2, '7': 1, '8': 2, '9': 1, 'draw_2': 0, 'skip': 1, 'reverse': 2}, 'green': {'0': 1, '1': 1, '2': 1, '3': 0, '4': 2, '5': 2, '6': 1, '7': 2, '8': 2, '9': 0, 'draw_2': 2, 'skip': 2, 'reverse': 1}, 'red': {'0': 0, '1': 1, '2': 1, '3': 2, '4': 2, '5': 1, '6': 2, '7': 1, '8': 2, '9': 1, 'draw_2': 1, 'skip': 1, 'reverse': 1}, 'yellow': {'0': 1, '1': 2, '2': 2, '3': 1, '4': 1, '5': 1, '6': 1, '7': 2, '8': 1, '9': 2, 'draw_2': 1, 'skip': 1, 'reverse': 2}, 'black': {'wild': 2, 'wild_draw_4': 3, 'wild_shuffle': 1}, 'white': {'white_wild': 3}}
私の手札は
[
    {'color': 'yellow', 'number': 3},
    {'color': 'yellow', 'number': 4},
    {'color': 'yellow', 'special': 'skip'},
    {'color': 'yellow', 'number': 5},
    {'color': 'green', 'special': 'reverse'},
    {'color': 'green', 'number': 1},
    {'color': 'green', 'number': 2},
    {'color': 'green', 'number': 9},
    {'color': 'blue', 'number': 0},
    {'color': 'blue', 'number': 2},
    {'color': 'blue', 'number': 5},
    {'color': 'blue', 'special': 'draw_2'},
    {'color': 'blue', 'number': 7},
    {'color': 'red', 'number': 0},
    {'color': 'red', 'number': 5},
    {'color': 'red', 'special': 'draw_2'},
    {'color': 'red', 'number': 9},
    {'color': 'blue', 'number': 9},
    {'color': 'red', 'number': 7}
]
Receive receiver-card event.
Receive penalty event.
res_data: 
{
    'cards_receive': [
        {'color': 'blue', 'number': 9},
        {'color': 'red', 'number': 7}
    ],
    'is_penalty': True
}
res_data: 
{'player': 'P-00000005', 'number_card_of_player': 19, 'error': 'timeout'}
---P-00000005がカードを引きます---
引く理由: ペナルティ
---更新前---
山札:64枚
P-00000005:17枚 P-00000003:2枚 P-00000004:11枚 P-00000002:1枚 
25枚以下制約あり
---更新後---
山札からP-00000005へ2枚移動
山札:62枚
P-00000005:19枚 P-00000003:2枚 P-00000004:11枚 P-00000002:1枚 
ペナルティ発生
{'player': 'P-00000005', 'number_card_of_player': 19, 'error': 'timeout'}
Receive play-card event.
res_data: 
{
    'card_play': {'color': 'white', 'special': 'white_wild'},
    'yell_uno': False,
    'player': 'P-00000002'
}
今のは{'card_counts': 0, 'card': {'color': 'white', 'special': 'white_wild'}}
その前は{'card_counts': 1, 'card': {'color': 'green', 'number': 9}}
---場にカードを出した---
プレイヤー: P-00000002
カード: {'color': 'white', 'special': 'white_wild'}
私以外だよ
場札または手札にないのは
カードステータス: {'blue': {'0': 0, '1': 1, '2': 1, '3': 2, '4': 2, '5': 1, '6': 2, '7': 1, '8': 2, '9': 1, 'draw_2': 0, 'skip': 1, 'reverse': 2}, 'green': {'0': 1, '1': 1, '2': 1, '3': 0, '4': 2, '5': 2, '6': 1, '7': 2, '8': 2, '9': 0, 'draw_2': 2, 'skip': 2, 'reverse': 1}, 'red': {'0': 0, '1': 1, '2': 1, '3': 2, '4': 2, '5': 1, '6': 2, '7': 1, '8': 2, '9': 1, 'draw_2': 1, 'skip': 1, 'reverse': 1}, 'yellow': {'0': 1, '1': 2, '2': 2, '3': 1, '4': 1, '5': 1, '6': 1, '7': 2, '8': 1, '9': 2, 'draw_2': 1, 'skip': 1, 'reverse': 2}, 'black': {'wild': 2, 'wild_draw_4': 3, 'wild_shuffle': 1}, 'white': {'white_wild': 2}}
Receive finish-turn event.
res_data: 
{
    'winner': 'P-00000002',
    'turn_no': 9,
    'score': {
        'P-00000005': -148,
        'P-00000003': -10,
        'P-00000004': -197,
        'P-00000002': 355
    }
}
Receive finish-game event.
res_data: 
{
    'winner': 'P-00000002',
    'turn_win': 3,
    'order': {
        'P-00000002': 3,
        'P-00000003': 2,
        'P-00000001': 1,
        'P-00000004': 1,
        'P-00000005': None,
        'P-00000006': None
    },
    'total_score': {
        'P-00000002': 354,
        'P-00000003': 3,
        'P-00000006': None,
        'P-00000001': -23,
        'P-00000005': -213,
        'P-00000004': -583
    }
}
Client disconnect.
