Host: http://host.docker.internal:8080
Dealer: D1, Player: P1
Client connect successfully!
Send join-room event.
req_data: 
{'room_name': 'D1', 'player': 'P1'}
Receive join-room event.
res_data: 
{'room_name': 'D1', 'player': 'P1'}
Send join-room event.
res_data: 
{
    'room_name': 'D1',
    'player': 'P1',
    'game_id': 'D-00000001',
    'your_id': 'P-00000001',
    'total_turn': 1,
    'white_wild': 'skip_bind_2'
}
Client join room successfully!
My id is P-00000001
Receive join-room event.
res_data: 
{'room_name': 'D1', 'player': 'Alternative 2'}
Receive join-room event.
res_data: 
{'room_name': 'D1', 'player': 'Alternative 3'}
Receive join-room event.
res_data: 
{'room_name': 'D1', 'player': 'Alternative 4'}
場札または手札にないのは
カードステータス: {'blue': {'0': 1, '1': 2, '2': 1, '3': 2, '4': 2, '5': 1, '6': 2, '7': 2, '8': 2, '9': 2, 'draw_2': 1, 'skip': 2, 'reverse': 2}, 'green': {'0': 1, '1': 2, '2': 2, '3': 1, '4': 1, '5': 2, '6': 2, '7': 2, '8': 2, '9': 2, 'draw_2': 2, 'skip': 2, 'reverse': 2}, 'red': {'0': 1, '1': 2, '2': 2, '3': 2, '4': 2, '5': 2, '6': 1, '7': 2, '8': 2, '9': 2, 'draw_2': 2, 'skip': 2, 'reverse': 2}, 'yellow': {'0': 1, '1': 2, '2': 2, '3': 1, '4': 2, '5': 2, '6': 2, '7': 2, '8': 2, '9': 2, 'draw_2': 2, 'skip': 2, 'reverse': 2}, 'black': {'wild': 4, 'wild_draw_4': 4, 'wild_shuffle': 1}, 'white': {'white_wild': 3}}
私の手札は
[
    {'color': 'blue', 'number': 5},
    {'color': 'red', 'number': 6},
    {'color': 'blue', 'special': 'draw_2'},
    {'color': 'green', 'number': 4},
    {'color': 'yellow', 'number': 3},
    {'color': 'green', 'number': 3},
    {'color': 'blue', 'number': 2}
]
Receive receiver-card event.
res_data: 
{
    'cards_receive': [
        {'color': 'blue', 'number': 5},
        {'color': 'red', 'number': 6},
        {'color': 'blue', 'special': 'draw_2'},
        {'color': 'green', 'number': 4},
        {'color': 'yellow', 'number': 3},
        {'color': 'green', 'number': 3},
        {'color': 'blue', 'number': 2}
    ],
    'is_penalty': False
}
場札または手札にないのは
カードステータス: {'blue': {'0': 1, '1': 2, '2': 1, '3': 2, '4': 2, '5': 1, '6': 2, '7': 2, '8': 2, '9': 2, 'draw_2': 1, 'skip': 2, 'reverse': 2}, 'green': {'0': 1, '1': 2, '2': 2, '3': 1, '4': 1, '5': 2, '6': 2, '7': 2, '8': 2, '9': 1, 'draw_2': 2, 'skip': 2, 'reverse': 2}, 'red': {'0': 1, '1': 2, '2': 2, '3': 2, '4': 2, '5': 2, '6': 1, '7': 2, '8': 2, '9': 2, 'draw_2': 2, 'skip': 2, 'reverse': 2}, 'yellow': {'0': 1, '1': 2, '2': 2, '3': 1, '4': 2, '5': 2, '6': 2, '7': 2, '8': 2, '9': 2, 'draw_2': 2, 'skip': 2, 'reverse': 2}, 'black': {'wild': 4, 'wild_draw_4': 4, 'wild_shuffle': 1}, 'white': {'white_wild': 3}}
Receive first-player event.
res_data: 
{
    'first_player': 'P-00000003',
    'first_card': {'color': 'green', 'number': 9},
    'play_order': ['P-00000003', 'P-00000001', 'P-00000004', 'P-00000002'],
    'total_turn': 1,
    'white_wild': 'skip_bind_2'
}
Receive play-card event.
res_data: 
{
    'card_play': {'color': 'green', 'number': 1},
    'yell_uno': False,
    'player': 'P-00000003'
}
---場にカードを出した---
プレイヤー: P-00000003
カード: {'color': 'green', 'number': 1}
私以外だよ
場札または手札にないのは
カードステータス: {'blue': {'0': 1, '1': 2, '2': 1, '3': 2, '4': 2, '5': 1, '6': 2, '7': 2, '8': 2, '9': 2, 'draw_2': 1, 'skip': 2, 'reverse': 2}, 'green': {'0': 1, '1': 1, '2': 2, '3': 1, '4': 1, '5': 2, '6': 2, '7': 2, '8': 2, '9': 1, 'draw_2': 2, 'skip': 2, 'reverse': 2}, 'red': {'0': 1, '1': 2, '2': 2, '3': 2, '4': 2, '5': 2, '6': 1, '7': 2, '8': 2, '9': 2, 'draw_2': 2, 'skip': 2, 'reverse': 2}, 'yellow': {'0': 1, '1': 2, '2': 2, '3': 1, '4': 2, '5': 2, '6': 2, '7': 2, '8': 2, '9': 2, 'draw_2': 2, 'skip': 2, 'reverse': 2}, 'black': {'wild': 4, 'wild_draw_4': 4, 'wild_shuffle': 1}, 'white': {'white_wild': 3}}
Receive next-player event.
res_data: 
{
    'next_player': 'P-00000001',
    'before_player': 'P-00000003',
    'card_before': {'color': 'green', 'number': 1},
    'card_of_player': [
        {'color': 'yellow', 'number': 3},
        {'color': 'green', 'number': 3},
        {'color': 'green', 'number': 4},
        {'color': 'blue', 'number': 2},
        {'color': 'blue', 'number': 5},
        {'color': 'blue', 'special': 'draw_2'},
        {'color': 'red', 'number': 6}
    ],
    'must_call_draw_card': False,
    'draw_reason': 'nothing',
    'turn_right': True,
    'number_card_play': 2,
    'number_turn_play': 1,
    'number_card_of_player': {
        'P-00000003': 6,
        'P-00000001': 7,
        'P-00000004': 7,
        'P-00000002': 7
    }
}
---枚数照合---
誰？： P-00000003
dealerから送られてきたカード枚数: 6
game_statusで記録していたカード枚数: 6
正しいか: True
---枚数照合---
誰？： P-00000001
dealerから送られてきたカード枚数: 7
game_statusで記録していたカード枚数: 7
正しいか: True
---枚数照合---
誰？： P-00000004
dealerから送られてきたカード枚数: 7
game_statusで記録していたカード枚数: 7
正しいか: True
---枚数照合---
誰？： P-00000002
dealerから送られてきたカード枚数: 7
game_statusで記録していたカード枚数: 7
正しいか: True
P-00000003の枚数: 6
P-00000001の枚数: 7
P-00000004の枚数: 7
P-00000002の枚数: 7
デバッグプリント 1対戦目
{
    'P-00000004': {'位置': '直後', 'UNO': False},
    'P-00000002': {'位置': '対面', 'UNO': False},
    'P-00000003': {'位置': '直前', 'UNO': False}
}
[
    {'color': 'yellow', 'number': 3},
    {'color': 'green', 'number': 3},
    {'color': 'green', 'number': 4},
    {'color': 'blue', 'number': 2},
    {'color': 'blue', 'number': 5},
    {'color': 'blue', 'special': 'draw_2'},
    {'color': 'red', 'number': 6}
]
山札の枚数: 83
場の枚数: 2
P-00000003の枚数: 6
P-00000001の枚数: 7
P-00000004の枚数: 7
P-00000002の枚数: 7
カード合計: 112
CHECK: True
最後に記録されたカード: {'color': 'green', 'number': 1}
Send special-logic event.
req_data: 
{'title': '◯◯◯◯◯◯◯◯◯◯◯◯◯◯◯◯◯◯◯◯◯'}
出せるのは(offensive)
[{'color': 'green', 'number': 4}, {'color': 'green', 'number': 3}]
selected card: green 4
Send play-card event.
req_data: 
{'card_play': {'color': 'green', 'number': 4}, 'yell_uno': False}
Send special-logic event.
res_data: 
{'title': '◯◯◯◯◯◯◯◯◯◯◯◯◯◯◯◯◯◯◯◯◯'}
Receive play-card event.
res_data: 
{
    'card_play': {'color': 'green', 'number': 4},
    'yell_uno': False,
    'player': 'P-00000001'
}
---場にカードを出した---
プレイヤー: P-00000001
カード: {'color': 'green', 'number': 4}
私だよ
Send play-card event.
res_data: 
{'card_play': {'color': 'green', 'number': 4}, 'yell_uno': False}
Receive draw-card event.
res_data: 
{'player': 'P-00000004', 'is_draw': True}
---P-00000004がカードを引きます---
引く理由: 場に出すカードがない(再行動可能)
---更新前---
山札:83枚
P-00000003:6枚 P-00000001:6枚 P-00000004:7枚 P-00000002:7枚 
25枚以下制約あり
---更新後---
山札からP-00000004へ1枚移動
山札:82枚
P-00000003:6枚 P-00000001:6枚 P-00000004:8枚 P-00000002:7枚 
Receive play-card event.
res_data: 
{
    'card_play': {'color': 'black', 'special': 'wild'},
    'yell_uno': False,
    'color_of_wild': 'yellow',
    'player': 'P-00000002'
}
---場にカードを出した---
プレイヤー: P-00000002
カード: {'color': 'black', 'special': 'wild'}
私以外だよ
場札または手札にないのは
カードステータス: {'blue': {'0': 1, '1': 2, '2': 1, '3': 2, '4': 2, '5': 1, '6': 2, '7': 2, '8': 2, '9': 2, 'draw_2': 1, 'skip': 2, 'reverse': 2}, 'green': {'0': 1, '1': 1, '2': 2, '3': 1, '4': 1, '5': 2, '6': 2, '7': 2, '8': 2, '9': 1, 'draw_2': 2, 'skip': 2, 'reverse': 2}, 'red': {'0': 1, '1': 2, '2': 2, '3': 2, '4': 2, '5': 2, '6': 1, '7': 2, '8': 2, '9': 2, 'draw_2': 2, 'skip': 2, 'reverse': 2}, 'yellow': {'0': 1, '1': 2, '2': 2, '3': 1, '4': 2, '5': 2, '6': 2, '7': 2, '8': 2, '9': 2, 'draw_2': 2, 'skip': 2, 'reverse': 2}, 'black': {'wild': 3, 'wild_draw_4': 4, 'wild_shuffle': 1}, 'white': {'white_wild': 3}}
Receive update-color event.
res_data: 
{'color': 'yellow'}
Receive play-card event.
res_data: 
{
    'card_play': {'color': 'white', 'special': 'white_wild'},
    'yell_uno': False,
    'player': 'P-00000003'
}
今のは{'card_counts': 5, 'card': {'color': 'white', 'special': 'white_wild'}}
その前は{'card_counts': 6, 'card': {'color': 'green', 'number': 1}}
---場にカードを出した---
プレイヤー: P-00000003
カード: {'color': 'white', 'special': 'white_wild'}
私以外だよ
場札または手札にないのは
カードステータス: {'blue': {'0': 1, '1': 2, '2': 1, '3': 2, '4': 2, '5': 1, '6': 2, '7': 2, '8': 2, '9': 2, 'draw_2': 1, 'skip': 2, 'reverse': 2}, 'green': {'0': 1, '1': 1, '2': 2, '3': 1, '4': 1, '5': 2, '6': 2, '7': 2, '8': 2, '9': 1, 'draw_2': 2, 'skip': 2, 'reverse': 2}, 'red': {'0': 1, '1': 2, '2': 2, '3': 2, '4': 2, '5': 2, '6': 1, '7': 2, '8': 2, '9': 2, 'draw_2': 2, 'skip': 2, 'reverse': 2}, 'yellow': {'0': 1, '1': 2, '2': 2, '3': 1, '4': 2, '5': 2, '6': 2, '7': 2, '8': 2, '9': 2, 'draw_2': 2, 'skip': 2, 'reverse': 2}, 'black': {'wild': 3, 'wild_draw_4': 4, 'wild_shuffle': 1}, 'white': {'white_wild': 2}}
Receive draw-card event.
res_data: 
{'player': 'P-00000004', 'is_draw': True}
---P-00000004がカードを引きます---
引く理由: white_wild
---更新前---
山札:82枚
P-00000003:5枚 P-00000001:6枚 P-00000004:8枚 P-00000002:6枚 
---更新後---
山札からP-00000004へ1枚移動
山札:81枚
P-00000003:5枚 P-00000001:6枚 P-00000004:9枚 P-00000002:6枚 
Receive play-card event.
res_data: 
{
    'card_play': {'color': 'yellow', 'number': 5},
    'yell_uno': False,
    'player': 'P-00000002'
}
今のは{'card_counts': 5, 'card': {'color': 'yellow', 'number': 5}}
その前は{'card_counts': 6, 'card': {'color': 'yellow', 'special': 'wild'}}
---場にカードを出した---
プレイヤー: P-00000002
カード: {'color': 'yellow', 'number': 5}
私以外だよ
場札または手札にないのは
カードステータス: {'blue': {'0': 1, '1': 2, '2': 1, '3': 2, '4': 2, '5': 1, '6': 2, '7': 2, '8': 2, '9': 2, 'draw_2': 1, 'skip': 2, 'reverse': 2}, 'green': {'0': 1, '1': 1, '2': 2, '3': 1, '4': 1, '5': 2, '6': 2, '7': 2, '8': 2, '9': 1, 'draw_2': 2, 'skip': 2, 'reverse': 2}, 'red': {'0': 1, '1': 2, '2': 2, '3': 2, '4': 2, '5': 2, '6': 1, '7': 2, '8': 2, '9': 2, 'draw_2': 2, 'skip': 2, 'reverse': 2}, 'yellow': {'0': 1, '1': 2, '2': 2, '3': 1, '4': 2, '5': 1, '6': 2, '7': 2, '8': 2, '9': 2, 'draw_2': 2, 'skip': 2, 'reverse': 2}, 'black': {'wild': 3, 'wild_draw_4': 4, 'wild_shuffle': 1}, 'white': {'white_wild': 2}}
Receive draw-card event.
res_data: 
{'player': 'P-00000003', 'is_draw': True}
---P-00000003がカードを引きます---
引く理由: 場に出すカードがない(再行動可能)
---更新前---
山札:81枚
P-00000003:5枚 P-00000001:6枚 P-00000004:9枚 P-00000002:5枚 
25枚以下制約あり
---更新後---
山札からP-00000003へ1枚移動
山札:80枚
P-00000003:6枚 P-00000001:6枚 P-00000004:9枚 P-00000002:5枚 
Receive next-player event.
res_data: 
{
    'next_player': 'P-00000001',
    'before_player': 'P-00000003',
    'card_before': {'color': 'yellow', 'number': 5},
    'card_of_player': [
        {'color': 'yellow', 'number': 3},
        {'color': 'green', 'number': 3},
        {'color': 'blue', 'number': 2},
        {'color': 'blue', 'number': 5},
        {'color': 'blue', 'special': 'draw_2'},
        {'color': 'red', 'number': 6}
    ],
    'must_call_draw_card': False,
    'draw_reason': 'nothing',
    'turn_right': True,
    'number_card_play': 6,
    'number_turn_play': 8,
    'number_card_of_player': {
        'P-00000003': 6,
        'P-00000001': 6,
        'P-00000004': 9,
        'P-00000002': 5
    }
}
---枚数照合---
誰？： P-00000003
dealerから送られてきたカード枚数: 6
game_statusで記録していたカード枚数: 6
正しいか: True
---枚数照合---
誰？： P-00000001
dealerから送られてきたカード枚数: 6
game_statusで記録していたカード枚数: 6
正しいか: True
---枚数照合---
誰？： P-00000004
dealerから送られてきたカード枚数: 9
game_statusで記録していたカード枚数: 9
正しいか: True
---枚数照合---
誰？： P-00000002
dealerから送られてきたカード枚数: 5
game_statusで記録していたカード枚数: 5
正しいか: True
P-00000003の枚数: 6
P-00000001の枚数: 6
P-00000004の枚数: 9
P-00000002の枚数: 5
デバッグプリント 1対戦目
{
    'P-00000004': {'位置': '直後', 'UNO': False},
    'P-00000002': {'位置': '対面', 'UNO': False},
    'P-00000003': {'位置': '直前', 'UNO': False}
}
[
    {'color': 'yellow', 'number': 3},
    {'color': 'green', 'number': 3},
    {'color': 'blue', 'number': 2},
    {'color': 'blue', 'number': 5},
    {'color': 'blue', 'special': 'draw_2'},
    {'color': 'red', 'number': 6}
]
山札の枚数: 80
場の枚数: 6
P-00000003の枚数: 6
P-00000001の枚数: 6
P-00000004の枚数: 9
P-00000002の枚数: 5
カード合計: 112
CHECK: True
最後に記録されたカード: {'color': 'yellow', 'number': 5}
出せるのは(offensive)
[{'color': 'blue', 'number': 5}, {'color': 'yellow', 'number': 3}]
selected card: blue 5
Send play-card event.
req_data: 
{'card_play': {'color': 'blue', 'number': 5}, 'yell_uno': False}
Receive play-card event.
res_data: 
{
    'card_play': {'color': 'blue', 'number': 5},
    'yell_uno': False,
    'player': 'P-00000001'
}
今のは{'card_counts': 5, 'card': {'color': 'blue', 'number': 5}}
その前は{'card_counts': 6, 'card': {'color': 'green', 'number': 4}}
---場にカードを出した---
プレイヤー: P-00000001
カード: {'color': 'blue', 'number': 5}
私だよ
Send play-card event.
res_data: 
{'card_play': {'color': 'blue', 'number': 5}, 'yell_uno': False}
Receive draw-card event.
res_data: 
{'player': 'P-00000004', 'is_draw': True}
---P-00000004がカードを引きます---
引く理由: white_wild
---更新前---
山札:80枚
P-00000003:6枚 P-00000001:5枚 P-00000004:9枚 P-00000002:5枚 
---更新後---
山札からP-00000004へ1枚移動
山札:79枚
P-00000003:6枚 P-00000001:5枚 P-00000004:10枚 P-00000002:5枚 
Receive play-card event.
res_data: 
{
    'card_play': {'color': 'blue', 'number': 6},
    'yell_uno': False,
    'player': 'P-00000002'
}
今のは{'card_counts': 4, 'card': {'color': 'blue', 'number': 6}}
その前は{'card_counts': 5, 'card': {'color': 'yellow', 'number': 5}}
---場にカードを出した---
プレイヤー: P-00000002
カード: {'color': 'blue', 'number': 6}
私以外だよ
場札または手札にないのは
カードステータス: {'blue': {'0': 1, '1': 2, '2': 1, '3': 2, '4': 2, '5': 1, '6': 1, '7': 2, '8': 2, '9': 2, 'draw_2': 1, 'skip': 2, 'reverse': 2}, 'green': {'0': 1, '1': 1, '2': 2, '3': 1, '4': 1, '5': 2, '6': 2, '7': 2, '8': 2, '9': 1, 'draw_2': 2, 'skip': 2, 'reverse': 2}, 'red': {'0': 1, '1': 2, '2': 2, '3': 2, '4': 2, '5': 2, '6': 1, '7': 2, '8': 2, '9': 2, 'draw_2': 2, 'skip': 2, 'reverse': 2}, 'yellow': {'0': 1, '1': 2, '2': 2, '3': 1, '4': 2, '5': 1, '6': 2, '7': 2, '8': 2, '9': 2, 'draw_2': 2, 'skip': 2, 'reverse': 2}, 'black': {'wild': 3, 'wild_draw_4': 4, 'wild_shuffle': 1}, 'white': {'white_wild': 2}}
Receive play-card event.
res_data: 
{
    'card_play': {'color': 'blue', 'special': 'skip'},
    'yell_uno': False,
    'player': 'P-00000003'
}
今のは{'card_counts': 5, 'card': {'color': 'blue', 'special': 'skip'}}
その前は{'card_counts': 5, 'card': {'color': 'white', 'special': 'white_wild'}}
---場にカードを出した---
プレイヤー: P-00000003
カード: {'color': 'blue', 'special': 'skip'}
私以外だよ
場札または手札にないのは
カードステータス: {'blue': {'0': 1, '1': 2, '2': 1, '3': 2, '4': 2, '5': 1, '6': 1, '7': 2, '8': 2, '9': 2, 'draw_2': 1, 'skip': 1, 'reverse': 2}, 'green': {'0': 1, '1': 1, '2': 2, '3': 1, '4': 1, '5': 2, '6': 2, '7': 2, '8': 2, '9': 1, 'draw_2': 2, 'skip': 2, 'reverse': 2}, 'red': {'0': 1, '1': 2, '2': 2, '3': 2, '4': 2, '5': 2, '6': 1, '7': 2, '8': 2, '9': 2, 'draw_2': 2, 'skip': 2, 'reverse': 2}, 'yellow': {'0': 1, '1': 2, '2': 2, '3': 1, '4': 2, '5': 1, '6': 2, '7': 2, '8': 2, '9': 2, 'draw_2': 2, 'skip': 2, 'reverse': 2}, 'black': {'wild': 3, 'wild_draw_4': 4, 'wild_shuffle': 1}, 'white': {'white_wild': 2}}
Receive play-card event.
res_data: 
{
    'card_play': {'color': 'blue', 'number': 4},
    'yell_uno': False,
    'player': 'P-00000004'
}
---場にカードを出した---
プレイヤー: P-00000004
カード: {'color': 'blue', 'number': 4}
私以外だよ
場札または手札にないのは
カードステータス: {'blue': {'0': 1, '1': 2, '2': 1, '3': 2, '4': 1, '5': 1, '6': 1, '7': 2, '8': 2, '9': 2, 'draw_2': 1, 'skip': 1, 'reverse': 2}, 'green': {'0': 1, '1': 1, '2': 2, '3': 1, '4': 1, '5': 2, '6': 2, '7': 2, '8': 2, '9': 1, 'draw_2': 2, 'skip': 2, 'reverse': 2}, 'red': {'0': 1, '1': 2, '2': 2, '3': 2, '4': 2, '5': 2, '6': 1, '7': 2, '8': 2, '9': 2, 'draw_2': 2, 'skip': 2, 'reverse': 2}, 'yellow': {'0': 1, '1': 2, '2': 2, '3': 1, '4': 2, '5': 1, '6': 2, '7': 2, '8': 2, '9': 2, 'draw_2': 2, 'skip': 2, 'reverse': 2}, 'black': {'wild': 3, 'wild_draw_4': 4, 'wild_shuffle': 1}, 'white': {'white_wild': 2}}
Receive play-card event.
res_data: 
{
    'card_play': {'color': 'black', 'special': 'wild_draw_4'},
    'yell_uno': False,
    'color_of_wild': 'yellow',
    'player': 'P-00000002'
}
今のは{'card_counts': 3, 'card': {'color': 'black', 'special': 'wild_draw_4'}}
その前は{'card_counts': 4, 'card': {'color': 'blue', 'number': 6}}
---場にカードを出した---
プレイヤー: P-00000002
カード: {'color': 'black', 'special': 'wild_draw_4'}
私以外だよ
場札または手札にないのは
カードステータス: {'blue': {'0': 1, '1': 2, '2': 1, '3': 2, '4': 1, '5': 1, '6': 1, '7': 2, '8': 2, '9': 2, 'draw_2': 1, 'skip': 1, 'reverse': 2}, 'green': {'0': 1, '1': 1, '2': 2, '3': 1, '4': 1, '5': 2, '6': 2, '7': 2, '8': 2, '9': 1, 'draw_2': 2, 'skip': 2, 'reverse': 2}, 'red': {'0': 1, '1': 2, '2': 2, '3': 2, '4': 2, '5': 2, '6': 1, '7': 2, '8': 2, '9': 2, 'draw_2': 2, 'skip': 2, 'reverse': 2}, 'yellow': {'0': 1, '1': 2, '2': 2, '3': 1, '4': 2, '5': 1, '6': 2, '7': 2, '8': 2, '9': 2, 'draw_2': 2, 'skip': 2, 'reverse': 2}, 'black': {'wild': 3, 'wild_draw_4': 3, 'wild_shuffle': 1}, 'white': {'white_wild': 2}}
Receive update-color event.
res_data: 
{'color': 'yellow'}
---P-00000003がカードを引きます---
引く理由: wild_draw_4
---更新前---
山札:79枚
P-00000003:5枚 P-00000001:5枚 P-00000004:9枚 P-00000002:3枚 
---更新後---
山札からP-00000003へ4枚移動
山札:75枚
P-00000003:9枚 P-00000001:5枚 P-00000004:9枚 P-00000002:3枚 
---P-00000003がカードを引きます---
引く理由: ペナルティ
---更新前---
山札:75枚
P-00000003:9枚 P-00000001:5枚 P-00000004:9枚 P-00000002:3枚 
25枚以下制約あり
---更新後---
山札からP-00000003へ2枚移動
山札:73枚
P-00000003:11枚 P-00000001:5枚 P-00000004:9枚 P-00000002:3枚 
Receive challenge event.
res_data: 
{
    'challenger': 'P-00000003',
    'target': 'P-00000002',
    'is_challenge': True,
    'is_challenge_success': False
}
Receive next-player event.
res_data: 
{
    'next_player': 'P-00000001',
    'before_player': 'P-00000003',
    'card_before': {'color': 'yellow', 'special': 'wild_draw_4'},
    'card_of_player': [
        {'color': 'yellow', 'number': 3},
        {'color': 'green', 'number': 3},
        {'color': 'blue', 'number': 2},
        {'color': 'blue', 'special': 'draw_2'},
        {'color': 'red', 'number': 6}
    ],
    'must_call_draw_card': False,
    'draw_reason': 'nothing',
    'turn_right': True,
    'number_card_play': 11,
    'number_turn_play': 15,
    'number_card_of_player': {
        'P-00000003': 11,
        'P-00000001': 5,
        'P-00000004': 9,
        'P-00000002': 3
    }
}
---枚数照合---
誰？： P-00000003
dealerから送られてきたカード枚数: 11
game_statusで記録していたカード枚数: 11
正しいか: True
---枚数照合---
誰？： P-00000001
dealerから送られてきたカード枚数: 5
game_statusで記録していたカード枚数: 5
正しいか: True
---枚数照合---
誰？： P-00000004
dealerから送られてきたカード枚数: 9
game_statusで記録していたカード枚数: 9
正しいか: True
---枚数照合---
誰？： P-00000002
dealerから送られてきたカード枚数: 3
game_statusで記録していたカード枚数: 3
正しいか: True
P-00000003の枚数: 11
P-00000001の枚数: 5
P-00000004の枚数: 9
P-00000002の枚数: 3
デバッグプリント 1対戦目
{
    'P-00000004': {'位置': '直後', 'UNO': False},
    'P-00000002': {'位置': '対面', 'UNO': False},
    'P-00000003': {'位置': '直前', 'UNO': False}
}
[
    {'color': 'yellow', 'number': 3},
    {'color': 'green', 'number': 3},
    {'color': 'blue', 'number': 2},
    {'color': 'blue', 'special': 'draw_2'},
    {'color': 'red', 'number': 6}
]
山札の枚数: 73
場の枚数: 11
P-00000003の枚数: 11
P-00000001の枚数: 5
P-00000004の枚数: 9
P-00000002の枚数: 3
カード合計: 112
CHECK: True
最後に記録されたカード: {'color': 'yellow', 'special': 'wild_draw_4'}
出せるのは(offensive)
[{'color': 'yellow', 'number': 3}]
selected card: yellow 3
Send play-card event.
req_data: 
{'card_play': {'color': 'yellow', 'number': 3}, 'yell_uno': False}
Receive play-card event.
res_data: 
{
    'card_play': {'color': 'yellow', 'number': 3},
    'yell_uno': False,
    'player': 'P-00000001'
}
今のは{'card_counts': 4, 'card': {'color': 'yellow', 'number': 3}}
その前は{'card_counts': 5, 'card': {'color': 'blue', 'number': 5}}
---場にカードを出した---
プレイヤー: P-00000001
カード: {'color': 'yellow', 'number': 3}
私だよ
Send play-card event.
res_data: 
{'card_play': {'color': 'yellow', 'number': 3}, 'yell_uno': False}
Receive play-card event.
res_data: 
{
    'card_play': {'color': 'yellow', 'number': 5},
    'yell_uno': False,
    'player': 'P-00000004'
}
今のは{'card_counts': 8, 'card': {'color': 'yellow', 'number': 5}}
その前は{'card_counts': 9, 'card': {'color': 'blue', 'number': 4}}
---場にカードを出した---
プレイヤー: P-00000004
カード: {'color': 'yellow', 'number': 5}
私以外だよ
場札または手札にないのは
カードステータス: {'blue': {'0': 1, '1': 2, '2': 1, '3': 2, '4': 1, '5': 1, '6': 1, '7': 2, '8': 2, '9': 2, 'draw_2': 1, 'skip': 1, 'reverse': 2}, 'green': {'0': 1, '1': 1, '2': 2, '3': 1, '4': 1, '5': 2, '6': 2, '7': 2, '8': 2, '9': 1, 'draw_2': 2, 'skip': 2, 'reverse': 2}, 'red': {'0': 1, '1': 2, '2': 2, '3': 2, '4': 2, '5': 2, '6': 1, '7': 2, '8': 2, '9': 2, 'draw_2': 2, 'skip': 2, 'reverse': 2}, 'yellow': {'0': 1, '1': 2, '2': 2, '3': 1, '4': 2, '5': 0, '6': 2, '7': 2, '8': 2, '9': 2, 'draw_2': 2, 'skip': 2, 'reverse': 2}, 'black': {'wild': 3, 'wild_draw_4': 3, 'wild_shuffle': 1}, 'white': {'white_wild': 2}}
Receive draw-card event.
res_data: 
{'player': 'P-00000002', 'is_draw': True}
---P-00000002がカードを引きます---
引く理由: 場に出すカードがない(再行動可能)
---更新前---
山札:73枚
P-00000003:11枚 P-00000001:4枚 P-00000004:8枚 P-00000002:3枚 
25枚以下制約あり
---更新後---
山札からP-00000002へ1枚移動
山札:72枚
P-00000003:11枚 P-00000001:4枚 P-00000004:8枚 P-00000002:4枚 
Receive play-draw-card event.
res_data: 
{
    'is_play_card': True,
    'yell_uno': False,
    'color_of_wild': 'green',
    'player': 'P-00000002',
    'card_play': {'color': 'black', 'special': 'wild'}
}
今のは{'card_counts': 3, 'card': {'color': 'black', 'special': 'wild'}}
その前は{'card_counts': 3, 'card': {'color': 'yellow', 'special': 'wild_draw_4'}}
---場にカードを出した---
プレイヤー: P-00000002
カード: {'color': 'black', 'special': 'wild'}
場札または手札にないのは
カードステータス: {'blue': {'0': 1, '1': 2, '2': 1, '3': 2, '4': 1, '5': 1, '6': 1, '7': 2, '8': 2, '9': 2, 'draw_2': 1, 'skip': 1, 'reverse': 2}, 'green': {'0': 1, '1': 1, '2': 2, '3': 1, '4': 1, '5': 2, '6': 2, '7': 2, '8': 2, '9': 1, 'draw_2': 2, 'skip': 2, 'reverse': 2}, 'red': {'0': 1, '1': 2, '2': 2, '3': 2, '4': 2, '5': 2, '6': 1, '7': 2, '8': 2, '9': 2, 'draw_2': 2, 'skip': 2, 'reverse': 2}, 'yellow': {'0': 1, '1': 2, '2': 2, '3': 1, '4': 2, '5': 0, '6': 2, '7': 2, '8': 2, '9': 2, 'draw_2': 2, 'skip': 2, 'reverse': 2}, 'black': {'wild': 2, 'wild_draw_4': 3, 'wild_shuffle': 1}, 'white': {'white_wild': 2}}
Receive update-color event.
res_data: 
{'color': 'green'}
Receive play-card event.
res_data: 
{
    'card_play': {'color': 'green', 'number': 3},
    'yell_uno': False,
    'player': 'P-00000003'
}
今のは{'card_counts': 10, 'card': {'color': 'green', 'number': 3}}
その前は{'card_counts': 5, 'card': {'color': 'blue', 'special': 'skip'}}
---場にカードを出した---
プレイヤー: P-00000003
カード: {'color': 'green', 'number': 3}
私以外だよ
場札または手札にないのは
カードステータス: {'blue': {'0': 1, '1': 2, '2': 1, '3': 2, '4': 1, '5': 1, '6': 1, '7': 2, '8': 2, '9': 2, 'draw_2': 1, 'skip': 1, 'reverse': 2}, 'green': {'0': 1, '1': 1, '2': 2, '3': 0, '4': 1, '5': 2, '6': 2, '7': 2, '8': 2, '9': 1, 'draw_2': 2, 'skip': 2, 'reverse': 2}, 'red': {'0': 1, '1': 2, '2': 2, '3': 2, '4': 2, '5': 2, '6': 1, '7': 2, '8': 2, '9': 2, 'draw_2': 2, 'skip': 2, 'reverse': 2}, 'yellow': {'0': 1, '1': 2, '2': 2, '3': 1, '4': 2, '5': 0, '6': 2, '7': 2, '8': 2, '9': 2, 'draw_2': 2, 'skip': 2, 'reverse': 2}, 'black': {'wild': 2, 'wild_draw_4': 3, 'wild_shuffle': 1}, 'white': {'white_wild': 2}}
Receive next-player event.
res_data: 
{
    'next_player': 'P-00000001',
    'before_player': 'P-00000003',
    'card_before': {'color': 'green', 'number': 3},
    'card_of_player': [
        {'color': 'green', 'number': 3},
        {'color': 'blue', 'number': 2},
        {'color': 'blue', 'special': 'draw_2'},
        {'color': 'red', 'number': 6}
    ],
    'must_call_draw_card': False,
    'draw_reason': 'nothing',
    'turn_right': True,
    'number_card_play': 15,
    'number_turn_play': 19,
    'number_card_of_player': {
        'P-00000003': 10,
        'P-00000001': 4,
        'P-00000004': 8,
        'P-00000002': 3
    }
}
---枚数照合---
誰？： P-00000003
dealerから送られてきたカード枚数: 10
game_statusで記録していたカード枚数: 10
正しいか: True
---枚数照合---
誰？： P-00000001
dealerから送られてきたカード枚数: 4
game_statusで記録していたカード枚数: 4
正しいか: True
---枚数照合---
誰？： P-00000004
dealerから送られてきたカード枚数: 8
game_statusで記録していたカード枚数: 8
正しいか: True
---枚数照合---
誰？： P-00000002
dealerから送られてきたカード枚数: 3
game_statusで記録していたカード枚数: 3
正しいか: True
P-00000003の枚数: 10
P-00000001の枚数: 4
P-00000004の枚数: 8
P-00000002の枚数: 3
デバッグプリント 1対戦目
{
    'P-00000004': {'位置': '直後', 'UNO': False},
    'P-00000002': {'位置': '対面', 'UNO': False},
    'P-00000003': {'位置': '直前', 'UNO': False}
}
[
    {'color': 'green', 'number': 3},
    {'color': 'blue', 'number': 2},
    {'color': 'blue', 'special': 'draw_2'},
    {'color': 'red', 'number': 6}
]
山札の枚数: 72
場の枚数: 15
P-00000003の枚数: 10
P-00000001の枚数: 4
P-00000004の枚数: 8
P-00000002の枚数: 3
カード合計: 112
CHECK: True
最後に記録されたカード: {'color': 'green', 'number': 3}
出せるのは(offensive)
[{'color': 'green', 'number': 3}]
selected card: green 3
Send play-card event.
req_data: 
{'card_play': {'color': 'green', 'number': 3}, 'yell_uno': False}
Receive play-card event.
res_data: 
{
    'card_play': {'color': 'green', 'number': 3},
    'yell_uno': False,
    'player': 'P-00000001'
}
今のは{'card_counts': 3, 'card': {'color': 'green', 'number': 3}}
その前は{'card_counts': 4, 'card': {'color': 'yellow', 'number': 3}}
---場にカードを出した---
プレイヤー: P-00000001
カード: {'color': 'green', 'number': 3}
私だよ
Send play-card event.
res_data: 
{'card_play': {'color': 'green', 'number': 3}, 'yell_uno': False}
Receive draw-card event.
res_data: 
{'player': 'P-00000004', 'is_draw': True}
---P-00000004がカードを引きます---
引く理由: 場に出すカードがない(再行動可能)
---更新前---
山札:72枚
P-00000003:10枚 P-00000001:3枚 P-00000004:8枚 P-00000002:3枚 
25枚以下制約あり
---更新後---
山札からP-00000004へ1枚移動
山札:71枚
P-00000003:10枚 P-00000001:3枚 P-00000004:9枚 P-00000002:3枚 
Receive play-draw-card event.
res_data: 
{
    'is_play_card': True,
    'yell_uno': False,
    'color_of_wild': 'yellow',
    'player': 'P-00000004',
    'card_play': {'color': 'black', 'special': 'wild'}
}
今のは{'card_counts': 8, 'card': {'color': 'black', 'special': 'wild'}}
その前は{'card_counts': 8, 'card': {'color': 'yellow', 'number': 5}}
---場にカードを出した---
プレイヤー: P-00000004
カード: {'color': 'black', 'special': 'wild'}
場札または手札にないのは
カードステータス: {'blue': {'0': 1, '1': 2, '2': 1, '3': 2, '4': 1, '5': 1, '6': 1, '7': 2, '8': 2, '9': 2, 'draw_2': 1, 'skip': 1, 'reverse': 2}, 'green': {'0': 1, '1': 1, '2': 2, '3': 0, '4': 1, '5': 2, '6': 2, '7': 2, '8': 2, '9': 1, 'draw_2': 2, 'skip': 2, 'reverse': 2}, 'red': {'0': 1, '1': 2, '2': 2, '3': 2, '4': 2, '5': 2, '6': 1, '7': 2, '8': 2, '9': 2, 'draw_2': 2, 'skip': 2, 'reverse': 2}, 'yellow': {'0': 1, '1': 2, '2': 2, '3': 1, '4': 2, '5': 0, '6': 2, '7': 2, '8': 2, '9': 2, 'draw_2': 2, 'skip': 2, 'reverse': 2}, 'black': {'wild': 1, 'wild_draw_4': 3, 'wild_shuffle': 1}, 'white': {'white_wild': 2}}
Receive update-color event.
res_data: 
{'color': 'yellow'}
Receive draw-card event.
res_data: 
{'player': 'P-00000002', 'is_draw': True}
---P-00000002がカードを引きます---
引く理由: 場に出すカードがない(再行動可能)
---更新前---
山札:71枚
P-00000003:10枚 P-00000001:3枚 P-00000004:8枚 P-00000002:3枚 
25枚以下制約あり
---更新後---
山札からP-00000002へ1枚移動
山札:70枚
P-00000003:10枚 P-00000001:3枚 P-00000004:8枚 P-00000002:4枚 
Receive play-draw-card event.
res_data: 
{
    'is_play_card': True,
    'yell_uno': False,
    'player': 'P-00000002',
    'card_play': {'color': 'yellow', 'number': 0}
}
今のは{'card_counts': 3, 'card': {'color': 'yellow', 'number': 0}}
その前は{'card_counts': 3, 'card': {'color': 'green', 'special': 'wild'}}
---場にカードを出した---
プレイヤー: P-00000002
カード: {'color': 'yellow', 'number': 0}
場札または手札にないのは
カードステータス: {'blue': {'0': 1, '1': 2, '2': 1, '3': 2, '4': 1, '5': 1, '6': 1, '7': 2, '8': 2, '9': 2, 'draw_2': 1, 'skip': 1, 'reverse': 2}, 'green': {'0': 1, '1': 1, '2': 2, '3': 0, '4': 1, '5': 2, '6': 2, '7': 2, '8': 2, '9': 1, 'draw_2': 2, 'skip': 2, 'reverse': 2}, 'red': {'0': 1, '1': 2, '2': 2, '3': 2, '4': 2, '5': 2, '6': 1, '7': 2, '8': 2, '9': 2, 'draw_2': 2, 'skip': 2, 'reverse': 2}, 'yellow': {'0': 0, '1': 2, '2': 2, '3': 1, '4': 2, '5': 0, '6': 2, '7': 2, '8': 2, '9': 2, 'draw_2': 2, 'skip': 2, 'reverse': 2}, 'black': {'wild': 1, 'wild_draw_4': 3, 'wild_shuffle': 1}, 'white': {'white_wild': 2}}
Receive play-card event.
res_data: 
{
    'card_play': {'color': 'yellow', 'special': 'skip'},
    'yell_uno': False,
    'player': 'P-00000003'
}
今のは{'card_counts': 9, 'card': {'color': 'yellow', 'special': 'skip'}}
その前は{'card_counts': 10, 'card': {'color': 'green', 'number': 3}}
---場にカードを出した---
プレイヤー: P-00000003
カード: {'color': 'yellow', 'special': 'skip'}
私以外だよ
場札または手札にないのは
カードステータス: {'blue': {'0': 1, '1': 2, '2': 1, '3': 2, '4': 1, '5': 1, '6': 1, '7': 2, '8': 2, '9': 2, 'draw_2': 1, 'skip': 1, 'reverse': 2}, 'green': {'0': 1, '1': 1, '2': 2, '3': 0, '4': 1, '5': 2, '6': 2, '7': 2, '8': 2, '9': 1, 'draw_2': 2, 'skip': 2, 'reverse': 2}, 'red': {'0': 1, '1': 2, '2': 2, '3': 2, '4': 2, '5': 2, '6': 1, '7': 2, '8': 2, '9': 2, 'draw_2': 2, 'skip': 2, 'reverse': 2}, 'yellow': {'0': 0, '1': 2, '2': 2, '3': 1, '4': 2, '5': 0, '6': 2, '7': 2, '8': 2, '9': 2, 'draw_2': 2, 'skip': 1, 'reverse': 2}, 'black': {'wild': 1, 'wild_draw_4': 3, 'wild_shuffle': 1}, 'white': {'white_wild': 2}}
Receive play-card event.
res_data: 
{
    'card_play': {'color': 'yellow', 'number': 6},
    'yell_uno': False,
    'player': 'P-00000004'
}
今のは{'card_counts': 7, 'card': {'color': 'yellow', 'number': 6}}
その前は{'card_counts': 8, 'card': {'color': 'yellow', 'special': 'wild'}}
---場にカードを出した---
プレイヤー: P-00000004
カード: {'color': 'yellow', 'number': 6}
私以外だよ
場札または手札にないのは
カードステータス: {'blue': {'0': 1, '1': 2, '2': 1, '3': 2, '4': 1, '5': 1, '6': 1, '7': 2, '8': 2, '9': 2, 'draw_2': 1, 'skip': 1, 'reverse': 2}, 'green': {'0': 1, '1': 1, '2': 2, '3': 0, '4': 1, '5': 2, '6': 2, '7': 2, '8': 2, '9': 1, 'draw_2': 2, 'skip': 2, 'reverse': 2}, 'red': {'0': 1, '1': 2, '2': 2, '3': 2, '4': 2, '5': 2, '6': 1, '7': 2, '8': 2, '9': 2, 'draw_2': 2, 'skip': 2, 'reverse': 2}, 'yellow': {'0': 0, '1': 2, '2': 2, '3': 1, '4': 2, '5': 0, '6': 1, '7': 2, '8': 2, '9': 2, 'draw_2': 2, 'skip': 1, 'reverse': 2}, 'black': {'wild': 1, 'wild_draw_4': 3, 'wild_shuffle': 1}, 'white': {'white_wild': 2}}
Receive draw-card event.
res_data: 
{'player': 'P-00000002', 'is_draw': True}
---P-00000002がカードを引きます---
引く理由: 場に出すカードがない(再行動可能)
---更新前---
山札:70枚
P-00000003:9枚 P-00000001:3枚 P-00000004:7枚 P-00000002:3枚 
25枚以下制約あり
---更新後---
山札からP-00000002へ1枚移動
山札:69枚
P-00000003:9枚 P-00000001:3枚 P-00000004:7枚 P-00000002:4枚 
Receive play-card event.
res_data: 
{
    'card_play': {'color': 'yellow', 'number': 2},
    'yell_uno': False,
    'player': 'P-00000003'
}
今のは{'card_counts': 8, 'card': {'color': 'yellow', 'number': 2}}
その前は{'card_counts': 9, 'card': {'color': 'yellow', 'special': 'skip'}}
---場にカードを出した---
プレイヤー: P-00000003
カード: {'color': 'yellow', 'number': 2}
私以外だよ
場札または手札にないのは
カードステータス: {'blue': {'0': 1, '1': 2, '2': 1, '3': 2, '4': 1, '5': 1, '6': 1, '7': 2, '8': 2, '9': 2, 'draw_2': 1, 'skip': 1, 'reverse': 2}, 'green': {'0': 1, '1': 1, '2': 2, '3': 0, '4': 1, '5': 2, '6': 2, '7': 2, '8': 2, '9': 1, 'draw_2': 2, 'skip': 2, 'reverse': 2}, 'red': {'0': 1, '1': 2, '2': 2, '3': 2, '4': 2, '5': 2, '6': 1, '7': 2, '8': 2, '9': 2, 'draw_2': 2, 'skip': 2, 'reverse': 2}, 'yellow': {'0': 0, '1': 2, '2': 1, '3': 1, '4': 2, '5': 0, '6': 1, '7': 2, '8': 2, '9': 2, 'draw_2': 2, 'skip': 1, 'reverse': 2}, 'black': {'wild': 1, 'wild_draw_4': 3, 'wild_shuffle': 1}, 'white': {'white_wild': 2}}
Receive next-player event.
res_data: 
{
    'next_player': 'P-00000001',
    'before_player': 'P-00000003',
    'card_before': {'color': 'yellow', 'number': 2},
    'card_of_player': [
        {'color': 'blue', 'number': 2},
        {'color': 'blue', 'special': 'draw_2'},
        {'color': 'red', 'number': 6}
    ],
    'must_call_draw_card': False,
    'draw_reason': 'nothing',
    'turn_right': True,
    'number_card_play': 21,
    'number_turn_play': 26,
    'number_card_of_player': {
        'P-00000003': 8,
        'P-00000001': 3,
        'P-00000004': 7,
        'P-00000002': 4
    }
}
---枚数照合---
誰？： P-00000003
dealerから送られてきたカード枚数: 8
game_statusで記録していたカード枚数: 8
正しいか: True
---枚数照合---
誰？： P-00000001
dealerから送られてきたカード枚数: 3
game_statusで記録していたカード枚数: 3
正しいか: True
---枚数照合---
誰？： P-00000004
dealerから送られてきたカード枚数: 7
game_statusで記録していたカード枚数: 7
正しいか: True
---枚数照合---
誰？： P-00000002
dealerから送られてきたカード枚数: 4
game_statusで記録していたカード枚数: 4
正しいか: True
P-00000003の枚数: 8
P-00000001の枚数: 3
P-00000004の枚数: 7
P-00000002の枚数: 4
デバッグプリント 1対戦目
{
    'P-00000004': {'位置': '直後', 'UNO': False},
    'P-00000002': {'位置': '対面', 'UNO': False},
    'P-00000003': {'位置': '直前', 'UNO': False}
}
[
    {'color': 'blue', 'number': 2},
    {'color': 'blue', 'special': 'draw_2'},
    {'color': 'red', 'number': 6}
]
山札の枚数: 69
場の枚数: 21
P-00000003の枚数: 8
P-00000001の枚数: 3
P-00000004の枚数: 7
P-00000002の枚数: 4
カード合計: 112
CHECK: True
最後に記録されたカード: {'color': 'yellow', 'number': 2}
出せるのは(offensive)
[{'color': 'blue', 'number': 2}]
selected card: blue 2
Send play-card event.
req_data: 
{'card_play': {'color': 'blue', 'number': 2}, 'yell_uno': False}
Receive play-card event.
res_data: 
{
    'card_play': {'color': 'blue', 'number': 2},
    'yell_uno': False,
    'player': 'P-00000001'
}
今のは{'card_counts': 2, 'card': {'color': 'blue', 'number': 2}}
その前は{'card_counts': 3, 'card': {'color': 'green', 'number': 3}}
---場にカードを出した---
プレイヤー: P-00000001
カード: {'color': 'blue', 'number': 2}
私だよ
Send play-card event.
res_data: 
{'card_play': {'color': 'blue', 'number': 2}, 'yell_uno': False}
Receive play-card event.
res_data: 
{
    'card_play': {'color': 'blue', 'number': 9},
    'yell_uno': False,
    'player': 'P-00000004'
}
今のは{'card_counts': 6, 'card': {'color': 'blue', 'number': 9}}
その前は{'card_counts': 7, 'card': {'color': 'yellow', 'number': 6}}
---場にカードを出した---
プレイヤー: P-00000004
カード: {'color': 'blue', 'number': 9}
私以外だよ
場札または手札にないのは
カードステータス: {'blue': {'0': 1, '1': 2, '2': 1, '3': 2, '4': 1, '5': 1, '6': 1, '7': 2, '8': 2, '9': 1, 'draw_2': 1, 'skip': 1, 'reverse': 2}, 'green': {'0': 1, '1': 1, '2': 2, '3': 0, '4': 1, '5': 2, '6': 2, '7': 2, '8': 2, '9': 1, 'draw_2': 2, 'skip': 2, 'reverse': 2}, 'red': {'0': 1, '1': 2, '2': 2, '3': 2, '4': 2, '5': 2, '6': 1, '7': 2, '8': 2, '9': 2, 'draw_2': 2, 'skip': 2, 'reverse': 2}, 'yellow': {'0': 0, '1': 2, '2': 1, '3': 1, '4': 2, '5': 0, '6': 1, '7': 2, '8': 2, '9': 2, 'draw_2': 2, 'skip': 1, 'reverse': 2}, 'black': {'wild': 1, 'wild_draw_4': 3, 'wild_shuffle': 1}, 'white': {'white_wild': 2}}
Receive play-card event.
res_data: 
{
    'card_play': {'color': 'red', 'number': 9},
    'yell_uno': False,
    'player': 'P-00000002'
}
今のは{'card_counts': 3, 'card': {'color': 'red', 'number': 9}}
その前は{'card_counts': 3, 'card': {'color': 'yellow', 'number': 0}}
---場にカードを出した---
プレイヤー: P-00000002
カード: {'color': 'red', 'number': 9}
私以外だよ
場札または手札にないのは
カードステータス: {'blue': {'0': 1, '1': 2, '2': 1, '3': 2, '4': 1, '5': 1, '6': 1, '7': 2, '8': 2, '9': 1, 'draw_2': 1, 'skip': 1, 'reverse': 2}, 'green': {'0': 1, '1': 1, '2': 2, '3': 0, '4': 1, '5': 2, '6': 2, '7': 2, '8': 2, '9': 1, 'draw_2': 2, 'skip': 2, 'reverse': 2}, 'red': {'0': 1, '1': 2, '2': 2, '3': 2, '4': 2, '5': 2, '6': 1, '7': 2, '8': 2, '9': 1, 'draw_2': 2, 'skip': 2, 'reverse': 2}, 'yellow': {'0': 0, '1': 2, '2': 1, '3': 1, '4': 2, '5': 0, '6': 1, '7': 2, '8': 2, '9': 2, 'draw_2': 2, 'skip': 1, 'reverse': 2}, 'black': {'wild': 1, 'wild_draw_4': 3, 'wild_shuffle': 1}, 'white': {'white_wild': 2}}
Receive play-card event.
res_data: 
{
    'card_play': {'color': 'red', 'special': 'skip'},
    'yell_uno': False,
    'player': 'P-00000003'
}
今のは{'card_counts': 7, 'card': {'color': 'red', 'special': 'skip'}}
その前は{'card_counts': 8, 'card': {'color': 'yellow', 'number': 2}}
---場にカードを出した---
プレイヤー: P-00000003
カード: {'color': 'red', 'special': 'skip'}
私以外だよ
場札または手札にないのは
カードステータス: {'blue': {'0': 1, '1': 2, '2': 1, '3': 2, '4': 1, '5': 1, '6': 1, '7': 2, '8': 2, '9': 1, 'draw_2': 1, 'skip': 1, 'reverse': 2}, 'green': {'0': 1, '1': 1, '2': 2, '3': 0, '4': 1, '5': 2, '6': 2, '7': 2, '8': 2, '9': 1, 'draw_2': 2, 'skip': 2, 'reverse': 2}, 'red': {'0': 1, '1': 2, '2': 2, '3': 2, '4': 2, '5': 2, '6': 1, '7': 2, '8': 2, '9': 1, 'draw_2': 2, 'skip': 1, 'reverse': 2}, 'yellow': {'0': 0, '1': 2, '2': 1, '3': 1, '4': 2, '5': 0, '6': 1, '7': 2, '8': 2, '9': 2, 'draw_2': 2, 'skip': 1, 'reverse': 2}, 'black': {'wild': 1, 'wild_draw_4': 3, 'wild_shuffle': 1}, 'white': {'white_wild': 2}}
Receive play-card event.
res_data: 
{
    'card_play': {'color': 'blue', 'special': 'skip'},
    'yell_uno': False,
    'player': 'P-00000004'
}
今のは{'card_counts': 5, 'card': {'color': 'blue', 'special': 'skip'}}
その前は{'card_counts': 6, 'card': {'color': 'blue', 'number': 9}}
---場にカードを出した---
プレイヤー: P-00000004
カード: {'color': 'blue', 'special': 'skip'}
私以外だよ
場札または手札にないのは
カードステータス: {'blue': {'0': 1, '1': 2, '2': 1, '3': 2, '4': 1, '5': 1, '6': 1, '7': 2, '8': 2, '9': 1, 'draw_2': 1, 'skip': 0, 'reverse': 2}, 'green': {'0': 1, '1': 1, '2': 2, '3': 0, '4': 1, '5': 2, '6': 2, '7': 2, '8': 2, '9': 1, 'draw_2': 2, 'skip': 2, 'reverse': 2}, 'red': {'0': 1, '1': 2, '2': 2, '3': 2, '4': 2, '5': 2, '6': 1, '7': 2, '8': 2, '9': 1, 'draw_2': 2, 'skip': 1, 'reverse': 2}, 'yellow': {'0': 0, '1': 2, '2': 1, '3': 1, '4': 2, '5': 0, '6': 1, '7': 2, '8': 2, '9': 2, 'draw_2': 2, 'skip': 1, 'reverse': 2}, 'black': {'wild': 1, 'wild_draw_4': 3, 'wild_shuffle': 1}, 'white': {'white_wild': 2}}
Receive play-card event.
res_data: 
{
    'card_play': {'color': 'green', 'special': 'skip'},
    'yell_uno': False,
    'player': 'P-00000003'
}
今のは{'card_counts': 6, 'card': {'color': 'green', 'special': 'skip'}}
その前は{'card_counts': 7, 'card': {'color': 'red', 'special': 'skip'}}
---場にカードを出した---
プレイヤー: P-00000003
カード: {'color': 'green', 'special': 'skip'}
私以外だよ
場札または手札にないのは
カードステータス: {'blue': {'0': 1, '1': 2, '2': 1, '3': 2, '4': 1, '5': 1, '6': 1, '7': 2, '8': 2, '9': 1, 'draw_2': 1, 'skip': 0, 'reverse': 2}, 'green': {'0': 1, '1': 1, '2': 2, '3': 0, '4': 1, '5': 2, '6': 2, '7': 2, '8': 2, '9': 1, 'draw_2': 2, 'skip': 1, 'reverse': 2}, 'red': {'0': 1, '1': 2, '2': 2, '3': 2, '4': 2, '5': 2, '6': 1, '7': 2, '8': 2, '9': 1, 'draw_2': 2, 'skip': 1, 'reverse': 2}, 'yellow': {'0': 0, '1': 2, '2': 1, '3': 1, '4': 2, '5': 0, '6': 1, '7': 2, '8': 2, '9': 2, 'draw_2': 2, 'skip': 1, 'reverse': 2}, 'black': {'wild': 1, 'wild_draw_4': 3, 'wild_shuffle': 1}, 'white': {'white_wild': 2}}
Receive play-card event.
res_data: 
{
    'card_play': {'color': 'red', 'special': 'skip'},
    'yell_uno': False,
    'player': 'P-00000004'
}
今のは{'card_counts': 4, 'card': {'color': 'red', 'special': 'skip'}}
その前は{'card_counts': 5, 'card': {'color': 'blue', 'special': 'skip'}}
---場にカードを出した---
プレイヤー: P-00000004
カード: {'color': 'red', 'special': 'skip'}
私以外だよ
場札または手札にないのは
カードステータス: {'blue': {'0': 1, '1': 2, '2': 1, '3': 2, '4': 1, '5': 1, '6': 1, '7': 2, '8': 2, '9': 1, 'draw_2': 1, 'skip': 0, 'reverse': 2}, 'green': {'0': 1, '1': 1, '2': 2, '3': 0, '4': 1, '5': 2, '6': 2, '7': 2, '8': 2, '9': 1, 'draw_2': 2, 'skip': 1, 'reverse': 2}, 'red': {'0': 1, '1': 2, '2': 2, '3': 2, '4': 2, '5': 2, '6': 1, '7': 2, '8': 2, '9': 1, 'draw_2': 2, 'skip': 0, 'reverse': 2}, 'yellow': {'0': 0, '1': 2, '2': 1, '3': 1, '4': 2, '5': 0, '6': 1, '7': 2, '8': 2, '9': 2, 'draw_2': 2, 'skip': 1, 'reverse': 2}, 'black': {'wild': 1, 'wild_draw_4': 3, 'wild_shuffle': 1}, 'white': {'white_wild': 2}}
Receive play-card event.
res_data: 
{
    'card_play': {'color': 'red', 'number': 1},
    'yell_uno': False,
    'player': 'P-00000003'
}
今のは{'card_counts': 5, 'card': {'color': 'red', 'number': 1}}
その前は{'card_counts': 6, 'card': {'color': 'green', 'special': 'skip'}}
---場にカードを出した---
プレイヤー: P-00000003
カード: {'color': 'red', 'number': 1}
私以外だよ
場札または手札にないのは
カードステータス: {'blue': {'0': 1, '1': 2, '2': 1, '3': 2, '4': 1, '5': 1, '6': 1, '7': 2, '8': 2, '9': 1, 'draw_2': 1, 'skip': 0, 'reverse': 2}, 'green': {'0': 1, '1': 1, '2': 2, '3': 0, '4': 1, '5': 2, '6': 2, '7': 2, '8': 2, '9': 1, 'draw_2': 2, 'skip': 1, 'reverse': 2}, 'red': {'0': 1, '1': 1, '2': 2, '3': 2, '4': 2, '5': 2, '6': 1, '7': 2, '8': 2, '9': 1, 'draw_2': 2, 'skip': 0, 'reverse': 2}, 'yellow': {'0': 0, '1': 2, '2': 1, '3': 1, '4': 2, '5': 0, '6': 1, '7': 2, '8': 2, '9': 2, 'draw_2': 2, 'skip': 1, 'reverse': 2}, 'black': {'wild': 1, 'wild_draw_4': 3, 'wild_shuffle': 1}, 'white': {'white_wild': 2}}
Receive next-player event.
res_data: 
{
    'next_player': 'P-00000001',
    'before_player': 'P-00000003',
    'card_before': {'color': 'red', 'number': 1},
    'card_of_player': [
        {'color': 'blue', 'special': 'draw_2'},
        {'color': 'red', 'number': 6}
    ],
    'must_call_draw_card': False,
    'draw_reason': 'nothing',
    'turn_right': True,
    'number_card_play': 29,
    'number_turn_play': 34,
    'number_card_of_player': {
        'P-00000003': 5,
        'P-00000001': 2,
        'P-00000004': 4,
        'P-00000002': 3
    }
}
---枚数照合---
誰？： P-00000003
dealerから送られてきたカード枚数: 5
game_statusで記録していたカード枚数: 5
正しいか: True
---枚数照合---
誰？： P-00000001
dealerから送られてきたカード枚数: 2
game_statusで記録していたカード枚数: 2
正しいか: True
---枚数照合---
誰？： P-00000004
dealerから送られてきたカード枚数: 4
game_statusで記録していたカード枚数: 4
正しいか: True
---枚数照合---
誰？： P-00000002
dealerから送られてきたカード枚数: 3
game_statusで記録していたカード枚数: 3
正しいか: True
P-00000003の枚数: 5
P-00000001の枚数: 2
P-00000004の枚数: 4
P-00000002の枚数: 3
デバッグプリント 1対戦目
{
    'P-00000004': {'位置': '直後', 'UNO': False},
    'P-00000002': {'位置': '対面', 'UNO': False},
    'P-00000003': {'位置': '直前', 'UNO': False}
}
[{'color': 'blue', 'special': 'draw_2'}, {'color': 'red', 'number': 6}]
山札の枚数: 69
場の枚数: 29
P-00000003の枚数: 5
P-00000001の枚数: 2
P-00000004の枚数: 4
P-00000002の枚数: 3
カード合計: 112
CHECK: True
最後に記録されたカード: {'color': 'red', 'number': 1}
出せるのは(offensive)
[{'color': 'red', 'number': 6}]
selected card: red 6
Send play-card event.
req_data: 
{'card_play': {'color': 'red', 'number': 6}, 'yell_uno': True}
Receive play-card event.
res_data: 
{
    'card_play': {'color': 'red', 'number': 6},
    'yell_uno': True,
    'player': 'P-00000001'
}
今のは{'card_counts': 1, 'card': {'color': 'red', 'number': 6}}
その前は{'card_counts': 2, 'card': {'color': 'blue', 'number': 2}}
---場にカードを出した---
プレイヤー: P-00000001
カード: {'color': 'red', 'number': 6}
私だよ
Send play-card event.
res_data: 
{'card_play': {'color': 'red', 'number': 6}, 'yell_uno': True}
Receive play-card event.
res_data: 
{
    'card_play': {'color': 'red', 'special': 'reverse'},
    'yell_uno': False,
    'player': 'P-00000004'
}
今のは{'card_counts': 3, 'card': {'color': 'red', 'special': 'reverse'}}
その前は{'card_counts': 4, 'card': {'color': 'red', 'special': 'skip'}}
---場にカードを出した---
プレイヤー: P-00000004
カード: {'color': 'red', 'special': 'reverse'}
私以外だよ
場札または手札にないのは
カードステータス: {'blue': {'0': 1, '1': 2, '2': 1, '3': 2, '4': 1, '5': 1, '6': 1, '7': 2, '8': 2, '9': 1, 'draw_2': 1, 'skip': 0, 'reverse': 2}, 'green': {'0': 1, '1': 1, '2': 2, '3': 0, '4': 1, '5': 2, '6': 2, '7': 2, '8': 2, '9': 1, 'draw_2': 2, 'skip': 1, 'reverse': 2}, 'red': {'0': 1, '1': 1, '2': 2, '3': 2, '4': 2, '5': 2, '6': 1, '7': 2, '8': 2, '9': 1, 'draw_2': 2, 'skip': 0, 'reverse': 1}, 'yellow': {'0': 0, '1': 2, '2': 1, '3': 1, '4': 2, '5': 0, '6': 1, '7': 2, '8': 2, '9': 2, 'draw_2': 2, 'skip': 1, 'reverse': 2}, 'black': {'wild': 1, 'wild_draw_4': 3, 'wild_shuffle': 1}, 'white': {'white_wild': 2}}
反転発動
{'P-00000004': {'位置': '直後', 'UNO': False}, 'P-00000002': {'位置': '対面', 'UNO': False}, 'P-00000003': {'位置': '直前', 'UNO': False}}
Receive next-player event.
res_data: 
{
    'next_player': 'P-00000001',
    'before_player': 'P-00000004',
    'card_before': {'color': 'red', 'special': 'reverse'},
    'card_of_player': [{'color': 'blue', 'special': 'draw_2'}],
    'must_call_draw_card': False,
    'draw_reason': 'nothing',
    'turn_right': False,
    'number_card_play': 31,
    'number_turn_play': 36,
    'number_card_of_player': {
        'P-00000003': 5,
        'P-00000001': 1,
        'P-00000004': 3,
        'P-00000002': 3
    }
}
---枚数照合---
誰？： P-00000003
dealerから送られてきたカード枚数: 5
game_statusで記録していたカード枚数: 5
正しいか: True
---枚数照合---
誰？： P-00000001
dealerから送られてきたカード枚数: 1
game_statusで記録していたカード枚数: 1
正しいか: True
---枚数照合---
誰？： P-00000004
dealerから送られてきたカード枚数: 3
game_statusで記録していたカード枚数: 3
正しいか: True
---枚数照合---
誰？： P-00000002
dealerから送られてきたカード枚数: 3
game_statusで記録していたカード枚数: 3
正しいか: True
P-00000003の枚数: 5
P-00000001の枚数: 1
P-00000004の枚数: 3
P-00000002の枚数: 3
デバッグプリント 1対戦目
{
    'P-00000004': {'位置': '直前', 'UNO': False},
    'P-00000002': {'位置': '対面', 'UNO': False},
    'P-00000003': {'位置': '直後', 'UNO': False}
}
[{'color': 'blue', 'special': 'draw_2'}]
山札の枚数: 69
場の枚数: 31
P-00000003の枚数: 5
P-00000001の枚数: 1
P-00000004の枚数: 3
P-00000002の枚数: 3
カード合計: 112
CHECK: True
最後に記録されたカード: {'color': 'red', 'special': 'reverse'}
Send draw-card event.
req_data: 
{}
場札または手札にないのは
カードステータス: {'blue': {'0': 1, '1': 2, '2': 1, '3': 2, '4': 1, '5': 1, '6': 1, '7': 2, '8': 2, '9': 1, 'draw_2': 1, 'skip': 0, 'reverse': 2}, 'green': {'0': 1, '1': 1, '2': 2, '3': 0, '4': 1, '5': 2, '6': 2, '7': 2, '8': 2, '9': 1, 'draw_2': 2, 'skip': 1, 'reverse': 2}, 'red': {'0': 1, '1': 1, '2': 2, '3': 2, '4': 2, '5': 2, '6': 1, '7': 1, '8': 2, '9': 1, 'draw_2': 2, 'skip': 0, 'reverse': 1}, 'yellow': {'0': 0, '1': 2, '2': 1, '3': 1, '4': 2, '5': 0, '6': 1, '7': 2, '8': 2, '9': 2, 'draw_2': 2, 'skip': 1, 'reverse': 2}, 'black': {'wild': 1, 'wild_draw_4': 3, 'wild_shuffle': 1}, 'white': {'white_wild': 2}}
私の手札は
[{'color': 'blue', 'special': 'draw_2'}, {'color': 'red', 'number': 7}]
Receive receiver-card event.
res_data: 
{'cards_receive': [{'color': 'red', 'number': 7}], 'is_penalty': False}
Receive draw-card event.
res_data: 
{'player': 'P-00000001', 'is_draw': True}
---P-00000001がカードを引きます---
引く理由: 場に出すカードがない(再行動可能)
---更新前---
山札:69枚
P-00000003:5枚 P-00000001:1枚 P-00000004:3枚 P-00000002:3枚 
25枚以下制約あり
---更新後---
山札からP-00000001へ1枚移動
山札:68枚
P-00000003:5枚 P-00000001:2枚 P-00000004:3枚 P-00000002:3枚 
Send draw-card event.
res_data: 
{
    'player': 'P-00000001',
    'is_draw': True,
    'draw_card': [{'color': 'red', 'number': 7}],
    'can_play_draw_card': True
}
UNOのとき引いたよ
[{'color': 'blue', 'special': 'draw_2'}, {'color': 'red', 'number': 7}]
[{'color': 'red', 'number': 7}]
Send play-draw-card event.
req_data: 
{'is_play_card': True, 'yell_uno': True}
Receive play-draw-card event.
res_data: 
{
    'is_play_card': True,
    'yell_uno': True,
    'player': 'P-00000001',
    'card_play': {'color': 'red', 'number': 7}
}
今のは{'card_counts': 1, 'card': {'color': 'red', 'number': 7}}
その前は{'card_counts': 1, 'card': {'color': 'red', 'number': 6}}
---場にカードを出した---
プレイヤー: P-00000001
カード: {'color': 'red', 'number': 7}
私だよ！
Send play-draw-card event.
res_data: 
{'is_play_card': True, 'yell_uno': True}
Receive play-card event.
res_data: 
{
    'card_play': {'color': 'red', 'number': 3},
    'yell_uno': False,
    'player': 'P-00000003'
}
今のは{'card_counts': 4, 'card': {'color': 'red', 'number': 3}}
その前は{'card_counts': 5, 'card': {'color': 'red', 'number': 1}}
---場にカードを出した---
プレイヤー: P-00000003
カード: {'color': 'red', 'number': 3}
私以外だよ
場札または手札にないのは
カードステータス: {'blue': {'0': 1, '1': 2, '2': 1, '3': 2, '4': 1, '5': 1, '6': 1, '7': 2, '8': 2, '9': 1, 'draw_2': 1, 'skip': 0, 'reverse': 2}, 'green': {'0': 1, '1': 1, '2': 2, '3': 0, '4': 1, '5': 2, '6': 2, '7': 2, '8': 2, '9': 1, 'draw_2': 2, 'skip': 1, 'reverse': 2}, 'red': {'0': 1, '1': 1, '2': 2, '3': 1, '4': 2, '5': 2, '6': 1, '7': 1, '8': 2, '9': 1, 'draw_2': 2, 'skip': 0, 'reverse': 1}, 'yellow': {'0': 0, '1': 2, '2': 1, '3': 1, '4': 2, '5': 0, '6': 1, '7': 2, '8': 2, '9': 2, 'draw_2': 2, 'skip': 1, 'reverse': 2}, 'black': {'wild': 1, 'wild_draw_4': 3, 'wild_shuffle': 1}, 'white': {'white_wild': 2}}
Receive play-card event.
res_data: 
{
    'card_play': {'color': 'red', 'number': 3},
    'yell_uno': False,
    'player': 'P-00000002'
}
今のは{'card_counts': 2, 'card': {'color': 'red', 'number': 3}}
その前は{'card_counts': 3, 'card': {'color': 'red', 'number': 9}}
---場にカードを出した---
プレイヤー: P-00000002
カード: {'color': 'red', 'number': 3}
私以外だよ
場札または手札にないのは
カードステータス: {'blue': {'0': 1, '1': 2, '2': 1, '3': 2, '4': 1, '5': 1, '6': 1, '7': 2, '8': 2, '9': 1, 'draw_2': 1, 'skip': 0, 'reverse': 2}, 'green': {'0': 1, '1': 1, '2': 2, '3': 0, '4': 1, '5': 2, '6': 2, '7': 2, '8': 2, '9': 1, 'draw_2': 2, 'skip': 1, 'reverse': 2}, 'red': {'0': 1, '1': 1, '2': 2, '3': 0, '4': 2, '5': 2, '6': 1, '7': 1, '8': 2, '9': 1, 'draw_2': 2, 'skip': 0, 'reverse': 1}, 'yellow': {'0': 0, '1': 2, '2': 1, '3': 1, '4': 2, '5': 0, '6': 1, '7': 2, '8': 2, '9': 2, 'draw_2': 2, 'skip': 1, 'reverse': 2}, 'black': {'wild': 1, 'wild_draw_4': 3, 'wild_shuffle': 1}, 'white': {'white_wild': 2}}
Receive play-card event.
res_data: 
{
    'card_play': {'color': 'red', 'number': 0},
    'yell_uno': False,
    'player': 'P-00000004'
}
今のは{'card_counts': 2, 'card': {'color': 'red', 'number': 0}}
その前は{'card_counts': 3, 'card': {'color': 'red', 'special': 'reverse'}}
---場にカードを出した---
プレイヤー: P-00000004
カード: {'color': 'red', 'number': 0}
私以外だよ
場札または手札にないのは
カードステータス: {'blue': {'0': 1, '1': 2, '2': 1, '3': 2, '4': 1, '5': 1, '6': 1, '7': 2, '8': 2, '9': 1, 'draw_2': 1, 'skip': 0, 'reverse': 2}, 'green': {'0': 1, '1': 1, '2': 2, '3': 0, '4': 1, '5': 2, '6': 2, '7': 2, '8': 2, '9': 1, 'draw_2': 2, 'skip': 1, 'reverse': 2}, 'red': {'0': 0, '1': 1, '2': 2, '3': 0, '4': 2, '5': 2, '6': 1, '7': 1, '8': 2, '9': 1, 'draw_2': 2, 'skip': 0, 'reverse': 1}, 'yellow': {'0': 0, '1': 2, '2': 1, '3': 1, '4': 2, '5': 0, '6': 1, '7': 2, '8': 2, '9': 2, 'draw_2': 2, 'skip': 1, 'reverse': 2}, 'black': {'wild': 1, 'wild_draw_4': 3, 'wild_shuffle': 1}, 'white': {'white_wild': 2}}
Receive next-player event.
res_data: 
{
    'next_player': 'P-00000001',
    'before_player': 'P-00000004',
    'card_before': {'color': 'red', 'number': 0},
    'card_of_player': [{'color': 'blue', 'special': 'draw_2'}],
    'must_call_draw_card': False,
    'draw_reason': 'nothing',
    'turn_right': False,
    'number_card_play': 35,
    'number_turn_play': 40,
    'number_card_of_player': {
        'P-00000003': 4,
        'P-00000001': 1,
        'P-00000004': 2,
        'P-00000002': 2
    }
}
---枚数照合---
誰？： P-00000003
dealerから送られてきたカード枚数: 4
game_statusで記録していたカード枚数: 4
正しいか: True
---枚数照合---
誰？： P-00000001
dealerから送られてきたカード枚数: 1
game_statusで記録していたカード枚数: 1
正しいか: True
---枚数照合---
誰？： P-00000004
dealerから送られてきたカード枚数: 2
game_statusで記録していたカード枚数: 2
正しいか: True
---枚数照合---
誰？： P-00000002
dealerから送られてきたカード枚数: 2
game_statusで記録していたカード枚数: 2
正しいか: True
P-00000003の枚数: 4
P-00000001の枚数: 1
P-00000004の枚数: 2
P-00000002の枚数: 2
デバッグプリント 1対戦目
{
    'P-00000004': {'位置': '直前', 'UNO': False},
    'P-00000002': {'位置': '対面', 'UNO': False},
    'P-00000003': {'位置': '直後', 'UNO': False}
}
[{'color': 'blue', 'special': 'draw_2'}]
山札の枚数: 68
場の枚数: 35
P-00000003の枚数: 4
P-00000001の枚数: 1
P-00000004の枚数: 2
P-00000002の枚数: 2
カード合計: 112
CHECK: True
最後に記録されたカード: {'color': 'red', 'number': 0}
Send draw-card event.
req_data: 
{}
場札または手札にないのは
カードステータス: {'blue': {'0': 1, '1': 2, '2': 1, '3': 2, '4': 1, '5': 1, '6': 1, '7': 2, '8': 2, '9': 1, 'draw_2': 0, 'skip': 0, 'reverse': 2}, 'green': {'0': 1, '1': 1, '2': 2, '3': 0, '4': 1, '5': 2, '6': 2, '7': 2, '8': 2, '9': 1, 'draw_2': 2, 'skip': 1, 'reverse': 2}, 'red': {'0': 0, '1': 1, '2': 2, '3': 0, '4': 2, '5': 2, '6': 1, '7': 1, '8': 2, '9': 1, 'draw_2': 2, 'skip': 0, 'reverse': 1}, 'yellow': {'0': 0, '1': 2, '2': 1, '3': 1, '4': 2, '5': 0, '6': 1, '7': 2, '8': 2, '9': 2, 'draw_2': 2, 'skip': 1, 'reverse': 2}, 'black': {'wild': 1, 'wild_draw_4': 3, 'wild_shuffle': 1}, 'white': {'white_wild': 2}}
私の手札は
[{'color': 'blue', 'special': 'draw_2'}, {'color': 'blue', 'special': 'draw_2'}]
Receive receiver-card event.
res_data: 
{'cards_receive': [{'color': 'blue', 'special': 'draw_2'}], 'is_penalty': False}
Receive draw-card event.
Send draw-card event.
res_data: 
{'player': 'P-00000001', 'is_draw': True}
---P-00000001がカードを引きます---
引く理由: 場に出すカードがない(再行動可能)
---更新前---
山札:68枚
P-00000003:4枚 P-00000001:1枚 P-00000004:2枚 P-00000002:2枚 
25枚以下制約あり
---更新後---
山札からP-00000001へ1枚移動
山札:67枚
P-00000003:4枚 P-00000001:2枚 P-00000004:2枚 P-00000002:2枚 
res_data: 
{
    'player': 'P-00000001',
    'is_draw': True,
    'can_play_draw_card': False,
    'draw_card': [{'color': 'blue', 'special': 'draw_2'}]
}
Receive play-card event.
res_data: 
{
    'card_play': {'color': 'red', 'special': 'reverse'},
    'yell_uno': False,
    'player': 'P-00000003'
}
今のは{'card_counts': 3, 'card': {'color': 'red', 'special': 'reverse'}}
その前は{'card_counts': 4, 'card': {'color': 'red', 'number': 3}}
---場にカードを出した---
プレイヤー: P-00000003
カード: {'color': 'red', 'special': 'reverse'}
私以外だよ
場札または手札にないのは
カードステータス: {'blue': {'0': 1, '1': 2, '2': 1, '3': 2, '4': 1, '5': 1, '6': 1, '7': 2, '8': 2, '9': 1, 'draw_2': 0, 'skip': 0, 'reverse': 2}, 'green': {'0': 1, '1': 1, '2': 2, '3': 0, '4': 1, '5': 2, '6': 2, '7': 2, '8': 2, '9': 1, 'draw_2': 2, 'skip': 1, 'reverse': 2}, 'red': {'0': 0, '1': 1, '2': 2, '3': 0, '4': 2, '5': 2, '6': 1, '7': 1, '8': 2, '9': 1, 'draw_2': 2, 'skip': 0, 'reverse': 0}, 'yellow': {'0': 0, '1': 2, '2': 1, '3': 1, '4': 2, '5': 0, '6': 1, '7': 2, '8': 2, '9': 2, 'draw_2': 2, 'skip': 1, 'reverse': 2}, 'black': {'wild': 1, 'wild_draw_4': 3, 'wild_shuffle': 1}, 'white': {'white_wild': 2}}
反転発動
{'P-00000004': {'位置': '直前', 'UNO': False}, 'P-00000002': {'位置': '対面', 'UNO': False}, 'P-00000003': {'位置': '直後', 'UNO': False}}
Receive next-player event.
res_data: 
{
    'next_player': 'P-00000001',
    'before_player': 'P-00000003',
    'card_before': {'color': 'red', 'special': 'reverse'},
    'card_of_player': [
        {'color': 'blue', 'special': 'draw_2'},
        {'color': 'blue', 'special': 'draw_2'}
    ],
    'must_call_draw_card': False,
    'draw_reason': 'nothing',
    'turn_right': True,
    'number_card_play': 36,
    'number_turn_play': 42,
    'number_card_of_player': {
        'P-00000003': 3,
        'P-00000001': 2,
        'P-00000004': 2,
        'P-00000002': 2
    }
}
---枚数照合---
誰？： P-00000003
dealerから送られてきたカード枚数: 3
game_statusで記録していたカード枚数: 3
正しいか: True
---枚数照合---
誰？： P-00000001
dealerから送られてきたカード枚数: 2
game_statusで記録していたカード枚数: 2
正しいか: True
---枚数照合---
誰？： P-00000004
dealerから送られてきたカード枚数: 2
game_statusで記録していたカード枚数: 2
正しいか: True
---枚数照合---
誰？： P-00000002
dealerから送られてきたカード枚数: 2
game_statusで記録していたカード枚数: 2
正しいか: True
P-00000003の枚数: 3
P-00000001の枚数: 2
P-00000004の枚数: 2
P-00000002の枚数: 2
デバッグプリント 1対戦目
{
    'P-00000004': {'位置': '直後', 'UNO': False},
    'P-00000002': {'位置': '対面', 'UNO': False},
    'P-00000003': {'位置': '直前', 'UNO': False}
}
[{'color': 'blue', 'special': 'draw_2'}, {'color': 'blue', 'special': 'draw_2'}]
山札の枚数: 67
場の枚数: 36
P-00000003の枚数: 3
P-00000001の枚数: 2
P-00000004の枚数: 2
P-00000002の枚数: 2
カード合計: 112
CHECK: True
最後に記録されたカード: {'color': 'red', 'special': 'reverse'}
Send draw-card event.
req_data: 
{}
場札または手札にないのは
カードステータス: {'blue': {'0': 1, '1': 2, '2': 1, '3': 2, '4': 1, '5': 1, '6': 1, '7': 2, '8': 2, '9': 1, 'draw_2': 0, 'skip': 0, 'reverse': 2}, 'green': {'0': 1, '1': 1, '2': 2, '3': 0, '4': 1, '5': 2, '6': 2, '7': 2, '8': 2, '9': 1, 'draw_2': 2, 'skip': 1, 'reverse': 2}, 'red': {'0': 0, '1': 1, '2': 2, '3': 0, '4': 2, '5': 2, '6': 1, '7': 1, '8': 2, '9': 1, 'draw_2': 2, 'skip': 0, 'reverse': 0}, 'yellow': {'0': 0, '1': 2, '2': 1, '3': 1, '4': 1, '5': 0, '6': 1, '7': 2, '8': 2, '9': 2, 'draw_2': 2, 'skip': 1, 'reverse': 2}, 'black': {'wild': 1, 'wild_draw_4': 3, 'wild_shuffle': 1}, 'white': {'white_wild': 2}}
私の手札は
[
    {'color': 'blue', 'special': 'draw_2'},
    {'color': 'blue', 'special': 'draw_2'},
    {'color': 'yellow', 'number': 4}
]
Receive receiver-card event.
res_data: 
{'cards_receive': [{'color': 'yellow', 'number': 4}], 'is_penalty': False}
Receive draw-card event.
res_data: 
{'player': 'P-00000001', 'is_draw': True}
---P-00000001がカードを引きます---
引く理由: 場に出すカードがない(再行動可能)
---更新前---
山札:67枚
P-00000003:3枚 P-00000001:2枚 P-00000004:2枚 P-00000002:2枚 
25枚以下制約あり
---更新後---
山札からP-00000001へ1枚移動
山札:66枚
P-00000003:3枚 P-00000001:3枚 P-00000004:2枚 P-00000002:2枚 
Send draw-card event.
res_data: 
{
    'player': 'P-00000001',
    'is_draw': True,
    'can_play_draw_card': False,
    'draw_card': [{'color': 'yellow', 'number': 4}]
}
Receive draw-card event.
res_data: 
{'player': 'P-00000004', 'is_draw': True}
---P-00000004がカードを引きます---
引く理由: 場に出すカードがない(再行動可能)
---更新前---
山札:66枚
P-00000003:3枚 P-00000001:3枚 P-00000004:2枚 P-00000002:2枚 
25枚以下制約あり
---更新後---
山札からP-00000004へ1枚移動
山札:65枚
P-00000003:3枚 P-00000001:3枚 P-00000004:3枚 P-00000002:2枚 
Receive play-card event.
res_data: 
{
    'card_play': {'color': 'red', 'number': 9},
    'yell_uno': True,
    'player': 'P-00000002'
}
P-00000002がUNOしました
今のは{'card_counts': 1, 'card': {'color': 'red', 'number': 9}}
その前は{'card_counts': 2, 'card': {'color': 'red', 'number': 3}}
---場にカードを出した---
プレイヤー: P-00000002
カード: {'color': 'red', 'number': 9}
私以外だよ
場札または手札にないのは
カードステータス: {'blue': {'0': 1, '1': 2, '2': 1, '3': 2, '4': 1, '5': 1, '6': 1, '7': 2, '8': 2, '9': 1, 'draw_2': 0, 'skip': 0, 'reverse': 2}, 'green': {'0': 1, '1': 1, '2': 2, '3': 0, '4': 1, '5': 2, '6': 2, '7': 2, '8': 2, '9': 1, 'draw_2': 2, 'skip': 1, 'reverse': 2}, 'red': {'0': 0, '1': 1, '2': 2, '3': 0, '4': 2, '5': 2, '6': 1, '7': 1, '8': 2, '9': 0, 'draw_2': 2, 'skip': 0, 'reverse': 0}, 'yellow': {'0': 0, '1': 2, '2': 1, '3': 1, '4': 1, '5': 0, '6': 1, '7': 2, '8': 2, '9': 2, 'draw_2': 2, 'skip': 1, 'reverse': 2}, 'black': {'wild': 1, 'wild_draw_4': 3, 'wild_shuffle': 1}, 'white': {'white_wild': 2}}
Receive draw-card event.
res_data: 
{'player': 'P-00000003', 'is_draw': True}
---P-00000003がカードを引きます---
引く理由: 場に出すカードがない(再行動可能)
---更新前---
山札:65枚
P-00000003:3枚 P-00000001:3枚 P-00000004:3枚 P-00000002:1枚 
25枚以下制約あり
---更新後---
山札からP-00000003へ1枚移動
山札:64枚
P-00000003:4枚 P-00000001:3枚 P-00000004:3枚 P-00000002:1枚 
Receive next-player event.
res_data: 
{
    'next_player': 'P-00000001',
    'before_player': 'P-00000003',
    'card_before': {'color': 'red', 'number': 9},
    'card_of_player': [
        {'color': 'yellow', 'number': 4},
        {'color': 'blue', 'special': 'draw_2'},
        {'color': 'blue', 'special': 'draw_2'}
    ],
    'must_call_draw_card': False,
    'draw_reason': 'nothing',
    'turn_right': True,
    'number_card_play': 37,
    'number_turn_play': 46,
    'number_card_of_player': {
        'P-00000003': 4,
        'P-00000001': 3,
        'P-00000004': 3,
        'P-00000002': 1
    }
}
---枚数照合---
誰？： P-00000003
dealerから送られてきたカード枚数: 4
game_statusで記録していたカード枚数: 4
正しいか: True
---枚数照合---
誰？： P-00000001
dealerから送られてきたカード枚数: 3
game_statusで記録していたカード枚数: 3
正しいか: True
---枚数照合---
誰？： P-00000004
dealerから送られてきたカード枚数: 3
game_statusで記録していたカード枚数: 3
正しいか: True
---枚数照合---
誰？： P-00000002
dealerから送られてきたカード枚数: 1
game_statusで記録していたカード枚数: 1
正しいか: True
P-00000003の枚数: 4
P-00000001の枚数: 3
P-00000004の枚数: 3
P-00000002の枚数: 1
デバッグプリント 1対戦目
{
    'P-00000004': {'位置': '直後', 'UNO': False},
    'P-00000002': {'位置': '対面', 'UNO': True},
    'P-00000003': {'位置': '直前', 'UNO': False}
}
[
    {'color': 'yellow', 'number': 4},
    {'color': 'blue', 'special': 'draw_2'},
    {'color': 'blue', 'special': 'draw_2'}
]
山札の枚数: 64
場の枚数: 37
P-00000003の枚数: 4
P-00000001の枚数: 3
P-00000004の枚数: 3
P-00000002の枚数: 1
カード合計: 112
CHECK: True
最後に記録されたカード: {'color': 'red', 'number': 9}
Send draw-card event.
req_data: 
{}
場札または手札にないのは
カードステータス: {'blue': {'0': 1, '1': 2, '2': 1, '3': 2, '4': 1, '5': 1, '6': 1, '7': 2, '8': 2, '9': 1, 'draw_2': 0, 'skip': 0, 'reverse': 2}, 'green': {'0': 0, '1': 1, '2': 2, '3': 0, '4': 1, '5': 2, '6': 2, '7': 2, '8': 2, '9': 1, 'draw_2': 2, 'skip': 1, 'reverse': 2}, 'red': {'0': 0, '1': 1, '2': 2, '3': 0, '4': 2, '5': 2, '6': 1, '7': 1, '8': 2, '9': 0, 'draw_2': 2, 'skip': 0, 'reverse': 0}, 'yellow': {'0': 0, '1': 2, '2': 1, '3': 1, '4': 1, '5': 0, '6': 1, '7': 2, '8': 2, '9': 2, 'draw_2': 2, 'skip': 1, 'reverse': 2}, 'black': {'wild': 1, 'wild_draw_4': 3, 'wild_shuffle': 1}, 'white': {'white_wild': 2}}
私の手札は
[
    {'color': 'yellow', 'number': 4},
    {'color': 'blue', 'special': 'draw_2'},
    {'color': 'blue', 'special': 'draw_2'},
    {'color': 'green', 'number': 0}
]
Receive receiver-card event.
Receive draw-card event.
res_data: 
{'cards_receive': [{'color': 'green', 'number': 0}], 'is_penalty': False}
res_data: 
{'player': 'P-00000001', 'is_draw': True}
---P-00000001がカードを引きます---
引く理由: 場に出すカードがない(再行動可能)
---更新前---
山札:64枚
P-00000003:4枚 P-00000001:3枚 P-00000004:3枚 P-00000002:1枚 
25枚以下制約あり
---更新後---
山札からP-00000001へ1枚移動
山札:63枚
P-00000003:4枚 P-00000001:4枚 P-00000004:3枚 P-00000002:1枚 
Send draw-card event.
res_data: 
{
    'player': 'P-00000001',
    'is_draw': True,
    'can_play_draw_card': False,
    'draw_card': [{'color': 'green', 'number': 0}]
}
Receive draw-card event.
res_data: 
{'player': 'P-00000004', 'is_draw': True}
---P-00000004がカードを引きます---
引く理由: 場に出すカードがない(再行動可能)
---更新前---
山札:63枚
P-00000003:4枚 P-00000001:4枚 P-00000004:3枚 P-00000002:1枚 
25枚以下制約あり
---更新後---
山札からP-00000004へ1枚移動
山札:62枚
P-00000003:4枚 P-00000001:4枚 P-00000004:4枚 P-00000002:1枚 
Receive draw-card event.
res_data: 
{'player': 'P-00000002', 'is_draw': True}
P-00000002がUNO解除しました
---P-00000002がカードを引きます---
引く理由: 場に出すカードがない(再行動可能)
---更新前---
山札:62枚
P-00000003:4枚 P-00000001:4枚 P-00000004:4枚 P-00000002:1枚 
25枚以下制約あり
---更新後---
山札からP-00000002へ1枚移動
山札:61枚
P-00000003:4枚 P-00000001:4枚 P-00000004:4枚 P-00000002:2枚 
Receive play-draw-card event.
res_data: 
{
    'is_play_card': True,
    'yell_uno': True,
    'player': 'P-00000002',
    'card_play': {'color': 'red', 'number': 8}
}
P-00000002がUNOしました
今のは{'card_counts': 1, 'card': {'color': 'red', 'number': 8}}
その前は{'card_counts': 1, 'card': {'color': 'red', 'number': 9}}
---場にカードを出した---
プレイヤー: P-00000002
カード: {'color': 'red', 'number': 8}
場札または手札にないのは
カードステータス: {'blue': {'0': 1, '1': 2, '2': 1, '3': 2, '4': 1, '5': 1, '6': 1, '7': 2, '8': 2, '9': 1, 'draw_2': 0, 'skip': 0, 'reverse': 2}, 'green': {'0': 0, '1': 1, '2': 2, '3': 0, '4': 1, '5': 2, '6': 2, '7': 2, '8': 2, '9': 1, 'draw_2': 2, 'skip': 1, 'reverse': 2}, 'red': {'0': 0, '1': 1, '2': 2, '3': 0, '4': 2, '5': 2, '6': 1, '7': 1, '8': 1, '9': 0, 'draw_2': 2, 'skip': 0, 'reverse': 0}, 'yellow': {'0': 0, '1': 2, '2': 1, '3': 1, '4': 1, '5': 0, '6': 1, '7': 2, '8': 2, '9': 2, 'draw_2': 2, 'skip': 1, 'reverse': 2}, 'black': {'wild': 1, 'wild_draw_4': 3, 'wild_shuffle': 1}, 'white': {'white_wild': 2}}
Receive draw-card event.
res_data: 
{'player': 'P-00000003', 'is_draw': True}
---P-00000003がカードを引きます---
引く理由: 場に出すカードがない(再行動可能)
---更新前---
山札:61枚
P-00000003:4枚 P-00000001:4枚 P-00000004:4枚 P-00000002:1枚 
25枚以下制約あり
---更新後---
山札からP-00000003へ1枚移動
山札:60枚
P-00000003:5枚 P-00000001:4枚 P-00000004:4枚 P-00000002:1枚 
Receive next-player event.
res_data: 
{
    'next_player': 'P-00000001',
    'before_player': 'P-00000003',
    'card_before': {'color': 'red', 'number': 8},
    'card_of_player': [
        {'color': 'yellow', 'number': 4},
        {'color': 'green', 'number': 0},
        {'color': 'blue', 'special': 'draw_2'},
        {'color': 'blue', 'special': 'draw_2'}
    ],
    'must_call_draw_card': False,
    'draw_reason': 'nothing',
    'turn_right': True,
    'number_card_play': 38,
    'number_turn_play': 50,
    'number_card_of_player': {
        'P-00000003': 5,
        'P-00000001': 4,
        'P-00000004': 4,
        'P-00000002': 1
    }
}
---枚数照合---
誰？： P-00000003
dealerから送られてきたカード枚数: 5
game_statusで記録していたカード枚数: 5
正しいか: True
---枚数照合---
誰？： P-00000001
dealerから送られてきたカード枚数: 4
game_statusで記録していたカード枚数: 4
正しいか: True
---枚数照合---
誰？： P-00000004
dealerから送られてきたカード枚数: 4
game_statusで記録していたカード枚数: 4
正しいか: True
---枚数照合---
誰？： P-00000002
dealerから送られてきたカード枚数: 1
game_statusで記録していたカード枚数: 1
正しいか: True
P-00000003の枚数: 5
P-00000001の枚数: 4
P-00000004の枚数: 4
P-00000002の枚数: 1
デバッグプリント 1対戦目
{
    'P-00000004': {'位置': '直後', 'UNO': False},
    'P-00000002': {'位置': '対面', 'UNO': True},
    'P-00000003': {'位置': '直前', 'UNO': False}
}
[
    {'color': 'yellow', 'number': 4},
    {'color': 'green', 'number': 0},
    {'color': 'blue', 'special': 'draw_2'},
    {'color': 'blue', 'special': 'draw_2'}
]
山札の枚数: 60
場の枚数: 38
P-00000003の枚数: 5
P-00000001の枚数: 4
P-00000004の枚数: 4
P-00000002の枚数: 1
カード合計: 112
CHECK: True
最後に記録されたカード: {'color': 'red', 'number': 8}
Send draw-card event.
req_data: 
{}
場札または手札にないのは
カードステータス: {'blue': {'0': 1, '1': 2, '2': 1, '3': 2, '4': 1, '5': 1, '6': 1, '7': 2, '8': 2, '9': 1, 'draw_2': 0, 'skip': 0, 'reverse': 2}, 'green': {'0': 0, '1': 1, '2': 2, '3': 0, '4': 1, '5': 2, '6': 2, '7': 2, '8': 2, '9': 1, 'draw_2': 2, 'skip': 1, 'reverse': 2}, 'red': {'0': 0, '1': 1, '2': 2, '3': 0, '4': 2, '5': 2, '6': 1, '7': 1, '8': 1, '9': 0, 'draw_2': 2, 'skip': 0, 'reverse': 0}, 'yellow': {'0': 0, '1': 2, '2': 1, '3': 1, '4': 1, '5': 0, '6': 1, '7': 2, '8': 2, '9': 2, 'draw_2': 2, 'skip': 1, 'reverse': 2}, 'black': {'wild': 1, 'wild_draw_4': 3, 'wild_shuffle': 0}, 'white': {'white_wild': 2}}
私の手札は
[
    {'color': 'yellow', 'number': 4},
    {'color': 'green', 'number': 0},
    {'color': 'blue', 'special': 'draw_2'},
    {'color': 'blue', 'special': 'draw_2'},
    {'color': 'black', 'special': 'wild_shuffle'}
]
Receive draw-card event.
Receive receiver-card event.
Send draw-card event.
res_data: 
{
    'cards_receive': [{'color': 'black', 'special': 'wild_shuffle'}],
    'is_penalty': False
}
res_data: 
{'player': 'P-00000001', 'is_draw': True}
---P-00000001がカードを引きます---
引く理由: 場に出すカードがない(再行動可能)
---更新前---
山札:60枚
P-00000003:5枚 P-00000001:4枚 P-00000004:4枚 P-00000002:1枚 
25枚以下制約あり
---更新後---
山札からP-00000001へ1枚移動
山札:59枚
P-00000003:5枚 P-00000001:5枚 P-00000004:4枚 P-00000002:1枚 
res_data: 
{
    'player': 'P-00000001',
    'is_draw': True,
    'draw_card': [{'color': 'black', 'special': 'wild_shuffle'}],
    'can_play_draw_card': True
}
Send play-draw-card event.
req_data: 
{'is_play_card': True, 'yell_uno': False}
Receive shuffle-wild event.
res_data: 
{
    'cards_receive': [
        {'color': 'yellow', 'number': 4},
        {'color': 'yellow', 'number': 7},
        {'color': 'green', 'number': 6}
    ],
    'number_card_of_player': {
        'P-00000003': 3,
        'P-00000001': 3,
        'P-00000004': 4,
        'P-00000002': 4
    }
}
data_res.get('player') =  None
公開カードリセット
---枚数照合---
誰？： P-00000003
dealerから送られてきたカード枚数: 3
game_statusで記録していたカード枚数: 5
正しいか: False
正しい枚数に更新する
---枚数照合---
誰？： P-00000001
dealerから送られてきたカード枚数: 3
game_statusで記録していたカード枚数: 5
正しいか: False
正しい枚数に更新する
---枚数照合---
誰？： P-00000004
dealerから送られてきたカード枚数: 4
game_statusで記録していたカード枚数: 4
正しいか: True
---枚数照合---
誰？： P-00000002
dealerから送られてきたカード枚数: 4
game_statusで記録していたカード枚数: 1
正しいか: False
正しい枚数に更新する
---シャッフルワイルド発動---
場札または手札にないのは
カードステータス: {'blue': {'0': 1, '1': 2, '2': 1, '3': 2, '4': 1, '5': 1, '6': 1, '7': 2, '8': 2, '9': 1, 'draw_2': 2, 'skip': 0, 'reverse': 2}, 'green': {'0': 1, '1': 1, '2': 2, '3': 0, '4': 1, '5': 2, '6': 1, '7': 2, '8': 2, '9': 1, 'draw_2': 2, 'skip': 1, 'reverse': 2}, 'red': {'0': 0, '1': 1, '2': 2, '3': 0, '4': 2, '5': 2, '6': 1, '7': 1, '8': 1, '9': 0, 'draw_2': 2, 'skip': 0, 'reverse': 0}, 'yellow': {'0': 0, '1': 2, '2': 1, '3': 1, '4': 1, '5': 0, '6': 1, '7': 1, '8': 2, '9': 2, 'draw_2': 2, 'skip': 1, 'reverse': 2}, 'black': {'wild': 1, 'wild_draw_4': 3, 'wild_shuffle': 0}, 'white': {'white_wild': 2}}
Receive color-of-wild event.
res_data: 
{}
change_card
[('yellow', 2), ('green', 1), ('red', 0), ('blue', 0)]
Send color-of-wild event.
req_data: 
{'color_of_wild': 'yellow'}
Receive play-draw-card event.
res_data: 
{
    'is_play_card': True,
    'yell_uno': False,
    'player': 'P-00000001',
    'card_play': {'color': 'black', 'special': 'wild_shuffle'}
}
今のは{'card_counts': 3, 'card': {'color': 'black', 'special': 'wild_shuffle'}}
その前は{'card_counts': 1, 'card': {'color': 'red', 'number': 7}}
---場にカードを出した---
プレイヤー: P-00000001
カード: {'color': 'black', 'special': 'wild_shuffle'}
Send play-draw-card event.
私だよ！
res_data: 
{'is_play_card': True, 'yell_uno': False}
Receive update-color event.
res_data: 
{'color': 'yellow'}
Send color-of-wild event.
res_data: 
{'color_of_wild': 'yellow'}
Receive play-card event.
res_data: 
{
    'card_play': {'color': 'yellow', 'number': 8},
    'yell_uno': False,
    'player': 'P-00000004'
}
今のは{'card_counts': 3, 'card': {'color': 'yellow', 'number': 8}}
その前は{'card_counts': 2, 'card': {'color': 'red', 'number': 0}}
---場にカードを出した---
プレイヤー: P-00000004
カード: {'color': 'yellow', 'number': 8}
私以外だよ
場札または手札にないのは
カードステータス: {'blue': {'0': 1, '1': 2, '2': 1, '3': 2, '4': 1, '5': 1, '6': 1, '7': 2, '8': 2, '9': 1, 'draw_2': 2, 'skip': 0, 'reverse': 2}, 'green': {'0': 1, '1': 1, '2': 2, '3': 0, '4': 1, '5': 2, '6': 1, '7': 2, '8': 2, '9': 1, 'draw_2': 2, 'skip': 1, 'reverse': 2}, 'red': {'0': 0, '1': 1, '2': 2, '3': 0, '4': 2, '5': 2, '6': 1, '7': 1, '8': 1, '9': 0, 'draw_2': 2, 'skip': 0, 'reverse': 0}, 'yellow': {'0': 0, '1': 2, '2': 1, '3': 1, '4': 1, '5': 0, '6': 1, '7': 1, '8': 1, '9': 2, 'draw_2': 2, 'skip': 1, 'reverse': 2}, 'black': {'wild': 1, 'wild_draw_4': 3, 'wild_shuffle': 0}, 'white': {'white_wild': 2}}
Receive play-card event.
res_data: 
{
    'card_play': {'color': 'yellow', 'number': 6},
    'yell_uno': False,
    'player': 'P-00000002'
}
今のは{'card_counts': 3, 'card': {'color': 'yellow', 'number': 6}}
その前は{'card_counts': 1, 'card': {'color': 'red', 'number': 8}}
---場にカードを出した---
プレイヤー: P-00000002
カード: {'color': 'yellow', 'number': 6}
私以外だよ
場札または手札にないのは
カードステータス: {'blue': {'0': 1, '1': 2, '2': 1, '3': 2, '4': 1, '5': 1, '6': 1, '7': 2, '8': 2, '9': 1, 'draw_2': 2, 'skip': 0, 'reverse': 2}, 'green': {'0': 1, '1': 1, '2': 2, '3': 0, '4': 1, '5': 2, '6': 1, '7': 2, '8': 2, '9': 1, 'draw_2': 2, 'skip': 1, 'reverse': 2}, 'red': {'0': 0, '1': 1, '2': 2, '3': 0, '4': 2, '5': 2, '6': 1, '7': 1, '8': 1, '9': 0, 'draw_2': 2, 'skip': 0, 'reverse': 0}, 'yellow': {'0': 0, '1': 2, '2': 1, '3': 1, '4': 1, '5': 0, '6': 0, '7': 1, '8': 1, '9': 2, 'draw_2': 2, 'skip': 1, 'reverse': 2}, 'black': {'wild': 1, 'wild_draw_4': 3, 'wild_shuffle': 0}, 'white': {'white_wild': 2}}
Receive draw-card event.
res_data: 
{'player': 'P-00000003', 'is_draw': True}
---P-00000003がカードを引きます---
引く理由: 場に出すカードがない(再行動可能)
---更新前---
山札:59枚
P-00000003:3枚 P-00000001:3枚 P-00000004:3枚 P-00000002:3枚 
25枚以下制約あり
---更新後---
山札からP-00000003へ1枚移動
山札:58枚
P-00000003:4枚 P-00000001:3枚 P-00000004:3枚 P-00000002:3枚 
Receive next-player event.
res_data: 
{
    'next_player': 'P-00000001',
    'before_player': 'P-00000003',
    'card_before': {'color': 'yellow', 'number': 6},
    'card_of_player': [
        {'color': 'yellow', 'number': 4},
        {'color': 'yellow', 'number': 7},
        {'color': 'green', 'number': 6}
    ],
    'must_call_draw_card': False,
    'draw_reason': 'nothing',
    'turn_right': True,
    'number_card_play': 41,
    'number_turn_play': 54,
    'number_card_of_player': {
        'P-00000003': 4,
        'P-00000001': 3,
        'P-00000004': 3,
        'P-00000002': 3
    }
}
---枚数照合---
誰？： P-00000003
dealerから送られてきたカード枚数: 4
game_statusで記録していたカード枚数: 4
正しいか: True
---枚数照合---
誰？： P-00000001
dealerから送られてきたカード枚数: 3
game_statusで記録していたカード枚数: 3
正しいか: True
---枚数照合---
誰？： P-00000004
dealerから送られてきたカード枚数: 3
game_statusで記録していたカード枚数: 3
正しいか: True
---枚数照合---
誰？： P-00000002
dealerから送られてきたカード枚数: 3
game_statusで記録していたカード枚数: 3
正しいか: True
P-00000003の枚数: 4
P-00000001の枚数: 3
P-00000004の枚数: 3
P-00000002の枚数: 3
デバッグプリント 1対戦目
{
    'P-00000004': {'位置': '直後', 'UNO': False},
    'P-00000002': {'位置': '対面', 'UNO': True},
    'P-00000003': {'位置': '直前', 'UNO': False}
}
[
    {'color': 'yellow', 'number': 4},
    {'color': 'yellow', 'number': 7},
    {'color': 'green', 'number': 6}
]
山札の枚数: 58
場の枚数: 41
P-00000003の枚数: 4
P-00000001の枚数: 3
P-00000004の枚数: 3
P-00000002の枚数: 3
カード合計: 112
CHECK: True
最後に記録されたカード: {'color': 'yellow', 'number': 6}
pos is  対面
tmp_num_list
[{'color': 'yellow', 'number': 7}, {'color': 'green', 'number': 6}, {'color': 'yellow', 'number': 4}]
rtn_list_1 :
[]
---出す順---
None None None [{'color': 'yellow', 'number': 7}, {'color': 'green', 'number': 6}, {'color': 'yellow', 'number': 4}]
selected card: yellow 7
Send play-card event.
req_data: 
{'card_play': {'color': 'yellow', 'number': 7}, 'yell_uno': False}
Receive play-card event.
res_data: 
{
    'card_play': {'color': 'yellow', 'number': 7},
    'yell_uno': False,
    'player': 'P-00000001'
}
今のは{'card_counts': 2, 'card': {'color': 'yellow', 'number': 7}}
その前は{'card_counts': 3, 'card': {'color': 'yellow', 'special': 'wild_shuffle'}}
---場にカードを出した---
プレイヤー: P-00000001
カード: {'color': 'yellow', 'number': 7}
私だよ
Send play-card event.
res_data: 
{'card_play': {'color': 'yellow', 'number': 7}, 'yell_uno': False}
Receive draw-card event.
res_data: 
{'player': 'P-00000004', 'is_draw': True}
---P-00000004がカードを引きます---
引く理由: 場に出すカードがない(再行動可能)
---更新前---
山札:58枚
P-00000003:4枚 P-00000001:2枚 P-00000004:3枚 P-00000002:3枚 
25枚以下制約あり
---更新後---
山札からP-00000004へ1枚移動
山札:57枚
P-00000003:4枚 P-00000001:2枚 P-00000004:4枚 P-00000002:3枚 
Receive play-draw-card event.
res_data: 
{
    'is_play_card': True,
    'yell_uno': False,
    'player': 'P-00000004',
    'card_play': {'color': 'blue', 'number': 7}
}
今のは{'card_counts': 3, 'card': {'color': 'blue', 'number': 7}}
その前は{'card_counts': 3, 'card': {'color': 'yellow', 'number': 8}}
---場にカードを出した---
プレイヤー: P-00000004
カード: {'color': 'blue', 'number': 7}
場札または手札にないのは
カードステータス: {'blue': {'0': 1, '1': 2, '2': 1, '3': 2, '4': 1, '5': 1, '6': 1, '7': 1, '8': 2, '9': 1, 'draw_2': 2, 'skip': 0, 'reverse': 2}, 'green': {'0': 1, '1': 1, '2': 2, '3': 0, '4': 1, '5': 2, '6': 1, '7': 2, '8': 2, '9': 1, 'draw_2': 2, 'skip': 1, 'reverse': 2}, 'red': {'0': 0, '1': 1, '2': 2, '3': 0, '4': 2, '5': 2, '6': 1, '7': 1, '8': 1, '9': 0, 'draw_2': 2, 'skip': 0, 'reverse': 0}, 'yellow': {'0': 0, '1': 2, '2': 1, '3': 1, '4': 1, '5': 0, '6': 0, '7': 1, '8': 1, '9': 2, 'draw_2': 2, 'skip': 1, 'reverse': 2}, 'black': {'wild': 1, 'wild_draw_4': 3, 'wild_shuffle': 0}, 'white': {'white_wild': 2}}
Receive play-card event.
res_data: 
{
    'card_play': {'color': 'green', 'number': 7},
    'yell_uno': False,
    'player': 'P-00000002'
}
今のは{'card_counts': 2, 'card': {'color': 'green', 'number': 7}}
その前は{'card_counts': 3, 'card': {'color': 'yellow', 'number': 6}}
---場にカードを出した---
プレイヤー: P-00000002
カード: {'color': 'green', 'number': 7}
私以外だよ
場札または手札にないのは
カードステータス: {'blue': {'0': 1, '1': 2, '2': 1, '3': 2, '4': 1, '5': 1, '6': 1, '7': 1, '8': 2, '9': 1, 'draw_2': 2, 'skip': 0, 'reverse': 2}, 'green': {'0': 1, '1': 1, '2': 2, '3': 0, '4': 1, '5': 2, '6': 1, '7': 1, '8': 2, '9': 1, 'draw_2': 2, 'skip': 1, 'reverse': 2}, 'red': {'0': 0, '1': 1, '2': 2, '3': 0, '4': 2, '5': 2, '6': 1, '7': 1, '8': 1, '9': 0, 'draw_2': 2, 'skip': 0, 'reverse': 0}, 'yellow': {'0': 0, '1': 2, '2': 1, '3': 1, '4': 1, '5': 0, '6': 0, '7': 1, '8': 1, '9': 2, 'draw_2': 2, 'skip': 1, 'reverse': 2}, 'black': {'wild': 1, 'wild_draw_4': 3, 'wild_shuffle': 0}, 'white': {'white_wild': 2}}
Receive play-card event.
res_data: 
{
    'card_play': {'color': 'green', 'number': 0},
    'yell_uno': False,
    'player': 'P-00000003'
}
今のは{'card_counts': 3, 'card': {'color': 'green', 'number': 0}}
その前は{'card_counts': 3, 'card': {'color': 'red', 'special': 'reverse'}}
---場にカードを出した---
プレイヤー: P-00000003
カード: {'color': 'green', 'number': 0}
私以外だよ
場札または手札にないのは
カードステータス: {'blue': {'0': 1, '1': 2, '2': 1, '3': 2, '4': 1, '5': 1, '6': 1, '7': 1, '8': 2, '9': 1, 'draw_2': 2, 'skip': 0, 'reverse': 2}, 'green': {'0': 0, '1': 1, '2': 2, '3': 0, '4': 1, '5': 2, '6': 1, '7': 1, '8': 2, '9': 1, 'draw_2': 2, 'skip': 1, 'reverse': 2}, 'red': {'0': 0, '1': 1, '2': 2, '3': 0, '4': 2, '5': 2, '6': 1, '7': 1, '8': 1, '9': 0, 'draw_2': 2, 'skip': 0, 'reverse': 0}, 'yellow': {'0': 0, '1': 2, '2': 1, '3': 1, '4': 1, '5': 0, '6': 0, '7': 1, '8': 1, '9': 2, 'draw_2': 2, 'skip': 1, 'reverse': 2}, 'black': {'wild': 1, 'wild_draw_4': 3, 'wild_shuffle': 0}, 'white': {'white_wild': 2}}
Receive next-player event.
res_data: 
{
    'next_player': 'P-00000001',
    'before_player': 'P-00000003',
    'card_before': {'color': 'green', 'number': 0},
    'card_of_player': [
        {'color': 'yellow', 'number': 4},
        {'color': 'green', 'number': 6}
    ],
    'must_call_draw_card': False,
    'draw_reason': 'nothing',
    'turn_right': True,
    'number_card_play': 45,
    'number_turn_play': 58,
    'number_card_of_player': {
        'P-00000003': 3,
        'P-00000001': 2,
        'P-00000004': 3,
        'P-00000002': 2
    }
}
---枚数照合---
誰？： P-00000003
dealerから送られてきたカード枚数: 3
game_statusで記録していたカード枚数: 3
正しいか: True
---枚数照合---
誰？： P-00000001
dealerから送られてきたカード枚数: 2
game_statusで記録していたカード枚数: 2
正しいか: True
---枚数照合---
誰？： P-00000004
dealerから送られてきたカード枚数: 3
game_statusで記録していたカード枚数: 3
正しいか: True
---枚数照合---
誰？： P-00000002
dealerから送られてきたカード枚数: 2
game_statusで記録していたカード枚数: 2
正しいか: True
P-00000003の枚数: 3
P-00000001の枚数: 2
P-00000004の枚数: 3
P-00000002の枚数: 2
デバッグプリント 1対戦目
{
    'P-00000004': {'位置': '直後', 'UNO': False},
    'P-00000002': {'位置': '対面', 'UNO': True},
    'P-00000003': {'位置': '直前', 'UNO': False}
}
[{'color': 'yellow', 'number': 4}, {'color': 'green', 'number': 6}]
山札の枚数: 57
場の枚数: 45
P-00000003の枚数: 3
P-00000001の枚数: 2
P-00000004の枚数: 3
P-00000002の枚数: 2
カード合計: 112
CHECK: True
最後に記録されたカード: {'color': 'green', 'number': 0}
pos is  対面
tmp_num_list
[{'color': 'green', 'number': 6}]
rtn_list_1 :
[]
---出す順---
None [{'color': 'green', 'number': 6}]
selected card: green 6
Send play-card event.
req_data: 
{'card_play': {'color': 'green', 'number': 6}, 'yell_uno': True}
Receive play-card event.
res_data: 
{
    'card_play': {'color': 'green', 'number': 6},
    'yell_uno': True,
    'player': 'P-00000001'
}
今のは{'card_counts': 1, 'card': {'color': 'green', 'number': 6}}
その前は{'card_counts': 2, 'card': {'color': 'yellow', 'number': 7}}
---場にカードを出した---
プレイヤー: P-00000001
カード: {'color': 'green', 'number': 6}
私だよ
Send play-card event.
res_data: 
{'card_play': {'color': 'green', 'number': 6}, 'yell_uno': True}
Receive draw-card event.
res_data: 
{'player': 'P-00000004', 'is_draw': True}
---P-00000004がカードを引きます---
引く理由: 場に出すカードがない(再行動可能)
---更新前---
山札:57枚
P-00000003:3枚 P-00000001:1枚 P-00000004:3枚 P-00000002:2枚 
25枚以下制約あり
---更新後---
山札からP-00000004へ1枚移動
山札:56枚
P-00000003:3枚 P-00000001:1枚 P-00000004:4枚 P-00000002:2枚 
Receive play-card event.
res_data: 
{
    'card_play': {'color': 'green', 'number': 1},
    'yell_uno': True,
    'player': 'P-00000002'
}
P-00000002がUNOしました
今のは{'card_counts': 1, 'card': {'color': 'green', 'number': 1}}
その前は{'card_counts': 2, 'card': {'color': 'green', 'number': 7}}
---場にカードを出した---
プレイヤー: P-00000002
カード: {'color': 'green', 'number': 1}
私以外だよ
場札または手札にないのは
カードステータス: {'blue': {'0': 1, '1': 2, '2': 1, '3': 2, '4': 1, '5': 1, '6': 1, '7': 1, '8': 2, '9': 1, 'draw_2': 2, 'skip': 0, 'reverse': 2}, 'green': {'0': 0, '1': 0, '2': 2, '3': 0, '4': 1, '5': 2, '6': 1, '7': 1, '8': 2, '9': 1, 'draw_2': 2, 'skip': 1, 'reverse': 2}, 'red': {'0': 0, '1': 1, '2': 2, '3': 0, '4': 2, '5': 2, '6': 1, '7': 1, '8': 1, '9': 0, 'draw_2': 2, 'skip': 0, 'reverse': 0}, 'yellow': {'0': 0, '1': 2, '2': 1, '3': 1, '4': 1, '5': 0, '6': 0, '7': 1, '8': 1, '9': 2, 'draw_2': 2, 'skip': 1, 'reverse': 2}, 'black': {'wild': 1, 'wild_draw_4': 3, 'wild_shuffle': 0}, 'white': {'white_wild': 2}}
Receive play-card event.
res_data: 
{
    'card_play': {'color': 'green', 'special': 'reverse'},
    'yell_uno': False,
    'player': 'P-00000003'
}
今のは{'card_counts': 2, 'card': {'color': 'green', 'special': 'reverse'}}
その前は{'card_counts': 3, 'card': {'color': 'green', 'number': 0}}
---場にカードを出した---
プレイヤー: P-00000003
カード: {'color': 'green', 'special': 'reverse'}
私以外だよ
場札または手札にないのは
カードステータス: {'blue': {'0': 1, '1': 2, '2': 1, '3': 2, '4': 1, '5': 1, '6': 1, '7': 1, '8': 2, '9': 1, 'draw_2': 2, 'skip': 0, 'reverse': 2}, 'green': {'0': 0, '1': 0, '2': 2, '3': 0, '4': 1, '5': 2, '6': 1, '7': 1, '8': 2, '9': 1, 'draw_2': 2, 'skip': 1, 'reverse': 1}, 'red': {'0': 0, '1': 1, '2': 2, '3': 0, '4': 2, '5': 2, '6': 1, '7': 1, '8': 1, '9': 0, 'draw_2': 2, 'skip': 0, 'reverse': 0}, 'yellow': {'0': 0, '1': 2, '2': 1, '3': 1, '4': 1, '5': 0, '6': 0, '7': 1, '8': 1, '9': 2, 'draw_2': 2, 'skip': 1, 'reverse': 2}, 'black': {'wild': 1, 'wild_draw_4': 3, 'wild_shuffle': 0}, 'white': {'white_wild': 2}}
反転発動
{'P-00000004': {'位置': '直後', 'UNO': False}, 'P-00000002': {'位置': '対面', 'UNO': True}, 'P-00000003': {'位置': '直前', 'UNO': False}}
Receive play-card event.
res_data: 
{
    'card_play': {'color': 'green', 'number': 4},
    'yell_uno': False,
    'player': 'P-00000002'
}
今のは{'card_counts': 0, 'card': {'color': 'green', 'number': 4}}
その前は{'card_counts': 1, 'card': {'color': 'green', 'number': 1}}
---場にカードを出した---
プレイヤー: P-00000002
カード: {'color': 'green', 'number': 4}
私以外だよ
場札または手札にないのは
カードステータス: {'blue': {'0': 1, '1': 2, '2': 1, '3': 2, '4': 1, '5': 1, '6': 1, '7': 1, '8': 2, '9': 1, 'draw_2': 2, 'skip': 0, 'reverse': 2}, 'green': {'0': 0, '1': 0, '2': 2, '3': 0, '4': 0, '5': 2, '6': 1, '7': 1, '8': 2, '9': 1, 'draw_2': 2, 'skip': 1, 'reverse': 1}, 'red': {'0': 0, '1': 1, '2': 2, '3': 0, '4': 2, '5': 2, '6': 1, '7': 1, '8': 1, '9': 0, 'draw_2': 2, 'skip': 0, 'reverse': 0}, 'yellow': {'0': 0, '1': 2, '2': 1, '3': 1, '4': 1, '5': 0, '6': 0, '7': 1, '8': 1, '9': 2, 'draw_2': 2, 'skip': 1, 'reverse': 2}, 'black': {'wild': 1, 'wild_draw_4': 3, 'wild_shuffle': 0}, 'white': {'white_wild': 2}}
Receive finish-turn event.
res_data: 
{
    'winner': 'P-00000002',
    'turn_no': 213,
    'score': {
        'P-00000003': -11,
        'P-00000001': -4,
        'P-00000004': -50,
        'P-00000002': 65
    }
}
Receive finish-game event.
res_data: 
{
    'winner': 'P-00000001',
    'turn_win': 54,
    'order': {
        'P-00000001': 54,
        'P-00000004': 54,
        'P-00000002': 51,
        'P-00000003': 46
    },
    'total_score': {
        'P-00000001': 1055,
        'P-00000004': 576,
        'P-00000002': -158,
        'P-00000003': -1473
    }
}
Client disconnect.
