failed to get console mode for stdout: The handle is invalid.
[1A[1B[0G[?25l[+] Building 0.0s (0/1)                                                         
[?25h[1A[0G[?25l[+] Building 0.1s (2/3)                                                         
[34m => [internal] load build definition from Dockerfile                       0.0s
[0m[34m => => transferring dockerfile: 32B                                        0.0s
[0m[34m => [internal] load .dockerignore                                          0.0s
[0m[34m => => transferring context: 2B                                            0.0s
[0m => [internal] load metadata for docker.io/library/python:3.8.6            0.0s
[?25h[1A[1A[1A[1A[1A[1A[0G[?25l[+] Building 0.3s (2/3)                                                         
[34m => [internal] load build definition from Dockerfile                       0.0s
[0m[34m => => transferring dockerfile: 32B                                        0.0s
[0m[34m => [internal] load .dockerignore                                          0.0s
[0m[34m => => transferring context: 2B                                            0.0s
[0m => [internal] load metadata for docker.io/library/python:3.8.6            0.2s
[?25h[1A[1A[1A[1A[1A[1A[0G[?25l[+] Building 0.4s (2/3)                                                         
[34m => [internal] load build definition from Dockerfile                       0.0s
[0m[34m => => transferring dockerfile: 32B                                        0.0s
[0m[34m => [internal] load .dockerignore                                          0.0s
[0m[34m => => transferring context: 2B                                            0.0s
[0m => [internal] load metadata for docker.io/library/python:3.8.6            0.3s
[?25h[1A[1A[1A[1A[1A[1A[0G[?25l[+] Building 0.6s (2/3)                                                         
[34m => [internal] load build definition from Dockerfile                       0.0s
[0m[34m => => transferring dockerfile: 32B                                        0.0s
[0m[34m => [internal] load .dockerignore                                          0.0s
[0m[34m => => transferring context: 2B                                            0.0s
[0m => [internal] load metadata for docker.io/library/python:3.8.6            0.5s
[?25h[1A[1A[1A[1A[1A[1A[0G[?25l[+] Building 0.8s (2/3)                                                         
[34m => [internal] load build definition from Dockerfile                       0.0s
[0m[34m => => transferring dockerfile: 32B                                        0.0s
[0m[34m => [internal] load .dockerignore                                          0.0s
[0m[34m => => transferring context: 2B                                            0.0s
[0m => [internal] load metadata for docker.io/library/python:3.8.6            0.6s
[?25h[1A[1A[1A[1A[1A[1A[0G[?25l[+] Building 0.9s (2/3)                                                         
[34m => [internal] load build definition from Dockerfile                       0.0s
[0m[34m => => transferring dockerfile: 32B                                        0.0s
[0m[34m => [internal] load .dockerignore                                          0.0s
[0m[34m => => transferring context: 2B                                            0.0s
[0m => [internal] load metadata for docker.io/library/python:3.8.6            0.8s
[?25h[1A[1A[1A[1A[1A[1A[0G[?25l[+] Building 1.1s (2/3)                                                         
[34m => [internal] load build definition from Dockerfile                       0.0s
[0m[34m => => transferring dockerfile: 32B                                        0.0s
[0m[34m => [internal] load .dockerignore                                          0.0s
[0m[34m => => transferring context: 2B                                            0.0s
[0m => [internal] load metadata for docker.io/library/python:3.8.6            0.9s
[?25h[1A[1A[1A[1A[1A[1A[0G[?25l[+] Building 1.1s (10/10) FINISHED                                              
[34m => [internal] load build definition from Dockerfile                       0.0s
[0m[34m => => transferring dockerfile: 32B                                        0.0s
[0m[34m => [internal] load .dockerignore                                          0.0s
[0m[34m => => transferring context: 2B                                            0.0s
[0m[34m => [internal] load metadata for docker.io/library/python:3.8.6            1.0s
[0m[34m => [1/5] FROM docker.io/library/python:3.8.6@sha256:c0834fbc6e4b987a8aa1  0.0s
[0m[34m => [internal] load build context                                          0.0s
[0m[34m => => transferring context: 187B                                          0.0s
[0m[34m => CACHED [2/5] WORKDIR /app                                              0.0s
[0m[34m => CACHED [3/5] COPY . .                                                  0.0s
[0m[34m => CACHED [4/5] RUN pip install --upgrade pip                             0.0s
[0m[34m => CACHED [5/5] RUN pip install -r requirements.txt                       0.0s
[0m[34m => exporting to image                                                     0.0s
[0m[34m => => exporting layers                                                    0.0s
[0m[34m => => writing image sha256:c8ff07b07431057323a97786ff366c04f596e44c8189d  0.0s
[0m[34m => => naming to docker.io/library/player_v2                               0.0s
[0m[?25hHost: http://host.docker.internal:8080
Dealer: D1, Player: P2
Client connect successfully!
Send join-room event.
req_data: 
{'room_name': 'D1', 'player': 'P2'}
Receive join-room event.
res_data: 
{'room_name': 'D1', 'player': 'P2'}
Send join-room event.
res_data: 
{
    'room_name': 'D1',
    'player': 'P2',
    'game_id': 'D-00000001',
    'your_id': 'P-00000002',
    'total_turn': 4,
    'white_wild': 'skip_bind_2'
}
Client join room successfully!
My id is P-00000002
Receive join-room event.
res_data: 
{'room_name': 'D1', 'player': 'Alternative 3'}
Receive join-room event.
res_data: 
{'room_name': 'D1', 'player': 'Alternative 4'}
å ´æœ­ã¾ãŸã¯æ‰‹æœ­ã«ãªã„ã®ã¯
{'blue': {'0': 1, '1': 2, '2': 2, '3': 2, '4': 2, '5': 1, '6': 2, '7': 2, '8': 2, '9': 2, 'draw_2': 1, 'skip': 2, 'reverse': 2}, 'green': {'0': 1, '1': 2, '2': 2, '3': 2, '4': 2, '5': 2, '6': 2, '7': 2, '8': 2, '9': 1, 'draw_2': 2, 'skip': 2, 'reverse': 2}, 'red': {'0': 1, '1': 2, '2': 2, '3': 2, '4': 2, '5': 2, '6': 2, '7': 2, '8': 2, '9': 2, 'draw_2': 2, 'skip': 2, 'reverse': 2}, 'yellow': {'0': 1, '1': 1, '2': 2, '3': 1, '4': 2, '5': 2, '6': 2, '7': 2, '8': 2, '9': 1, 'draw_2': 2, 'skip': 1, 'reverse': 2}, 'black': {'wild': 4, 'wild_draw_4': 4, 'wild_shuffle': 1}, 'white': {'white_wild': 3}}
Receive receiver-card event.
res_data: 
{
    'cards_receive': [
        {'color': 'yellow', 'number': 9},
        {'color': 'yellow', 'number': 1},
        {'color': 'green', 'number': 9},
        {'color': 'blue', 'special': 'draw_2'},
        {'color': 'yellow', 'number': 3},
        {'color': 'blue', 'number': 5},
        {'color': 'yellow', 'special': 'skip'}
    ],
    'is_penalty': False
}
Receive first-player event.
res_data: 
{
    'first_player': 'P-00000003',
    'first_card': {'color': 'blue', 'number': 8},
    'play_order': ['P-00000003', 'P-00000001', 'P-00000004', 'P-00000002'],
    'total_turn': 4,
    'white_wild': 'skip_bind_2'
}
å ´æœ­ã¾ãŸã¯æ‰‹æœ­ã«ãªã„ã®ã¯
{'blue': {'0': 1, '1': 2, '2': 2, '3': 2, '4': 2, '5': 1, '6': 2, '7': 2, '8': 2, '9': 2, 'draw_2': 1, 'skip': 2, 'reverse': 2}, 'green': {'0': 1, '1': 2, '2': 2, '3': 2, '4': 2, '5': 2, '6': 1, '7': 2, '8': 2, '9': 1, 'draw_2': 2, 'skip': 2, 'reverse': 2}, 'red': {'0': 1, '1': 2, '2': 2, '3': 1, '4': 2, '5': 2, '6': 2, '7': 2, '8': 2, '9': 2, 'draw_2': 1, 'skip': 2, 'reverse': 2}, 'yellow': {'0': 0, '1': 1, '2': 2, '3': 1, '4': 2, '5': 1, '6': 2, '7': 2, '8': 2, '9': 0, 'draw_2': 2, 'skip': 0, 'reverse': 2}, 'black': {'wild': 4, 'wild_draw_4': 4, 'wild_shuffle': 1}, 'white': {'white_wild': 3}}
---æšæ•°ç…§åˆ---
èª°ï¼Ÿï¼š P-00000003
dealerã‹ã‚‰é€ã‚‰ã‚Œã¦ããŸã‚«ãƒ¼ãƒ‰æšæ•°: 6
game_statusã§è¨˜éŒ²ã—ã¦ã„ãŸã‚«ãƒ¼ãƒ‰æšæ•°: 7
æ­£ã—ã„ã‹: False
---æšæ•°ç…§åˆ---
èª°ï¼Ÿï¼š P-00000001
dealerã‹ã‚‰é€ã‚‰ã‚Œã¦ããŸã‚«ãƒ¼ãƒ‰æšæ•°: 7
game_statusã§è¨˜éŒ²ã—ã¦ã„ãŸã‚«ãƒ¼ãƒ‰æšæ•°: 7
æ­£ã—ã„ã‹: True
---æšæ•°ç…§åˆ---
èª°ï¼Ÿï¼š P-00000004
dealerã‹ã‚‰é€ã‚‰ã‚Œã¦ããŸã‚«ãƒ¼ãƒ‰æšæ•°: 7
game_statusã§è¨˜éŒ²ã—ã¦ã„ãŸã‚«ãƒ¼ãƒ‰æšæ•°: 7
æ­£ã—ã„ã‹: True
---æšæ•°ç…§åˆ---
èª°ï¼Ÿï¼š P-00000002
dealerã‹ã‚‰é€ã‚‰ã‚Œã¦ããŸã‚«ãƒ¼ãƒ‰æšæ•°: 7
game_statusã§è¨˜éŒ²ã—ã¦ã„ãŸã‚«ãƒ¼ãƒ‰æšæ•°: 7
æ­£ã—ã„ã‹: True
Receive shuffle-wild event.
res_data: 
{
    'cards_receive': [
        {'color': 'yellow', 'number': 0},
        {'color': 'yellow', 'number': 5},
        {'color': 'yellow', 'number': 9},
        {'color': 'yellow', 'special': 'skip'},
        {'color': 'green', 'number': 6},
        {'color': 'red', 'number': 3},
        {'color': 'red', 'special': 'draw_2'}
    ],
    'number_card_of_player': {
        'P-00000003': 6,
        'P-00000001': 7,
        'P-00000004': 7,
        'P-00000002': 7
    }
}
ã‚·ãƒ£ãƒƒãƒ•ãƒ«ãƒ¯ã‚¤ãƒ«ãƒ‰ã«ã‚ˆã‚Šæ‰‹æœ­çŠ¶æ³ãŒå¤‰æ›´
{
    'cards_receive': [
        {'color': 'yellow', 'number': 0},
        {'color': 'yellow', 'number': 5},
        {'color': 'yellow', 'number': 9},
        {'color': 'yellow', 'special': 'skip'},
        {'color': 'green', 'number': 6},
        {'color': 'red', 'number': 3},
        {'color': 'red', 'special': 'draw_2'}
    ],
    'number_card_of_player': {
        'P-00000003': 6,
        'P-00000001': 7,
        'P-00000004': 7,
        'P-00000002': 7
    }
}
å ´æœ­ã¾ãŸã¯æ‰‹æœ­ã«ãªã„ã®ã¯
{'blue': {'0': 1, '1': 2, '2': 2, '3': 2, '4': 2, '5': 1, '6': 2, '7': 2, '8': 2, '9': 2, 'draw_2': 1, 'skip': 2, 'reverse': 2}, 'green': {'0': 1, '1': 2, '2': 2, '3': 2, '4': 2, '5': 2, '6': 1, '7': 2, '8': 2, '9': 1, 'draw_2': 2, 'skip': 2, 'reverse': 2}, 'red': {'0': 1, '1': 2, '2': 2, '3': 1, '4': 2, '5': 2, '6': 2, '7': 2, '8': 2, '9': 2, 'draw_2': 1, 'skip': 2, 'reverse': 2}, 'yellow': {'0': 0, '1': 1, '2': 2, '3': 1, '4': 2, '5': 1, '6': 2, '7': 2, '8': 2, '9': 0, 'draw_2': 2, 'skip': 0, 'reverse': 2}, 'black': {'wild': 4, 'wild_draw_4': 4, 'wild_shuffle': 0}, 'white': {'white_wild': 3}}
Receive update-color event.
res_data: 
{'color': 'red'}
å ´æœ­ã¾ãŸã¯æ‰‹æœ­ã«ãªã„ã®ã¯
{'blue': {'0': 1, '1': 2, '2': 2, '3': 2, '4': 2, '5': 1, '6': 2, '7': 2, '8': 2, '9': 2, 'draw_2': 1, 'skip': 2, 'reverse': 2}, 'green': {'0': 1, '1': 2, '2': 2, '3': 2, '4': 2, '5': 2, '6': 1, '7': 2, '8': 2, '9': 1, 'draw_2': 2, 'skip': 2, 'reverse': 2}, 'red': {'0': 1, '1': 2, '2': 2, '3': 1, '4': 2, '5': 2, '6': 2, '7': 2, '8': 2, '9': 2, 'draw_2': 1, 'skip': 2, 'reverse': 2}, 'yellow': {'0': 0, '1': 1, '2': 2, '3': 1, '4': 2, '5': 1, '6': 2, '7': 2, '8': 2, '9': 0, 'draw_2': 2, 'skip': 0, 'reverse': 2}, 'black': {'wild': 3, 'wild_draw_4': 4, 'wild_shuffle': 0}, 'white': {'white_wild': 3}}
Receive update-color event.
res_data: 
{'color': 'red'}
å ´æœ­ã¾ãŸã¯æ‰‹æœ­ã«ãªã„ã®ã¯
{'blue': {'0': 1, '1': 2, '2': 2, '3': 2, '4': 2, '5': 1, '6': 2, '7': 2, '8': 2, '9': 2, 'draw_2': 1, 'skip': 2, 'reverse': 2}, 'green': {'0': 1, '1': 2, '2': 2, '3': 2, '4': 2, '5': 2, '6': 1, '7': 2, '8': 2, '9': 1, 'draw_2': 2, 'skip': 2, 'reverse': 2}, 'red': {'0': 1, '1': 2, '2': 2, '3': 1, '4': 2, '5': 2, '6': 2, '7': 2, '8': 2, '9': 2, 'draw_2': 1, 'skip': 2, 'reverse': 2}, 'yellow': {'0': 0, '1': 1, '2': 2, '3': 1, '4': 2, '5': 1, '6': 2, '7': 1, '8': 2, '9': 0, 'draw_2': 2, 'skip': 0, 'reverse': 2}, 'black': {'wild': 3, 'wild_draw_4': 4, 'wild_shuffle': 0}, 'white': {'white_wild': 3}}
Receive next-player event.
res_data: 
{
    'next_player': 'P-00000002',
    'before_player': 'P-00000004',
    'card_before': {'color': 'yellow', 'number': 7},
    'card_of_player': [
        {'color': 'yellow', 'number': 0},
        {'color': 'yellow', 'number': 5},
        {'color': 'yellow', 'number': 9},
        {'color': 'yellow', 'special': 'skip'},
        {'color': 'green', 'number': 6},
        {'color': 'red', 'number': 3},
        {'color': 'red', 'special': 'draw_2'}
    ],
    'must_call_draw_card': False,
    'draw_reason': 'nothing',
    'turn_right': True,
    'number_card_play': 4,
    'number_turn_play': 3,
    'number_card_of_player': {
        'P-00000003': 6,
        'P-00000001': 6,
        'P-00000004': 6,
        'P-00000002': 7
    }
}
---æšæ•°ç…§åˆ---
èª°ï¼Ÿï¼š P-00000003
dealerã‹ã‚‰é€ã‚‰ã‚Œã¦ããŸã‚«ãƒ¼ãƒ‰æšæ•°: 6
game_statusã§è¨˜éŒ²ã—ã¦ã„ãŸã‚«ãƒ¼ãƒ‰æšæ•°: 6
æ­£ã—ã„ã‹: True
---æšæ•°ç…§åˆ---
èª°ï¼Ÿï¼š P-00000001
dealerã‹ã‚‰é€ã‚‰ã‚Œã¦ããŸã‚«ãƒ¼ãƒ‰æšæ•°: 6
game_statusã§è¨˜éŒ²ã—ã¦ã„ãŸã‚«ãƒ¼ãƒ‰æšæ•°: 7
æ­£ã—ã„ã‹: False
---æšæ•°ç…§åˆ---
èª°ï¼Ÿï¼š P-00000004
dealerã‹ã‚‰é€ã‚‰ã‚Œã¦ããŸã‚«ãƒ¼ãƒ‰æšæ•°: 6
game_statusã§è¨˜éŒ²ã—ã¦ã„ãŸã‚«ãƒ¼ãƒ‰æšæ•°: 7
æ­£ã—ã„ã‹: False
---æšæ•°ç…§åˆ---
èª°ï¼Ÿï¼š P-00000002
dealerã‹ã‚‰é€ã‚‰ã‚Œã¦ããŸã‚«ãƒ¼ãƒ‰æšæ•°: 7
game_statusã§è¨˜éŒ²ã—ã¦ã„ãŸã‚«ãƒ¼ãƒ‰æšæ•°: 7
æ­£ã—ã„ã‹: True
selected card: yellow None
Send play-card event.
req_data: 
{'card_play': {'color': 'yellow', 'number': 0}, 'yell_uno': False}
Send play-card event.
res_data: 
{'card_play': {'color': 'yellow', 'number': 0}, 'yell_uno': False}
å ´æœ­ã¾ãŸã¯æ‰‹æœ­ã«ãªã„ã®ã¯
{'blue': {'0': 1, '1': 2, '2': 2, '3': 2, '4': 2, '5': 1, '6': 2, '7': 2, '8': 2, '9': 2, 'draw_2': 1, 'skip': 2, 'reverse': 2}, 'green': {'0': 1, '1': 2, '2': 2, '3': 2, '4': 2, '5': 2, '6': 1, '7': 2, '8': 2, '9': 1, 'draw_2': 2, 'skip': 2, 'reverse': 2}, 'red': {'0': 1, '1': 2, '2': 2, '3': 1, '4': 2, '5': 2, '6': 2, '7': 2, '8': 2, '9': 2, 'draw_2': 1, 'skip': 2, 'reverse': 2}, 'yellow': {'0': 0, '1': 1, '2': 2, '3': 1, '4': 2, '5': 1, '6': 2, '7': 1, '8': 2, '9': 0, 'draw_2': 2, 'skip': 0, 'reverse': 2}, 'black': {'wild': 3, 'wild_draw_4': 4, 'wild_shuffle': 0}, 'white': {'white_wild': 2}}
Receive draw-card event.
res_data: 
{'player': 'P-00000004', 'is_draw': True}
ã‚«ãƒ¼ãƒ‰ã‚’å¼•ãã¾ã™
Receive next-player event.
res_data: 
{
    'next_player': 'P-00000002',
    'before_player': 'P-00000004',
    'card_before': {'color': 'yellow', 'special': 'white_wild'},
    'card_of_player': [
        {'color': 'yellow', 'number': 5},
        {'color': 'yellow', 'number': 9},
        {'color': 'yellow', 'special': 'skip'},
        {'color': 'green', 'number': 6},
        {'color': 'red', 'number': 3},
        {'color': 'red', 'special': 'draw_2'}
    ],
    'must_call_draw_card': False,
    'draw_reason': 'nothing',
    'turn_right': True,
    'number_card_play': 6,
    'number_turn_play': 6,
    'number_card_of_player': {
        'P-00000003': 5,
        'P-00000001': 6,
        'P-00000004': 7,
        'P-00000002': 6
    }
}
---æšæ•°ç…§åˆ---
èª°ï¼Ÿï¼š P-00000003
dealerã‹ã‚‰é€ã‚‰ã‚Œã¦ããŸã‚«ãƒ¼ãƒ‰æšæ•°: 5
game_statusã§è¨˜éŒ²ã—ã¦ã„ãŸã‚«ãƒ¼ãƒ‰æšæ•°: 6
æ­£ã—ã„ã‹: False
---æšæ•°ç…§åˆ---
èª°ï¼Ÿï¼š P-00000001
dealerã‹ã‚‰é€ã‚‰ã‚Œã¦ããŸã‚«ãƒ¼ãƒ‰æšæ•°: 6
game_statusã§è¨˜éŒ²ã—ã¦ã„ãŸã‚«ãƒ¼ãƒ‰æšæ•°: 6
æ­£ã—ã„ã‹: True
---æšæ•°ç…§åˆ---
èª°ï¼Ÿï¼š P-00000004
dealerã‹ã‚‰é€ã‚‰ã‚Œã¦ããŸã‚«ãƒ¼ãƒ‰æšæ•°: 7
game_statusã§è¨˜éŒ²ã—ã¦ã„ãŸã‚«ãƒ¼ãƒ‰æšæ•°: 6
æ­£ã—ã„ã‹: False
---æšæ•°ç…§åˆ---
èª°ï¼Ÿï¼š P-00000002
dealerã‹ã‚‰é€ã‚‰ã‚Œã¦ããŸã‚«ãƒ¼ãƒ‰æšæ•°: 6
game_statusã§è¨˜éŒ²ã—ã¦ã„ãŸã‚«ãƒ¼ãƒ‰æšæ•°: 7
æ­£ã—ã„ã‹: False
selected card: yellow 5
Send play-card event.
req_data: 
{'card_play': {'color': 'yellow', 'number': 5}, 'yell_uno': False}
Send play-card event.
res_data: 
{'card_play': {'color': 'yellow', 'number': 5}, 'yell_uno': False}
å ´æœ­ã¾ãŸã¯æ‰‹æœ­ã«ãªã„ã®ã¯
{'blue': {'0': 1, '1': 2, '2': 2, '3': 2, '4': 2, '5': 0, '6': 2, '7': 2, '8': 2, '9': 2, 'draw_2': 1, 'skip': 2, 'reverse': 2}, 'green': {'0': 1, '1': 2, '2': 2, '3': 2, '4': 2, '5': 2, '6': 1, '7': 2, '8': 2, '9': 1, 'draw_2': 2, 'skip': 2, 'reverse': 2}, 'red': {'0': 1, '1': 2, '2': 2, '3': 1, '4': 2, '5': 2, '6': 2, '7': 2, '8': 2, '9': 2, 'draw_2': 1, 'skip': 2, 'reverse': 2}, 'yellow': {'0': 0, '1': 1, '2': 2, '3': 1, '4': 2, '5': 1, '6': 2, '7': 1, '8': 2, '9': 0, 'draw_2': 2, 'skip': 0, 'reverse': 2}, 'black': {'wild': 3, 'wild_draw_4': 4, 'wild_shuffle': 0}, 'white': {'white_wild': 2}}
å ´æœ­ã¾ãŸã¯æ‰‹æœ­ã«ãªã„ã®ã¯
{'blue': {'0': 1, '1': 2, '2': 2, '3': 2, '4': 2, '5': 0, '6': 2, '7': 2, '8': 2, '9': 2, 'draw_2': 0, 'skip': 2, 'reverse': 2}, 'green': {'0': 1, '1': 2, '2': 2, '3': 2, '4': 2, '5': 2, '6': 1, '7': 2, '8': 2, '9': 1, 'draw_2': 2, 'skip': 2, 'reverse': 2}, 'red': {'0': 1, '1': 2, '2': 2, '3': 1, '4': 2, '5': 2, '6': 2, '7': 2, '8': 2, '9': 2, 'draw_2': 1, 'skip': 2, 'reverse': 2}, 'yellow': {'0': 0, '1': 1, '2': 2, '3': 1, '4': 2, '5': 1, '6': 2, '7': 1, '8': 2, '9': 0, 'draw_2': 2, 'skip': 0, 'reverse': 2}, 'black': {'wild': 3, 'wild_draw_4': 4, 'wild_shuffle': 0}, 'white': {'white_wild': 2}}
Receive draw-card event.
res_data: 
{'player': 'P-00000004', 'is_draw': True}
ã‚«ãƒ¼ãƒ‰ã‚’å¼•ãã¾ã™
Receive next-player event.
res_data: 
{
    'next_player': 'P-00000002',
    'before_player': 'P-00000004',
    'card_before': {'color': 'blue', 'special': 'draw_2'},
    'card_of_player': [
        {'color': 'yellow', 'number': 9},
        {'color': 'yellow', 'special': 'skip'},
        {'color': 'green', 'number': 6},
        {'color': 'red', 'number': 3},
        {'color': 'red', 'special': 'draw_2'}
    ],
    'must_call_draw_card': False,
    'draw_reason': 'nothing',
    'turn_right': True,
    'number_card_play': 9,
    'number_turn_play': 10,
    'number_card_of_player': {
        'P-00000003': 4,
        'P-00000001': 5,
        'P-00000004': 9,
        'P-00000002': 5
    }
}
---æšæ•°ç…§åˆ---
èª°ï¼Ÿï¼š P-00000003
dealerã‹ã‚‰é€ã‚‰ã‚Œã¦ããŸã‚«ãƒ¼ãƒ‰æšæ•°: 4
game_statusã§è¨˜éŒ²ã—ã¦ã„ãŸã‚«ãƒ¼ãƒ‰æšæ•°: 5
æ­£ã—ã„ã‹: False
---æšæ•°ç…§åˆ---
èª°ï¼Ÿï¼š P-00000001
dealerã‹ã‚‰é€ã‚‰ã‚Œã¦ããŸã‚«ãƒ¼ãƒ‰æšæ•°: 5
game_statusã§è¨˜éŒ²ã—ã¦ã„ãŸã‚«ãƒ¼ãƒ‰æšæ•°: 6
æ­£ã—ã„ã‹: False
---æšæ•°ç…§åˆ---
èª°ï¼Ÿï¼š P-00000004
dealerã‹ã‚‰é€ã‚‰ã‚Œã¦ããŸã‚«ãƒ¼ãƒ‰æšæ•°: 9
game_statusã§è¨˜éŒ²ã—ã¦ã„ãŸã‚«ãƒ¼ãƒ‰æšæ•°: 7
æ­£ã—ã„ã‹: False
---æšæ•°ç…§åˆ---
èª°ï¼Ÿï¼š P-00000002
dealerã‹ã‚‰é€ã‚‰ã‚Œã¦ããŸã‚«ãƒ¼ãƒ‰æšæ•°: 5
game_statusã§è¨˜éŒ²ã—ã¦ã„ãŸã‚«ãƒ¼ãƒ‰æšæ•°: 6
æ­£ã—ã„ã‹: False
Send special-logic event.
req_data: 
{'title': 'â—¯â—¯â—¯â—¯â—¯â—¯â—¯â—¯â—¯â—¯â—¯â—¯â—¯â—¯â—¯â—¯â—¯â—¯â—¯â—¯â—¯'}
selected card: red draw_2
Send play-card event.
req_data: 
{'card_play': {'color': 'red', 'special': 'draw_2'}, 'yell_uno': False}
Send special-logic event.
res_data: 
{'title': 'â—¯â—¯â—¯â—¯â—¯â—¯â—¯â—¯â—¯â—¯â—¯â—¯â—¯â—¯â—¯â—¯â—¯â—¯â—¯â—¯â—¯'}
Send play-card event.
res_data: 
{'card_play': {'color': 'red', 'special': 'draw_2'}, 'yell_uno': False}
Receive draw-card event.
res_data: 
{'player': 'P-00000003', 'is_draw': True}
ã‚«ãƒ¼ãƒ‰ã‚’å¼•ãã¾ã™
å ´æœ­ã¾ãŸã¯æ‰‹æœ­ã«ãªã„ã®ã¯
{'blue': {'0': 1, '1': 2, '2': 2, '3': 2, '4': 2, '5': 0, '6': 2, '7': 2, '8': 2, '9': 2, 'draw_2': 0, 'skip': 2, 'reverse': 2}, 'green': {'0': 1, '1': 2, '2': 2, '3': 2, '4': 2, '5': 2, '6': 1, '7': 2, '8': 2, '9': 1, 'draw_2': 1, 'skip': 2, 'reverse': 2}, 'red': {'0': 1, '1': 2, '2': 2, '3': 1, '4': 2, '5': 2, '6': 2, '7': 2, '8': 2, '9': 2, 'draw_2': 1, 'skip': 2, 'reverse': 2}, 'yellow': {'0': 0, '1': 1, '2': 2, '3': 1, '4': 2, '5': 1, '6': 2, '7': 1, '8': 2, '9': 0, 'draw_2': 2, 'skip': 0, 'reverse': 2}, 'black': {'wild': 3, 'wild_draw_4': 4, 'wild_shuffle': 0}, 'white': {'white_wild': 2}}
Receive draw-card event.
res_data: 
{'player': 'P-00000004', 'is_draw': True}
ã‚«ãƒ¼ãƒ‰ã‚’å¼•ãã¾ã™
Receive next-player event.
res_data: 
{
    'next_player': 'P-00000002',
    'before_player': 'P-00000004',
    'card_before': {'color': 'green', 'special': 'draw_2'},
    'card_of_player': [
        {'color': 'yellow', 'number': 9},
        {'color': 'yellow', 'special': 'skip'},
        {'color': 'green', 'number': 6},
        {'color': 'red', 'number': 3}
    ],
    'must_call_draw_card': False,
    'draw_reason': 'nothing',
    'turn_right': True,
    'number_card_play': 11,
    'number_turn_play': 14,
    'number_card_of_player': {
        'P-00000003': 6,
        'P-00000001': 4,
        'P-00000004': 11,
        'P-00000002': 4
    }
}
---æšæ•°ç…§åˆ---
èª°ï¼Ÿï¼š P-00000003
dealerã‹ã‚‰é€ã‚‰ã‚Œã¦ããŸã‚«ãƒ¼ãƒ‰æšæ•°: 6
game_statusã§è¨˜éŒ²ã—ã¦ã„ãŸã‚«ãƒ¼ãƒ‰æšæ•°: 4
æ­£ã—ã„ã‹: False
---æšæ•°ç…§åˆ---
èª°ï¼Ÿï¼š P-00000001
dealerã‹ã‚‰é€ã‚‰ã‚Œã¦ããŸã‚«ãƒ¼ãƒ‰æšæ•°: 4
game_statusã§è¨˜éŒ²ã—ã¦ã„ãŸã‚«ãƒ¼ãƒ‰æšæ•°: 5
æ­£ã—ã„ã‹: False
---æšæ•°ç…§åˆ---
èª°ï¼Ÿï¼š P-00000004
dealerã‹ã‚‰é€ã‚‰ã‚Œã¦ããŸã‚«ãƒ¼ãƒ‰æšæ•°: 11
game_statusã§è¨˜éŒ²ã—ã¦ã„ãŸã‚«ãƒ¼ãƒ‰æšæ•°: 9
æ­£ã—ã„ã‹: False
---æšæ•°ç…§åˆ---
èª°ï¼Ÿï¼š P-00000002
dealerã‹ã‚‰é€ã‚‰ã‚Œã¦ããŸã‚«ãƒ¼ãƒ‰æšæ•°: 4
game_statusã§è¨˜éŒ²ã—ã¦ã„ãŸã‚«ãƒ¼ãƒ‰æšæ•°: 5
æ­£ã—ã„ã‹: False
selected card: green 6
Send play-card event.
req_data: 
{'card_play': {'color': 'green', 'number': 6}, 'yell_uno': False}
Send play-card event.
res_data: 
{'card_play': {'color': 'green', 'number': 6}, 'yell_uno': False}
å ´æœ­ã¾ãŸã¯æ‰‹æœ­ã«ãªã„ã®ã¯
{'blue': {'0': 1, '1': 2, '2': 2, '3': 2, '4': 2, '5': 0, '6': 2, '7': 2, '8': 2, '9': 2, 'draw_2': 0, 'skip': 2, 'reverse': 2}, 'green': {'0': 1, '1': 2, '2': 1, '3': 2, '4': 2, '5': 2, '6': 1, '7': 2, '8': 2, '9': 1, 'draw_2': 1, 'skip': 2, 'reverse': 2}, 'red': {'0': 1, '1': 2, '2': 2, '3': 1, '4': 2, '5': 2, '6': 2, '7': 2, '8': 2, '9': 2, 'draw_2': 1, 'skip': 2, 'reverse': 2}, 'yellow': {'0': 0, '1': 1, '2': 2, '3': 1, '4': 2, '5': 1, '6': 2, '7': 1, '8': 2, '9': 0, 'draw_2': 2, 'skip': 0, 'reverse': 2}, 'black': {'wild': 3, 'wild_draw_4': 4, 'wild_shuffle': 0}, 'white': {'white_wild': 2}}
å ´æœ­ã¾ãŸã¯æ‰‹æœ­ã«ãªã„ã®ã¯
{'blue': {'0': 1, '1': 2, '2': 2, '3': 2, '4': 2, '5': 0, '6': 2, '7': 2, '8': 2, '9': 2, 'draw_2': 0, 'skip': 2, 'reverse': 2}, 'green': {'0': 1, '1': 2, '2': 1, '3': 2, '4': 2, '5': 2, '6': 1, '7': 2, '8': 2, '9': 1, 'draw_2': 1, 'skip': 2, 'reverse': 2}, 'red': {'0': 1, '1': 2, '2': 2, '3': 1, '4': 2, '5': 2, '6': 2, '7': 2, '8': 2, '9': 2, 'draw_2': 1, 'skip': 2, 'reverse': 2}, 'yellow': {'0': 0, '1': 1, '2': 1, '3': 1, '4': 2, '5': 1, '6': 2, '7': 1, '8': 2, '9': 0, 'draw_2': 2, 'skip': 0, 'reverse': 2}, 'black': {'wild': 3, 'wild_draw_4': 4, 'wild_shuffle': 0}, 'white': {'white_wild': 2}}
å ´æœ­ã¾ãŸã¯æ‰‹æœ­ã«ãªã„ã®ã¯
{'blue': {'0': 1, '1': 2, '2': 2, '3': 2, '4': 2, '5': 0, '6': 2, '7': 2, '8': 2, '9': 2, 'draw_2': 0, 'skip': 2, 'reverse': 2}, 'green': {'0': 1, '1': 2, '2': 1, '3': 2, '4': 2, '5': 2, '6': 1, '7': 2, '8': 2, '9': 1, 'draw_2': 1, 'skip': 2, 'reverse': 2}, 'red': {'0': 1, '1': 2, '2': 2, '3': 1, '4': 2, '5': 2, '6': 2, '7': 2, '8': 2, '9': 2, 'draw_2': 1, 'skip': 2, 'reverse': 2}, 'yellow': {'0': 0, '1': 1, '2': 1, '3': 1, '4': 1, '5': 1, '6': 2, '7': 1, '8': 2, '9': 0, 'draw_2': 2, 'skip': 0, 'reverse': 2}, 'black': {'wild': 3, 'wild_draw_4': 4, 'wild_shuffle': 0}, 'white': {'white_wild': 2}}
Receive next-player event.
res_data: 
{
    'next_player': 'P-00000002',
    'before_player': 'P-00000004',
    'card_before': {'color': 'yellow', 'number': 4},
    'card_of_player': [
        {'color': 'yellow', 'number': 9},
        {'color': 'yellow', 'special': 'skip'},
        {'color': 'red', 'number': 3}
    ],
    'must_call_draw_card': False,
    'draw_reason': 'nothing',
    'turn_right': True,
    'number_card_play': 15,
    'number_turn_play': 18,
    'number_card_of_player': {
        'P-00000003': 5,
        'P-00000001': 3,
        'P-00000004': 10,
        'P-00000002': 3
    }
}
---æšæ•°ç…§åˆ---
èª°ï¼Ÿï¼š P-00000003
dealerã‹ã‚‰é€ã‚‰ã‚Œã¦ããŸã‚«ãƒ¼ãƒ‰æšæ•°: 5
game_statusã§è¨˜éŒ²ã—ã¦ã„ãŸã‚«ãƒ¼ãƒ‰æšæ•°: 6
æ­£ã—ã„ã‹: False
---æšæ•°ç…§åˆ---
èª°ï¼Ÿï¼š P-00000001
dealerã‹ã‚‰é€ã‚‰ã‚Œã¦ããŸã‚«ãƒ¼ãƒ‰æšæ•°: 3
game_statusã§è¨˜éŒ²ã—ã¦ã„ãŸã‚«ãƒ¼ãƒ‰æšæ•°: 4
æ­£ã—ã„ã‹: False
---æšæ•°ç…§åˆ---
èª°ï¼Ÿï¼š P-00000004
dealerã‹ã‚‰é€ã‚‰ã‚Œã¦ããŸã‚«ãƒ¼ãƒ‰æšæ•°: 10
game_statusã§è¨˜éŒ²ã—ã¦ã„ãŸã‚«ãƒ¼ãƒ‰æšæ•°: 11
æ­£ã—ã„ã‹: False
---æšæ•°ç…§åˆ---
èª°ï¼Ÿï¼š P-00000002
dealerã‹ã‚‰é€ã‚‰ã‚Œã¦ããŸã‚«ãƒ¼ãƒ‰æšæ•°: 3
game_statusã§è¨˜éŒ²ã—ã¦ã„ãŸã‚«ãƒ¼ãƒ‰æšæ•°: 4
æ­£ã—ã„ã‹: False
selected card: yellow 9
Send play-card event.
req_data: 
{'card_play': {'color': 'yellow', 'number': 9}, 'yell_uno': False}
Send play-card event.
res_data: 
{'card_play': {'color': 'yellow', 'number': 9}, 'yell_uno': False}
å ´æœ­ã¾ãŸã¯æ‰‹æœ­ã«ãªã„ã®ã¯
{'blue': {'0': 1, '1': 2, '2': 2, '3': 2, '4': 2, '5': 0, '6': 2, '7': 2, '8': 2, '9': 2, 'draw_2': 0, 'skip': 2, 'reverse': 2}, 'green': {'0': 1, '1': 2, '2': 1, '3': 2, '4': 2, '5': 2, '6': 1, '7': 2, '8': 2, '9': 1, 'draw_2': 1, 'skip': 2, 'reverse': 2}, 'red': {'0': 1, '1': 2, '2': 2, '3': 1, '4': 2, '5': 2, '6': 2, '7': 2, '8': 2, '9': 2, 'draw_2': 1, 'skip': 2, 'reverse': 2}, 'yellow': {'0': 0, '1': 1, '2': 1, '3': 1, '4': 1, '5': 1, '6': 2, '7': 1, '8': 2, '9': 0, 'draw_2': 1, 'skip': 0, 'reverse': 2}, 'black': {'wild': 3, 'wild_draw_4': 4, 'wild_shuffle': 0}, 'white': {'white_wild': 2}}
Receive draw-card event.
res_data: 
{'player': 'P-00000001', 'is_draw': True}
ã‚«ãƒ¼ãƒ‰ã‚’å¼•ãã¾ã™
Receive draw-card event.
res_data: 
{'player': 'P-00000004', 'is_draw': True}
ã‚«ãƒ¼ãƒ‰ã‚’å¼•ãã¾ã™
Receive play-draw-card event.
res_data: 
{
    'is_play_card': True,
    'yell_uno': False,
    'player': 'P-00000004',
    'card_play': {'color': 'yellow', 'number': 5}
}
Receive next-player event.
res_data: 
{
    'next_player': 'P-00000002',
    'before_player': 'P-00000004',
    'card_before': {'color': 'yellow', 'number': 5},
    'card_of_player': [
        {'color': 'yellow', 'special': 'skip'},
        {'color': 'red', 'number': 3}
    ],
    'must_call_draw_card': False,
    'draw_reason': 'nothing',
    'turn_right': True,
    'number_card_play': 18,
    'number_turn_play': 22,
    'number_card_of_player': {
        'P-00000003': 4,
        'P-00000001': 5,
        'P-00000004': 10,
        'P-00000002': 2
    }
}
---æšæ•°ç…§åˆ---
èª°ï¼Ÿï¼š P-00000003
dealerã‹ã‚‰é€ã‚‰ã‚Œã¦ããŸã‚«ãƒ¼ãƒ‰æšæ•°: 4
game_statusã§è¨˜éŒ²ã—ã¦ã„ãŸã‚«ãƒ¼ãƒ‰æšæ•°: 5
æ­£ã—ã„ã‹: False
---æšæ•°ç…§åˆ---
èª°ï¼Ÿï¼š P-00000001
dealerã‹ã‚‰é€ã‚‰ã‚Œã¦ããŸã‚«ãƒ¼ãƒ‰æšæ•°: 5
game_statusã§è¨˜éŒ²ã—ã¦ã„ãŸã‚«ãƒ¼ãƒ‰æšæ•°: 3
æ­£ã—ã„ã‹: False
---æšæ•°ç…§åˆ---
èª°ï¼Ÿï¼š P-00000004
dealerã‹ã‚‰é€ã‚‰ã‚Œã¦ããŸã‚«ãƒ¼ãƒ‰æšæ•°: 10
game_statusã§è¨˜éŒ²ã—ã¦ã„ãŸã‚«ãƒ¼ãƒ‰æšæ•°: 10
æ­£ã—ã„ã‹: True
---æšæ•°ç…§åˆ---
èª°ï¼Ÿï¼š P-00000002
dealerã‹ã‚‰é€ã‚‰ã‚Œã¦ããŸã‚«ãƒ¼ãƒ‰æšæ•°: 2
game_statusã§è¨˜éŒ²ã—ã¦ã„ãŸã‚«ãƒ¼ãƒ‰æšæ•°: 3
æ­£ã—ã„ã‹: False
selected card: yellow skip
Send play-card event.
req_data: 
{'card_play': {'color': 'yellow', 'special': 'skip'}, 'yell_uno': True}
Send play-card event.
res_data: 
{'card_play': {'color': 'yellow', 'special': 'skip'}, 'yell_uno': True}
UNOã‚³ãƒ¼ãƒ«ã‚’å¿˜ã‚Œã¦ã„ã‚‹ã“ã¨ã‚’æŒ‡æ‘˜
{'pointer': 'P-00000001', 'target': 'P-00000002', 'have_say_uno': True}
Receive pointed-not-say-uno event.
res_data: 
{'pointer': 'P-00000001', 'target': 'P-00000002', 'have_say_uno': True}
å ´æœ­ã¾ãŸã¯æ‰‹æœ­ã«ãªã„ã®ã¯
{'blue': {'0': 1, '1': 2, '2': 2, '3': 2, '4': 2, '5': 0, '6': 2, '7': 2, '8': 2, '9': 2, 'draw_2': 0, 'skip': 2, 'reverse': 2}, 'green': {'0': 1, '1': 2, '2': 1, '3': 2, '4': 2, '5': 2, '6': 1, '7': 2, '8': 2, '9': 1, 'draw_2': 1, 'skip': 2, 'reverse': 2}, 'red': {'0': 1, '1': 2, '2': 2, '3': 1, '4': 2, '5': 2, '6': 2, '7': 2, '8': 2, '9': 2, 'draw_2': 1, 'skip': 2, 'reverse': 2}, 'yellow': {'0': 0, '1': 1, '2': 1, '3': 0, '4': 1, '5': 1, '6': 2, '7': 1, '8': 2, '9': 0, 'draw_2': 1, 'skip': 0, 'reverse': 2}, 'black': {'wild': 3, 'wild_draw_4': 4, 'wild_shuffle': 0}, 'white': {'white_wild': 2}}
Receive draw-card event.
res_data: 
{'player': 'P-00000004', 'is_draw': True}
ã‚«ãƒ¼ãƒ‰ã‚’å¼•ãã¾ã™
Receive play-draw-card event.
res_data: 
{
    'is_play_card': True,
    'yell_uno': False,
    'player': 'P-00000004',
    'card_play': {'color': 'yellow', 'special': 'reverse'}
}
å ´æœ­ã¾ãŸã¯æ‰‹æœ­ã«ãªã„ã®ã¯
{'blue': {'0': 1, '1': 2, '2': 2, '3': 2, '4': 2, '5': 0, '6': 2, '7': 2, '8': 2, '9': 2, 'draw_2': 0, 'skip': 2, 'reverse': 2}, 'green': {'0': 1, '1': 2, '2': 1, '3': 2, '4': 2, '5': 2, '6': 1, '7': 2, '8': 2, '9': 1, 'draw_2': 1, 'skip': 2, 'reverse': 2}, 'red': {'0': 1, '1': 2, '2': 2, '3': 1, '4': 2, '5': 2, '6': 2, '7': 2, '8': 2, '9': 2, 'draw_2': 1, 'skip': 2, 'reverse': 2}, 'yellow': {'0': 0, '1': 0, '2': 1, '3': 0, '4': 1, '5': 1, '6': 2, '7': 1, '8': 2, '9': 0, 'draw_2': 1, 'skip': 0, 'reverse': 2}, 'black': {'wild': 3, 'wild_draw_4': 4, 'wild_shuffle': 0}, 'white': {'white_wild': 2}}
Receive draw-card event.
res_data: 
{'player': 'P-00000003', 'is_draw': True}
ã‚«ãƒ¼ãƒ‰ã‚’å¼•ãã¾ã™
Receive next-player event.
res_data: 
{
    'next_player': 'P-00000002',
    'before_player': 'P-00000003',
    'card_before': {'color': 'yellow', 'number': 1},
    'card_of_player': [{'color': 'red', 'number': 3}],
    'must_call_draw_card': False,
    'draw_reason': 'nothing',
    'turn_right': False,
    'number_card_play': 22,
    'number_turn_play': 27,
    'number_card_of_player': {
        'P-00000003': 5,
        'P-00000001': 3,
        'P-00000004': 10,
        'P-00000002': 1
    }
}
---æšæ•°ç…§åˆ---
èª°ï¼Ÿï¼š P-00000003
dealerã‹ã‚‰é€ã‚‰ã‚Œã¦ããŸã‚«ãƒ¼ãƒ‰æšæ•°: 5
game_statusã§è¨˜éŒ²ã—ã¦ã„ãŸã‚«ãƒ¼ãƒ‰æšæ•°: 4
æ­£ã—ã„ã‹: False
---æšæ•°ç…§åˆ---
èª°ï¼Ÿï¼š P-00000001
dealerã‹ã‚‰é€ã‚‰ã‚Œã¦ããŸã‚«ãƒ¼ãƒ‰æšæ•°: 3
game_statusã§è¨˜éŒ²ã—ã¦ã„ãŸã‚«ãƒ¼ãƒ‰æšæ•°: 5
æ­£ã—ã„ã‹: False
---æšæ•°ç…§åˆ---
èª°ï¼Ÿï¼š P-00000004
dealerã‹ã‚‰é€ã‚‰ã‚Œã¦ããŸã‚«ãƒ¼ãƒ‰æšæ•°: 10
game_statusã§è¨˜éŒ²ã—ã¦ã„ãŸã‚«ãƒ¼ãƒ‰æšæ•°: 10
æ­£ã—ã„ã‹: True
---æšæ•°ç…§åˆ---
èª°ï¼Ÿï¼š P-00000002
dealerã‹ã‚‰é€ã‚‰ã‚Œã¦ããŸã‚«ãƒ¼ãƒ‰æšæ•°: 1
game_statusã§è¨˜éŒ²ã—ã¦ã„ãŸã‚«ãƒ¼ãƒ‰æšæ•°: 2
æ­£ã—ã„ã‹: False
Send draw-card event.
req_data: 
{}
å ´æœ­ã¾ãŸã¯æ‰‹æœ­ã«ãªã„ã®ã¯
{'blue': {'0': 1, '1': 2, '2': 2, '3': 2, '4': 2, '5': 0, '6': 2, '7': 2, '8': 2, '9': 2, 'draw_2': 0, 'skip': 2, 'reverse': 2}, 'green': {'0': 1, '1': 2, '2': 1, '3': 2, '4': 2, '5': 2, '6': 1, '7': 2, '8': 2, '9': 1, 'draw_2': 1, 'skip': 2, 'reverse': 2}, 'red': {'0': 1, '1': 1, '2': 2, '3': 1, '4': 2, '5': 2, '6': 2, '7': 2, '8': 2, '9': 2, 'draw_2': 1, 'skip': 2, 'reverse': 2}, 'yellow': {'0': 0, '1': 0, '2': 1, '3': 0, '4': 1, '5': 1, '6': 2, '7': 1, '8': 2, '9': 0, 'draw_2': 1, 'skip': 0, 'reverse': 2}, 'black': {'wild': 3, 'wild_draw_4': 4, 'wild_shuffle': 0}, 'white': {'white_wild': 2}}
Receive receiver-card event.
res_data: 
{'cards_receive': [{'color': 'red', 'number': 1}], 'is_penalty': False}
Receive draw-card event.
res_data: 
{'player': 'P-00000002', 'is_draw': True}
ã‚«ãƒ¼ãƒ‰ã‚’å¼•ãã¾ã™
Send draw-card event.
res_data: 
{
    'player': 'P-00000002',
    'is_draw': True,
    'draw_card': [{'color': 'red', 'number': 1}],
    'can_play_draw_card': True
}
Send play-draw-card event.
req_data: 
{'is_play_card': True, 'yell_uno': True}
Receive play-draw-card event.
res_data: 
{
    'is_play_card': True,
    'yell_uno': True,
    'player': 'P-00000002',
    'card_play': {'color': 'red', 'number': 1}
}
Send play-draw-card event.
res_data: 
{'is_play_card': True, 'yell_uno': True}
å ´æœ­ã¾ãŸã¯æ‰‹æœ­ã«ãªã„ã®ã¯
{'blue': {'0': 1, '1': 2, '2': 2, '3': 2, '4': 2, '5': 0, '6': 2, '7': 2, '8': 2, '9': 2, 'draw_2': 0, 'skip': 2, 'reverse': 2}, 'green': {'0': 1, '1': 2, '2': 1, '3': 2, '4': 2, '5': 2, '6': 1, '7': 2, '8': 2, '9': 1, 'draw_2': 1, 'skip': 2, 'reverse': 2}, 'red': {'0': 1, '1': 1, '2': 2, '3': 1, '4': 2, '5': 2, '6': 2, '7': 2, '8': 2, '9': 1, 'draw_2': 1, 'skip': 2, 'reverse': 2}, 'yellow': {'0': 0, '1': 0, '2': 1, '3': 0, '4': 1, '5': 1, '6': 2, '7': 1, '8': 2, '9': 0, 'draw_2': 1, 'skip': 0, 'reverse': 2}, 'black': {'wild': 3, 'wild_draw_4': 4, 'wild_shuffle': 0}, 'white': {'white_wild': 2}}
å ´æœ­ã¾ãŸã¯æ‰‹æœ­ã«ãªã„ã®ã¯
{'blue': {'0': 1, '1': 2, '2': 2, '3': 2, '4': 2, '5': 0, '6': 2, '7': 2, '8': 2, '9': 2, 'draw_2': 0, 'skip': 2, 'reverse': 2}, 'green': {'0': 1, '1': 2, '2': 1, '3': 2, '4': 2, '5': 2, '6': 1, '7': 2, '8': 2, '9': 1, 'draw_2': 1, 'skip': 2, 'reverse': 2}, 'red': {'0': 1, '1': 1, '2': 2, '3': 1, '4': 2, '5': 2, '6': 1, '7': 2, '8': 2, '9': 1, 'draw_2': 1, 'skip': 2, 'reverse': 2}, 'yellow': {'0': 0, '1': 0, '2': 1, '3': 0, '4': 1, '5': 1, '6': 2, '7': 1, '8': 2, '9': 0, 'draw_2': 1, 'skip': 0, 'reverse': 2}, 'black': {'wild': 3, 'wild_draw_4': 4, 'wild_shuffle': 0}, 'white': {'white_wild': 2}}
å ´æœ­ã¾ãŸã¯æ‰‹æœ­ã«ãªã„ã®ã¯
{'blue': {'0': 1, '1': 2, '2': 2, '3': 2, '4': 2, '5': 0, '6': 2, '7': 2, '8': 2, '9': 2, 'draw_2': 0, 'skip': 2, 'reverse': 2}, 'green': {'0': 1, '1': 2, '2': 1, '3': 2, '4': 2, '5': 2, '6': 1, '7': 2, '8': 2, '9': 1, 'draw_2': 1, 'skip': 2, 'reverse': 2}, 'red': {'0': 1, '1': 1, '2': 2, '3': 1, '4': 2, '5': 2, '6': 1, '7': 2, '8': 2, '9': 1, 'draw_2': 1, 'skip': 2, 'reverse': 1}, 'yellow': {'0': 0, '1': 0, '2': 1, '3': 0, '4': 1, '5': 1, '6': 2, '7': 1, '8': 2, '9': 0, 'draw_2': 1, 'skip': 0, 'reverse': 2}, 'black': {'wild': 3, 'wild_draw_4': 4, 'wild_shuffle': 0}, 'white': {'white_wild': 2}}
åè»¢ç™ºå‹•
{'P-00000003': {'ä½ç½®': 'ç›´å¾Œ', 'UNO': False}, 'P-00000001': {'ä½ç½®': 'å¯¾é¢', 'UNO': False}, 'P-00000004': {'ä½ç½®': 'ç›´å‰', 'UNO': False}}
Receive draw-card event.
res_data: 
{'player': 'P-00000001', 'is_draw': True}
ã‚«ãƒ¼ãƒ‰ã‚’å¼•ãã¾ã™
Receive play-draw-card event.
res_data: 
{
    'is_play_card': True,
    'yell_uno': False,
    'player': 'P-00000001',
    'card_play': {'color': 'red', 'number': 8}
}
å ´æœ­ã¾ãŸã¯æ‰‹æœ­ã«ãªã„ã®ã¯
{'blue': {'0': 1, '1': 2, '2': 2, '3': 2, '4': 2, '5': 0, '6': 2, '7': 2, '8': 1, '9': 2, 'draw_2': 0, 'skip': 2, 'reverse': 2}, 'green': {'0': 1, '1': 2, '2': 1, '3': 2, '4': 2, '5': 2, '6': 1, '7': 2, '8': 2, '9': 1, 'draw_2': 1, 'skip': 2, 'reverse': 2}, 'red': {'0': 1, '1': 1, '2': 2, '3': 1, '4': 2, '5': 2, '6': 1, '7': 2, '8': 2, '9': 1, 'draw_2': 1, 'skip': 2, 'reverse': 1}, 'yellow': {'0': 0, '1': 0, '2': 1, '3': 0, '4': 1, '5': 1, '6': 2, '7': 1, '8': 2, '9': 0, 'draw_2': 1, 'skip': 0, 'reverse': 2}, 'black': {'wild': 3, 'wild_draw_4': 4, 'wild_shuffle': 0}, 'white': {'white_wild': 2}}
Receive next-player event.
res_data: 
{
    'next_player': 'P-00000002',
    'before_player': 'P-00000004',
    'card_before': {'color': 'blue', 'number': 8},
    'card_of_player': [{'color': 'red', 'number': 3}],
    'must_call_draw_card': False,
    'draw_reason': 'nothing',
    'turn_right': True,
    'number_card_play': 28,
    'number_turn_play': 33,
    'number_card_of_player': {
        'P-00000003': 4,
        'P-00000001': 2,
        'P-00000004': 8,
        'P-00000002': 1
    }
}
---æšæ•°ç…§åˆ---
èª°ï¼Ÿï¼š P-00000003
dealerã‹ã‚‰é€ã‚‰ã‚Œã¦ããŸã‚«ãƒ¼ãƒ‰æšæ•°: 4
game_statusã§è¨˜éŒ²ã—ã¦ã„ãŸã‚«ãƒ¼ãƒ‰æšæ•°: 5
æ­£ã—ã„ã‹: False
---æšæ•°ç…§åˆ---
èª°ï¼Ÿï¼š P-00000001
dealerã‹ã‚‰é€ã‚‰ã‚Œã¦ããŸã‚«ãƒ¼ãƒ‰æšæ•°: 2
game_statusã§è¨˜éŒ²ã—ã¦ã„ãŸã‚«ãƒ¼ãƒ‰æšæ•°: 3
æ­£ã—ã„ã‹: False
---æšæ•°ç…§åˆ---
èª°ï¼Ÿï¼š P-00000004
dealerã‹ã‚‰é€ã‚‰ã‚Œã¦ããŸã‚«ãƒ¼ãƒ‰æšæ•°: 8
game_statusã§è¨˜éŒ²ã—ã¦ã„ãŸã‚«ãƒ¼ãƒ‰æšæ•°: 10
æ­£ã—ã„ã‹: False
---æšæ•°ç…§åˆ---
èª°ï¼Ÿï¼š P-00000002
dealerã‹ã‚‰é€ã‚‰ã‚Œã¦ããŸã‚«ãƒ¼ãƒ‰æšæ•°: 1
game_statusã§è¨˜éŒ²ã—ã¦ã„ãŸã‚«ãƒ¼ãƒ‰æšæ•°: 1
æ­£ã—ã„ã‹: True
Send draw-card event.
req_data: 
{}
å ´æœ­ã¾ãŸã¯æ‰‹æœ­ã«ãªã„ã®ã¯
{'blue': {'0': 1, '1': 2, '2': 2, '3': 2, '4': 2, '5': 0, '6': 2, '7': 2, '8': 1, '9': 2, 'draw_2': 0, 'skip': 2, 'reverse': 2}, 'green': {'0': 1, '1': 2, '2': 0, '3': 2, '4': 2, '5': 2, '6': 1, '7': 2, '8': 2, '9': 1, 'draw_2': 1, 'skip': 2, 'reverse': 2}, 'red': {'0': 1, '1': 1, '2': 2, '3': 1, '4': 2, '5': 2, '6': 1, '7': 2, '8': 2, '9': 1, 'draw_2': 1, 'skip': 2, 'reverse': 1}, 'yellow': {'0': 0, '1': 0, '2': 1, '3': 0, '4': 1, '5': 1, '6': 2, '7': 1, '8': 2, '9': 0, 'draw_2': 1, 'skip': 0, 'reverse': 2}, 'black': {'wild': 3, 'wild_draw_4': 4, 'wild_shuffle': 0}, 'white': {'white_wild': 2}}
Receive receiver-card event.
res_data: 
{'cards_receive': [{'color': 'green', 'number': 2}], 'is_penalty': False}
Receive draw-card event.
res_data: 
{'player': 'P-00000002', 'is_draw': True}
ã‚«ãƒ¼ãƒ‰ã‚’å¼•ãã¾ã™
Send draw-card event.
res_data: 
{
    'player': 'P-00000002',
    'is_draw': True,
    'can_play_draw_card': False,
    'draw_card': [{'color': 'green', 'number': 2}]
}
Receive draw-card event.
res_data: 
{'player': 'P-00000003', 'is_draw': True}
ã‚«ãƒ¼ãƒ‰ã‚’å¼•ãã¾ã™
å ´æœ­ã¾ãŸã¯æ‰‹æœ­ã«ãªã„ã®ã¯
{'blue': {'0': 1, '1': 2, '2': 2, '3': 1, '4': 2, '5': 0, '6': 2, '7': 2, '8': 1, '9': 2, 'draw_2': 0, 'skip': 2, 'reverse': 2}, 'green': {'0': 1, '1': 2, '2': 0, '3': 2, '4': 2, '5': 2, '6': 1, '7': 2, '8': 2, '9': 1, 'draw_2': 1, 'skip': 2, 'reverse': 2}, 'red': {'0': 1, '1': 1, '2': 2, '3': 1, '4': 2, '5': 2, '6': 1, '7': 2, '8': 2, '9': 1, 'draw_2': 1, 'skip': 2, 'reverse': 1}, 'yellow': {'0': 0, '1': 0, '2': 1, '3': 0, '4': 1, '5': 1, '6': 2, '7': 1, '8': 2, '9': 0, 'draw_2': 1, 'skip': 0, 'reverse': 2}, 'black': {'wild': 3, 'wild_draw_4': 4, 'wild_shuffle': 0}, 'white': {'white_wild': 2}}
å ´æœ­ã¾ãŸã¯æ‰‹æœ­ã«ãªã„ã®ã¯
{'blue': {'0': 1, '1': 2, '2': 1, '3': 1, '4': 2, '5': 0, '6': 2, '7': 2, '8': 1, '9': 2, 'draw_2': 0, 'skip': 2, 'reverse': 2}, 'green': {'0': 1, '1': 2, '2': 0, '3': 2, '4': 2, '5': 2, '6': 1, '7': 2, '8': 2, '9': 1, 'draw_2': 1, 'skip': 2, 'reverse': 2}, 'red': {'0': 1, '1': 1, '2': 2, '3': 1, '4': 2, '5': 2, '6': 1, '7': 2, '8': 2, '9': 1, 'draw_2': 1, 'skip': 2, 'reverse': 1}, 'yellow': {'0': 0, '1': 0, '2': 1, '3': 0, '4': 1, '5': 1, '6': 2, '7': 1, '8': 2, '9': 0, 'draw_2': 1, 'skip': 0, 'reverse': 2}, 'black': {'wild': 3, 'wild_draw_4': 4, 'wild_shuffle': 0}, 'white': {'white_wild': 2}}
Receive next-player event.
res_data: 
{
    'next_player': 'P-00000002',
    'before_player': 'P-00000004',
    'card_before': {'color': 'blue', 'number': 2},
    'card_of_player': [
        {'color': 'green', 'number': 2},
        {'color': 'red', 'number': 3}
    ],
    'must_call_draw_card': False,
    'draw_reason': 'nothing',
    'turn_right': True,
    'number_card_play': 30,
    'number_turn_play': 37,
    'number_card_of_player': {
        'P-00000003': 5,
        'P-00000001': 1,
        'P-00000004': 7,
        'P-00000002': 2
    }
}
---æšæ•°ç…§åˆ---
èª°ï¼Ÿï¼š P-00000003
dealerã‹ã‚‰é€ã‚‰ã‚Œã¦ããŸã‚«ãƒ¼ãƒ‰æšæ•°: 5
game_statusã§è¨˜éŒ²ã—ã¦ã„ãŸã‚«ãƒ¼ãƒ‰æšæ•°: 4
æ­£ã—ã„ã‹: False
---æšæ•°ç…§åˆ---
èª°ï¼Ÿï¼š P-00000001
dealerã‹ã‚‰é€ã‚‰ã‚Œã¦ããŸã‚«ãƒ¼ãƒ‰æšæ•°: 1
game_statusã§è¨˜éŒ²ã—ã¦ã„ãŸã‚«ãƒ¼ãƒ‰æšæ•°: 2
æ­£ã—ã„ã‹: False
---æšæ•°ç…§åˆ---
èª°ï¼Ÿï¼š P-00000004
dealerã‹ã‚‰é€ã‚‰ã‚Œã¦ããŸã‚«ãƒ¼ãƒ‰æšæ•°: 7
game_statusã§è¨˜éŒ²ã—ã¦ã„ãŸã‚«ãƒ¼ãƒ‰æšæ•°: 8
æ­£ã—ã„ã‹: False
---æšæ•°ç…§åˆ---
èª°ï¼Ÿï¼š P-00000002
dealerã‹ã‚‰é€ã‚‰ã‚Œã¦ããŸã‚«ãƒ¼ãƒ‰æšæ•°: 2
game_statusã§è¨˜éŒ²ã—ã¦ã„ãŸã‚«ãƒ¼ãƒ‰æšæ•°: 1
æ­£ã—ã„ã‹: False
Send pointed-not-say-uno event.
req_data: 
{'target': 'P-00000001'}
selected card: green 2
Send play-card event.
req_data: 
{'card_play': {'color': 'green', 'number': 2}, 'yell_uno': True}
pointed-not-say-uno event failed!
{'message': 'Out of target.', 'code': 'bad_request', 'status': 400}
Send play-card event.
res_data: 
{'card_play': {'color': 'green', 'number': 2}, 'yell_uno': True}
å ´æœ­ã¾ãŸã¯æ‰‹æœ­ã«ãªã„ã®ã¯
{'blue': {'0': 1, '1': 2, '2': 1, '3': 1, '4': 2, '5': 0, '6': 2, '7': 2, '8': 1, '9': 2, 'draw_2': 0, 'skip': 2, 'reverse': 2}, 'green': {'0': 1, '1': 2, '2': 0, '3': 2, '4': 2, '5': 2, '6': 1, '7': 1, '8': 2, '9': 1, 'draw_2': 1, 'skip': 2, 'reverse': 2}, 'red': {'0': 1, '1': 1, '2': 2, '3': 1, '4': 2, '5': 2, '6': 1, '7': 2, '8': 2, '9': 1, 'draw_2': 1, 'skip': 2, 'reverse': 1}, 'yellow': {'0': 0, '1': 0, '2': 1, '3': 0, '4': 1, '5': 1, '6': 2, '7': 1, '8': 2, '9': 0, 'draw_2': 1, 'skip': 0, 'reverse': 2}, 'black': {'wild': 3, 'wild_draw_4': 4, 'wild_shuffle': 0}, 'white': {'white_wild': 2}}
å ´æœ­ã¾ãŸã¯æ‰‹æœ­ã«ãªã„ã®ã¯
{'blue': {'0': 1, '1': 2, '2': 1, '3': 1, '4': 2, '5': 0, '6': 2, '7': 2, '8': 1, '9': 2, 'draw_2': 0, 'skip': 2, 'reverse': 2}, 'green': {'0': 1, '1': 2, '2': 0, '3': 1, '4': 2, '5': 2, '6': 1, '7': 1, '8': 2, '9': 1, 'draw_2': 1, 'skip': 2, 'reverse': 2}, 'red': {'0': 1, '1': 1, '2': 2, '3': 1, '4': 2, '5': 2, '6': 1, '7': 2, '8': 2, '9': 1, 'draw_2': 1, 'skip': 2, 'reverse': 1}, 'yellow': {'0': 0, '1': 0, '2': 1, '3': 0, '4': 1, '5': 1, '6': 2, '7': 1, '8': 2, '9': 0, 'draw_2': 1, 'skip': 0, 'reverse': 2}, 'black': {'wild': 3, 'wild_draw_4': 4, 'wild_shuffle': 0}, 'white': {'white_wild': 2}}
Receive finish-turn event.
res_data: 
{
    'winner': 'P-00000001',
    'turn_no': 184,
    'score': {
        'P-00000003': -36,
        'P-00000004': -58,
        'P-00000002': -3,
        'P-00000001': 97
    }
}
Receive finish-game event.
res_data: 
{
    'winner': 'P-00000001',
    'turn_win': 51,
    'order': {
        'P-00000001': 51,
        'P-00000004': 47,
        'P-00000003': 42,
        'P-00000002': 41
    },
    'total_score': {
        'P-00000001': 2257,
        'P-00000004': 155,
        'P-00000002': -710,
        'P-00000003': -1702
    }
}
Client disconnect.
