Host: http://host.docker.internal:8080
Dealer: D2, Player: P1
Client connect successfully!
Send join-room event.
req_data: 
{'room_name': 'D2', 'player': 'P1'}
Receive join-room event.
res_data: 
{'room_name': 'D2', 'player': 'P1'}
Send join-room event.
res_data: 
{
    'room_name': 'D2',
    'player': 'P1',
    'game_id': 'D-00000002',
    'your_id': 'P-00000001',
    'total_turn': 1,
    'white_wild': 'skip_bind_2'
}
Client join room successfully!
My id is P-00000001
Receive join-room event.
res_data: 
{'room_name': 'D2', 'player': 'Alternative 2'}
Receive join-room event.
res_data: 
{'room_name': 'D2', 'player': 'Alternative 3'}
Receive join-room event.
res_data: 
{'room_name': 'D2', 'player': 'Alternative 4'}
場札または手札にないのは
カードステータス: {'blue': {'0': 1, '1': 2, '2': 2, '3': 2, '4': 2, '5': 2, '6': 2, '7': 2, '8': 2, '9': 2, 'draw_2': 2, 'skip': 2, 'reverse': 2}, 'green': {'0': 1, '1': 2, '2': 2, '3': 2, '4': 2, '5': 2, '6': 2, '7': 1, '8': 1, '9': 2, 'draw_2': 2, 'skip': 2, 'reverse': 2}, 'red': {'0': 1, '1': 1, '2': 2, '3': 2, '4': 2, '5': 2, '6': 2, '7': 2, '8': 2, '9': 2, 'draw_2': 2, 'skip': 2, 'reverse': 1}, 'yellow': {'0': 1, '1': 2, '2': 2, '3': 2, '4': 2, '5': 2, '6': 2, '7': 2, '8': 2, '9': 1, 'draw_2': 2, 'skip': 2, 'reverse': 2}, 'black': {'wild': 3, 'wild_draw_4': 4, 'wild_shuffle': 1}, 'white': {'white_wild': 2}}
私の手札は
[
    {'color': 'white', 'special': 'white_wild'},
    {'color': 'red', 'number': 1},
    {'color': 'yellow', 'number': 9},
    {'color': 'red', 'special': 'reverse'},
    {'color': 'black', 'special': 'wild'},
    {'color': 'green', 'number': 7},
    {'color': 'green', 'number': 8}
]
Receive receiver-card event.
Receive first-player event.
res_data: 
{
    'cards_receive': [
        {'color': 'white', 'special': 'white_wild'},
        {'color': 'red', 'number': 1},
        {'color': 'yellow', 'number': 9},
        {'color': 'red', 'special': 'reverse'},
        {'color': 'black', 'special': 'wild'},
        {'color': 'green', 'number': 7},
        {'color': 'green', 'number': 8}
    ],
    'is_penalty': False
}
res_data: 
{
    'first_player': 'P-00000003',
    'first_card': {'color': 'blue', 'special': 'draw_2'},
    'play_order': ['P-00000003', 'P-00000001', 'P-00000004', 'P-00000002'],
    'total_turn': 1,
    'white_wild': 'skip_bind_2'
}
Receive draw-card event.
res_data: 
{'player': 'P-00000003', 'is_draw': True}
---P-00000003がカードを引きます---
引く理由: draw_2
---更新前---
山札:83枚
P-00000003:7枚 P-00000001:7枚 P-00000004:7枚 P-00000002:7枚 
---更新後---
山札からP-00000003へ2枚移動
山札:81枚
P-00000003:9枚 P-00000001:7枚 P-00000004:7枚 P-00000002:7枚 
私はP-00000001です
---枚数照合---
誰？： P-00000003
dealerから送られてきたカード枚数: 9
game_statusで記録していたカード枚数: 9
正しいか: True
---枚数照合---
誰？： P-00000001
dealerから送られてきたカード枚数: 7
game_statusで記録していたカード枚数: 7
正しいか: True
---枚数照合---
誰？： P-00000004
dealerから送られてきたカード枚数: 7
game_statusで記録していたカード枚数: 7
正しいか: True
---枚数照合---
誰？： P-00000002
dealerから送られてきたカード枚数: 7
game_statusで記録していたカード枚数: 7
正しいか: True
Receive next-player event.
res_data: 
{
    'next_player': 'P-00000001',
    'before_player': 'P-00000003',
    'card_before': {'color': 'blue', 'special': 'draw_2'},
    'card_of_player': [
        {'color': 'yellow', 'number': 9},
        {'color': 'green', 'number': 7},
        {'color': 'green', 'number': 8},
        {'color': 'red', 'number': 1},
        {'color': 'red', 'special': 'reverse'},
        {'color': 'black', 'special': 'wild'},
        {'color': 'white', 'special': 'white_wild'}
    ],
    'must_call_draw_card': False,
    'draw_reason': 'nothing',
    'turn_right': True,
    'number_card_play': 1,
    'number_turn_play': 1,
    'number_card_of_player': {
        'P-00000003': 9,
        'P-00000001': 7,
        'P-00000004': 7,
        'P-00000002': 7
    }
}
出せるのは(offensive)
[{'color': 'black', 'special': 'wild'}, {'color': 'white', 'special': 'white_wild'}]
selected card: black wild
change_card
[('red', 2), ('green', 2), ('yellow', 1), ('blue', 0)]
Send play-card event.
req_data: 
{
    'card_play': {'color': 'black', 'special': 'wild'},
    'yell_uno': False,
    'color_of_wild': 'green'
}
---場にカードを出した---
プレイヤー: P-00000001
カード: {'color': 'black', 'special': 'wild'}
山札の枚数: 81
場の枚数: 2
P-00000003の枚数: 9
P-00000001の枚数: 6
P-00000004の枚数: 7
P-00000002の枚数: 7
カード合計: 112
CHECK: True
最後に記録されたカード: {'color': 'black', 'special': 'wild'}
Receive play-card event.
res_data: 
{
    'card_play': {'color': 'black', 'special': 'wild'},
    'yell_uno': False,
    'color_of_wild': 'green',
    'player': 'P-00000001'
}
Receive update-color event.
res_data: 
{'color': 'green'}
Send play-card event.
res_data: 
{
    'card_play': {'color': 'black', 'special': 'wild'},
    'yell_uno': False,
    'color_of_wild': 'green'
}
私以外だよ
場札または手札にないのは
カードステータス: {'blue': {'0': 1, '1': 2, '2': 2, '3': 2, '4': 2, '5': 2, '6': 2, '7': 2, '8': 2, '9': 2, 'draw_2': 2, 'skip': 2, 'reverse': 2}, 'green': {'0': 1, '1': 2, '2': 2, '3': 2, '4': 2, '5': 2, '6': 2, '7': 1, '8': 1, '9': 2, 'draw_2': 2, 'skip': 2, 'reverse': 2}, 'red': {'0': 1, '1': 1, '2': 2, '3': 2, '4': 2, '5': 2, '6': 2, '7': 2, '8': 2, '9': 2, 'draw_2': 2, 'skip': 2, 'reverse': 1}, 'yellow': {'0': 1, '1': 2, '2': 2, '3': 2, '4': 2, '5': 2, '6': 2, '7': 2, '8': 2, '9': 1, 'draw_2': 2, 'skip': 2, 'reverse': 2}, 'black': {'wild': 2, 'wild_draw_4': 4, 'wild_shuffle': 1}, 'white': {'white_wild': 2}}
---場にカードを出した---
プレイヤー: P-00000004
カード: {'color': 'black', 'special': 'wild'}
山札の枚数: 81
場の枚数: 3
P-00000003の枚数: 9
P-00000001の枚数: 6
P-00000004の枚数: 6
P-00000002の枚数: 7
カード合計: 112
CHECK: True
最後に記録されたカード: {'color': 'black', 'special': 'wild'}
Receive play-card event.
res_data: 
{
    'card_play': {'color': 'black', 'special': 'wild'},
    'yell_uno': False,
    'color_of_wild': 'red',
    'player': 'P-00000004'
}
Receive update-color event.
res_data: 
{'color': 'red'}
私以外だよ
場札または手札にないのは
カードステータス: {'blue': {'0': 1, '1': 2, '2': 2, '3': 2, '4': 2, '5': 2, '6': 2, '7': 2, '8': 2, '9': 2, 'draw_2': 2, 'skip': 2, 'reverse': 2}, 'green': {'0': 1, '1': 2, '2': 2, '3': 2, '4': 2, '5': 2, '6': 2, '7': 1, '8': 1, '9': 2, 'draw_2': 2, 'skip': 2, 'reverse': 2}, 'red': {'0': 1, '1': 1, '2': 2, '3': 2, '4': 2, '5': 2, '6': 2, '7': 2, '8': 2, '9': 2, 'draw_2': 2, 'skip': 2, 'reverse': 1}, 'yellow': {'0': 1, '1': 2, '2': 2, '3': 2, '4': 2, '5': 2, '6': 2, '7': 2, '8': 2, '9': 1, 'draw_2': 2, 'skip': 2, 'reverse': 2}, 'black': {'wild': 2, 'wild_draw_4': 3, 'wild_shuffle': 1}, 'white': {'white_wild': 2}}
---場にカードを出した---
プレイヤー: P-00000002
カード: {'color': 'black', 'special': 'wild_draw_4'}
山札の枚数: 81
場の枚数: 4
P-00000003の枚数: 9
P-00000001の枚数: 6
P-00000004の枚数: 6
P-00000002の枚数: 6
カード合計: 112
CHECK: True
最後に記録されたカード: {'color': 'black', 'special': 'wild_draw_4'}
Receive play-card event.
res_data: 
{
    'card_play': {'color': 'black', 'special': 'wild_draw_4'},
    'yell_uno': False,
    'color_of_wild': 'green',
    'player': 'P-00000002'
}
Receive update-color event.
res_data: 
{'color': 'green'}
---P-00000003がカードを引きます---
引く理由: wild_draw_4
---更新前---
山札:81枚
P-00000003:9枚 P-00000001:6枚 P-00000004:6枚 P-00000002:6枚 
---更新後---
山札からP-00000003へ4枚移動
山札:77枚
P-00000003:13枚 P-00000001:6枚 P-00000004:6枚 P-00000002:6枚 
---P-00000003がカードを引きます---
引く理由: ペナルティ
---更新前---
山札:77枚
P-00000003:13枚 P-00000001:6枚 P-00000004:6枚 P-00000002:6枚 
25枚以下制約あり
---更新後---
山札からP-00000003へ2枚移動
山札:75枚
P-00000003:15枚 P-00000001:6枚 P-00000004:6枚 P-00000002:6枚 
Receive challenge event.
res_data: 
{
    'challenger': 'P-00000003',
    'target': 'P-00000002',
    'is_challenge': True,
    'is_challenge_success': False
}
私はP-00000001です
---枚数照合---
誰？： P-00000003
dealerから送られてきたカード枚数: 15
game_statusで記録していたカード枚数: 15
正しいか: True
---枚数照合---
誰？： P-00000001
dealerから送られてきたカード枚数: 6
game_statusで記録していたカード枚数: 6
正しいか: True
---枚数照合---
誰？： P-00000004
dealerから送られてきたカード枚数: 6
game_statusで記録していたカード枚数: 6
正しいか: True
---枚数照合---
誰？： P-00000002
dealerから送られてきたカード枚数: 6
game_statusで記録していたカード枚数: 6
正しいか: True
Receive next-player event.
res_data: 
{
    'next_player': 'P-00000001',
    'before_player': 'P-00000003',
    'card_before': {'color': 'green', 'special': 'wild_draw_4'},
    'card_of_player': [
        {'color': 'yellow', 'number': 9},
        {'color': 'green', 'number': 7},
        {'color': 'green', 'number': 8},
        {'color': 'red', 'number': 1},
        {'color': 'red', 'special': 'reverse'},
        {'color': 'white', 'special': 'white_wild'}
    ],
    'must_call_draw_card': False,
    'draw_reason': 'nothing',
    'turn_right': True,
    'number_card_play': 4,
    'number_turn_play': 5,
    'number_card_of_player': {
        'P-00000003': 15,
        'P-00000001': 6,
        'P-00000004': 6,
        'P-00000002': 6
    }
}
出せるのは(offensive)
[{'color': 'green', 'number': 8}, {'color': 'green', 'number': 7}, {'color': 'white', 'special': 'white_wild'}]
selected card: green 8
Send play-card event.
req_data: 
{'card_play': {'color': 'green', 'number': 8}, 'yell_uno': False}
今のは{'card_counts': 5, 'card': {'color': 'green', 'number': 8}}
その前は{'card_counts': 6, 'card': {'color': 'black', 'special': 'wild'}}
---場にカードを出した---
プレイヤー: P-00000001
カード: {'color': 'green', 'number': 8}
山札の枚数: 75
場の枚数: 5
P-00000003の枚数: 15
P-00000001の枚数: 5
P-00000004の枚数: 6
P-00000002の枚数: 6
カード合計: 112
CHECK: True
最後に記録されたカード: {'color': 'green', 'number': 8}
Receive play-card event.
res_data: 
{
    'card_play': {'color': 'green', 'number': 8},
    'yell_uno': False,
    'player': 'P-00000001'
}
Send play-card event.
res_data: 
{'card_play': {'color': 'green', 'number': 8}, 'yell_uno': False}
私以外だよ
場札または手札にないのは
カードステータス: {'blue': {'0': 1, '1': 2, '2': 2, '3': 2, '4': 2, '5': 2, '6': 2, '7': 2, '8': 2, '9': 2, 'draw_2': 2, 'skip': 2, 'reverse': 2}, 'green': {'0': 1, '1': 2, '2': 2, '3': 2, '4': 2, '5': 2, '6': 2, '7': 1, '8': 1, '9': 2, 'draw_2': 2, 'skip': 2, 'reverse': 2}, 'red': {'0': 1, '1': 1, '2': 2, '3': 2, '4': 2, '5': 2, '6': 2, '7': 2, '8': 1, '9': 2, 'draw_2': 2, 'skip': 2, 'reverse': 1}, 'yellow': {'0': 1, '1': 2, '2': 2, '3': 2, '4': 2, '5': 2, '6': 2, '7': 2, '8': 2, '9': 1, 'draw_2': 2, 'skip': 2, 'reverse': 2}, 'black': {'wild': 2, 'wild_draw_4': 4, 'wild_shuffle': 1}, 'white': {'white_wild': 2}}
今のは{'card_counts': 5, 'card': {'color': 'red', 'number': 8}}
その前は{'card_counts': 6, 'card': {'color': 'black', 'special': 'wild'}}
---場にカードを出した---
プレイヤー: P-00000004
カード: {'color': 'red', 'number': 8}
山札の枚数: 75
場の枚数: 6
P-00000003の枚数: 15
P-00000001の枚数: 5
P-00000004の枚数: 5
P-00000002の枚数: 6
カード合計: 112
CHECK: True
最後に記録されたカード: {'color': 'red', 'number': 8}
Receive play-card event.
res_data: 
{
    'card_play': {'color': 'red', 'number': 8},
    'yell_uno': False,
    'player': 'P-00000004'
}
Receive draw-card event.
res_data: 
{'player': 'P-00000002', 'is_draw': True}
---P-00000002がカードを引きます---
引く理由: 場に出すカードがない(再行動可能)
---更新前---
山札:75枚
P-00000003:15枚 P-00000001:5枚 P-00000004:5枚 P-00000002:6枚 
25枚以下制約あり
---更新後---
山札からP-00000002へ1枚移動
山札:74枚
P-00000003:15枚 P-00000001:5枚 P-00000004:5枚 P-00000002:7枚 
私以外だよ
場札または手札にないのは
カードステータス: {'blue': {'0': 1, '1': 2, '2': 2, '3': 2, '4': 2, '5': 2, '6': 2, '7': 2, '8': 2, '9': 2, 'draw_2': 2, 'skip': 2, 'reverse': 2}, 'green': {'0': 1, '1': 2, '2': 2, '3': 2, '4': 2, '5': 2, '6': 2, '7': 1, '8': 1, '9': 2, 'draw_2': 2, 'skip': 2, 'reverse': 2}, 'red': {'0': 1, '1': 1, '2': 2, '3': 2, '4': 2, '5': 2, '6': 2, '7': 2, '8': 1, '9': 2, 'draw_2': 2, 'skip': 2, 'reverse': 1}, 'yellow': {'0': 1, '1': 2, '2': 2, '3': 2, '4': 2, '5': 2, '6': 2, '7': 2, '8': 1, '9': 1, 'draw_2': 2, 'skip': 2, 'reverse': 2}, 'black': {'wild': 2, 'wild_draw_4': 4, 'wild_shuffle': 1}, 'white': {'white_wild': 2}}
---場にカードを出した---
プレイヤー: P-00000003
カード: {'color': 'yellow', 'number': 8}
山札の枚数: 74
場の枚数: 7
P-00000003の枚数: 14
P-00000001の枚数: 5
P-00000004の枚数: 5
P-00000002の枚数: 7
カード合計: 112
CHECK: True
最後に記録されたカード: {'color': 'yellow', 'number': 8}
Receive play-card event.
res_data: 
{
    'card_play': {'color': 'yellow', 'number': 8},
    'yell_uno': False,
    'player': 'P-00000003'
}
私はP-00000001です
---枚数照合---
誰？： P-00000003
dealerから送られてきたカード枚数: 14
game_statusで記録していたカード枚数: 14
正しいか: True
---枚数照合---
誰？： P-00000001
dealerから送られてきたカード枚数: 5
game_statusで記録していたカード枚数: 5
正しいか: True
---枚数照合---
誰？： P-00000004
dealerから送られてきたカード枚数: 5
game_statusで記録していたカード枚数: 5
正しいか: True
---枚数照合---
誰？： P-00000002
dealerから送られてきたカード枚数: 7
game_statusで記録していたカード枚数: 7
正しいか: True
Receive next-player event.
res_data: 
{
    'next_player': 'P-00000001',
    'before_player': 'P-00000003',
    'card_before': {'color': 'yellow', 'number': 8},
    'card_of_player': [
        {'color': 'yellow', 'number': 9},
        {'color': 'green', 'number': 7},
        {'color': 'red', 'number': 1},
        {'color': 'red', 'special': 'reverse'},
        {'color': 'white', 'special': 'white_wild'}
    ],
    'must_call_draw_card': False,
    'draw_reason': 'nothing',
    'turn_right': True,
    'number_card_play': 7,
    'number_turn_play': 9,
    'number_card_of_player': {
        'P-00000003': 14,
        'P-00000001': 5,
        'P-00000004': 5,
        'P-00000002': 7
    }
}
出せるのは(offensive)
[{'color': 'yellow', 'number': 9}, {'color': 'white', 'special': 'white_wild'}]
selected card: yellow 9
Send play-card event.
req_data: 
{'card_play': {'color': 'yellow', 'number': 9}, 'yell_uno': False}
今のは{'card_counts': 4, 'card': {'color': 'yellow', 'number': 9}}
その前は{'card_counts': 5, 'card': {'color': 'green', 'number': 8}}
---場にカードを出した---
プレイヤー: P-00000001
カード: {'color': 'yellow', 'number': 9}
山札の枚数: 74
場の枚数: 8
P-00000003の枚数: 14
P-00000001の枚数: 4
P-00000004の枚数: 5
P-00000002の枚数: 7
カード合計: 112
CHECK: True
最後に記録されたカード: {'color': 'yellow', 'number': 9}
Receive play-card event.
res_data: 
{
    'card_play': {'color': 'yellow', 'number': 9},
    'yell_uno': False,
    'player': 'P-00000001'
}
Send play-card event.
res_data: 
{'card_play': {'color': 'yellow', 'number': 9}, 'yell_uno': False}
私以外だよ
場札または手札にないのは
カードステータス: {'blue': {'0': 1, '1': 2, '2': 2, '3': 2, '4': 2, '5': 2, '6': 2, '7': 2, '8': 2, '9': 2, 'draw_2': 2, 'skip': 2, 'reverse': 2}, 'green': {'0': 1, '1': 2, '2': 2, '3': 2, '4': 2, '5': 2, '6': 2, '7': 1, '8': 1, '9': 2, 'draw_2': 2, 'skip': 2, 'reverse': 2}, 'red': {'0': 1, '1': 1, '2': 2, '3': 2, '4': 2, '5': 2, '6': 2, '7': 2, '8': 1, '9': 2, 'draw_2': 2, 'skip': 2, 'reverse': 1}, 'yellow': {'0': 1, '1': 2, '2': 2, '3': 2, '4': 1, '5': 2, '6': 2, '7': 2, '8': 1, '9': 1, 'draw_2': 2, 'skip': 2, 'reverse': 2}, 'black': {'wild': 2, 'wild_draw_4': 4, 'wild_shuffle': 1}, 'white': {'white_wild': 2}}
今のは{'card_counts': 4, 'card': {'color': 'yellow', 'number': 4}}
その前は{'card_counts': 5, 'card': {'color': 'red', 'number': 8}}
---場にカードを出した---
プレイヤー: P-00000004
カード: {'color': 'yellow', 'number': 4}
山札の枚数: 74
場の枚数: 9
P-00000003の枚数: 14
P-00000001の枚数: 4
P-00000004の枚数: 4
P-00000002の枚数: 7
カード合計: 112
CHECK: True
最後に記録されたカード: {'color': 'yellow', 'number': 4}
Receive play-card event.
res_data: 
{
    'card_play': {'color': 'yellow', 'number': 4},
    'yell_uno': False,
    'player': 'P-00000004'
}
私以外だよ
場札または手札にないのは
カードステータス: {'blue': {'0': 1, '1': 2, '2': 2, '3': 2, '4': 2, '5': 2, '6': 2, '7': 2, '8': 2, '9': 2, 'draw_2': 2, 'skip': 2, 'reverse': 2}, 'green': {'0': 1, '1': 2, '2': 2, '3': 2, '4': 2, '5': 2, '6': 2, '7': 1, '8': 1, '9': 2, 'draw_2': 2, 'skip': 2, 'reverse': 2}, 'red': {'0': 1, '1': 1, '2': 2, '3': 2, '4': 2, '5': 2, '6': 2, '7': 2, '8': 1, '9': 2, 'draw_2': 2, 'skip': 2, 'reverse': 1}, 'yellow': {'0': 1, '1': 2, '2': 2, '3': 2, '4': 1, '5': 2, '6': 2, '7': 1, '8': 1, '9': 1, 'draw_2': 2, 'skip': 2, 'reverse': 2}, 'black': {'wild': 2, 'wild_draw_4': 4, 'wild_shuffle': 1}, 'white': {'white_wild': 2}}
今のは{'card_counts': 6, 'card': {'color': 'yellow', 'number': 7}}
その前は{'card_counts': 6, 'card': {'color': 'black', 'special': 'wild_draw_4'}}
---場にカードを出した---
プレイヤー: P-00000002
カード: {'color': 'yellow', 'number': 7}
山札の枚数: 74
場の枚数: 10
P-00000003の枚数: 14
P-00000001の枚数: 4
P-00000004の枚数: 4
P-00000002の枚数: 6
カード合計: 112
CHECK: True
最後に記録されたカード: {'color': 'yellow', 'number': 7}
Receive play-card event.
res_data: 
{
    'card_play': {'color': 'yellow', 'number': 7},
    'yell_uno': False,
    'player': 'P-00000002'
}
私以外だよ
場札または手札にないのは
カードステータス: {'blue': {'0': 1, '1': 2, '2': 2, '3': 2, '4': 2, '5': 2, '6': 2, '7': 2, '8': 2, '9': 2, 'draw_2': 2, 'skip': 2, 'reverse': 2}, 'green': {'0': 1, '1': 2, '2': 2, '3': 2, '4': 2, '5': 2, '6': 2, '7': 1, '8': 1, '9': 2, 'draw_2': 2, 'skip': 2, 'reverse': 2}, 'red': {'0': 1, '1': 1, '2': 2, '3': 2, '4': 2, '5': 2, '6': 2, '7': 2, '8': 1, '9': 2, 'draw_2': 2, 'skip': 2, 'reverse': 1}, 'yellow': {'0': 1, '1': 2, '2': 2, '3': 2, '4': 1, '5': 2, '6': 2, '7': 1, '8': 1, '9': 1, 'draw_2': 1, 'skip': 2, 'reverse': 2}, 'black': {'wild': 2, 'wild_draw_4': 4, 'wild_shuffle': 1}, 'white': {'white_wild': 2}}
今のは{'card_counts': 13, 'card': {'color': 'yellow', 'special': 'draw_2'}}
その前は{'card_counts': 14, 'card': {'color': 'yellow', 'number': 8}}
---場にカードを出した---
プレイヤー: P-00000003
カード: {'color': 'yellow', 'special': 'draw_2'}
山札の枚数: 74
場の枚数: 11
P-00000003の枚数: 13
P-00000001の枚数: 4
P-00000004の枚数: 4
P-00000002の枚数: 6
カード合計: 112
CHECK: True
最後に記録されたカード: {'color': 'yellow', 'special': 'draw_2'}
Receive play-card event.
res_data: 
{
    'card_play': {'color': 'yellow', 'special': 'draw_2'},
    'yell_uno': False,
    'player': 'P-00000003'
}
私はP-00000001です
---枚数照合---
誰？： P-00000003
dealerから送られてきたカード枚数: 13
game_statusで記録していたカード枚数: 13
正しいか: True
---枚数照合---
誰？： P-00000001
dealerから送られてきたカード枚数: 4
game_statusで記録していたカード枚数: 4
正しいか: True
---枚数照合---
誰？： P-00000004
dealerから送られてきたカード枚数: 4
game_statusで記録していたカード枚数: 4
正しいか: True
---枚数照合---
誰？： P-00000002
dealerから送られてきたカード枚数: 6
game_statusで記録していたカード枚数: 6
正しいか: True
Receive next-player event.
res_data: 
{
    'next_player': 'P-00000001',
    'before_player': 'P-00000003',
    'card_before': {'color': 'yellow', 'special': 'draw_2'},
    'card_of_player': [
        {'color': 'green', 'number': 7},
        {'color': 'red', 'number': 1},
        {'color': 'red', 'special': 'reverse'},
        {'color': 'white', 'special': 'white_wild'}
    ],
    'must_call_draw_card': True,
    'draw_reason': 'draw_2',
    'turn_right': True,
    'number_card_play': 11,
    'number_turn_play': 13,
    'number_card_of_player': {
        'P-00000003': 13,
        'P-00000001': 4,
        'P-00000004': 4,
        'P-00000002': 6
    }
}
Send draw-card event.
req_data: 
{}
場札または手札にないのは
カードステータス: {'blue': {'0': 1, '1': 2, '2': 2, '3': 2, '4': 2, '5': 2, '6': 2, '7': 2, '8': 2, '9': 2, 'draw_2': 2, 'skip': 2, 'reverse': 2}, 'green': {'0': 1, '1': 2, '2': 2, '3': 2, '4': 2, '5': 2, '6': 2, '7': 1, '8': 1, '9': 2, 'draw_2': 2, 'skip': 2, 'reverse': 2}, 'red': {'0': 1, '1': 1, '2': 2, '3': 2, '4': 2, '5': 1, '6': 2, '7': 2, '8': 1, '9': 2, 'draw_2': 2, 'skip': 1, 'reverse': 1}, 'yellow': {'0': 1, '1': 2, '2': 2, '3': 2, '4': 1, '5': 2, '6': 2, '7': 1, '8': 1, '9': 1, 'draw_2': 1, 'skip': 2, 'reverse': 2}, 'black': {'wild': 2, 'wild_draw_4': 4, 'wild_shuffle': 1}, 'white': {'white_wild': 2}}
私の手札は
[
    {'color': 'green', 'number': 7},
    {'color': 'red', 'number': 1},
    {'color': 'red', 'special': 'reverse'},
    {'color': 'white', 'special': 'white_wild'},
    {'color': 'red', 'number': 5},
    {'color': 'red', 'special': 'skip'}
]
Receive receiver-card event.
Receive draw-card event.
res_data: 
{
    'cards_receive': [
        {'color': 'red', 'number': 5},
        {'color': 'red', 'special': 'skip'}
    ],
    'is_penalty': False
}
res_data: 
{'player': 'P-00000001', 'is_draw': True}
---P-00000001がカードを引きます---
引く理由: draw_2
---更新前---
山札:74枚
P-00000003:13枚 P-00000001:4枚 P-00000004:4枚 P-00000002:6枚 
---更新後---
山札からP-00000001へ2枚移動
山札:72枚
P-00000003:13枚 P-00000001:6枚 P-00000004:4枚 P-00000002:6枚 
Send draw-card event.
res_data: 
{
    'player': 'P-00000001',
    'is_draw': True,
    'can_play_draw_card': False,
    'draw_card': [
        {'color': 'red', 'number': 5},
        {'color': 'red', 'special': 'skip'}
    ]
}
Receive draw-card event.
res_data: 
{'player': 'P-00000004', 'is_draw': True}
---P-00000004がカードを引きます---
引く理由: 場に出すカードがない(再行動可能)
---更新前---
山札:72枚
P-00000003:13枚 P-00000001:6枚 P-00000004:4枚 P-00000002:6枚 
25枚以下制約あり
---更新後---
山札からP-00000004へ1枚移動
山札:71枚
P-00000003:13枚 P-00000001:6枚 P-00000004:5枚 P-00000002:6枚 
Receive play-draw-card event.
res_data: 
{
    'is_play_card': True,
    'yell_uno': False,
    'player': 'P-00000004',
    'card_play': {'color': 'yellow', 'number': 1}
}
今のは{'card_counts': 4, 'card': {'color': 'yellow', 'number': 1}}
その前は{'card_counts': 4, 'card': {'color': 'yellow', 'number': 4}}
---場にカードを出した---
プレイヤー: P-00000004
カード: {'color': 'yellow', 'number': 1}
山札の枚数: 71
場の枚数: 12
P-00000003の枚数: 13
P-00000001の枚数: 6
P-00000004の枚数: 4
P-00000002の枚数: 6
カード合計: 112
CHECK: True
最後に記録されたカード: {'color': 'yellow', 'number': 1}
場札または手札にないのは
カードステータス: {'blue': {'0': 1, '1': 2, '2': 2, '3': 2, '4': 2, '5': 2, '6': 2, '7': 2, '8': 2, '9': 2, 'draw_2': 2, 'skip': 2, 'reverse': 2}, 'green': {'0': 1, '1': 2, '2': 2, '3': 2, '4': 2, '5': 2, '6': 2, '7': 1, '8': 1, '9': 2, 'draw_2': 2, 'skip': 2, 'reverse': 2}, 'red': {'0': 1, '1': 1, '2': 2, '3': 2, '4': 2, '5': 1, '6': 2, '7': 2, '8': 1, '9': 2, 'draw_2': 2, 'skip': 1, 'reverse': 1}, 'yellow': {'0': 1, '1': 1, '2': 2, '3': 2, '4': 1, '5': 2, '6': 2, '7': 1, '8': 1, '9': 1, 'draw_2': 1, 'skip': 2, 'reverse': 2}, 'black': {'wild': 2, 'wild_draw_4': 4, 'wild_shuffle': 1}, 'white': {'white_wild': 2}}
Receive draw-card event.
res_data: 
{'player': 'P-00000002', 'is_draw': True}
---P-00000002がカードを引きます---
引く理由: 場に出すカードがない(再行動可能)
---更新前---
山札:71枚
P-00000003:13枚 P-00000001:6枚 P-00000004:4枚 P-00000002:6枚 
25枚以下制約あり
---更新後---
山札からP-00000002へ1枚移動
山札:70枚
P-00000003:13枚 P-00000001:6枚 P-00000004:4枚 P-00000002:7枚 
Receive play-draw-card event.
res_data: 
{
    'is_play_card': True,
    'yell_uno': False,
    'player': 'P-00000002',
    'card_play': {'color': 'green', 'number': 1}
}
今のは{'card_counts': 6, 'card': {'color': 'green', 'number': 1}}
その前は{'card_counts': 6, 'card': {'color': 'yellow', 'number': 7}}
---場にカードを出した---
プレイヤー: P-00000002
カード: {'color': 'green', 'number': 1}
山札の枚数: 70
場の枚数: 13
P-00000003の枚数: 13
P-00000001の枚数: 6
P-00000004の枚数: 4
P-00000002の枚数: 6
カード合計: 112
CHECK: True
最後に記録されたカード: {'color': 'green', 'number': 1}
場札または手札にないのは
カードステータス: {'blue': {'0': 1, '1': 2, '2': 2, '3': 2, '4': 2, '5': 2, '6': 2, '7': 2, '8': 2, '9': 2, 'draw_2': 2, 'skip': 2, 'reverse': 2}, 'green': {'0': 1, '1': 1, '2': 2, '3': 2, '4': 2, '5': 2, '6': 2, '7': 1, '8': 1, '9': 2, 'draw_2': 2, 'skip': 2, 'reverse': 2}, 'red': {'0': 1, '1': 1, '2': 2, '3': 2, '4': 2, '5': 1, '6': 2, '7': 2, '8': 1, '9': 2, 'draw_2': 2, 'skip': 1, 'reverse': 1}, 'yellow': {'0': 1, '1': 1, '2': 2, '3': 2, '4': 1, '5': 2, '6': 2, '7': 1, '8': 1, '9': 1, 'draw_2': 1, 'skip': 2, 'reverse': 2}, 'black': {'wild': 2, 'wild_draw_4': 4, 'wild_shuffle': 1}, 'white': {'white_wild': 2}}
私以外だよ
場札または手札にないのは
カードステータス: {'blue': {'0': 1, '1': 2, '2': 2, '3': 2, '4': 2, '5': 2, '6': 2, '7': 2, '8': 2, '9': 2, 'draw_2': 2, 'skip': 2, 'reverse': 2}, 'green': {'0': 1, '1': 1, '2': 2, '3': 2, '4': 2, '5': 1, '6': 2, '7': 1, '8': 1, '9': 2, 'draw_2': 2, 'skip': 2, 'reverse': 2}, 'red': {'0': 1, '1': 1, '2': 2, '3': 2, '4': 2, '5': 1, '6': 2, '7': 2, '8': 1, '9': 2, 'draw_2': 2, 'skip': 1, 'reverse': 1}, 'yellow': {'0': 1, '1': 1, '2': 2, '3': 2, '4': 1, '5': 2, '6': 2, '7': 1, '8': 1, '9': 1, 'draw_2': 1, 'skip': 2, 'reverse': 2}, 'black': {'wild': 2, 'wild_draw_4': 4, 'wild_shuffle': 1}, 'white': {'white_wild': 2}}
今のは{'card_counts': 12, 'card': {'color': 'green', 'number': 5}}
その前は{'card_counts': 13, 'card': {'color': 'yellow', 'special': 'draw_2'}}
---場にカードを出した---
プレイヤー: P-00000003
カード: {'color': 'green', 'number': 5}
山札の枚数: 70
場の枚数: 14
P-00000003の枚数: 12
P-00000001の枚数: 6
P-00000004の枚数: 4
P-00000002の枚数: 6
カード合計: 112
CHECK: True
最後に記録されたカード: {'color': 'green', 'number': 5}
Receive play-card event.
res_data: 
{
    'card_play': {'color': 'green', 'number': 5},
    'yell_uno': False,
    'player': 'P-00000003'
}
私はP-00000001です
---枚数照合---
誰？： P-00000003
dealerから送られてきたカード枚数: 12
game_statusで記録していたカード枚数: 12
正しいか: True
---枚数照合---
誰？： P-00000001
dealerから送られてきたカード枚数: 6
game_statusで記録していたカード枚数: 6
正しいか: True
---枚数照合---
誰？： P-00000004
dealerから送られてきたカード枚数: 4
game_statusで記録していたカード枚数: 4
正しいか: True
---枚数照合---
誰？： P-00000002
dealerから送られてきたカード枚数: 6
game_statusで記録していたカード枚数: 6
正しいか: True
Receive next-player event.
res_data: 
{
    'next_player': 'P-00000001',
    'before_player': 'P-00000003',
    'card_before': {'color': 'green', 'number': 5},
    'card_of_player': [
        {'color': 'green', 'number': 7},
        {'color': 'red', 'number': 1},
        {'color': 'red', 'special': 'reverse'},
        {'color': 'red', 'number': 5},
        {'color': 'red', 'special': 'skip'},
        {'color': 'white', 'special': 'white_wild'}
    ],
    'must_call_draw_card': False,
    'draw_reason': 'nothing',
    'turn_right': True,
    'number_card_play': 14,
    'number_turn_play': 17,
    'number_card_of_player': {
        'P-00000003': 12,
        'P-00000001': 6,
        'P-00000004': 4,
        'P-00000002': 6
    }
}
出せるのは(offensive)
[{'color': 'green', 'number': 7}, {'color': 'red', 'number': 5}, {'color': 'white', 'special': 'white_wild'}]
selected card: green 7
Send play-card event.
req_data: 
{'card_play': {'color': 'green', 'number': 7}, 'yell_uno': False}
今のは{'card_counts': 5, 'card': {'color': 'green', 'number': 7}}
その前は{'card_counts': 4, 'card': {'color': 'yellow', 'number': 9}}
---場にカードを出した---
プレイヤー: P-00000001
カード: {'color': 'green', 'number': 7}
山札の枚数: 70
場の枚数: 15
P-00000003の枚数: 12
P-00000001の枚数: 5
P-00000004の枚数: 4
P-00000002の枚数: 6
カード合計: 112
CHECK: True
最後に記録されたカード: {'color': 'green', 'number': 7}
Receive play-card event.
res_data: 
{
    'card_play': {'color': 'green', 'number': 7},
    'yell_uno': False,
    'player': 'P-00000001'
}
Send play-card event.
res_data: 
{'card_play': {'color': 'green', 'number': 7}, 'yell_uno': False}
Receive draw-card event.
res_data: 
{'player': 'P-00000004', 'is_draw': True}
---P-00000004がカードを引きます---
引く理由: 場に出すカードがない(再行動可能)
---更新前---
山札:70枚
P-00000003:12枚 P-00000001:5枚 P-00000004:4枚 P-00000002:6枚 
25枚以下制約あり
---更新後---
山札からP-00000004へ1枚移動
山札:69枚
P-00000003:12枚 P-00000001:5枚 P-00000004:5枚 P-00000002:6枚 
Receive play-draw-card event.
res_data: 
{
    'is_play_card': True,
    'yell_uno': False,
    'player': 'P-00000004',
    'card_play': {'color': 'red', 'number': 7}
}
今のは{'card_counts': 4, 'card': {'color': 'red', 'number': 7}}
その前は{'card_counts': 4, 'card': {'color': 'yellow', 'number': 1}}
---場にカードを出した---
プレイヤー: P-00000004
カード: {'color': 'red', 'number': 7}
山札の枚数: 69
場の枚数: 16
P-00000003の枚数: 12
P-00000001の枚数: 5
P-00000004の枚数: 4
P-00000002の枚数: 6
カード合計: 112
CHECK: True
最後に記録されたカード: {'color': 'red', 'number': 7}
場札または手札にないのは
カードステータス: {'blue': {'0': 1, '1': 2, '2': 2, '3': 2, '4': 2, '5': 2, '6': 2, '7': 2, '8': 2, '9': 2, 'draw_2': 2, 'skip': 2, 'reverse': 2}, 'green': {'0': 1, '1': 1, '2': 2, '3': 2, '4': 2, '5': 1, '6': 2, '7': 1, '8': 1, '9': 2, 'draw_2': 2, 'skip': 2, 'reverse': 2}, 'red': {'0': 1, '1': 1, '2': 2, '3': 2, '4': 2, '5': 1, '6': 2, '7': 1, '8': 1, '9': 2, 'draw_2': 2, 'skip': 1, 'reverse': 1}, 'yellow': {'0': 1, '1': 1, '2': 2, '3': 2, '4': 1, '5': 2, '6': 2, '7': 1, '8': 1, '9': 1, 'draw_2': 1, 'skip': 2, 'reverse': 2}, 'black': {'wild': 2, 'wild_draw_4': 4, 'wild_shuffle': 1}, 'white': {'white_wild': 2}}
Receive draw-card event.
res_data: 
{'player': 'P-00000002', 'is_draw': True}
---P-00000002がカードを引きます---
引く理由: 場に出すカードがない(再行動可能)
---更新前---
山札:69枚
P-00000003:12枚 P-00000001:5枚 P-00000004:4枚 P-00000002:6枚 
25枚以下制約あり
---更新後---
山札からP-00000002へ1枚移動
山札:68枚
P-00000003:12枚 P-00000001:5枚 P-00000004:4枚 P-00000002:7枚 
---シャッフルワイルド発動---
場札または手札にないのは
カードステータス: {'blue': {'0': 1, '1': 2, '2': 2, '3': 2, '4': 2, '5': 2, '6': 1, '7': 2, '8': 2, '9': 2, 'draw_2': 2, 'skip': 2, 'reverse': 2}, 'green': {'0': 1, '1': 1, '2': 2, '3': 1, '4': 2, '5': 1, '6': 1, '7': 2, '8': 1, '9': 2, 'draw_2': 2, 'skip': 2, 'reverse': 2}, 'red': {'0': 1, '1': 2, '2': 2, '3': 2, '4': 2, '5': 1, '6': 2, '7': 1, '8': 1, '9': 2, 'draw_2': 2, 'skip': 1, 'reverse': 2}, 'yellow': {'0': 1, '1': 1, '2': 2, '3': 2, '4': 1, '5': 2, '6': 1, '7': 1, '8': 1, '9': 1, 'draw_2': 1, 'skip': 2, 'reverse': 1}, 'black': {'wild': 2, 'wild_draw_4': 4, 'wild_shuffle': 1}, 'white': {'white_wild': 3}}
Receive shuffle-wild event.
res_data: 
{
    'cards_receive': [
        {'color': 'yellow', 'special': 'reverse'},
        {'color': 'yellow', 'number': 6},
        {'color': 'green', 'number': 3},
        {'color': 'green', 'number': 6},
        {'color': 'blue', 'number': 6},
        {'color': 'red', 'number': 5},
        {'color': 'red', 'special': 'skip'}
    ],
    'number_card_of_player': {
        'P-00000003': 7,
        'P-00000001': 7,
        'P-00000004': 7,
        'P-00000002': 6
    }
}
data_res.get('player') =  None
公開カードリセット
---枚数照合---
誰？： P-00000003
dealerから送られてきたカード枚数: 7
game_statusで記録していたカード枚数: 12
正しいか: False
正しい枚数に更新する
---枚数照合---
誰？： P-00000001
dealerから送られてきたカード枚数: 7
game_statusで記録していたカード枚数: 5
正しいか: False
正しい枚数に更新する
---枚数照合---
誰？： P-00000004
dealerから送られてきたカード枚数: 7
game_statusで記録していたカード枚数: 4
正しいか: False
正しい枚数に更新する
---枚数照合---
誰？： P-00000002
dealerから送られてきたカード枚数: 6
game_statusで記録していたカード枚数: 7
正しいか: False
正しい枚数に更新する
Receive play-draw-card event.
res_data: 
{
    'is_play_card': True,
    'yell_uno': False,
    'player': 'P-00000002',
    'card_play': {'color': 'black', 'special': 'wild_shuffle'}
}
今のは{'card_counts': 6, 'card': {'color': 'black', 'special': 'wild_shuffle'}}
その前は{'card_counts': 6, 'card': {'color': 'green', 'number': 1}}
---場にカードを出した---
プレイヤー: P-00000002
カード: {'color': 'black', 'special': 'wild_shuffle'}
山札の枚数: 68
場の枚数: 17
P-00000003の枚数: 7
P-00000001の枚数: 7
P-00000004の枚数: 7
P-00000002の枚数: 6
カード合計: 112
CHECK: True
最後に記録されたカード: {'color': 'black', 'special': 'wild_shuffle'}
場札または手札にないのは
カードステータス: {'blue': {'0': 1, '1': 2, '2': 2, '3': 2, '4': 2, '5': 2, '6': 1, '7': 2, '8': 2, '9': 2, 'draw_2': 2, 'skip': 2, 'reverse': 2}, 'green': {'0': 1, '1': 1, '2': 2, '3': 1, '4': 2, '5': 1, '6': 1, '7': 2, '8': 1, '9': 2, 'draw_2': 2, 'skip': 2, 'reverse': 2}, 'red': {'0': 1, '1': 2, '2': 2, '3': 2, '4': 2, '5': 1, '6': 2, '7': 1, '8': 1, '9': 2, 'draw_2': 2, 'skip': 1, 'reverse': 2}, 'yellow': {'0': 1, '1': 1, '2': 2, '3': 2, '4': 1, '5': 2, '6': 1, '7': 1, '8': 1, '9': 1, 'draw_2': 1, 'skip': 2, 'reverse': 1}, 'black': {'wild': 2, 'wild_draw_4': 4, 'wild_shuffle': 0}, 'white': {'white_wild': 3}}
Receive update-color event.
res_data: 
{'color': 'green'}
Receive draw-card event.
res_data: 
{'player': 'P-00000003', 'is_draw': True}
---P-00000003がカードを引きます---
引く理由: 場に出すカードがない(再行動可能)
---更新前---
山札:68枚
P-00000003:7枚 P-00000001:7枚 P-00000004:7枚 P-00000002:6枚 
25枚以下制約あり
---更新後---
山札からP-00000003へ1枚移動
山札:67枚
P-00000003:8枚 P-00000001:7枚 P-00000004:7枚 P-00000002:6枚 
Receive play-draw-card event.
res_data: 
{
    'is_play_card': True,
    'yell_uno': False,
    'player': 'P-00000003',
    'card_play': {'color': 'green', 'special': 'reverse'}
}
今のは{'card_counts': 7, 'card': {'color': 'green', 'special': 'reverse'}}
その前は{'card_counts': 12, 'card': {'color': 'green', 'number': 5}}
---場にカードを出した---
プレイヤー: P-00000003
カード: {'color': 'green', 'special': 'reverse'}
山札の枚数: 67
場の枚数: 18
P-00000003の枚数: 7
P-00000001の枚数: 7
P-00000004の枚数: 7
P-00000002の枚数: 6
カード合計: 112
CHECK: True
最後に記録されたカード: {'color': 'green', 'special': 'reverse'}
場札または手札にないのは
カードステータス: {'blue': {'0': 1, '1': 2, '2': 2, '3': 2, '4': 2, '5': 2, '6': 1, '7': 2, '8': 2, '9': 2, 'draw_2': 2, 'skip': 2, 'reverse': 2}, 'green': {'0': 1, '1': 1, '2': 2, '3': 1, '4': 2, '5': 1, '6': 1, '7': 2, '8': 1, '9': 2, 'draw_2': 2, 'skip': 2, 'reverse': 1}, 'red': {'0': 1, '1': 2, '2': 2, '3': 2, '4': 2, '5': 1, '6': 2, '7': 1, '8': 1, '9': 2, 'draw_2': 2, 'skip': 1, 'reverse': 2}, 'yellow': {'0': 1, '1': 1, '2': 2, '3': 2, '4': 1, '5': 2, '6': 1, '7': 1, '8': 1, '9': 1, 'draw_2': 1, 'skip': 2, 'reverse': 1}, 'black': {'wild': 2, 'wild_draw_4': 4, 'wild_shuffle': 0}, 'white': {'white_wild': 3}}
私以外だよ
場札または手札にないのは
カードステータス: {'blue': {'0': 1, '1': 2, '2': 2, '3': 2, '4': 2, '5': 2, '6': 1, '7': 2, '8': 2, '9': 2, 'draw_2': 2, 'skip': 2, 'reverse': 2}, 'green': {'0': 1, '1': 1, '2': 2, '3': 1, '4': 1, '5': 1, '6': 1, '7': 2, '8': 1, '9': 2, 'draw_2': 2, 'skip': 2, 'reverse': 1}, 'red': {'0': 1, '1': 2, '2': 2, '3': 2, '4': 2, '5': 1, '6': 2, '7': 1, '8': 1, '9': 2, 'draw_2': 2, 'skip': 1, 'reverse': 2}, 'yellow': {'0': 1, '1': 1, '2': 2, '3': 2, '4': 1, '5': 2, '6': 1, '7': 1, '8': 1, '9': 1, 'draw_2': 1, 'skip': 2, 'reverse': 1}, 'black': {'wild': 2, 'wild_draw_4': 4, 'wild_shuffle': 0}, 'white': {'white_wild': 3}}
今のは{'card_counts': 5, 'card': {'color': 'green', 'number': 4}}
その前は{'card_counts': 6, 'card': {'color': 'black', 'special': 'wild_shuffle'}}
---場にカードを出した---
プレイヤー: P-00000002
カード: {'color': 'green', 'number': 4}
山札の枚数: 67
場の枚数: 19
P-00000003の枚数: 7
P-00000001の枚数: 7
P-00000004の枚数: 7
P-00000002の枚数: 5
カード合計: 112
CHECK: True
最後に記録されたカード: {'color': 'green', 'number': 4}
Receive play-card event.
res_data: 
{
    'card_play': {'color': 'green', 'number': 4},
    'yell_uno': False,
    'player': 'P-00000002'
}
私以外だよ
場札または手札にないのは
カードステータス: {'blue': {'0': 1, '1': 2, '2': 2, '3': 2, '4': 2, '5': 2, '6': 1, '7': 2, '8': 2, '9': 2, 'draw_2': 2, 'skip': 2, 'reverse': 2}, 'green': {'0': 1, '1': 1, '2': 2, '3': 1, '4': 1, '5': 1, '6': 0, '7': 2, '8': 1, '9': 2, 'draw_2': 2, 'skip': 2, 'reverse': 1}, 'red': {'0': 1, '1': 2, '2': 2, '3': 2, '4': 2, '5': 1, '6': 2, '7': 1, '8': 1, '9': 2, 'draw_2': 2, 'skip': 1, 'reverse': 2}, 'yellow': {'0': 1, '1': 1, '2': 2, '3': 2, '4': 1, '5': 2, '6': 1, '7': 1, '8': 1, '9': 1, 'draw_2': 1, 'skip': 2, 'reverse': 1}, 'black': {'wild': 2, 'wild_draw_4': 4, 'wild_shuffle': 0}, 'white': {'white_wild': 3}}
今のは{'card_counts': 6, 'card': {'color': 'green', 'number': 6}}
その前は{'card_counts': 4, 'card': {'color': 'red', 'number': 7}}
---場にカードを出した---
プレイヤー: P-00000004
カード: {'color': 'green', 'number': 6}
山札の枚数: 67
場の枚数: 20
P-00000003の枚数: 7
P-00000001の枚数: 7
P-00000004の枚数: 6
P-00000002の枚数: 5
カード合計: 112
CHECK: True
最後に記録されたカード: {'color': 'green', 'number': 6}
Receive play-card event.
私はP-00000001です
---枚数照合---
誰？： P-00000003
dealerから送られてきたカード枚数: 7
game_statusで記録していたカード枚数: 7
正しいか: True
---枚数照合---
誰？： P-00000001
dealerから送られてきたカード枚数: 7
game_statusで記録していたカード枚数: 7
正しいか: True
---枚数照合---
誰？： P-00000004
dealerから送られてきたカード枚数: 6
game_statusで記録していたカード枚数: 6
正しいか: True
---枚数照合---
誰？： P-00000002
dealerから送られてきたカード枚数: 5
game_statusで記録していたカード枚数: 5
正しいか: True
res_data: 
{
    'card_play': {'color': 'green', 'number': 6},
    'yell_uno': False,
    'player': 'P-00000004'
}
Receive next-player event.
res_data: 
{
    'next_player': 'P-00000001',
    'before_player': 'P-00000004',
    'card_before': {'color': 'green', 'number': 6},
    'card_of_player': [
        {'color': 'yellow', 'special': 'reverse'},
        {'color': 'yellow', 'number': 6},
        {'color': 'green', 'number': 3},
        {'color': 'green', 'number': 6},
        {'color': 'blue', 'number': 6},
        {'color': 'red', 'number': 5},
        {'color': 'red', 'special': 'skip'}
    ],
    'must_call_draw_card': False,
    'draw_reason': 'nothing',
    'turn_right': False,
    'number_card_play': 20,
    'number_turn_play': 23,
    'number_card_of_player': {
        'P-00000003': 7,
        'P-00000001': 7,
        'P-00000004': 6,
        'P-00000002': 5
    }
}
出せるのは(offensive)
[{'color': 'green', 'number': 6}, {'color': 'green', 'number': 3}, {'color': 'blue', 'number': 6}, {'color': 'yellow', 'number': 6}]
selected card: green 6
Send play-card event.
req_data: 
{'card_play': {'color': 'green', 'number': 6}, 'yell_uno': False}
今のは{'card_counts': 6, 'card': {'color': 'green', 'number': 6}}
その前は{'card_counts': 5, 'card': {'color': 'green', 'number': 7}}
---場にカードを出した---
プレイヤー: P-00000001
カード: {'color': 'green', 'number': 6}
山札の枚数: 67
場の枚数: 21
P-00000003の枚数: 7
P-00000001の枚数: 6
P-00000004の枚数: 6
P-00000002の枚数: 5
カード合計: 112
CHECK: True
最後に記録されたカード: {'color': 'green', 'number': 6}
Receive play-card event.
res_data: 
{
    'card_play': {'color': 'green', 'number': 6},
    'yell_uno': False,
    'player': 'P-00000001'
}
Send play-card event.
res_data: 
{'card_play': {'color': 'green', 'number': 6}, 'yell_uno': False}
Receive draw-card event.
res_data: 
{'player': 'P-00000003', 'is_draw': True}
---P-00000003がカードを引きます---
引く理由: 場に出すカードがない(再行動可能)
---更新前---
山札:67枚
P-00000003:7枚 P-00000001:6枚 P-00000004:6枚 P-00000002:5枚 
25枚以下制約あり
---更新後---
山札からP-00000003へ1枚移動
山札:66枚
P-00000003:8枚 P-00000001:6枚 P-00000004:6枚 P-00000002:5枚 
Receive play-draw-card event.
res_data: 
{
    'is_play_card': True,
    'yell_uno': False,
    'player': 'P-00000003',
    'card_play': {'color': 'green', 'number': 9}
}
今のは{'card_counts': 7, 'card': {'color': 'green', 'number': 9}}
その前は{'card_counts': 7, 'card': {'color': 'green', 'special': 'reverse'}}
---場にカードを出した---
プレイヤー: P-00000003
カード: {'color': 'green', 'number': 9}
山札の枚数: 66
場の枚数: 22
P-00000003の枚数: 7
P-00000001の枚数: 6
P-00000004の枚数: 6
P-00000002の枚数: 5
カード合計: 112
CHECK: True
最後に記録されたカード: {'color': 'green', 'number': 9}
場札または手札にないのは
カードステータス: {'blue': {'0': 1, '1': 2, '2': 2, '3': 2, '4': 2, '5': 2, '6': 1, '7': 2, '8': 2, '9': 2, 'draw_2': 2, 'skip': 2, 'reverse': 2}, 'green': {'0': 1, '1': 1, '2': 2, '3': 1, '4': 1, '5': 1, '6': 0, '7': 2, '8': 1, '9': 1, 'draw_2': 2, 'skip': 2, 'reverse': 1}, 'red': {'0': 1, '1': 2, '2': 2, '3': 2, '4': 2, '5': 1, '6': 2, '7': 1, '8': 1, '9': 2, 'draw_2': 2, 'skip': 1, 'reverse': 2}, 'yellow': {'0': 1, '1': 1, '2': 2, '3': 2, '4': 1, '5': 2, '6': 1, '7': 1, '8': 1, '9': 1, 'draw_2': 1, 'skip': 2, 'reverse': 1}, 'black': {'wild': 2, 'wild_draw_4': 4, 'wild_shuffle': 0}, 'white': {'white_wild': 3}}
私以外だよ
場札または手札にないのは
カードステータス: {'blue': {'0': 1, '1': 2, '2': 2, '3': 2, '4': 2, '5': 2, '6': 1, '7': 2, '8': 2, '9': 2, 'draw_2': 2, 'skip': 2, 'reverse': 2}, 'green': {'0': 1, '1': 1, '2': 2, '3': 1, '4': 1, '5': 1, '6': 0, '7': 2, '8': 1, '9': 1, 'draw_2': 2, 'skip': 2, 'reverse': 1}, 'red': {'0': 1, '1': 2, '2': 2, '3': 2, '4': 2, '5': 1, '6': 2, '7': 1, '8': 1, '9': 2, 'draw_2': 2, 'skip': 1, 'reverse': 2}, 'yellow': {'0': 1, '1': 1, '2': 2, '3': 2, '4': 1, '5': 2, '6': 1, '7': 1, '8': 1, '9': 1, 'draw_2': 1, 'skip': 2, 'reverse': 1}, 'black': {'wild': 2, 'wild_draw_4': 4, 'wild_shuffle': 0}, 'white': {'white_wild': 2}}
今のは{'card_counts': 4, 'card': {'color': 'white', 'special': 'white_wild'}}
その前は{'card_counts': 5, 'card': {'color': 'green', 'number': 4}}
---場にカードを出した---
プレイヤー: P-00000002
カード: {'color': 'white', 'special': 'white_wild'}
山札の枚数: 66
場の枚数: 23
P-00000003の枚数: 7
P-00000001の枚数: 6
P-00000004の枚数: 6
P-00000002の枚数: 4
カード合計: 112
CHECK: True
最後に記録されたカード: {'color': 'white', 'special': 'white_wild'}
Receive play-card event.
res_data: 
{
    'card_play': {'color': 'white', 'special': 'white_wild'},
    'yell_uno': False,
    'player': 'P-00000002'
}
私はP-00000001です
---枚数照合---
誰？： P-00000003
dealerから送られてきたカード枚数: 7
game_statusで記録していたカード枚数: 7
正しいか: True
---枚数照合---
誰？： P-00000001
dealerから送られてきたカード枚数: 6
game_statusで記録していたカード枚数: 6
正しいか: True
---枚数照合---
誰？： P-00000004
dealerから送られてきたカード枚数: 6
game_statusで記録していたカード枚数: 6
正しいか: True
---枚数照合---
誰？： P-00000002
dealerから送られてきたカード枚数: 4
game_statusで記録していたカード枚数: 4
正しいか: True
Receive next-player event.
res_data: 
{
    'next_player': 'P-00000001',
    'before_player': 'P-00000002',
    'card_before': {'color': 'green', 'special': 'white_wild'},
    'card_of_player': [
        {'color': 'yellow', 'special': 'reverse'},
        {'color': 'yellow', 'number': 6},
        {'color': 'green', 'number': 3},
        {'color': 'blue', 'number': 6},
        {'color': 'red', 'number': 5},
        {'color': 'red', 'special': 'skip'}
    ],
    'must_call_draw_card': True,
    'draw_reason': 'skip_bind_2',
    'turn_right': False,
    'number_card_play': 23,
    'number_turn_play': 26,
    'number_card_of_player': {
        'P-00000003': 7,
        'P-00000001': 6,
        'P-00000004': 6,
        'P-00000002': 4
    }
}
Send draw-card event.
req_data: 
{}
場札または手札にないのは
カードステータス: {'blue': {'0': 1, '1': 2, '2': 2, '3': 2, '4': 2, '5': 2, '6': 1, '7': 2, '8': 2, '9': 2, 'draw_2': 2, 'skip': 2, 'reverse': 2}, 'green': {'0': 1, '1': 1, '2': 2, '3': 1, '4': 1, '5': 1, '6': 0, '7': 2, '8': 1, '9': 1, 'draw_2': 2, 'skip': 1, 'reverse': 1}, 'red': {'0': 1, '1': 2, '2': 2, '3': 2, '4': 2, '5': 1, '6': 2, '7': 1, '8': 1, '9': 2, 'draw_2': 2, 'skip': 1, 'reverse': 2}, 'yellow': {'0': 1, '1': 1, '2': 2, '3': 2, '4': 1, '5': 2, '6': 1, '7': 1, '8': 1, '9': 1, 'draw_2': 1, 'skip': 2, 'reverse': 1}, 'black': {'wild': 2, 'wild_draw_4': 4, 'wild_shuffle': 0}, 'white': {'white_wild': 2}}
私の手札は
[
    {'color': 'yellow', 'special': 'reverse'},
    {'color': 'yellow', 'number': 6},
    {'color': 'green', 'number': 3},
    {'color': 'blue', 'number': 6},
    {'color': 'red', 'number': 5},
    {'color': 'red', 'special': 'skip'},
    {'color': 'green', 'special': 'skip'}
]
Receive receiver-card event.
res_data: 
{'cards_receive': [{'color': 'green', 'special': 'skip'}], 'is_penalty': False}
Receive draw-card event.
Send draw-card event.
res_data: 
{'player': 'P-00000001', 'is_draw': True}
---P-00000001がカードを引きます---
引く理由: white_wild
---更新前---
山札:66枚
P-00000003:7枚 P-00000001:6枚 P-00000004:6枚 P-00000002:4枚 
---更新後---
山札からP-00000001へ2枚移動
山札:64枚
P-00000003:7枚 P-00000001:8枚 P-00000004:6枚 P-00000002:4枚 
res_data: 
{
    'player': 'P-00000001',
    'is_draw': True,
    'can_play_draw_card': False,
    'draw_card': [{'color': 'green', 'special': 'skip'}]
}
Receive draw-card event.
res_data: 
{'player': 'P-00000003', 'is_draw': True}
---P-00000003がカードを引きます---
引く理由: 場に出すカードがない(再行動可能)
---更新前---
山札:64枚
P-00000003:7枚 P-00000001:8枚 P-00000004:6枚 P-00000002:4枚 
25枚以下制約あり
---更新後---
山札からP-00000003へ1枚移動
山札:63枚
P-00000003:8枚 P-00000001:8枚 P-00000004:6枚 P-00000002:4枚 
Receive draw-card event.
res_data: 
{'player': 'P-00000002', 'is_draw': True}
---P-00000002がカードを引きます---
引く理由: 場に出すカードがない(再行動可能)
---更新前---
山札:63枚
P-00000003:8枚 P-00000001:8枚 P-00000004:6枚 P-00000002:4枚 
25枚以下制約あり
---更新後---
山札からP-00000002へ1枚移動
山札:62枚
P-00000003:8枚 P-00000001:8枚 P-00000004:6枚 P-00000002:5枚 
私以外だよ
場札または手札にないのは
カードステータス: {'blue': {'0': 1, '1': 2, '2': 2, '3': 2, '4': 2, '5': 2, '6': 1, '7': 2, '8': 2, '9': 2, 'draw_2': 2, 'skip': 2, 'reverse': 2}, 'green': {'0': 1, '1': 1, '2': 2, '3': 1, '4': 1, '5': 1, '6': 0, '7': 2, '8': 1, '9': 1, 'draw_2': 2, 'skip': 1, 'reverse': 1}, 'red': {'0': 1, '1': 2, '2': 2, '3': 2, '4': 2, '5': 1, '6': 2, '7': 1, '8': 1, '9': 2, 'draw_2': 2, 'skip': 1, 'reverse': 2}, 'yellow': {'0': 1, '1': 1, '2': 2, '3': 2, '4': 1, '5': 2, '6': 1, '7': 1, '8': 1, '9': 1, 'draw_2': 1, 'skip': 2, 'reverse': 1}, 'black': {'wild': 2, 'wild_draw_4': 3, 'wild_shuffle': 0}, 'white': {'white_wild': 2}}
今のは{'card_counts': 5, 'card': {'color': 'black', 'special': 'wild_draw_4'}}
その前は{'card_counts': 6, 'card': {'color': 'green', 'number': 6}}
---場にカードを出した---
プレイヤー: P-00000004
カード: {'color': 'black', 'special': 'wild_draw_4'}
山札の枚数: 62
場の枚数: 24
P-00000003の枚数: 8
P-00000001の枚数: 8
P-00000004の枚数: 5
P-00000002の枚数: 5
カード合計: 112
CHECK: True
最後に記録されたカード: {'color': 'black', 'special': 'wild_draw_4'}
Receive play-card event.
res_data: 
{
    'card_play': {'color': 'black', 'special': 'wild_draw_4'},
    'yell_uno': False,
    'color_of_wild': 'yellow',
    'player': 'P-00000004'
}
Receive update-color event.
res_data: 
{'color': 'yellow'}
私はP-00000001です
---枚数照合---
誰？： P-00000003
dealerから送られてきたカード枚数: 8
game_statusで記録していたカード枚数: 8
正しいか: True
---枚数照合---
誰？： P-00000001
dealerから送られてきたカード枚数: 7
game_statusで記録していたカード枚数: 8
正しいか: False
正しい枚数に更新する
---枚数照合---
誰？： P-00000004
dealerから送られてきたカード枚数: 5
game_statusで記録していたカード枚数: 5
正しいか: True
---枚数照合---
誰？： P-00000002
dealerから送られてきたカード枚数: 5
game_statusで記録していたカード枚数: 5
正しいか: True
Receive next-player event.
res_data: 
{
    'next_player': 'P-00000001',
    'before_player': 'P-00000004',
    'card_before': {'color': 'yellow', 'special': 'wild_draw_4'},
    'card_of_player': [
        {'color': 'yellow', 'special': 'reverse'},
        {'color': 'yellow', 'number': 6},
        {'color': 'green', 'number': 3},
        {'color': 'green', 'special': 'skip'},
        {'color': 'blue', 'number': 6},
        {'color': 'red', 'number': 5},
        {'color': 'red', 'special': 'skip'}
    ],
    'must_call_draw_card': True,
    'draw_reason': 'skip_bind_2',
    'turn_right': False,
    'number_card_play': 24,
    'number_turn_play': 30,
    'number_card_of_player': {
        'P-00000003': 8,
        'P-00000001': 7,
        'P-00000004': 5,
        'P-00000002': 5
    }
}
Send draw-card event.
req_data: 
{}
場札または手札にないのは
カードステータス: {'blue': {'0': 1, '1': 2, '2': 2, '3': 2, '4': 2, '5': 2, '6': 1, '7': 1, '8': 2, '9': 2, 'draw_2': 2, 'skip': 2, 'reverse': 2}, 'green': {'0': 1, '1': 1, '2': 2, '3': 1, '4': 1, '5': 0, '6': 0, '7': 2, '8': 1, '9': 1, 'draw_2': 2, 'skip': 1, 'reverse': 1}, 'red': {'0': 1, '1': 2, '2': 2, '3': 2, '4': 1, '5': 1, '6': 2, '7': 1, '8': 1, '9': 2, 'draw_2': 2, 'skip': 1, 'reverse': 2}, 'yellow': {'0': 1, '1': 1, '2': 2, '3': 2, '4': 1, '5': 2, '6': 1, '7': 1, '8': 1, '9': 1, 'draw_2': 1, 'skip': 1, 'reverse': 1}, 'black': {'wild': 2, 'wild_draw_4': 3, 'wild_shuffle': 0}, 'white': {'white_wild': 2}}
私の手札は
[
    {'color': 'yellow', 'special': 'reverse'},
    {'color': 'yellow', 'number': 6},
    {'color': 'green', 'number': 3},
    {'color': 'green', 'special': 'skip'},
    {'color': 'blue', 'number': 6},
    {'color': 'red', 'number': 5},
    {'color': 'red', 'special': 'skip'},
    {'color': 'yellow', 'special': 'skip'},
    {'color': 'green', 'number': 5},
    {'color': 'blue', 'number': 7},
    {'color': 'red', 'number': 4}
]
Receive receiver-card event.
Receive draw-card event.
res_data: 
{
    'cards_receive': [
        {'color': 'yellow', 'special': 'skip'},
        {'color': 'green', 'number': 5},
        {'color': 'blue', 'number': 7},
        {'color': 'red', 'number': 4}
    ],
    'is_penalty': False
}
res_data: 
{'player': 'P-00000001', 'is_draw': True}
---P-00000001がカードを引きます---
引く理由: wild_draw_4
---更新前---
山札:62枚
P-00000003:8枚 P-00000001:7枚 P-00000004:5枚 P-00000002:5枚 
---更新後---
山札からP-00000001へ4枚移動
山札:58枚
P-00000003:8枚 P-00000001:11枚 P-00000004:5枚 P-00000002:5枚 
Send draw-card event.
res_data: 
{
    'player': 'P-00000001',
    'is_draw': True,
    'can_play_draw_card': False,
    'draw_card': [
        {'color': 'yellow', 'special': 'skip'},
        {'color': 'green', 'number': 5},
        {'color': 'blue', 'number': 7},
        {'color': 'red', 'number': 4}
    ]
}
Receive draw-card event.
res_data: 
{'player': 'P-00000003', 'is_draw': True}
---P-00000003がカードを引きます---
引く理由: 場に出すカードがない(再行動可能)
---更新前---
山札:58枚
P-00000003:8枚 P-00000001:11枚 P-00000004:5枚 P-00000002:5枚 
25枚以下制約あり
---更新後---
山札からP-00000003へ1枚移動
山札:57枚
P-00000003:9枚 P-00000001:11枚 P-00000004:5枚 P-00000002:5枚 
Receive play-draw-card event.
res_data: 
{
    'is_play_card': True,
    'yell_uno': False,
    'player': 'P-00000003',
    'card_play': {'color': 'yellow', 'number': 3}
}
今のは{'card_counts': 8, 'card': {'color': 'yellow', 'number': 3}}
その前は{'card_counts': 7, 'card': {'color': 'green', 'number': 9}}
---場にカードを出した---
プレイヤー: P-00000003
カード: {'color': 'yellow', 'number': 3}
山札の枚数: 57
場の枚数: 25
P-00000003の枚数: 8
P-00000001の枚数: 11
P-00000004の枚数: 5
P-00000002の枚数: 5
カード合計: 111
CHECK: False
最後に記録されたカード: {'color': 'yellow', 'number': 3}
場札または手札にないのは
カードステータス: {'blue': {'0': 1, '1': 2, '2': 2, '3': 2, '4': 2, '5': 2, '6': 1, '7': 1, '8': 2, '9': 2, 'draw_2': 2, 'skip': 2, 'reverse': 2}, 'green': {'0': 1, '1': 1, '2': 2, '3': 1, '4': 1, '5': 0, '6': 0, '7': 2, '8': 1, '9': 1, 'draw_2': 2, 'skip': 1, 'reverse': 1}, 'red': {'0': 1, '1': 2, '2': 2, '3': 2, '4': 1, '5': 1, '6': 2, '7': 1, '8': 1, '9': 2, 'draw_2': 2, 'skip': 1, 'reverse': 2}, 'yellow': {'0': 1, '1': 1, '2': 2, '3': 1, '4': 1, '5': 2, '6': 1, '7': 1, '8': 1, '9': 1, 'draw_2': 1, 'skip': 1, 'reverse': 1}, 'black': {'wild': 2, 'wild_draw_4': 3, 'wild_shuffle': 0}, 'white': {'white_wild': 2}}
私以外だよ
場札または手札にないのは
カードステータス: {'blue': {'0': 1, '1': 2, '2': 2, '3': 2, '4': 2, '5': 2, '6': 1, '7': 1, '8': 2, '9': 2, 'draw_2': 2, 'skip': 2, 'reverse': 2}, 'green': {'0': 1, '1': 1, '2': 2, '3': 1, '4': 1, '5': 0, '6': 0, '7': 2, '8': 1, '9': 1, 'draw_2': 2, 'skip': 1, 'reverse': 1}, 'red': {'0': 1, '1': 2, '2': 2, '3': 2, '4': 1, '5': 1, '6': 2, '7': 1, '8': 1, '9': 2, 'draw_2': 2, 'skip': 1, 'reverse': 2}, 'yellow': {'0': 1, '1': 1, '2': 2, '3': 1, '4': 0, '5': 2, '6': 1, '7': 1, '8': 1, '9': 1, 'draw_2': 1, 'skip': 1, 'reverse': 1}, 'black': {'wild': 2, 'wild_draw_4': 3, 'wild_shuffle': 0}, 'white': {'white_wild': 2}}
今のは{'card_counts': 4, 'card': {'color': 'yellow', 'number': 4}}
その前は{'card_counts': 4, 'card': {'color': 'white', 'special': 'white_wild'}}
---場にカードを出した---
プレイヤー: P-00000002
カード: {'color': 'yellow', 'number': 4}
山札の枚数: 57
場の枚数: 26
P-00000003の枚数: 8
P-00000001の枚数: 11
P-00000004の枚数: 5
P-00000002の枚数: 4
カード合計: 111
CHECK: False
最後に記録されたカード: {'color': 'yellow', 'number': 4}
Receive play-card event.
res_data: 
{
    'card_play': {'color': 'yellow', 'number': 4},
    'yell_uno': False,
    'player': 'P-00000002'
}
私以外だよ
場札または手札にないのは
カードステータス: {'blue': {'0': 1, '1': 2, '2': 2, '3': 2, '4': 2, '5': 2, '6': 1, '7': 1, '8': 2, '9': 2, 'draw_2': 2, 'skip': 2, 'reverse': 2}, 'green': {'0': 1, '1': 1, '2': 2, '3': 1, '4': 1, '5': 0, '6': 0, '7': 2, '8': 1, '9': 1, 'draw_2': 2, 'skip': 1, 'reverse': 1}, 'red': {'0': 1, '1': 2, '2': 2, '3': 2, '4': 0, '5': 1, '6': 2, '7': 1, '8': 1, '9': 2, 'draw_2': 2, 'skip': 1, 'reverse': 2}, 'yellow': {'0': 1, '1': 1, '2': 2, '3': 1, '4': 0, '5': 2, '6': 1, '7': 1, '8': 1, '9': 1, 'draw_2': 1, 'skip': 1, 'reverse': 1}, 'black': {'wild': 2, 'wild_draw_4': 3, 'wild_shuffle': 0}, 'white': {'white_wild': 2}}
今のは{'card_counts': 4, 'card': {'color': 'red', 'number': 4}}
その前は{'card_counts': 5, 'card': {'color': 'black', 'special': 'wild_draw_4'}}
---場にカードを出した---
プレイヤー: P-00000004
カード: {'color': 'red', 'number': 4}
山札の枚数: 57
場の枚数: 27
P-00000003の枚数: 8
P-00000001の枚数: 11
P-00000004の枚数: 4
P-00000002の枚数: 4
カード合計: 111
CHECK: False
最後に記録されたカード: {'color': 'red', 'number': 4}
Receive play-card event.
res_data: 
{
    'card_play': {'color': 'red', 'number': 4},
    'yell_uno': False,
    'player': 'P-00000004'
}
私はP-00000001です
---枚数照合---
誰？： P-00000003
dealerから送られてきたカード枚数: 8
game_statusで記録していたカード枚数: 8
正しいか: True
---枚数照合---
誰？： P-00000001
dealerから送られてきたカード枚数: 11
game_statusで記録していたカード枚数: 11
正しいか: True
---枚数照合---
誰？： P-00000004
dealerから送られてきたカード枚数: 4
game_statusで記録していたカード枚数: 4
正しいか: True
---枚数照合---
誰？： P-00000002
dealerから送られてきたカード枚数: 4
game_statusで記録していたカード枚数: 4
正しいか: True
Receive next-player event.
res_data: 
{
    'next_player': 'P-00000001',
    'before_player': 'P-00000004',
    'card_before': {'color': 'red', 'number': 4},
    'card_of_player': [
        {'color': 'yellow', 'special': 'reverse'},
        {'color': 'yellow', 'number': 6},
        {'color': 'yellow', 'special': 'skip'},
        {'color': 'green', 'number': 3},
        {'color': 'green', 'special': 'skip'},
        {'color': 'green', 'number': 5},
        {'color': 'blue', 'number': 6},
        {'color': 'blue', 'number': 7},
        {'color': 'red', 'number': 4},
        {'color': 'red', 'number': 5},
        {'color': 'red', 'special': 'skip'}
    ],
    'must_call_draw_card': False,
    'draw_reason': 'nothing',
    'turn_right': False,
    'number_card_play': 27,
    'number_turn_play': 34,
    'number_card_of_player': {
        'P-00000003': 8,
        'P-00000001': 11,
        'P-00000004': 4,
        'P-00000002': 4
    }
}
selected card: red skip
Send play-card event.
req_data: 
{'card_play': {'color': 'red', 'special': 'skip'}, 'yell_uno': False}
今のは{'card_counts': 10, 'card': {'color': 'red', 'special': 'skip'}}
その前は{'card_counts': 6, 'card': {'color': 'green', 'number': 6}}
---場にカードを出した---
プレイヤー: P-00000001
カード: {'color': 'red', 'special': 'skip'}
山札の枚数: 57
場の枚数: 28
P-00000003の枚数: 8
P-00000001の枚数: 10
P-00000004の枚数: 4
P-00000002の枚数: 4
カード合計: 111
CHECK: False
最後に記録されたカード: {'color': 'red', 'special': 'skip'}
Receive play-card event.
res_data: 
{
    'card_play': {'color': 'red', 'special': 'skip'},
    'yell_uno': False,
    'player': 'P-00000001'
}
Send play-card event.
res_data: 
{'card_play': {'color': 'red', 'special': 'skip'}, 'yell_uno': False}
私以外だよ
場札または手札にないのは
カードステータス: {'blue': {'0': 1, '1': 2, '2': 2, '3': 2, '4': 2, '5': 2, '6': 1, '7': 1, '8': 2, '9': 2, 'draw_2': 2, 'skip': 1, 'reverse': 2}, 'green': {'0': 1, '1': 1, '2': 2, '3': 1, '4': 1, '5': 0, '6': 0, '7': 2, '8': 1, '9': 1, 'draw_2': 2, 'skip': 1, 'reverse': 1}, 'red': {'0': 1, '1': 2, '2': 2, '3': 2, '4': 0, '5': 1, '6': 2, '7': 1, '8': 1, '9': 2, 'draw_2': 2, 'skip': 1, 'reverse': 2}, 'yellow': {'0': 1, '1': 1, '2': 2, '3': 1, '4': 0, '5': 2, '6': 1, '7': 1, '8': 1, '9': 1, 'draw_2': 1, 'skip': 1, 'reverse': 1}, 'black': {'wild': 2, 'wild_draw_4': 3, 'wild_shuffle': 0}, 'white': {'white_wild': 2}}
今のは{'card_counts': 3, 'card': {'color': 'blue', 'special': 'skip'}}
その前は{'card_counts': 4, 'card': {'color': 'yellow', 'number': 4}}
---場にカードを出した---
プレイヤー: P-00000002
カード: {'color': 'blue', 'special': 'skip'}
山札の枚数: 57
場の枚数: 29
P-00000003の枚数: 8
P-00000001の枚数: 10
P-00000004の枚数: 4
P-00000002の枚数: 3
カード合計: 111
CHECK: False
最後に記録されたカード: {'color': 'blue', 'special': 'skip'}
Receive play-card event.
res_data: 
{
    'card_play': {'color': 'blue', 'special': 'skip'},
    'yell_uno': False,
    'player': 'P-00000002'
}
私はP-00000001です
---枚数照合---
誰？： P-00000003
dealerから送られてきたカード枚数: 8
game_statusで記録していたカード枚数: 8
正しいか: True
---枚数照合---
誰？： P-00000001
dealerから送られてきたカード枚数: 10
game_statusで記録していたカード枚数: 10
正しいか: True
---枚数照合---
誰？： P-00000004
dealerから送られてきたカード枚数: 4
game_statusで記録していたカード枚数: 4
正しいか: True
---枚数照合---
誰？： P-00000002
dealerから送られてきたカード枚数: 3
game_statusで記録していたカード枚数: 3
正しいか: True
Receive next-player event.
res_data: 
{
    'next_player': 'P-00000001',
    'before_player': 'P-00000002',
    'card_before': {'color': 'blue', 'special': 'skip'},
    'card_of_player': [
        {'color': 'yellow', 'special': 'reverse'},
        {'color': 'yellow', 'number': 6},
        {'color': 'yellow', 'special': 'skip'},
        {'color': 'green', 'number': 3},
        {'color': 'green', 'special': 'skip'},
        {'color': 'green', 'number': 5},
        {'color': 'blue', 'number': 6},
        {'color': 'blue', 'number': 7},
        {'color': 'red', 'number': 4},
        {'color': 'red', 'number': 5}
    ],
    'must_call_draw_card': False,
    'draw_reason': 'nothing',
    'turn_right': False,
    'number_card_play': 29,
    'number_turn_play': 36,
    'number_card_of_player': {
        'P-00000003': 8,
        'P-00000001': 10,
        'P-00000004': 4,
        'P-00000002': 3
    }
}
selected card: yellow skip
Send play-card event.
req_data: 
{'card_play': {'color': 'yellow', 'special': 'skip'}, 'yell_uno': False}
今のは{'card_counts': 9, 'card': {'color': 'yellow', 'special': 'skip'}}
その前は{'card_counts': 10, 'card': {'color': 'red', 'special': 'skip'}}
---場にカードを出した---
プレイヤー: P-00000001
カード: {'color': 'yellow', 'special': 'skip'}
山札の枚数: 57
場の枚数: 30
P-00000003の枚数: 8
P-00000001の枚数: 9
P-00000004の枚数: 4
P-00000002の枚数: 3
カード合計: 111
CHECK: False
最後に記録されたカード: {'color': 'yellow', 'special': 'skip'}
Receive play-card event.
res_data: 
{
    'card_play': {'color': 'yellow', 'special': 'skip'},
    'yell_uno': False,
    'player': 'P-00000001'
}
Send play-card event.
res_data: 
{'card_play': {'color': 'yellow', 'special': 'skip'}, 'yell_uno': False}
Receive draw-card event.
res_data: 
{'player': 'P-00000002', 'is_draw': True}
---P-00000002がカードを引きます---
引く理由: 場に出すカードがない(再行動可能)
---更新前---
山札:57枚
P-00000003:8枚 P-00000001:9枚 P-00000004:4枚 P-00000002:3枚 
25枚以下制約あり
---更新後---
山札からP-00000002へ1枚移動
山札:56枚
P-00000003:8枚 P-00000001:9枚 P-00000004:4枚 P-00000002:4枚 
私以外だよ
場札または手札にないのは
カードステータス: {'blue': {'0': 1, '1': 2, '2': 2, '3': 2, '4': 2, '5': 2, '6': 1, '7': 1, '8': 2, '9': 2, 'draw_2': 2, 'skip': 0, 'reverse': 2}, 'green': {'0': 1, '1': 1, '2': 2, '3': 1, '4': 1, '5': 0, '6': 0, '7': 2, '8': 1, '9': 1, 'draw_2': 2, 'skip': 1, 'reverse': 1}, 'red': {'0': 1, '1': 2, '2': 2, '3': 2, '4': 0, '5': 1, '6': 2, '7': 1, '8': 1, '9': 2, 'draw_2': 2, 'skip': 1, 'reverse': 2}, 'yellow': {'0': 1, '1': 1, '2': 2, '3': 1, '4': 0, '5': 2, '6': 1, '7': 1, '8': 1, '9': 1, 'draw_2': 1, 'skip': 1, 'reverse': 1}, 'black': {'wild': 2, 'wild_draw_4': 3, 'wild_shuffle': 0}, 'white': {'white_wild': 2}}
今のは{'card_counts': 3, 'card': {'color': 'blue', 'special': 'skip'}}
その前は{'card_counts': 4, 'card': {'color': 'red', 'number': 4}}
---場にカードを出した---
プレイヤー: P-00000004
カード: {'color': 'blue', 'special': 'skip'}
山札の枚数: 56
場の枚数: 31
P-00000003の枚数: 8
P-00000001の枚数: 9
P-00000004の枚数: 3
P-00000002の枚数: 4
カード合計: 111
CHECK: False
最後に記録されたカード: {'color': 'blue', 'special': 'skip'}
Receive play-card event.
res_data: 
{
    'card_play': {'color': 'blue', 'special': 'skip'},
    'yell_uno': False,
    'player': 'P-00000004'
}
私以外だよ
場札または手札にないのは
カードステータス: {'blue': {'0': 1, '1': 2, '2': 2, '3': 2, '4': 2, '5': 2, '6': 1, '7': 1, '8': 2, '9': 2, 'draw_2': 2, 'skip': 0, 'reverse': 1}, 'green': {'0': 1, '1': 1, '2': 2, '3': 1, '4': 1, '5': 0, '6': 0, '7': 2, '8': 1, '9': 1, 'draw_2': 2, 'skip': 1, 'reverse': 1}, 'red': {'0': 1, '1': 2, '2': 2, '3': 2, '4': 0, '5': 1, '6': 2, '7': 1, '8': 1, '9': 2, 'draw_2': 2, 'skip': 1, 'reverse': 2}, 'yellow': {'0': 1, '1': 1, '2': 2, '3': 1, '4': 0, '5': 2, '6': 1, '7': 1, '8': 1, '9': 1, 'draw_2': 1, 'skip': 1, 'reverse': 1}, 'black': {'wild': 2, 'wild_draw_4': 3, 'wild_shuffle': 0}, 'white': {'white_wild': 2}}
今のは{'card_counts': 7, 'card': {'color': 'blue', 'special': 'reverse'}}
その前は{'card_counts': 8, 'card': {'color': 'yellow', 'number': 3}}
---場にカードを出した---
プレイヤー: P-00000003
カード: {'color': 'blue', 'special': 'reverse'}
山札の枚数: 56
場の枚数: 32
P-00000003の枚数: 7
P-00000001の枚数: 9
P-00000004の枚数: 3
P-00000002の枚数: 4
カード合計: 111
CHECK: False
最後に記録されたカード: {'color': 'blue', 'special': 'reverse'}
反転発動
{'P-00000004': {'位置': '直後', 'UNO': False}, 'P-00000002': {'位置': '対面', 'UNO': False}, 'P-00000003': {'位置': '直前', 'UNO': False}}
Receive play-card event.
res_data: 
{
    'card_play': {'color': 'blue', 'special': 'reverse'},
    'yell_uno': False,
    'player': 'P-00000003'
}
私はP-00000001です
---枚数照合---
誰？： P-00000003
dealerから送られてきたカード枚数: 7
game_statusで記録していたカード枚数: 7
正しいか: True
---枚数照合---
誰？： P-00000001
dealerから送られてきたカード枚数: 9
game_statusで記録していたカード枚数: 9
正しいか: True
---枚数照合---
誰？： P-00000004
dealerから送られてきたカード枚数: 3
game_statusで記録していたカード枚数: 3
正しいか: True
---枚数照合---
誰？： P-00000002
dealerから送られてきたカード枚数: 4
game_statusで記録していたカード枚数: 4
正しいか: True
Receive next-player event.
res_data: 
{
    'next_player': 'P-00000001',
    'before_player': 'P-00000003',
    'card_before': {'color': 'blue', 'special': 'reverse'},
    'card_of_player': [
        {'color': 'yellow', 'special': 'reverse'},
        {'color': 'yellow', 'number': 6},
        {'color': 'green', 'number': 3},
        {'color': 'green', 'special': 'skip'},
        {'color': 'green', 'number': 5},
        {'color': 'blue', 'number': 6},
        {'color': 'blue', 'number': 7},
        {'color': 'red', 'number': 4},
        {'color': 'red', 'number': 5}
    ],
    'must_call_draw_card': False,
    'draw_reason': 'nothing',
    'turn_right': True,
    'number_card_play': 32,
    'number_turn_play': 40,
    'number_card_of_player': {
        'P-00000003': 7,
        'P-00000001': 9,
        'P-00000004': 3,
        'P-00000002': 4
    }
}
selected card: yellow reverse
Send play-card event.
req_data: 
{'card_play': {'color': 'yellow', 'special': 'reverse'}, 'yell_uno': False}
今のは{'card_counts': 8, 'card': {'color': 'yellow', 'special': 'reverse'}}
その前は{'card_counts': 9, 'card': {'color': 'yellow', 'special': 'skip'}}
---場にカードを出した---
プレイヤー: P-00000001
カード: {'color': 'yellow', 'special': 'reverse'}
山札の枚数: 56
場の枚数: 33
P-00000003の枚数: 7
P-00000001の枚数: 8
P-00000004の枚数: 3
P-00000002の枚数: 4
カード合計: 111
CHECK: False
最後に記録されたカード: {'color': 'yellow', 'special': 'reverse'}
反転発動
{'P-00000004': {'位置': '直前', 'UNO': False}, 'P-00000002': {'位置': '対面', 'UNO': False}, 'P-00000003': {'位置': '直後', 'UNO': False}}
Receive play-card event.
res_data: 
{
    'card_play': {'color': 'yellow', 'special': 'reverse'},
    'yell_uno': False,
    'player': 'P-00000001'
}
Send play-card event.
res_data: 
{'card_play': {'color': 'yellow', 'special': 'reverse'}, 'yell_uno': False}
Receive draw-card event.
res_data: 
{'player': 'P-00000003', 'is_draw': True}
---P-00000003がカードを引きます---
引く理由: 場に出すカードがない(再行動可能)
---更新前---
山札:56枚
P-00000003:7枚 P-00000001:8枚 P-00000004:3枚 P-00000002:4枚 
25枚以下制約あり
---更新後---
山札からP-00000003へ1枚移動
山札:55枚
P-00000003:8枚 P-00000001:8枚 P-00000004:3枚 P-00000002:4枚 
Receive draw-card event.
res_data: 
{'player': 'P-00000002', 'is_draw': True}
---P-00000002がカードを引きます---
引く理由: 場に出すカードがない(再行動可能)
---更新前---
山札:55枚
P-00000003:8枚 P-00000001:8枚 P-00000004:3枚 P-00000002:4枚 
25枚以下制約あり
---更新後---
山札からP-00000002へ1枚移動
山札:54枚
P-00000003:8枚 P-00000001:8枚 P-00000004:3枚 P-00000002:5枚 
私以外だよ
場札または手札にないのは
カードステータス: {'blue': {'0': 1, '1': 2, '2': 2, '3': 2, '4': 2, '5': 2, '6': 1, '7': 1, '8': 2, '9': 2, 'draw_2': 2, 'skip': 0, 'reverse': 1}, 'green': {'0': 1, '1': 1, '2': 2, '3': 1, '4': 1, '5': 0, '6': 0, '7': 2, '8': 1, '9': 1, 'draw_2': 2, 'skip': 1, 'reverse': 1}, 'red': {'0': 1, '1': 2, '2': 2, '3': 2, '4': 0, '5': 1, '6': 2, '7': 1, '8': 1, '9': 2, 'draw_2': 2, 'skip': 1, 'reverse': 1}, 'yellow': {'0': 1, '1': 1, '2': 2, '3': 1, '4': 0, '5': 2, '6': 1, '7': 1, '8': 1, '9': 1, 'draw_2': 1, 'skip': 1, 'reverse': 1}, 'black': {'wild': 2, 'wild_draw_4': 3, 'wild_shuffle': 0}, 'white': {'white_wild': 2}}
今のは{'card_counts': 2, 'card': {'color': 'red', 'special': 'reverse'}}
その前は{'card_counts': 3, 'card': {'color': 'blue', 'special': 'skip'}}
---場にカードを出した---
プレイヤー: P-00000004
カード: {'color': 'red', 'special': 'reverse'}
山札の枚数: 54
場の枚数: 34
P-00000003の枚数: 8
P-00000001の枚数: 8
P-00000004の枚数: 2
P-00000002の枚数: 5
カード合計: 111
CHECK: False
最後に記録されたカード: {'color': 'red', 'special': 'reverse'}
反転発動
{'P-00000004': {'位置': '直後', 'UNO': False}, 'P-00000002': {'位置': '対面', 'UNO': False}, 'P-00000003': {'位置': '直前', 'UNO': False}}
Receive play-card event.
res_data: 
{
    'card_play': {'color': 'red', 'special': 'reverse'},
    'yell_uno': False,
    'player': 'P-00000004'
}
私以外だよ
場札または手札にないのは
カードステータス: {'blue': {'0': 1, '1': 2, '2': 2, '3': 2, '4': 2, '5': 2, '6': 1, '7': 1, '8': 2, '9': 2, 'draw_2': 2, 'skip': 0, 'reverse': 1}, 'green': {'0': 1, '1': 1, '2': 2, '3': 1, '4': 1, '5': 0, '6': 0, '7': 2, '8': 1, '9': 1, 'draw_2': 2, 'skip': 1, 'reverse': 1}, 'red': {'0': 0, '1': 2, '2': 2, '3': 2, '4': 0, '5': 1, '6': 2, '7': 1, '8': 1, '9': 2, 'draw_2': 2, 'skip': 1, 'reverse': 1}, 'yellow': {'0': 1, '1': 1, '2': 2, '3': 1, '4': 0, '5': 2, '6': 1, '7': 1, '8': 1, '9': 1, 'draw_2': 1, 'skip': 1, 'reverse': 1}, 'black': {'wild': 2, 'wild_draw_4': 3, 'wild_shuffle': 0}, 'white': {'white_wild': 2}}
今のは{'card_counts': 4, 'card': {'color': 'red', 'number': 0}}
その前は{'card_counts': 3, 'card': {'color': 'blue', 'special': 'skip'}}
---場にカードを出した---
プレイヤー: P-00000002
カード: {'color': 'red', 'number': 0}
山札の枚数: 54
場の枚数: 35
P-00000003の枚数: 8
P-00000001の枚数: 8
P-00000004の枚数: 2
P-00000002の枚数: 4
カード合計: 111
CHECK: False
最後に記録されたカード: {'color': 'red', 'number': 0}
Receive play-card event.
res_data: 
{
    'card_play': {'color': 'red', 'number': 0},
    'yell_uno': False,
    'player': 'P-00000002'
}
私以外だよ
場札または手札にないのは
カードステータス: {'blue': {'0': 1, '1': 2, '2': 2, '3': 2, '4': 2, '5': 2, '6': 1, '7': 1, '8': 2, '9': 2, 'draw_2': 2, 'skip': 0, 'reverse': 1}, 'green': {'0': 1, '1': 1, '2': 2, '3': 1, '4': 1, '5': 0, '6': 0, '7': 2, '8': 1, '9': 1, 'draw_2': 2, 'skip': 1, 'reverse': 1}, 'red': {'0': 0, '1': 1, '2': 2, '3': 2, '4': 0, '5': 1, '6': 2, '7': 1, '8': 1, '9': 2, 'draw_2': 2, 'skip': 1, 'reverse': 1}, 'yellow': {'0': 1, '1': 1, '2': 2, '3': 1, '4': 0, '5': 2, '6': 1, '7': 1, '8': 1, '9': 1, 'draw_2': 1, 'skip': 1, 'reverse': 1}, 'black': {'wild': 2, 'wild_draw_4': 3, 'wild_shuffle': 0}, 'white': {'white_wild': 2}}
今のは{'card_counts': 7, 'card': {'color': 'red', 'number': 1}}
その前は{'card_counts': 7, 'card': {'color': 'blue', 'special': 'reverse'}}
---場にカードを出した---
プレイヤー: P-00000003
カード: {'color': 'red', 'number': 1}
山札の枚数: 54
場の枚数: 36
P-00000003の枚数: 7
P-00000001の枚数: 8
P-00000004の枚数: 2
P-00000002の枚数: 4
カード合計: 111
CHECK: False
最後に記録されたカード: {'color': 'red', 'number': 1}
Receive play-card event.
res_data: 
{
    'card_play': {'color': 'red', 'number': 1},
    'yell_uno': False,
    'player': 'P-00000003'
}
私はP-00000001です
---枚数照合---
誰？： P-00000003
dealerから送られてきたカード枚数: 7
game_statusで記録していたカード枚数: 7
正しいか: True
---枚数照合---
誰？： P-00000001
dealerから送られてきたカード枚数: 8
game_statusで記録していたカード枚数: 8
正しいか: True
---枚数照合---
誰？： P-00000004
dealerから送られてきたカード枚数: 2
game_statusで記録していたカード枚数: 2
正しいか: True
---枚数照合---
誰？： P-00000002
dealerから送られてきたカード枚数: 4
game_statusで記録していたカード枚数: 4
正しいか: True
Receive next-player event.
res_data: 
{
    'next_player': 'P-00000001',
    'before_player': 'P-00000003',
    'card_before': {'color': 'red', 'number': 1},
    'card_of_player': [
        {'color': 'yellow', 'number': 6},
        {'color': 'green', 'number': 3},
        {'color': 'green', 'special': 'skip'},
        {'color': 'green', 'number': 5},
        {'color': 'blue', 'number': 6},
        {'color': 'blue', 'number': 7},
        {'color': 'red', 'number': 4},
        {'color': 'red', 'number': 5}
    ],
    'must_call_draw_card': False,
    'draw_reason': 'nothing',
    'turn_right': True,
    'number_card_play': 36,
    'number_turn_play': 46,
    'number_card_of_player': {
        'P-00000003': 7,
        'P-00000001': 8,
        'P-00000004': 2,
        'P-00000002': 4
    }
}
Send special-logic event.
req_data: 
{'title': '◯◯◯◯◯◯◯◯◯◯◯◯◯◯◯◯◯◯◯◯◯'}
selected card: red 5
Send play-card event.
req_data: 
{'card_play': {'color': 'red', 'number': 5}, 'yell_uno': False}
今のは{'card_counts': 7, 'card': {'color': 'red', 'number': 5}}
その前は{'card_counts': 8, 'card': {'color': 'yellow', 'special': 'reverse'}}
---場にカードを出した---
プレイヤー: P-00000001
カード: {'color': 'red', 'number': 5}
山札の枚数: 54
場の枚数: 37
P-00000003の枚数: 7
P-00000001の枚数: 7
P-00000004の枚数: 2
P-00000002の枚数: 4
カード合計: 111
CHECK: False
最後に記録されたカード: {'color': 'red', 'number': 5}
Receive play-card event.
res_data: 
{
    'card_play': {'color': 'red', 'number': 5},
    'yell_uno': False,
    'player': 'P-00000001'
}
Send play-card event.
res_data: 
{'card_play': {'color': 'red', 'number': 5}, 'yell_uno': False}
Send special-logic event.
res_data: 
{'title': '◯◯◯◯◯◯◯◯◯◯◯◯◯◯◯◯◯◯◯◯◯'}
私以外だよ
場札または手札にないのは
カードステータス: {'blue': {'0': 1, '1': 2, '2': 2, '3': 2, '4': 2, '5': 2, '6': 1, '7': 1, '8': 2, '9': 2, 'draw_2': 2, 'skip': 0, 'reverse': 1}, 'green': {'0': 1, '1': 1, '2': 2, '3': 1, '4': 1, '5': 0, '6': 0, '7': 2, '8': 1, '9': 1, 'draw_2': 2, 'skip': 1, 'reverse': 1}, 'red': {'0': 0, '1': 1, '2': 2, '3': 2, '4': 0, '5': 1, '6': 2, '7': 1, '8': 0, '9': 2, 'draw_2': 2, 'skip': 1, 'reverse': 1}, 'yellow': {'0': 1, '1': 1, '2': 2, '3': 1, '4': 0, '5': 2, '6': 1, '7': 1, '8': 1, '9': 1, 'draw_2': 1, 'skip': 1, 'reverse': 1}, 'black': {'wild': 2, 'wild_draw_4': 3, 'wild_shuffle': 0}, 'white': {'white_wild': 2}}
今のは{'card_counts': 1, 'card': {'color': 'red', 'number': 8}}
その前は{'card_counts': 2, 'card': {'color': 'red', 'special': 'reverse'}}
---場にカードを出した---
プレイヤー: P-00000004
カード: {'color': 'red', 'number': 8}
山札の枚数: 54
場の枚数: 38
P-00000003の枚数: 7
P-00000001の枚数: 7
P-00000004の枚数: 1
P-00000002の枚数: 4
カード合計: 111
CHECK: False
最後に記録されたカード: {'color': 'red', 'number': 8}
Receive play-card event.
res_data: 
{
    'card_play': {'color': 'red', 'number': 8},
    'yell_uno': True,
    'player': 'P-00000004'
}
P-00000004がUNOしました
私以外だよ
場札または手札にないのは
カードステータス: {'blue': {'0': 1, '1': 2, '2': 2, '3': 2, '4': 2, '5': 2, '6': 1, '7': 1, '8': 2, '9': 2, 'draw_2': 2, 'skip': 0, 'reverse': 1}, 'green': {'0': 1, '1': 1, '2': 2, '3': 1, '4': 1, '5': 0, '6': 0, '7': 2, '8': 1, '9': 1, 'draw_2': 2, 'skip': 1, 'reverse': 1}, 'red': {'0': 0, '1': 0, '2': 2, '3': 2, '4': 0, '5': 1, '6': 2, '7': 1, '8': 0, '9': 2, 'draw_2': 2, 'skip': 1, 'reverse': 1}, 'yellow': {'0': 1, '1': 1, '2': 2, '3': 1, '4': 0, '5': 2, '6': 1, '7': 1, '8': 1, '9': 1, 'draw_2': 1, 'skip': 1, 'reverse': 1}, 'black': {'wild': 2, 'wild_draw_4': 3, 'wild_shuffle': 0}, 'white': {'white_wild': 2}}
今のは{'card_counts': 3, 'card': {'color': 'red', 'number': 1}}
その前は{'card_counts': 4, 'card': {'color': 'red', 'number': 0}}
---場にカードを出した---
プレイヤー: P-00000002
カード: {'color': 'red', 'number': 1}
山札の枚数: 54
場の枚数: 39
P-00000003の枚数: 7
P-00000001の枚数: 7
P-00000004の枚数: 1
P-00000002の枚数: 3
カード合計: 111
CHECK: False
最後に記録されたカード: {'color': 'red', 'number': 1}
Receive play-card event.
res_data: 
{
    'card_play': {'color': 'red', 'number': 1},
    'yell_uno': False,
    'player': 'P-00000002'
}
私以外だよ
場札または手札にないのは
カードステータス: {'blue': {'0': 1, '1': 1, '2': 2, '3': 2, '4': 2, '5': 2, '6': 1, '7': 1, '8': 2, '9': 2, 'draw_2': 2, 'skip': 0, 'reverse': 1}, 'green': {'0': 1, '1': 1, '2': 2, '3': 1, '4': 1, '5': 0, '6': 0, '7': 2, '8': 1, '9': 1, 'draw_2': 2, 'skip': 1, 'reverse': 1}, 'red': {'0': 0, '1': 0, '2': 2, '3': 2, '4': 0, '5': 1, '6': 2, '7': 1, '8': 0, '9': 2, 'draw_2': 2, 'skip': 1, 'reverse': 1}, 'yellow': {'0': 1, '1': 1, '2': 2, '3': 1, '4': 0, '5': 2, '6': 1, '7': 1, '8': 1, '9': 1, 'draw_2': 1, 'skip': 1, 'reverse': 1}, 'black': {'wild': 2, 'wild_draw_4': 3, 'wild_shuffle': 0}, 'white': {'white_wild': 2}}
今のは{'card_counts': 6, 'card': {'color': 'blue', 'number': 1}}
その前は{'card_counts': 7, 'card': {'color': 'red', 'number': 1}}
---場にカードを出した---
プレイヤー: P-00000003
カード: {'color': 'blue', 'number': 1}
山札の枚数: 54
場の枚数: 40
P-00000003の枚数: 6
P-00000001の枚数: 7
P-00000004の枚数: 1
P-00000002の枚数: 3
カード合計: 111
CHECK: False
最後に記録されたカード: {'color': 'blue', 'number': 1}
Receive play-card event.
res_data: 
{
    'card_play': {'color': 'blue', 'number': 1},
    'yell_uno': False,
    'player': 'P-00000003'
}
私はP-00000001です
---枚数照合---
誰？： P-00000003
dealerから送られてきたカード枚数: 6
game_statusで記録していたカード枚数: 6
正しいか: True
---枚数照合---
誰？： P-00000001
dealerから送られてきたカード枚数: 7
game_statusで記録していたカード枚数: 7
正しいか: True
---枚数照合---
誰？： P-00000004
dealerから送られてきたカード枚数: 1
game_statusで記録していたカード枚数: 1
正しいか: True
---枚数照合---
誰？： P-00000002
dealerから送られてきたカード枚数: 3
game_statusで記録していたカード枚数: 3
正しいか: True
Receive next-player event.
res_data: 
{
    'next_player': 'P-00000001',
    'before_player': 'P-00000003',
    'card_before': {'color': 'blue', 'number': 1},
    'card_of_player': [
        {'color': 'yellow', 'number': 6},
        {'color': 'green', 'number': 3},
        {'color': 'green', 'special': 'skip'},
        {'color': 'green', 'number': 5},
        {'color': 'blue', 'number': 6},
        {'color': 'blue', 'number': 7},
        {'color': 'red', 'number': 4}
    ],
    'must_call_draw_card': False,
    'draw_reason': 'nothing',
    'turn_right': True,
    'number_card_play': 40,
    'number_turn_play': 50,
    'number_card_of_player': {
        'P-00000003': 6,
        'P-00000001': 7,
        'P-00000004': 1,
        'P-00000002': 3
    }
}
pos is  直前
tmp_num_list
[{'color': 'blue', 'number': 7}, {'color': 'blue', 'number': 6}]
rtn_list_1 :
[]
rtn_list_2 :
[{'color': 'blue', 'number': 7}, {'color': 'blue', 'number': 6}]
---出す順---
blueの7 blueの6 [{'color': 'blue', 'number': 7}, {'color': 'blue', 'number': 6}]
selected card: blue 7
Send play-card event.
req_data: 
{'card_play': {'color': 'blue', 'number': 7}, 'yell_uno': False}
今のは{'card_counts': 6, 'card': {'color': 'blue', 'number': 7}}
その前は{'card_counts': 7, 'card': {'color': 'red', 'number': 5}}
---場にカードを出した---
プレイヤー: P-00000001
カード: {'color': 'blue', 'number': 7}
山札の枚数: 54
場の枚数: 41
P-00000003の枚数: 6
P-00000001の枚数: 6
P-00000004の枚数: 1
P-00000002の枚数: 3
カード合計: 111
CHECK: False
最後に記録されたカード: {'color': 'blue', 'number': 7}
Receive play-card event.
res_data: 
{
    'card_play': {'color': 'blue', 'number': 7},
    'yell_uno': False,
    'player': 'P-00000001'
}
Send play-card event.
res_data: 
{'card_play': {'color': 'blue', 'number': 7}, 'yell_uno': False}
私以外だよ
場札または手札にないのは
カードステータス: {'blue': {'0': 1, '1': 1, '2': 2, '3': 2, '4': 2, '5': 2, '6': 1, '7': 1, '8': 2, '9': 1, 'draw_2': 2, 'skip': 0, 'reverse': 1}, 'green': {'0': 1, '1': 1, '2': 2, '3': 1, '4': 1, '5': 0, '6': 0, '7': 2, '8': 1, '9': 1, 'draw_2': 2, 'skip': 1, 'reverse': 1}, 'red': {'0': 0, '1': 0, '2': 2, '3': 2, '4': 0, '5': 1, '6': 2, '7': 1, '8': 0, '9': 2, 'draw_2': 2, 'skip': 1, 'reverse': 1}, 'yellow': {'0': 1, '1': 1, '2': 2, '3': 1, '4': 0, '5': 2, '6': 1, '7': 1, '8': 1, '9': 1, 'draw_2': 1, 'skip': 1, 'reverse': 1}, 'black': {'wild': 2, 'wild_draw_4': 3, 'wild_shuffle': 0}, 'white': {'white_wild': 2}}
今のは{'card_counts': 0, 'card': {'color': 'blue', 'number': 9}}
その前は{'card_counts': 1, 'card': {'color': 'red', 'number': 8}}
---場にカードを出した---
プレイヤー: P-00000004
カード: {'color': 'blue', 'number': 9}
山札の枚数: 54
場の枚数: 42
P-00000003の枚数: 6
P-00000001の枚数: 6
P-00000004の枚数: 0
P-00000002の枚数: 3
カード合計: 111
CHECK: False
最後に記録されたカード: {'color': 'blue', 'number': 9}
Receive play-card event.
res_data: 
{
    'card_play': {'color': 'blue', 'number': 9},
    'yell_uno': False,
    'player': 'P-00000004'
}
Receive finish-turn event.
res_data: 
{
    'winner': 'P-00000004',
    'turn_no': 16,
    'score': {
        'P-00000003': -51,
        'P-00000001': -44,
        'P-00000002': -12,
        'P-00000004': 107
    }
}
Receive finish-game event.
res_data: 
{
    'winner': 'P-00000001',
    'turn_win': 4,
    'order': {
        'P-00000001': 4,
        'P-00000003': 4,
        'P-00000002': 2,
        'P-00000004': 2,
        'P-00000005': 1
    },
    'total_score': {
        'P-00000001': 247,
        'P-00000003': 169,
        'P-00000005': 79,
        'P-00000006': None,
        'P-00000002': -74,
        'P-00000004': -601
    }
}
Client disconnect.
