Host: http://host.docker.internal:8080
Dealer: D1, Player: P1
Client connect successfully!
Send join-room event.
req_data: 
{'room_name': 'D1', 'player': 'P1'}
Receive join-room event.
res_data: 
{'room_name': 'D1', 'player': 'P1'}
Send join-room event.
res_data: 
{
    'room_name': 'D1',
    'player': 'P1',
    'game_id': 'D-00000001',
    'your_id': 'P-00000001',
    'total_turn': 1,
    'white_wild': 'skip_bind_2'
}
Client join room successfully!
My id is P-00000001
Receive join-room event.
res_data: 
{'room_name': 'D1', 'player': 'Alternative 2'}
Receive join-room event.
res_data: 
{'room_name': 'D1', 'player': 'Alternative 3'}
Receive join-room event.
res_data: 
{'room_name': 'D1', 'player': 'Alternative 4'}
場札または手札にないのは
カードステータス: {'blue': {'0': 1, '1': 2, '2': 2, '3': 2, '4': 2, '5': 2, '6': 2, '7': 2, '8': 2, '9': 2, 'draw_2': 2, 'skip': 2, 'reverse': 2}, 'green': {'0': 1, '1': 1, '2': 2, '3': 2, '4': 2, '5': 2, '6': 2, '7': 1, '8': 2, '9': 2, 'draw_2': 2, 'skip': 2, 'reverse': 1}, 'red': {'0': 1, '1': 2, '2': 1, '3': 2, '4': 2, '5': 2, '6': 2, '7': 2, '8': 2, '9': 2, 'draw_2': 2, 'skip': 2, 'reverse': 2}, 'yellow': {'0': 1, '1': 2, '2': 2, '3': 2, '4': 1, '5': 2, '6': 1, '7': 2, '8': 2, '9': 2, 'draw_2': 2, 'skip': 1, 'reverse': 2}, 'black': {'wild': 4, 'wild_draw_4': 4, 'wild_shuffle': 1}, 'white': {'white_wild': 3}}
私の手札は
[
    {'color': 'yellow', 'number': 6},
    {'color': 'green', 'number': 1},
    {'color': 'yellow', 'special': 'skip'},
    {'color': 'yellow', 'number': 4},
    {'color': 'green', 'special': 'reverse'},
    {'color': 'red', 'number': 2},
    {'color': 'green', 'number': 7}
]
Receive receiver-card event.
res_data: 
{
    'cards_receive': [
        {'color': 'yellow', 'number': 6},
        {'color': 'green', 'number': 1},
        {'color': 'yellow', 'special': 'skip'},
        {'color': 'yellow', 'number': 4},
        {'color': 'green', 'special': 'reverse'},
        {'color': 'red', 'number': 2},
        {'color': 'green', 'number': 7}
    ],
    'is_penalty': False
}
Receive first-player event.
res_data: 
{
    'first_player': 'P-00000001',
    'first_card': {'color': 'blue', 'number': 9},
    'play_order': ['P-00000001', 'P-00000003', 'P-00000004', 'P-00000002'],
    'total_turn': 1,
    'white_wild': 'skip_bind_2'
}
私はP-00000001です
Receive next-player event.
res_data: 
{
    'next_player': 'P-00000001',
    'before_player': 'P-00000001',
    'card_before': {'color': 'blue', 'number': 9},
    'card_of_player': [
        {'color': 'yellow', 'number': 6},
        {'color': 'yellow', 'special': 'skip'},
        {'color': 'yellow', 'number': 4},
        {'color': 'green', 'number': 1},
        {'color': 'green', 'special': 'reverse'},
        {'color': 'green', 'number': 7},
        {'color': 'red', 'number': 2}
    ],
    'must_call_draw_card': False,
    'draw_reason': 'nothing',
    'turn_right': True,
    'number_card_play': 1,
    'number_turn_play': 1,
    'number_card_of_player': {
        'P-00000001': 7,
        'P-00000003': 7,
        'P-00000004': 7,
        'P-00000002': 7
    }
}
---枚数照合---
誰？： P-00000001
dealerから送られてきたカード枚数: 7
game_statusで記録していたカード枚数: 7
正しいか: True
---枚数照合---
誰？： P-00000003
dealerから送られてきたカード枚数: 7
game_statusで記録していたカード枚数: 7
正しいか: True
---枚数照合---
誰？： P-00000004
dealerから送られてきたカード枚数: 7
game_statusで記録していたカード枚数: 7
正しいか: True
---枚数照合---
誰？： P-00000002
dealerから送られてきたカード枚数: 7
game_statusで記録していたカード枚数: 7
正しいか: True
Send draw-card event.
req_data: 
{}
場札または手札にないのは
カードステータス: {'blue': {'0': 1, '1': 2, '2': 2, '3': 2, '4': 2, '5': 2, '6': 2, '7': 2, '8': 2, '9': 1, 'draw_2': 2, 'skip': 2, 'reverse': 2}, 'green': {'0': 1, '1': 1, '2': 2, '3': 2, '4': 2, '5': 2, '6': 2, '7': 1, '8': 2, '9': 2, 'draw_2': 2, 'skip': 2, 'reverse': 1}, 'red': {'0': 1, '1': 2, '2': 1, '3': 2, '4': 2, '5': 2, '6': 2, '7': 2, '8': 2, '9': 2, 'draw_2': 2, 'skip': 2, 'reverse': 2}, 'yellow': {'0': 1, '1': 2, '2': 2, '3': 2, '4': 1, '5': 2, '6': 1, '7': 2, '8': 2, '9': 2, 'draw_2': 2, 'skip': 1, 'reverse': 2}, 'black': {'wild': 4, 'wild_draw_4': 4, 'wild_shuffle': 1}, 'white': {'white_wild': 3}}
私の手札は
[
    {'color': 'yellow', 'number': 6},
    {'color': 'yellow', 'special': 'skip'},
    {'color': 'yellow', 'number': 4},
    {'color': 'green', 'number': 1},
    {'color': 'green', 'special': 'reverse'},
    {'color': 'green', 'number': 7},
    {'color': 'red', 'number': 2},
    {'color': 'blue', 'number': 9}
]
Receive draw-card event.
Receive receiver-card event.
Send draw-card event.
res_data: 
{'player': 'P-00000001', 'is_draw': True}
---P-00000001がカードを引きます---
引く理由: 場に出すカードがない(再行動可能)
---更新前---
山札:83枚
P-00000001:7枚 P-00000003:7枚 P-00000004:7枚 P-00000002:7枚 
25枚以下制約あり
---更新後---
山札からP-00000001へ1枚移動
山札:82枚
P-00000001:8枚 P-00000003:7枚 P-00000004:7枚 P-00000002:7枚 
res_data: 
{'cards_receive': [{'color': 'blue', 'number': 9}], 'is_penalty': False}
res_data: 
{
    'player': 'P-00000001',
    'is_draw': True,
    'draw_card': [{'color': 'blue', 'number': 9}],
    'can_play_draw_card': True
}
Send play-draw-card event.
req_data: 
{'is_play_card': True, 'yell_uno': False}
Receive play-draw-card event.
res_data: 
{
    'is_play_card': True,
    'yell_uno': False,
    'player': 'P-00000001',
    'card_play': {'color': 'blue', 'number': 9}
}
---場にカードを出した---
プレイヤー: P-00000001
カード: {'color': 'blue', 'number': 9}
山札の枚数: 82
場の枚数: 2
P-00000001の枚数: 7
P-00000003の枚数: 7
P-00000004の枚数: 7
P-00000002の枚数: 7
カード合計: 112
CHECK: True
最後に記録されたカード: {'color': 'blue', 'number': 9}
Send play-draw-card event.
res_data: 
{'is_play_card': True, 'yell_uno': False}
私以外だよ
場札または手札にないのは
カードステータス: {'blue': {'0': 1, '1': 2, '2': 2, '3': 2, '4': 2, '5': 2, '6': 2, '7': 2, '8': 2, '9': 1, 'draw_2': 2, 'skip': 1, 'reverse': 2}, 'green': {'0': 1, '1': 1, '2': 2, '3': 2, '4': 2, '5': 2, '6': 2, '7': 1, '8': 2, '9': 2, 'draw_2': 2, 'skip': 2, 'reverse': 1}, 'red': {'0': 1, '1': 2, '2': 1, '3': 2, '4': 2, '5': 2, '6': 2, '7': 2, '8': 2, '9': 2, 'draw_2': 2, 'skip': 2, 'reverse': 2}, 'yellow': {'0': 1, '1': 2, '2': 2, '3': 2, '4': 1, '5': 2, '6': 1, '7': 2, '8': 2, '9': 2, 'draw_2': 2, 'skip': 1, 'reverse': 2}, 'black': {'wild': 4, 'wild_draw_4': 4, 'wild_shuffle': 1}, 'white': {'white_wild': 3}}
---場にカードを出した---
プレイヤー: P-00000003
カード: {'color': 'blue', 'special': 'skip'}
山札の枚数: 82
場の枚数: 3
P-00000001の枚数: 7
P-00000003の枚数: 6
P-00000004の枚数: 7
P-00000002の枚数: 7
カード合計: 112
CHECK: True
最後に記録されたカード: {'color': 'blue', 'special': 'skip'}
Receive play-card event.
res_data: 
{
    'card_play': {'color': 'blue', 'special': 'skip'},
    'yell_uno': False,
    'player': 'P-00000003'
}
私以外だよ
場札または手札にないのは
カードステータス: {'blue': {'0': 1, '1': 1, '2': 2, '3': 2, '4': 2, '5': 2, '6': 2, '7': 2, '8': 2, '9': 1, 'draw_2': 2, 'skip': 1, 'reverse': 2}, 'green': {'0': 1, '1': 1, '2': 2, '3': 2, '4': 2, '5': 2, '6': 2, '7': 1, '8': 2, '9': 2, 'draw_2': 2, 'skip': 2, 'reverse': 1}, 'red': {'0': 1, '1': 2, '2': 1, '3': 2, '4': 2, '5': 2, '6': 2, '7': 2, '8': 2, '9': 2, 'draw_2': 2, 'skip': 2, 'reverse': 2}, 'yellow': {'0': 1, '1': 2, '2': 2, '3': 2, '4': 1, '5': 2, '6': 1, '7': 2, '8': 2, '9': 2, 'draw_2': 2, 'skip': 1, 'reverse': 2}, 'black': {'wild': 4, 'wild_draw_4': 4, 'wild_shuffle': 1}, 'white': {'white_wild': 3}}
---場にカードを出した---
プレイヤー: P-00000002
カード: {'color': 'blue', 'number': 1}
山札の枚数: 82
場の枚数: 4
P-00000001の枚数: 7
P-00000003の枚数: 6
P-00000004の枚数: 7
P-00000002の枚数: 6
カード合計: 112
CHECK: True
最後に記録されたカード: {'color': 'blue', 'number': 1}
Receive play-card event.
res_data: 
{
    'card_play': {'color': 'blue', 'number': 1},
    'yell_uno': False,
    'player': 'P-00000002'
}
私はP-00000001です
Receive next-player event.
res_data: 
{
    'next_player': 'P-00000001',
    'before_player': 'P-00000002',
    'card_before': {'color': 'blue', 'number': 1},
    'card_of_player': [
        {'color': 'yellow', 'number': 6},
        {'color': 'yellow', 'special': 'skip'},
        {'color': 'yellow', 'number': 4},
        {'color': 'green', 'number': 1},
        {'color': 'green', 'special': 'reverse'},
        {'color': 'green', 'number': 7},
        {'color': 'red', 'number': 2}
    ],
    'must_call_draw_card': False,
    'draw_reason': 'nothing',
    'turn_right': True,
    'number_card_play': 4,
    'number_turn_play': 3,
    'number_card_of_player': {
        'P-00000001': 7,
        'P-00000003': 6,
        'P-00000004': 7,
        'P-00000002': 6
    }
}
---枚数照合---
誰？： P-00000001
dealerから送られてきたカード枚数: 7
game_statusで記録していたカード枚数: 7
正しいか: True
---枚数照合---
誰？： P-00000003
dealerから送られてきたカード枚数: 6
game_statusで記録していたカード枚数: 6
正しいか: True
---枚数照合---
誰？： P-00000004
dealerから送られてきたカード枚数: 7
game_statusで記録していたカード枚数: 7
正しいか: True
---枚数照合---
誰？： P-00000002
dealerから送られてきたカード枚数: 6
game_statusで記録していたカード枚数: 6
正しいか: True
出せるのは(offensive)
[{'color': 'green', 'number': 1}]
selected card: green 1
Send play-card event.
req_data: 
{'card_play': {'color': 'green', 'number': 1}, 'yell_uno': False}
今のは{'card_counts': 6, 'card': {'color': 'green', 'number': 1}}
その前は{'card_counts': 7, 'card': {'color': 'blue', 'number': 9}}
---場にカードを出した---
プレイヤー: P-00000001
カード: {'color': 'green', 'number': 1}
山札の枚数: 82
場の枚数: 5
P-00000001の枚数: 6
P-00000003の枚数: 6
P-00000004の枚数: 7
P-00000002の枚数: 6
カード合計: 112
CHECK: True
最後に記録されたカード: {'color': 'green', 'number': 1}
Receive play-card event.
res_data: 
{
    'card_play': {'color': 'green', 'number': 1},
    'yell_uno': False,
    'player': 'P-00000001'
}
Send play-card event.
res_data: 
{'card_play': {'color': 'green', 'number': 1}, 'yell_uno': False}
私以外だよ
場札または手札にないのは
カードステータス: {'blue': {'0': 1, '1': 1, '2': 2, '3': 2, '4': 2, '5': 2, '6': 2, '7': 2, '8': 2, '9': 1, 'draw_2': 2, 'skip': 1, 'reverse': 2}, 'green': {'0': 1, '1': 1, '2': 2, '3': 1, '4': 2, '5': 2, '6': 2, '7': 1, '8': 2, '9': 2, 'draw_2': 2, 'skip': 2, 'reverse': 1}, 'red': {'0': 1, '1': 2, '2': 1, '3': 2, '4': 2, '5': 2, '6': 2, '7': 2, '8': 2, '9': 2, 'draw_2': 2, 'skip': 2, 'reverse': 2}, 'yellow': {'0': 1, '1': 2, '2': 2, '3': 2, '4': 1, '5': 2, '6': 1, '7': 2, '8': 2, '9': 2, 'draw_2': 2, 'skip': 1, 'reverse': 2}, 'black': {'wild': 4, 'wild_draw_4': 4, 'wild_shuffle': 1}, 'white': {'white_wild': 3}}
今のは{'card_counts': 5, 'card': {'color': 'green', 'number': 3}}
その前は{'card_counts': 6, 'card': {'color': 'blue', 'special': 'skip'}}
---場にカードを出した---
プレイヤー: P-00000003
カード: {'color': 'green', 'number': 3}
山札の枚数: 82
場の枚数: 6
P-00000001の枚数: 6
P-00000003の枚数: 5
P-00000004の枚数: 7
P-00000002の枚数: 6
カード合計: 112
CHECK: True
最後に記録されたカード: {'color': 'green', 'number': 3}
Receive play-card event.
res_data: 
{
    'card_play': {'color': 'green', 'number': 3},
    'yell_uno': False,
    'player': 'P-00000003'
}
場札または手札にないのは
カードステータス: {'blue': {'0': 1, '1': 1, '2': 1, '3': 2, '4': 2, '5': 1, '6': 2, '7': 2, '8': 2, '9': 1, 'draw_2': 2, 'skip': 1, 'reverse': 2}, 'green': {'0': 1, '1': 2, '2': 2, '3': 1, '4': 2, '5': 2, '6': 2, '7': 2, '8': 2, '9': 2, 'draw_2': 2, 'skip': 2, 'reverse': 1}, 'red': {'0': 1, '1': 2, '2': 2, '3': 2, '4': 2, '5': 2, '6': 1, '7': 2, '8': 2, '9': 2, 'draw_2': 2, 'skip': 2, 'reverse': 2}, 'yellow': {'0': 1, '1': 2, '2': 2, '3': 2, '4': 2, '5': 2, '6': 2, '7': 2, '8': 2, '9': 1, 'draw_2': 2, 'skip': 1, 'reverse': 2}, 'black': {'wild': 4, 'wild_draw_4': 4, 'wild_shuffle': 1}, 'white': {'white_wild': 3}}
Receive shuffle-wild event.
res_data: 
{
    'cards_receive': [
        {'color': 'yellow', 'special': 'skip'},
        {'color': 'yellow', 'number': 9},
        {'color': 'green', 'special': 'reverse'},
        {'color': 'blue', 'number': 2},
        {'color': 'blue', 'number': 5},
        {'color': 'red', 'number': 6}
    ],
    'number_card_of_player': {
        'P-00000001': 6,
        'P-00000003': 6,
        'P-00000004': 5,
        'P-00000002': 6
    }
}
---シャッフルワイルド発動---
data_res.get('player') =  None
公開カードリセット
---枚数照合---
誰？： P-00000001
dealerから送られてきたカード枚数: 6
game_statusで記録していたカード枚数: 6
正しいか: True
---枚数照合---
誰？： P-00000003
dealerから送られてきたカード枚数: 6
game_statusで記録していたカード枚数: 5
正しいか: False
正しい枚数に更新する
---枚数照合---
誰？： P-00000004
dealerから送られてきたカード枚数: 5
game_statusで記録していたカード枚数: 7
正しいか: False
正しい枚数に更新する
---枚数照合---
誰？： P-00000002
dealerから送られてきたカード枚数: 6
game_statusで記録していたカード枚数: 6
正しいか: True
私以外だよ
場札または手札にないのは
カードステータス: {'blue': {'0': 1, '1': 1, '2': 1, '3': 2, '4': 2, '5': 1, '6': 2, '7': 2, '8': 2, '9': 1, 'draw_2': 2, 'skip': 1, 'reverse': 2}, 'green': {'0': 1, '1': 2, '2': 2, '3': 1, '4': 2, '5': 2, '6': 2, '7': 2, '8': 2, '9': 2, 'draw_2': 2, 'skip': 2, 'reverse': 1}, 'red': {'0': 1, '1': 2, '2': 2, '3': 2, '4': 2, '5': 2, '6': 1, '7': 2, '8': 2, '9': 2, 'draw_2': 2, 'skip': 2, 'reverse': 2}, 'yellow': {'0': 1, '1': 2, '2': 2, '3': 2, '4': 2, '5': 2, '6': 2, '7': 2, '8': 2, '9': 1, 'draw_2': 2, 'skip': 1, 'reverse': 2}, 'black': {'wild': 4, 'wild_draw_4': 4, 'wild_shuffle': 0}, 'white': {'white_wild': 3}}
---場にカードを出した---
プレイヤー: P-00000004
カード: {'color': 'black', 'special': 'wild_shuffle'}
山札の枚数: 82
場の枚数: 7
P-00000001の枚数: 6
P-00000003の枚数: 6
P-00000004の枚数: 4
P-00000002の枚数: 6
カード合計: 111
CHECK: False
最後に記録されたカード: {'color': 'black', 'special': 'wild_shuffle'}
Receive play-card event.
res_data: 
{
    'card_play': {'color': 'black', 'special': 'wild_shuffle'},
    'yell_uno': False,
    'player': 'P-00000004'
}
Receive update-color event.
res_data: 
{'color': 'red'}
私以外だよ
場札または手札にないのは
カードステータス: {'blue': {'0': 1, '1': 1, '2': 1, '3': 2, '4': 2, '5': 1, '6': 2, '7': 2, '8': 2, '9': 1, 'draw_2': 2, 'skip': 1, 'reverse': 2}, 'green': {'0': 1, '1': 2, '2': 2, '3': 1, '4': 2, '5': 2, '6': 2, '7': 2, '8': 2, '9': 2, 'draw_2': 2, 'skip': 2, 'reverse': 1}, 'red': {'0': 1, '1': 1, '2': 2, '3': 2, '4': 2, '5': 2, '6': 1, '7': 2, '8': 2, '9': 2, 'draw_2': 2, 'skip': 2, 'reverse': 2}, 'yellow': {'0': 1, '1': 2, '2': 2, '3': 2, '4': 2, '5': 2, '6': 2, '7': 2, '8': 2, '9': 1, 'draw_2': 2, 'skip': 1, 'reverse': 2}, 'black': {'wild': 4, 'wild_draw_4': 4, 'wild_shuffle': 0}, 'white': {'white_wild': 3}}
今のは{'card_counts': 5, 'card': {'color': 'red', 'number': 1}}
その前は{'card_counts': 6, 'card': {'color': 'blue', 'number': 1}}
---場にカードを出した---
プレイヤー: P-00000002
カード: {'color': 'red', 'number': 1}
山札の枚数: 82
場の枚数: 8
P-00000001の枚数: 6
P-00000003の枚数: 6
P-00000004の枚数: 4
P-00000002の枚数: 5
カード合計: 111
CHECK: False
最後に記録されたカード: {'color': 'red', 'number': 1}
Receive play-card event.
res_data: 
{
    'card_play': {'color': 'red', 'number': 1},
    'yell_uno': False,
    'player': 'P-00000002'
}
私はP-00000001です
Receive next-player event.
res_data: 
{
    'next_player': 'P-00000001',
    'before_player': 'P-00000002',
    'card_before': {'color': 'red', 'number': 1},
    'card_of_player': [
        {'color': 'yellow', 'special': 'skip'},
        {'color': 'yellow', 'number': 9},
        {'color': 'green', 'special': 'reverse'},
        {'color': 'blue', 'number': 2},
        {'color': 'blue', 'number': 5},
        {'color': 'red', 'number': 6}
    ],
    'must_call_draw_card': False,
    'draw_reason': 'nothing',
    'turn_right': True,
    'number_card_play': 8,
    'number_turn_play': 7,
    'number_card_of_player': {
        'P-00000001': 6,
        'P-00000003': 6,
        'P-00000004': 5,
        'P-00000002': 5
    }
}
---枚数照合---
誰？： P-00000001
dealerから送られてきたカード枚数: 6
game_statusで記録していたカード枚数: 6
正しいか: True
---枚数照合---
誰？： P-00000003
dealerから送られてきたカード枚数: 6
game_statusで記録していたカード枚数: 6
正しいか: True
---枚数照合---
誰？： P-00000004
dealerから送られてきたカード枚数: 5
game_statusで記録していたカード枚数: 4
正しいか: False
正しい枚数に更新する
---枚数照合---
誰？： P-00000002
dealerから送られてきたカード枚数: 5
game_statusで記録していたカード枚数: 5
正しいか: True
出せるのは(offensive)
[{'color': 'red', 'number': 6}]
selected card: red 6
Send play-card event.
req_data: 
{'card_play': {'color': 'red', 'number': 6}, 'yell_uno': False}
今のは{'card_counts': 5, 'card': {'color': 'red', 'number': 6}}
その前は{'card_counts': 6, 'card': {'color': 'green', 'number': 1}}
---場にカードを出した---
プレイヤー: P-00000001
カード: {'color': 'red', 'number': 6}
山札の枚数: 82
場の枚数: 9
P-00000001の枚数: 5
P-00000003の枚数: 6
P-00000004の枚数: 5
P-00000002の枚数: 5
カード合計: 112
CHECK: True
最後に記録されたカード: {'color': 'red', 'number': 6}
Receive play-card event.
res_data: 
{
    'card_play': {'color': 'red', 'number': 6},
    'yell_uno': False,
    'player': 'P-00000001'
}
Send play-card event.
res_data: 
{'card_play': {'color': 'red', 'number': 6}, 'yell_uno': False}
私以外だよ
場札または手札にないのは
カードステータス: {'blue': {'0': 1, '1': 1, '2': 1, '3': 2, '4': 2, '5': 1, '6': 2, '7': 2, '8': 2, '9': 1, 'draw_2': 2, 'skip': 1, 'reverse': 2}, 'green': {'0': 1, '1': 2, '2': 2, '3': 1, '4': 2, '5': 2, '6': 2, '7': 2, '8': 2, '9': 2, 'draw_2': 2, 'skip': 2, 'reverse': 1}, 'red': {'0': 1, '1': 1, '2': 2, '3': 2, '4': 2, '5': 2, '6': 1, '7': 2, '8': 2, '9': 2, 'draw_2': 2, 'skip': 1, 'reverse': 2}, 'yellow': {'0': 1, '1': 2, '2': 2, '3': 2, '4': 2, '5': 2, '6': 2, '7': 2, '8': 2, '9': 1, 'draw_2': 2, 'skip': 1, 'reverse': 2}, 'black': {'wild': 4, 'wild_draw_4': 4, 'wild_shuffle': 0}, 'white': {'white_wild': 3}}
今のは{'card_counts': 5, 'card': {'color': 'red', 'special': 'skip'}}
その前は{'card_counts': 5, 'card': {'color': 'green', 'number': 3}}
---場にカードを出した---
プレイヤー: P-00000003
カード: {'color': 'red', 'special': 'skip'}
山札の枚数: 82
場の枚数: 10
P-00000001の枚数: 5
P-00000003の枚数: 5
P-00000004の枚数: 5
P-00000002の枚数: 5
カード合計: 112
CHECK: True
最後に記録されたカード: {'color': 'red', 'special': 'skip'}
Receive play-card event.
res_data: 
{
    'card_play': {'color': 'red', 'special': 'skip'},
    'yell_uno': False,
    'player': 'P-00000003'
}
私以外だよ
場札または手札にないのは
カードステータス: {'blue': {'0': 1, '1': 1, '2': 1, '3': 2, '4': 2, '5': 1, '6': 2, '7': 2, '8': 2, '9': 1, 'draw_2': 2, 'skip': 1, 'reverse': 2}, 'green': {'0': 1, '1': 2, '2': 2, '3': 1, '4': 2, '5': 2, '6': 2, '7': 2, '8': 2, '9': 2, 'draw_2': 2, 'skip': 2, 'reverse': 1}, 'red': {'0': 1, '1': 1, '2': 2, '3': 2, '4': 2, '5': 1, '6': 1, '7': 2, '8': 2, '9': 2, 'draw_2': 2, 'skip': 1, 'reverse': 2}, 'yellow': {'0': 1, '1': 2, '2': 2, '3': 2, '4': 2, '5': 2, '6': 2, '7': 2, '8': 2, '9': 1, 'draw_2': 2, 'skip': 1, 'reverse': 2}, 'black': {'wild': 4, 'wild_draw_4': 4, 'wild_shuffle': 0}, 'white': {'white_wild': 3}}
今のは{'card_counts': 4, 'card': {'color': 'red', 'number': 5}}
その前は{'card_counts': 5, 'card': {'color': 'red', 'number': 1}}
---場にカードを出した---
プレイヤー: P-00000002
カード: {'color': 'red', 'number': 5}
山札の枚数: 82
場の枚数: 11
P-00000001の枚数: 5
P-00000003の枚数: 5
P-00000004の枚数: 5
P-00000002の枚数: 4
カード合計: 112
CHECK: True
最後に記録されたカード: {'color': 'red', 'number': 5}
Receive play-card event.
res_data: 
{
    'card_play': {'color': 'red', 'number': 5},
    'yell_uno': False,
    'player': 'P-00000002'
}
私はP-00000001です
Receive next-player event.
res_data: 
{
    'next_player': 'P-00000001',
    'before_player': 'P-00000002',
    'card_before': {'color': 'red', 'number': 5},
    'card_of_player': [
        {'color': 'yellow', 'special': 'skip'},
        {'color': 'yellow', 'number': 9},
        {'color': 'green', 'special': 'reverse'},
        {'color': 'blue', 'number': 2},
        {'color': 'blue', 'number': 5}
    ],
    'must_call_draw_card': False,
    'draw_reason': 'nothing',
    'turn_right': True,
    'number_card_play': 11,
    'number_turn_play': 10,
    'number_card_of_player': {
        'P-00000001': 5,
        'P-00000003': 5,
        'P-00000004': 5,
        'P-00000002': 4
    }
}
---枚数照合---
誰？： P-00000001
dealerから送られてきたカード枚数: 5
game_statusで記録していたカード枚数: 5
正しいか: True
---枚数照合---
誰？： P-00000003
dealerから送られてきたカード枚数: 5
game_statusで記録していたカード枚数: 5
正しいか: True
---枚数照合---
誰？： P-00000004
dealerから送られてきたカード枚数: 5
game_statusで記録していたカード枚数: 5
正しいか: True
---枚数照合---
誰？： P-00000002
dealerから送られてきたカード枚数: 4
game_statusで記録していたカード枚数: 4
正しいか: True
Send special-logic event.
req_data: 
{'title': '◯◯◯◯◯◯◯◯◯◯◯◯◯◯◯◯◯◯◯◯◯'}
出せるのは(offensive)
[{'color': 'blue', 'number': 5}]
selected card: blue 5
Send play-card event.
req_data: 
{'card_play': {'color': 'blue', 'number': 5}, 'yell_uno': False}
Send special-logic event.
res_data: 
{'title': '◯◯◯◯◯◯◯◯◯◯◯◯◯◯◯◯◯◯◯◯◯'}
今のは{'card_counts': 4, 'card': {'color': 'blue', 'number': 5}}
その前は{'card_counts': 5, 'card': {'color': 'red', 'number': 6}}
---場にカードを出した---
プレイヤー: P-00000001
カード: {'color': 'blue', 'number': 5}
山札の枚数: 82
場の枚数: 12
P-00000001の枚数: 4
P-00000003の枚数: 5
P-00000004の枚数: 5
P-00000002の枚数: 4
カード合計: 112
CHECK: True
最後に記録されたカード: {'color': 'blue', 'number': 5}
Receive play-card event.
res_data: 
{
    'card_play': {'color': 'blue', 'number': 5},
    'yell_uno': False,
    'player': 'P-00000001'
}
Send play-card event.
res_data: 
{'card_play': {'color': 'blue', 'number': 5}, 'yell_uno': False}
Receive draw-card event.
res_data: 
{'player': 'P-00000003', 'is_draw': True}
---P-00000003がカードを引きます---
引く理由: 場に出すカードがない(再行動可能)
---更新前---
山札:82枚
P-00000001:4枚 P-00000003:5枚 P-00000004:5枚 P-00000002:4枚 
25枚以下制約あり
---更新後---
山札からP-00000003へ1枚移動
山札:81枚
P-00000001:4枚 P-00000003:6枚 P-00000004:5枚 P-00000002:4枚 
私以外だよ
場札または手札にないのは
カードステータス: {'blue': {'0': 1, '1': 1, '2': 1, '3': 2, '4': 2, '5': 1, '6': 1, '7': 2, '8': 2, '9': 1, 'draw_2': 2, 'skip': 1, 'reverse': 2}, 'green': {'0': 1, '1': 2, '2': 2, '3': 1, '4': 2, '5': 2, '6': 2, '7': 2, '8': 2, '9': 2, 'draw_2': 2, 'skip': 2, 'reverse': 1}, 'red': {'0': 1, '1': 1, '2': 2, '3': 2, '4': 2, '5': 1, '6': 1, '7': 2, '8': 2, '9': 2, 'draw_2': 2, 'skip': 1, 'reverse': 2}, 'yellow': {'0': 1, '1': 2, '2': 2, '3': 2, '4': 2, '5': 2, '6': 2, '7': 2, '8': 2, '9': 1, 'draw_2': 2, 'skip': 1, 'reverse': 2}, 'black': {'wild': 4, 'wild_draw_4': 4, 'wild_shuffle': 0}, 'white': {'white_wild': 3}}
今のは{'card_counts': 4, 'card': {'color': 'blue', 'number': 6}}
その前は{'card_counts': 4, 'card': {'color': 'black', 'special': 'wild_shuffle'}}
---場にカードを出した---
プレイヤー: P-00000004
カード: {'color': 'blue', 'number': 6}
山札の枚数: 81
場の枚数: 13
P-00000001の枚数: 4
P-00000003の枚数: 6
P-00000004の枚数: 4
P-00000002の枚数: 4
カード合計: 112
CHECK: True
最後に記録されたカード: {'color': 'blue', 'number': 6}
Receive play-card event.
res_data: 
{
    'card_play': {'color': 'blue', 'number': 6},
    'yell_uno': False,
    'player': 'P-00000004'
}
私以外だよ
場札または手札にないのは
カードステータス: {'blue': {'0': 1, '1': 1, '2': 1, '3': 2, '4': 2, '5': 1, '6': 1, '7': 2, '8': 2, '9': 1, 'draw_2': 2, 'skip': 1, 'reverse': 2}, 'green': {'0': 1, '1': 2, '2': 2, '3': 1, '4': 2, '5': 2, '6': 2, '7': 2, '8': 2, '9': 2, 'draw_2': 2, 'skip': 2, 'reverse': 1}, 'red': {'0': 1, '1': 1, '2': 2, '3': 2, '4': 2, '5': 1, '6': 1, '7': 2, '8': 2, '9': 2, 'draw_2': 2, 'skip': 1, 'reverse': 2}, 'yellow': {'0': 1, '1': 2, '2': 2, '3': 2, '4': 2, '5': 2, '6': 1, '7': 2, '8': 2, '9': 1, 'draw_2': 2, 'skip': 1, 'reverse': 2}, 'black': {'wild': 4, 'wild_draw_4': 4, 'wild_shuffle': 0}, 'white': {'white_wild': 3}}
今のは{'card_counts': 3, 'card': {'color': 'yellow', 'number': 6}}
その前は{'card_counts': 4, 'card': {'color': 'red', 'number': 5}}
---場にカードを出した---
プレイヤー: P-00000002
カード: {'color': 'yellow', 'number': 6}
山札の枚数: 81
場の枚数: 14
P-00000001の枚数: 4
P-00000003の枚数: 6
P-00000004の枚数: 4
P-00000002の枚数: 3
カード合計: 112
CHECK: True
最後に記録されたカード: {'color': 'yellow', 'number': 6}
Receive play-card event.
res_data: 
{
    'card_play': {'color': 'yellow', 'number': 6},
    'yell_uno': False,
    'player': 'P-00000002'
}
私はP-00000001です
Receive next-player event.
res_data: 
{
    'next_player': 'P-00000001',
    'before_player': 'P-00000002',
    'card_before': {'color': 'yellow', 'number': 6},
    'card_of_player': [
        {'color': 'yellow', 'special': 'skip'},
        {'color': 'yellow', 'number': 9},
        {'color': 'green', 'special': 'reverse'},
        {'color': 'blue', 'number': 2}
    ],
    'must_call_draw_card': False,
    'draw_reason': 'nothing',
    'turn_right': True,
    'number_card_play': 14,
    'number_turn_play': 14,
    'number_card_of_player': {
        'P-00000001': 4,
        'P-00000003': 6,
        'P-00000004': 4,
        'P-00000002': 3
    }
}
---枚数照合---
誰？： P-00000001
dealerから送られてきたカード枚数: 4
game_statusで記録していたカード枚数: 4
正しいか: True
---枚数照合---
誰？： P-00000003
dealerから送られてきたカード枚数: 6
game_statusで記録していたカード枚数: 6
正しいか: True
---枚数照合---
誰？： P-00000004
dealerから送られてきたカード枚数: 4
game_statusで記録していたカード枚数: 4
正しいか: True
---枚数照合---
誰？： P-00000002
dealerから送られてきたカード枚数: 3
game_statusで記録していたカード枚数: 3
正しいか: True
出せるのは(offensive)
[{'color': 'yellow', 'special': 'skip'}, {'color': 'yellow', 'number': 9}]
selected card: yellow skip
Send play-card event.
req_data: 
{'card_play': {'color': 'yellow', 'special': 'skip'}, 'yell_uno': False}
今のは{'card_counts': 3, 'card': {'color': 'yellow', 'special': 'skip'}}
その前は{'card_counts': 4, 'card': {'color': 'blue', 'number': 5}}
---場にカードを出した---
プレイヤー: P-00000001
カード: {'color': 'yellow', 'special': 'skip'}
山札の枚数: 81
場の枚数: 15
P-00000001の枚数: 3
P-00000003の枚数: 6
P-00000004の枚数: 4
P-00000002の枚数: 3
カード合計: 112
CHECK: True
最後に記録されたカード: {'color': 'yellow', 'special': 'skip'}
Receive play-card event.
res_data: 
{
    'card_play': {'color': 'yellow', 'special': 'skip'},
    'yell_uno': False,
    'player': 'P-00000001'
}
Send play-card event.
res_data: 
{'card_play': {'color': 'yellow', 'special': 'skip'}, 'yell_uno': False}
私以外だよ
場札または手札にないのは
カードステータス: {'blue': {'0': 1, '1': 1, '2': 1, '3': 2, '4': 2, '5': 1, '6': 1, '7': 2, '8': 2, '9': 1, 'draw_2': 2, 'skip': 1, 'reverse': 2}, 'green': {'0': 1, '1': 2, '2': 2, '3': 1, '4': 2, '5': 2, '6': 2, '7': 2, '8': 2, '9': 2, 'draw_2': 2, 'skip': 2, 'reverse': 1}, 'red': {'0': 1, '1': 1, '2': 2, '3': 2, '4': 2, '5': 1, '6': 1, '7': 2, '8': 2, '9': 2, 'draw_2': 2, 'skip': 1, 'reverse': 2}, 'yellow': {'0': 1, '1': 2, '2': 2, '3': 2, '4': 2, '5': 2, '6': 1, '7': 2, '8': 2, '9': 1, 'draw_2': 2, 'skip': 0, 'reverse': 2}, 'black': {'wild': 4, 'wild_draw_4': 4, 'wild_shuffle': 0}, 'white': {'white_wild': 3}}
今のは{'card_counts': 3, 'card': {'color': 'yellow', 'special': 'skip'}}
その前は{'card_counts': 4, 'card': {'color': 'blue', 'number': 6}}
---場にカードを出した---
プレイヤー: P-00000004
カード: {'color': 'yellow', 'special': 'skip'}
山札の枚数: 81
場の枚数: 16
P-00000001の枚数: 3
P-00000003の枚数: 6
P-00000004の枚数: 3
P-00000002の枚数: 3
カード合計: 112
CHECK: True
最後に記録されたカード: {'color': 'yellow', 'special': 'skip'}
Receive play-card event.
res_data: 
{
    'card_play': {'color': 'yellow', 'special': 'skip'},
    'yell_uno': False,
    'player': 'P-00000004'
}
私はP-00000001です
Receive next-player event.
res_data: 
{
    'next_player': 'P-00000001',
    'before_player': 'P-00000004',
    'card_before': {'color': 'yellow', 'special': 'skip'},
    'card_of_player': [
        {'color': 'yellow', 'number': 9},
        {'color': 'green', 'special': 'reverse'},
        {'color': 'blue', 'number': 2}
    ],
    'must_call_draw_card': False,
    'draw_reason': 'nothing',
    'turn_right': True,
    'number_card_play': 16,
    'number_turn_play': 16,
    'number_card_of_player': {
        'P-00000001': 3,
        'P-00000003': 6,
        'P-00000004': 3,
        'P-00000002': 3
    }
}
---枚数照合---
誰？： P-00000001
dealerから送られてきたカード枚数: 3
game_statusで記録していたカード枚数: 3
正しいか: True
---枚数照合---
誰？： P-00000003
dealerから送られてきたカード枚数: 6
game_statusで記録していたカード枚数: 6
正しいか: True
---枚数照合---
誰？： P-00000004
dealerから送られてきたカード枚数: 3
game_statusで記録していたカード枚数: 3
正しいか: True
---枚数照合---
誰？： P-00000002
dealerから送られてきたカード枚数: 3
game_statusで記録していたカード枚数: 3
正しいか: True
出せるのは(offensive)
[{'color': 'yellow', 'number': 9}]
selected card: yellow 9
Send play-card event.
req_data: 
{'card_play': {'color': 'yellow', 'number': 9}, 'yell_uno': False}
今のは{'card_counts': 2, 'card': {'color': 'yellow', 'number': 9}}
その前は{'card_counts': 3, 'card': {'color': 'yellow', 'special': 'skip'}}
---場にカードを出した---
プレイヤー: P-00000001
カード: {'color': 'yellow', 'number': 9}
山札の枚数: 81
場の枚数: 17
P-00000001の枚数: 2
P-00000003の枚数: 6
P-00000004の枚数: 3
P-00000002の枚数: 3
カード合計: 112
CHECK: True
最後に記録されたカード: {'color': 'yellow', 'number': 9}
Receive play-card event.
res_data: 
{
    'card_play': {'color': 'yellow', 'number': 9},
    'yell_uno': False,
    'player': 'P-00000001'
}
Send play-card event.
res_data: 
{'card_play': {'color': 'yellow', 'number': 9}, 'yell_uno': False}
私以外だよ
場札または手札にないのは
カードステータス: {'blue': {'0': 1, '1': 1, '2': 1, '3': 2, '4': 2, '5': 1, '6': 1, '7': 2, '8': 2, '9': 1, 'draw_2': 2, 'skip': 1, 'reverse': 2}, 'green': {'0': 1, '1': 2, '2': 2, '3': 1, '4': 2, '5': 2, '6': 2, '7': 2, '8': 2, '9': 2, 'draw_2': 2, 'skip': 2, 'reverse': 1}, 'red': {'0': 1, '1': 1, '2': 2, '3': 2, '4': 2, '5': 1, '6': 1, '7': 2, '8': 2, '9': 2, 'draw_2': 2, 'skip': 1, 'reverse': 2}, 'yellow': {'0': 1, '1': 2, '2': 1, '3': 2, '4': 2, '5': 2, '6': 1, '7': 2, '8': 2, '9': 1, 'draw_2': 2, 'skip': 0, 'reverse': 2}, 'black': {'wild': 4, 'wild_draw_4': 4, 'wild_shuffle': 0}, 'white': {'white_wild': 3}}
今のは{'card_counts': 5, 'card': {'color': 'yellow', 'number': 2}}
その前は{'card_counts': 5, 'card': {'color': 'red', 'special': 'skip'}}
---場にカードを出した---
プレイヤー: P-00000003
カード: {'color': 'yellow', 'number': 2}
山札の枚数: 81
場の枚数: 18
P-00000001の枚数: 2
P-00000003の枚数: 5
P-00000004の枚数: 3
P-00000002の枚数: 3
カード合計: 112
CHECK: True
最後に記録されたカード: {'color': 'yellow', 'number': 2}
Receive play-card event.
res_data: 
{
    'card_play': {'color': 'yellow', 'number': 2},
    'yell_uno': False,
    'player': 'P-00000003'
}
私以外だよ
場札または手札にないのは
カードステータス: {'blue': {'0': 1, '1': 1, '2': 1, '3': 2, '4': 2, '5': 1, '6': 1, '7': 2, '8': 2, '9': 1, 'draw_2': 2, 'skip': 1, 'reverse': 2}, 'green': {'0': 1, '1': 2, '2': 2, '3': 1, '4': 2, '5': 2, '6': 2, '7': 2, '8': 2, '9': 2, 'draw_2': 2, 'skip': 2, 'reverse': 1}, 'red': {'0': 1, '1': 1, '2': 2, '3': 2, '4': 2, '5': 1, '6': 1, '7': 2, '8': 2, '9': 2, 'draw_2': 2, 'skip': 1, 'reverse': 2}, 'yellow': {'0': 1, '1': 2, '2': 1, '3': 1, '4': 2, '5': 2, '6': 1, '7': 2, '8': 2, '9': 1, 'draw_2': 2, 'skip': 0, 'reverse': 2}, 'black': {'wild': 4, 'wild_draw_4': 4, 'wild_shuffle': 0}, 'white': {'white_wild': 3}}
今のは{'card_counts': 2, 'card': {'color': 'yellow', 'number': 3}}
その前は{'card_counts': 3, 'card': {'color': 'yellow', 'special': 'skip'}}
---場にカードを出した---
プレイヤー: P-00000004
カード: {'color': 'yellow', 'number': 3}
山札の枚数: 81
場の枚数: 19
P-00000001の枚数: 2
P-00000003の枚数: 5
P-00000004の枚数: 2
P-00000002の枚数: 3
カード合計: 112
CHECK: True
最後に記録されたカード: {'color': 'yellow', 'number': 3}
Receive play-card event.
res_data: 
{
    'card_play': {'color': 'yellow', 'number': 3},
    'yell_uno': False,
    'player': 'P-00000004'
}
私以外だよ
場札または手札にないのは
カードステータス: {'blue': {'0': 1, '1': 1, '2': 1, '3': 2, '4': 2, '5': 1, '6': 1, '7': 2, '8': 2, '9': 1, 'draw_2': 2, 'skip': 1, 'reverse': 2}, 'green': {'0': 1, '1': 2, '2': 2, '3': 1, '4': 2, '5': 2, '6': 2, '7': 2, '8': 2, '9': 2, 'draw_2': 2, 'skip': 2, 'reverse': 1}, 'red': {'0': 1, '1': 1, '2': 2, '3': 2, '4': 2, '5': 1, '6': 1, '7': 2, '8': 2, '9': 2, 'draw_2': 2, 'skip': 1, 'reverse': 2}, 'yellow': {'0': 1, '1': 2, '2': 1, '3': 1, '4': 2, '5': 2, '6': 1, '7': 2, '8': 2, '9': 1, 'draw_2': 2, 'skip': 0, 'reverse': 2}, 'black': {'wild': 4, 'wild_draw_4': 3, 'wild_shuffle': 0}, 'white': {'white_wild': 3}}
今のは{'card_counts': 2, 'card': {'color': 'black', 'special': 'wild_draw_4'}}
その前は{'card_counts': 3, 'card': {'color': 'yellow', 'number': 6}}
---場にカードを出した---
プレイヤー: P-00000002
カード: {'color': 'black', 'special': 'wild_draw_4'}
山札の枚数: 81
場の枚数: 20
P-00000001の枚数: 2
P-00000003の枚数: 5
P-00000004の枚数: 2
P-00000002の枚数: 2
カード合計: 112
CHECK: True
最後に記録されたカード: {'color': 'black', 'special': 'wild_draw_4'}
Receive play-card event.
res_data: 
{
    'card_play': {'color': 'black', 'special': 'wild_draw_4'},
    'yell_uno': False,
    'color_of_wild': 'red',
    'player': 'P-00000002'
}
Receive update-color event.
res_data: 
{'color': 'red'}
私はP-00000001です
Receive next-player event.
res_data: 
{
    'next_player': 'P-00000001',
    'before_player': 'P-00000002',
    'card_before': {'color': 'red', 'special': 'wild_draw_4'},
    'card_of_player': [
        {'color': 'green', 'special': 'reverse'},
        {'color': 'blue', 'number': 2}
    ],
    'must_call_draw_card': True,
    'draw_reason': 'wild_draw_4',
    'turn_right': True,
    'number_card_play': 20,
    'number_turn_play': 20,
    'number_card_of_player': {
        'P-00000001': 2,
        'P-00000003': 5,
        'P-00000004': 2,
        'P-00000002': 2
    }
}
---枚数照合---
誰？： P-00000001
dealerから送られてきたカード枚数: 2
game_statusで記録していたカード枚数: 2
正しいか: True
---枚数照合---
誰？： P-00000003
dealerから送られてきたカード枚数: 5
game_statusで記録していたカード枚数: 5
正しいか: True
---枚数照合---
誰？： P-00000004
dealerから送られてきたカード枚数: 2
game_statusで記録していたカード枚数: 2
正しいか: True
---枚数照合---
誰？： P-00000002
dealerから送られてきたカード枚数: 2
game_statusで記録していたカード枚数: 2
正しいか: True
チャレンジされました
wild前は
{'color': 'yellow', 'number': 3}
残っている色の枚数は19
x+y+zの枚数は9
ワイルドカードの枚数は7
他の出せるカードをP-00000002が持っている確率は :0.49662921348314604
Send draw-card event.
req_data: 
{}
場札または手札にないのは
カードステータス: {'blue': {'0': 1, '1': 1, '2': 1, '3': 2, '4': 2, '5': 1, '6': 1, '7': 2, '8': 2, '9': 1, 'draw_2': 2, 'skip': 1, 'reverse': 2}, 'green': {'0': 1, '1': 2, '2': 2, '3': 1, '4': 2, '5': 2, '6': 2, '7': 2, '8': 2, '9': 1, 'draw_2': 2, 'skip': 2, 'reverse': 1}, 'red': {'0': 1, '1': 1, '2': 2, '3': 2, '4': 2, '5': 1, '6': 1, '7': 2, '8': 2, '9': 2, 'draw_2': 2, 'skip': 1, 'reverse': 1}, 'yellow': {'0': 1, '1': 2, '2': 1, '3': 1, '4': 2, '5': 2, '6': 1, '7': 2, '8': 2, '9': 0, 'draw_2': 2, 'skip': 0, 'reverse': 2}, 'black': {'wild': 4, 'wild_draw_4': 3, 'wild_shuffle': 0}, 'white': {'white_wild': 2}}
私の手札は
Receive draw-card event.
res_data: 
{'player': 'P-00000001', 'is_draw': True}
---P-00000001がカードを引きます---
引く理由: wild_draw_4
---更新前---
山札:81枚
P-00000001:2枚 P-00000003:5枚 P-00000004:2枚 P-00000002:2枚 
---更新後---
山札からP-00000001へ4枚移動
山札:77枚
P-00000001:6枚 P-00000003:5枚 P-00000004:2枚 P-00000002:2枚 
[
    {'color': 'green', 'special': 'reverse'},
    {'color': 'blue', 'number': 2},
    {'color': 'yellow', 'number': 9},
    {'color': 'green', 'number': 9},
    {'color': 'red', 'special': 'reverse'},
    {'color': 'white', 'special': 'white_wild'}
]
Send draw-card event.
Receive receiver-card event.
res_data: 
{
    'player': 'P-00000001',
    'is_draw': True,
    'can_play_draw_card': False,
    'draw_card': [
        {'color': 'yellow', 'number': 9},
        {'color': 'green', 'number': 9},
        {'color': 'red', 'special': 'reverse'},
        {'color': 'white', 'special': 'white_wild'}
    ]
}
res_data: 
{
    'cards_receive': [
        {'color': 'yellow', 'number': 9},
        {'color': 'green', 'number': 9},
        {'color': 'red', 'special': 'reverse'},
        {'color': 'white', 'special': 'white_wild'}
    ],
    'is_penalty': False
}
私以外だよ
場札または手札にないのは
カードステータス: {'blue': {'0': 1, '1': 1, '2': 1, '3': 2, '4': 2, '5': 1, '6': 1, '7': 2, '8': 2, '9': 1, 'draw_2': 2, 'skip': 1, 'reverse': 2}, 'green': {'0': 1, '1': 2, '2': 2, '3': 1, '4': 2, '5': 2, '6': 2, '7': 2, '8': 2, '9': 1, 'draw_2': 2, 'skip': 2, 'reverse': 1}, 'red': {'0': 1, '1': 1, '2': 1, '3': 2, '4': 2, '5': 1, '6': 1, '7': 2, '8': 2, '9': 2, 'draw_2': 2, 'skip': 1, 'reverse': 1}, 'yellow': {'0': 1, '1': 2, '2': 1, '3': 1, '4': 2, '5': 2, '6': 1, '7': 2, '8': 2, '9': 0, 'draw_2': 2, 'skip': 0, 'reverse': 2}, 'black': {'wild': 4, 'wild_draw_4': 3, 'wild_shuffle': 0}, 'white': {'white_wild': 2}}
今のは{'card_counts': 4, 'card': {'color': 'red', 'number': 2}}
その前は{'card_counts': 5, 'card': {'color': 'yellow', 'number': 2}}
---場にカードを出した---
プレイヤー: P-00000003
カード: {'color': 'red', 'number': 2}
山札の枚数: 77
場の枚数: 21
P-00000001の枚数: 6
P-00000003の枚数: 4
P-00000004の枚数: 2
P-00000002の枚数: 2
カード合計: 112
CHECK: True
最後に記録されたカード: {'color': 'red', 'number': 2}
Receive play-card event.
res_data: 
{
    'card_play': {'color': 'red', 'number': 2},
    'yell_uno': False,
    'player': 'P-00000003'
}
Receive draw-card event.
res_data: 
{'player': 'P-00000004', 'is_draw': True}
---P-00000004がカードを引きます---
引く理由: 場に出すカードがない(再行動可能)
---更新前---
山札:77枚
P-00000001:6枚 P-00000003:4枚 P-00000004:2枚 P-00000002:2枚 
25枚以下制約あり
---更新後---
山札からP-00000004へ1枚移動
山札:76枚
P-00000001:6枚 P-00000003:4枚 P-00000004:3枚 P-00000002:2枚 
Receive play-draw-card event.
res_data: 
{
    'is_play_card': True,
    'yell_uno': False,
    'player': 'P-00000004',
    'card_play': {'color': 'red', 'special': 'draw_2'}
}
今のは{'card_counts': 2, 'card': {'color': 'red', 'special': 'draw_2'}}
その前は{'card_counts': 2, 'card': {'color': 'yellow', 'number': 3}}
---場にカードを出した---
プレイヤー: P-00000004
カード: {'color': 'red', 'special': 'draw_2'}
山札の枚数: 76
場の枚数: 22
P-00000001の枚数: 6
P-00000003の枚数: 4
P-00000004の枚数: 2
P-00000002の枚数: 2
カード合計: 112
CHECK: True
最後に記録されたカード: {'color': 'red', 'special': 'draw_2'}
場札または手札にないのは
カードステータス: {'blue': {'0': 1, '1': 1, '2': 1, '3': 2, '4': 2, '5': 1, '6': 1, '7': 2, '8': 2, '9': 1, 'draw_2': 2, 'skip': 1, 'reverse': 2}, 'green': {'0': 1, '1': 2, '2': 2, '3': 1, '4': 2, '5': 2, '6': 2, '7': 2, '8': 2, '9': 1, 'draw_2': 2, 'skip': 2, 'reverse': 1}, 'red': {'0': 1, '1': 1, '2': 1, '3': 2, '4': 2, '5': 1, '6': 1, '7': 2, '8': 2, '9': 2, 'draw_2': 1, 'skip': 1, 'reverse': 1}, 'yellow': {'0': 1, '1': 2, '2': 1, '3': 1, '4': 2, '5': 2, '6': 1, '7': 2, '8': 2, '9': 0, 'draw_2': 2, 'skip': 0, 'reverse': 2}, 'black': {'wild': 4, 'wild_draw_4': 3, 'wild_shuffle': 0}, 'white': {'white_wild': 2}}
Receive draw-card event.
res_data: 
{'player': 'P-00000002', 'is_draw': True}
---P-00000002がカードを引きます---
引く理由: draw_2
---更新前---
山札:76枚
P-00000001:6枚 P-00000003:4枚 P-00000004:2枚 P-00000002:2枚 
---更新後---
山札からP-00000002へ2枚移動
山札:74枚
P-00000001:6枚 P-00000003:4枚 P-00000004:2枚 P-00000002:4枚 
私はP-00000001です
Receive next-player event.
res_data: 
{
    'next_player': 'P-00000001',
    'before_player': 'P-00000002',
    'card_before': {'color': 'red', 'special': 'draw_2'},
    'card_of_player': [
        {'color': 'yellow', 'number': 9},
        {'color': 'green', 'special': 'reverse'},
        {'color': 'green', 'number': 9},
        {'color': 'blue', 'number': 2},
        {'color': 'red', 'special': 'reverse'},
        {'color': 'white', 'special': 'white_wild'}
    ],
    'must_call_draw_card': False,
    'draw_reason': 'nothing',
    'turn_right': True,
    'number_card_play': 22,
    'number_turn_play': 24,
    'number_card_of_player': {
        'P-00000001': 6,
        'P-00000003': 4,
        'P-00000004': 2,
        'P-00000002': 4
    }
}
---枚数照合---
誰？： P-00000001
dealerから送られてきたカード枚数: 6
game_statusで記録していたカード枚数: 6
正しいか: True
---枚数照合---
誰？： P-00000003
dealerから送られてきたカード枚数: 4
game_statusで記録していたカード枚数: 4
正しいか: True
---枚数照合---
誰？： P-00000004
dealerから送られてきたカード枚数: 2
game_statusで記録していたカード枚数: 2
正しいか: True
---枚数照合---
誰？： P-00000002
dealerから送られてきたカード枚数: 4
game_statusで記録していたカード枚数: 4
正しいか: True
selected card: white white_wild
Send play-card event.
req_data: 
{'card_play': {'color': 'white', 'special': 'white_wild'}, 'yell_uno': False}
今のは{'card_counts': 5, 'card': {'color': 'white', 'special': 'white_wild'}}
その前は{'card_counts': 2, 'card': {'color': 'yellow', 'number': 9}}
---場にカードを出した---
プレイヤー: P-00000001
カード: {'color': 'white', 'special': 'white_wild'}
山札の枚数: 74
場の枚数: 23
P-00000001の枚数: 5
P-00000003の枚数: 4
P-00000004の枚数: 2
P-00000002の枚数: 4
カード合計: 112
CHECK: True
最後に記録されたカード: {'color': 'white', 'special': 'white_wild'}
Receive play-card event.
res_data: 
{
    'card_play': {'color': 'white', 'special': 'white_wild'},
    'yell_uno': False,
    'player': 'P-00000001'
}
Send play-card event.
res_data: 
{'card_play': {'color': 'white', 'special': 'white_wild'}, 'yell_uno': False}
Receive draw-card event.
res_data: 
{'player': 'P-00000004', 'is_draw': True}
---P-00000004がカードを引きます---
引く理由: white_wild
---更新前---
山札:74枚
P-00000001:5枚 P-00000003:4枚 P-00000004:2枚 P-00000002:4枚 
---更新後---
山札からP-00000004へ2枚移動
山札:72枚
P-00000001:5枚 P-00000003:4枚 P-00000004:4枚 P-00000002:4枚 
私以外だよ
場札または手札にないのは
カードステータス: {'blue': {'0': 1, '1': 1, '2': 1, '3': 2, '4': 2, '5': 1, '6': 1, '7': 2, '8': 2, '9': 1, 'draw_2': 2, 'skip': 1, 'reverse': 2}, 'green': {'0': 1, '1': 2, '2': 2, '3': 1, '4': 2, '5': 2, '6': 2, '7': 2, '8': 2, '9': 1, 'draw_2': 2, 'skip': 2, 'reverse': 1}, 'red': {'0': 0, '1': 1, '2': 1, '3': 2, '4': 2, '5': 1, '6': 1, '7': 2, '8': 2, '9': 2, 'draw_2': 1, 'skip': 1, 'reverse': 1}, 'yellow': {'0': 1, '1': 2, '2': 1, '3': 1, '4': 2, '5': 2, '6': 1, '7': 2, '8': 2, '9': 0, 'draw_2': 2, 'skip': 0, 'reverse': 2}, 'black': {'wild': 4, 'wild_draw_4': 3, 'wild_shuffle': 0}, 'white': {'white_wild': 2}}
今のは{'card_counts': 3, 'card': {'color': 'red', 'number': 0}}
その前は{'card_counts': 2, 'card': {'color': 'black', 'special': 'wild_draw_4'}}
---場にカードを出した---
プレイヤー: P-00000002
カード: {'color': 'red', 'number': 0}
山札の枚数: 72
場の枚数: 24
P-00000001の枚数: 5
P-00000003の枚数: 4
P-00000004の枚数: 4
P-00000002の枚数: 3
カード合計: 112
CHECK: True
最後に記録されたカード: {'color': 'red', 'number': 0}
Receive play-card event.
res_data: 
{
    'card_play': {'color': 'red', 'number': 0},
    'yell_uno': False,
    'player': 'P-00000002'
}
私はP-00000001です
Receive next-player event.
res_data: 
{
    'next_player': 'P-00000001',
    'before_player': 'P-00000002',
    'card_before': {'color': 'red', 'number': 0},
    'card_of_player': [
        {'color': 'yellow', 'number': 9},
        {'color': 'green', 'special': 'reverse'},
        {'color': 'green', 'number': 9},
        {'color': 'blue', 'number': 2},
        {'color': 'red', 'special': 'reverse'}
    ],
    'must_call_draw_card': False,
    'draw_reason': 'nothing',
    'turn_right': True,
    'number_card_play': 24,
    'number_turn_play': 27,
    'number_card_of_player': {
        'P-00000001': 5,
        'P-00000003': 4,
        'P-00000004': 3,
        'P-00000002': 3
    }
}
---枚数照合---
誰？： P-00000001
dealerから送られてきたカード枚数: 5
game_statusで記録していたカード枚数: 5
正しいか: True
---枚数照合---
誰？： P-00000003
dealerから送られてきたカード枚数: 4
game_statusで記録していたカード枚数: 4
正しいか: True
---枚数照合---
誰？： P-00000004
dealerから送られてきたカード枚数: 3
game_statusで記録していたカード枚数: 4
正しいか: False
正しい枚数に更新する
---枚数照合---
誰？： P-00000002
dealerから送られてきたカード枚数: 3
game_statusで記録していたカード枚数: 3
正しいか: True
出せるのは(offensive)
[{'color': 'red', 'special': 'reverse'}]
selected card: red reverse
Send play-card event.
req_data: 
{'card_play': {'color': 'red', 'special': 'reverse'}, 'yell_uno': False}
今のは{'card_counts': 4, 'card': {'color': 'red', 'special': 'reverse'}}
その前は{'card_counts': 5, 'card': {'color': 'white', 'special': 'white_wild'}}
---場にカードを出した---
プレイヤー: P-00000001
カード: {'color': 'red', 'special': 'reverse'}
山札の枚数: 72
場の枚数: 25
P-00000001の枚数: 4
P-00000003の枚数: 4
P-00000004の枚数: 3
P-00000002の枚数: 3
カード合計: 111
CHECK: False
最後に記録されたカード: {'color': 'red', 'special': 'reverse'}
反転発動
{'P-00000003': {'位置': '直後', 'UNO': False}, 'P-00000004': {'位置': '対面', 'UNO': False}, 'P-00000002': {'位置': '直前', 'UNO': False}}
Receive play-card event.
res_data: 
{
    'card_play': {'color': 'red', 'special': 'reverse'},
    'yell_uno': False,
    'player': 'P-00000001'
}
Send play-card event.
res_data: 
{'card_play': {'color': 'red', 'special': 'reverse'}, 'yell_uno': False}
私以外だよ
場札または手札にないのは
カードステータス: {'blue': {'0': 1, '1': 1, '2': 1, '3': 2, '4': 2, '5': 1, '6': 1, '7': 2, '8': 2, '9': 1, 'draw_2': 2, 'skip': 1, 'reverse': 2}, 'green': {'0': 1, '1': 2, '2': 2, '3': 1, '4': 2, '5': 2, '6': 2, '7': 2, '8': 2, '9': 1, 'draw_2': 2, 'skip': 2, 'reverse': 1}, 'red': {'0': 0, '1': 1, '2': 1, '3': 2, '4': 2, '5': 1, '6': 1, '7': 2, '8': 1, '9': 2, 'draw_2': 1, 'skip': 1, 'reverse': 1}, 'yellow': {'0': 1, '1': 2, '2': 1, '3': 1, '4': 2, '5': 2, '6': 1, '7': 2, '8': 2, '9': 0, 'draw_2': 2, 'skip': 0, 'reverse': 2}, 'black': {'wild': 4, 'wild_draw_4': 3, 'wild_shuffle': 0}, 'white': {'white_wild': 2}}
今のは{'card_counts': 2, 'card': {'color': 'red', 'number': 8}}
その前は{'card_counts': 3, 'card': {'color': 'red', 'number': 0}}
---場にカードを出した---
プレイヤー: P-00000002
カード: {'color': 'red', 'number': 8}
山札の枚数: 72
場の枚数: 26
P-00000001の枚数: 4
P-00000003の枚数: 4
P-00000004の枚数: 3
P-00000002の枚数: 2
カード合計: 111
CHECK: False
最後に記録されたカード: {'color': 'red', 'number': 8}
Receive play-card event.
res_data: 
{
    'card_play': {'color': 'red', 'number': 8},
    'yell_uno': False,
    'player': 'P-00000002'
}
Receive draw-card event.
res_data: 
{'player': 'P-00000004', 'is_draw': True}
---P-00000004がカードを引きます---
引く理由: 場に出すカードがない(再行動可能)
---更新前---
山札:72枚
P-00000001:4枚 P-00000003:4枚 P-00000004:3枚 P-00000002:2枚 
25枚以下制約あり
---更新後---
山札からP-00000004へ1枚移動
山札:71枚
P-00000001:4枚 P-00000003:4枚 P-00000004:4枚 P-00000002:2枚 
私以外だよ
場札または手札にないのは
カードステータス: {'blue': {'0': 1, '1': 1, '2': 1, '3': 2, '4': 2, '5': 1, '6': 1, '7': 2, '8': 2, '9': 1, 'draw_2': 2, 'skip': 1, 'reverse': 2}, 'green': {'0': 1, '1': 2, '2': 2, '3': 1, '4': 2, '5': 2, '6': 2, '7': 2, '8': 2, '9': 1, 'draw_2': 2, 'skip': 2, 'reverse': 1}, 'red': {'0': 0, '1': 1, '2': 1, '3': 2, '4': 2, '5': 1, '6': 1, '7': 2, '8': 1, '9': 2, 'draw_2': 1, 'skip': 1, 'reverse': 1}, 'yellow': {'0': 1, '1': 2, '2': 1, '3': 1, '4': 2, '5': 2, '6': 1, '7': 2, '8': 1, '9': 0, 'draw_2': 2, 'skip': 0, 'reverse': 2}, 'black': {'wild': 4, 'wild_draw_4': 3, 'wild_shuffle': 0}, 'white': {'white_wild': 2}}
今のは{'card_counts': 3, 'card': {'color': 'yellow', 'number': 8}}
その前は{'card_counts': 4, 'card': {'color': 'red', 'number': 2}}
---場にカードを出した---
プレイヤー: P-00000003
カード: {'color': 'yellow', 'number': 8}
山札の枚数: 71
場の枚数: 27
P-00000001の枚数: 4
P-00000003の枚数: 3
P-00000004の枚数: 4
P-00000002の枚数: 2
カード合計: 111
CHECK: False
最後に記録されたカード: {'color': 'yellow', 'number': 8}
Receive play-card event.
res_data: 
{
    'card_play': {'color': 'yellow', 'number': 8},
    'yell_uno': False,
    'player': 'P-00000003'
}
私はP-00000001です
Receive next-player event.
res_data: 
{
    'next_player': 'P-00000001',
    'before_player': 'P-00000003',
    'card_before': {'color': 'yellow', 'number': 8},
    'card_of_player': [
        {'color': 'yellow', 'number': 9},
        {'color': 'green', 'special': 'reverse'},
        {'color': 'green', 'number': 9},
        {'color': 'blue', 'number': 2}
    ],
    'must_call_draw_card': False,
    'draw_reason': 'nothing',
    'turn_right': False,
    'number_card_play': 27,
    'number_turn_play': 31,
    'number_card_of_player': {
        'P-00000001': 4,
        'P-00000003': 3,
        'P-00000004': 4,
        'P-00000002': 2
    }
}
---枚数照合---
誰？： P-00000001
dealerから送られてきたカード枚数: 4
game_statusで記録していたカード枚数: 4
正しいか: True
---枚数照合---
誰？： P-00000003
dealerから送られてきたカード枚数: 3
game_statusで記録していたカード枚数: 3
正しいか: True
---枚数照合---
誰？： P-00000004
dealerから送られてきたカード枚数: 4
game_statusで記録していたカード枚数: 4
正しいか: True
---枚数照合---
誰？： P-00000002
dealerから送られてきたカード枚数: 2
game_statusで記録していたカード枚数: 2
正しいか: True
selected card: yellow 9
Send play-card event.
req_data: 
{'card_play': {'color': 'yellow', 'number': 9}, 'yell_uno': False}
今のは{'card_counts': 3, 'card': {'color': 'yellow', 'number': 9}}
その前は{'card_counts': 4, 'card': {'color': 'red', 'special': 'reverse'}}
---場にカードを出した---
プレイヤー: P-00000001
カード: {'color': 'yellow', 'number': 9}
山札の枚数: 71
場の枚数: 28
P-00000001の枚数: 3
P-00000003の枚数: 3
P-00000004の枚数: 4
P-00000002の枚数: 2
カード合計: 111
CHECK: False
最後に記録されたカード: {'color': 'yellow', 'number': 9}
Receive play-card event.
res_data: 
{
    'card_play': {'color': 'yellow', 'number': 9},
    'yell_uno': False,
    'player': 'P-00000001'
}
Send play-card event.
res_data: 
{'card_play': {'color': 'yellow', 'number': 9}, 'yell_uno': False}
私以外だよ
場札または手札にないのは
カードステータス: {'blue': {'0': 1, '1': 1, '2': 1, '3': 2, '4': 2, '5': 1, '6': 1, '7': 2, '8': 2, '9': 1, 'draw_2': 2, 'skip': 1, 'reverse': 2}, 'green': {'0': 1, '1': 2, '2': 2, '3': 1, '4': 2, '5': 2, '6': 2, '7': 2, '8': 2, '9': 1, 'draw_2': 2, 'skip': 2, 'reverse': 1}, 'red': {'0': 0, '1': 1, '2': 1, '3': 2, '4': 2, '5': 1, '6': 1, '7': 2, '8': 1, '9': 2, 'draw_2': 1, 'skip': 1, 'reverse': 1}, 'yellow': {'0': 1, '1': 2, '2': 1, '3': 0, '4': 2, '5': 2, '6': 1, '7': 2, '8': 1, '9': 0, 'draw_2': 2, 'skip': 0, 'reverse': 2}, 'black': {'wild': 4, 'wild_draw_4': 3, 'wild_shuffle': 0}, 'white': {'white_wild': 2}}
今のは{'card_counts': 1, 'card': {'color': 'yellow', 'number': 3}}
その前は{'card_counts': 2, 'card': {'color': 'red', 'number': 8}}
---場にカードを出した---
プレイヤー: P-00000002
カード: {'color': 'yellow', 'number': 3}
山札の枚数: 71
場の枚数: 29
P-00000001の枚数: 3
P-00000003の枚数: 3
P-00000004の枚数: 4
P-00000002の枚数: 1
カード合計: 111
CHECK: False
最後に記録されたカード: {'color': 'yellow', 'number': 3}
Receive play-card event.
res_data: 
{
    'card_play': {'color': 'yellow', 'number': 3},
    'yell_uno': True,
    'player': 'P-00000002'
}
P-00000002がUNOしました
私以外だよ
場札または手札にないのは
カードステータス: {'blue': {'0': 1, '1': 1, '2': 1, '3': 2, '4': 2, '5': 1, '6': 1, '7': 2, '8': 2, '9': 1, 'draw_2': 2, 'skip': 1, 'reverse': 2}, 'green': {'0': 1, '1': 2, '2': 2, '3': 1, '4': 2, '5': 2, '6': 2, '7': 2, '8': 2, '9': 1, 'draw_2': 2, 'skip': 2, 'reverse': 1}, 'red': {'0': 0, '1': 1, '2': 1, '3': 2, '4': 2, '5': 1, '6': 1, '7': 2, '8': 1, '9': 2, 'draw_2': 1, 'skip': 1, 'reverse': 1}, 'yellow': {'0': 1, '1': 2, '2': 1, '3': 0, '4': 1, '5': 2, '6': 1, '7': 2, '8': 1, '9': 0, 'draw_2': 2, 'skip': 0, 'reverse': 2}, 'black': {'wild': 4, 'wild_draw_4': 3, 'wild_shuffle': 0}, 'white': {'white_wild': 2}}
今のは{'card_counts': 3, 'card': {'color': 'yellow', 'number': 4}}
その前は{'card_counts': 2, 'card': {'color': 'red', 'special': 'draw_2'}}
---場にカードを出した---
プレイヤー: P-00000004
カード: {'color': 'yellow', 'number': 4}
山札の枚数: 71
場の枚数: 30
P-00000001の枚数: 3
P-00000003の枚数: 3
P-00000004の枚数: 3
P-00000002の枚数: 1
カード合計: 111
CHECK: False
最後に記録されたカード: {'color': 'yellow', 'number': 4}
Receive play-card event.
res_data: 
{
    'card_play': {'color': 'yellow', 'number': 4},
    'yell_uno': False,
    'player': 'P-00000004'
}
私以外だよ
場札または手札にないのは
カードステータス: {'blue': {'0': 1, '1': 1, '2': 1, '3': 2, '4': 2, '5': 1, '6': 1, '7': 2, '8': 2, '9': 1, 'draw_2': 2, 'skip': 1, 'reverse': 2}, 'green': {'0': 1, '1': 2, '2': 2, '3': 1, '4': 2, '5': 2, '6': 2, '7': 2, '8': 2, '9': 1, 'draw_2': 2, 'skip': 2, 'reverse': 1}, 'red': {'0': 0, '1': 1, '2': 1, '3': 2, '4': 2, '5': 1, '6': 1, '7': 2, '8': 1, '9': 2, 'draw_2': 1, 'skip': 1, 'reverse': 1}, 'yellow': {'0': 1, '1': 2, '2': 1, '3': 0, '4': 1, '5': 2, '6': 1, '7': 1, '8': 1, '9': 0, 'draw_2': 2, 'skip': 0, 'reverse': 2}, 'black': {'wild': 4, 'wild_draw_4': 3, 'wild_shuffle': 0}, 'white': {'white_wild': 2}}
今のは{'card_counts': 2, 'card': {'color': 'yellow', 'number': 7}}
その前は{'card_counts': 3, 'card': {'color': 'yellow', 'number': 8}}
---場にカードを出した---
プレイヤー: P-00000003
カード: {'color': 'yellow', 'number': 7}
山札の枚数: 71
場の枚数: 31
P-00000001の枚数: 3
P-00000003の枚数: 2
P-00000004の枚数: 3
P-00000002の枚数: 1
カード合計: 111
CHECK: False
最後に記録されたカード: {'color': 'yellow', 'number': 7}
Receive play-card event.
res_data: 
{
    'card_play': {'color': 'yellow', 'number': 7},
    'yell_uno': False,
    'player': 'P-00000003'
}
私はP-00000001です
Receive next-player event.
res_data: 
{
    'next_player': 'P-00000001',
    'before_player': 'P-00000003',
    'card_before': {'color': 'yellow', 'number': 7},
    'card_of_player': [
        {'color': 'green', 'special': 'reverse'},
        {'color': 'green', 'number': 9},
        {'color': 'blue', 'number': 2}
    ],
    'must_call_draw_card': False,
    'draw_reason': 'nothing',
    'turn_right': False,
    'number_card_play': 31,
    'number_turn_play': 35,
    'number_card_of_player': {
        'P-00000001': 3,
        'P-00000003': 2,
        'P-00000004': 3,
        'P-00000002': 1
    }
}
---枚数照合---
誰？： P-00000001
dealerから送られてきたカード枚数: 3
game_statusで記録していたカード枚数: 3
正しいか: True
---枚数照合---
誰？： P-00000003
dealerから送られてきたカード枚数: 2
game_statusで記録していたカード枚数: 2
正しいか: True
---枚数照合---
誰？： P-00000004
dealerから送られてきたカード枚数: 3
game_statusで記録していたカード枚数: 3
正しいか: True
---枚数照合---
誰？： P-00000002
dealerから送られてきたカード枚数: 1
game_statusで記録していたカード枚数: 1
正しいか: True
Send draw-card event.
req_data: 
{}
場札または手札にないのは
カードステータス: {'blue': {'0': 1, '1': 1, '2': 1, '3': 2, '4': 2, '5': 1, '6': 1, '7': 2, '8': 2, '9': 1, 'draw_2': 2, 'skip': 1, 'reverse': 2}, 'green': {'0': 1, '1': 2, '2': 2, '3': 1, '4': 2, '5': 2, '6': 2, '7': 2, '8': 2, '9': 1, 'draw_2': 2, 'skip': 1, 'reverse': 1}, 'red': {'0': 0, '1': 1, '2': 1, '3': 2, '4': 2, '5': 1, '6': 1, '7': 2, '8': 1, '9': 2, 'draw_2': 1, 'skip': 1, 'reverse': 1}, 'yellow': {'0': 1, '1': 2, '2': 1, '3': 0, '4': 1, '5': 2, '6': 1, '7': 1, '8': 1, '9': 0, 'draw_2': 2, 'skip': 0, 'reverse': 2}, 'black': {'wild': 4, 'wild_draw_4': 3, 'wild_shuffle': 0}, 'white': {'white_wild': 2}}
私の手札は
[
    {'color': 'green', 'special': 'reverse'},
    {'color': 'green', 'number': 9},
    {'color': 'blue', 'number': 2},
    {'color': 'green', 'special': 'skip'}
]
Receive receiver-card event.
res_data: 
{'cards_receive': [{'color': 'green', 'special': 'skip'}], 'is_penalty': False}
Receive draw-card event.
Send draw-card event.
res_data: 
{'player': 'P-00000001', 'is_draw': True}
---P-00000001がカードを引きます---
引く理由: 場に出すカードがない(再行動可能)
---更新前---
山札:71枚
P-00000001:3枚 P-00000003:2枚 P-00000004:3枚 P-00000002:1枚 
25枚以下制約あり
---更新後---
山札からP-00000001へ1枚移動
山札:70枚
P-00000001:4枚 P-00000003:2枚 P-00000004:3枚 P-00000002:1枚 
res_data: 
{
    'player': 'P-00000001',
    'is_draw': True,
    'can_play_draw_card': False,
    'draw_card': [{'color': 'green', 'special': 'skip'}]
}
私以外だよ
場札または手札にないのは
カードステータス: {'blue': {'0': 1, '1': 1, '2': 1, '3': 2, '4': 2, '5': 1, '6': 1, '7': 2, '8': 2, '9': 1, 'draw_2': 2, 'skip': 1, 'reverse': 2}, 'green': {'0': 1, '1': 2, '2': 2, '3': 1, '4': 2, '5': 2, '6': 2, '7': 1, '8': 2, '9': 1, 'draw_2': 2, 'skip': 1, 'reverse': 1}, 'red': {'0': 0, '1': 1, '2': 1, '3': 2, '4': 2, '5': 1, '6': 1, '7': 2, '8': 1, '9': 2, 'draw_2': 1, 'skip': 1, 'reverse': 1}, 'yellow': {'0': 1, '1': 2, '2': 1, '3': 0, '4': 1, '5': 2, '6': 1, '7': 1, '8': 1, '9': 0, 'draw_2': 2, 'skip': 0, 'reverse': 2}, 'black': {'wild': 4, 'wild_draw_4': 3, 'wild_shuffle': 0}, 'white': {'white_wild': 2}}
今のは{'card_counts': 0, 'card': {'color': 'green', 'number': 7}}
その前は{'card_counts': 1, 'card': {'color': 'yellow', 'number': 3}}
---場にカードを出した---
プレイヤー: P-00000002
カード: {'color': 'green', 'number': 7}
山札の枚数: 70
場の枚数: 32
P-00000001の枚数: 4
P-00000003の枚数: 2
P-00000004の枚数: 3
P-00000002の枚数: 0
カード合計: 111
CHECK: False
最後に記録されたカード: {'color': 'green', 'number': 7}
Receive play-card event.
res_data: 
{
    'card_play': {'color': 'green', 'number': 7},
    'yell_uno': False,
    'player': 'P-00000002'
}
Receive finish-turn event.
res_data: 
{
    'winner': 'P-00000002',
    'turn_no': 198,
    'score': {
        'P-00000001': -51,
        'P-00000003': -22,
        'P-00000004': -65,
        'P-00000002': 138
    }
}
Receive finish-game event.
res_data: 
{
    'winner': 'P-00000001',
    'turn_win': 53,
    'order': {
        'P-00000001': 53,
        'P-00000004': 51,
        'P-00000002': 46,
        'P-00000003': 45
    },
    'total_score': {
        'P-00000001': 1411,
        'P-00000004': 184,
        'P-00000002': -355,
        'P-00000003': -1240
    }
}
Client disconnect.
