Host: http://host.docker.internal:8080
Dealer: D1, Player: P1
Client connect successfully!
Send join-room event.
req_data: 
{'room_name': 'D1', 'player': 'P1'}
Receive join-room event.
res_data: 
{'room_name': 'D1', 'player': 'P1'}
Send join-room event.
res_data: 
{
    'room_name': 'D1',
    'player': 'P1',
    'game_id': 'D-00000001',
    'your_id': 'P-00000001',
    'total_turn': 1,
    'white_wild': 'skip_bind_2'
}
Client join room successfully!
My id is P-00000001
Receive join-room event.
res_data: 
{'room_name': 'D1', 'player': 'Alternative 2'}
Receive join-room event.
res_data: 
{'room_name': 'D1', 'player': 'Alternative 3'}
Receive join-room event.
res_data: 
{'room_name': 'D1', 'player': 'Alternative 4'}
場札または手札にないのは
カードステータス: {'blue': {'0': 1, '1': 2, '2': 2, '3': 2, '4': 2, '5': 1, '6': 2, '7': 2, '8': 2, '9': 2, 'draw_2': 2, 'skip': 2, 'reverse': 2}, 'green': {'0': 1, '1': 2, '2': 2, '3': 2, '4': 2, '5': 2, '6': 2, '7': 1, '8': 2, '9': 2, 'draw_2': 2, 'skip': 1, 'reverse': 2}, 'red': {'0': 1, '1': 2, '2': 2, '3': 2, '4': 2, '5': 2, '6': 2, '7': 1, '8': 2, '9': 2, 'draw_2': 1, 'skip': 2, 'reverse': 2}, 'yellow': {'0': 1, '1': 2, '2': 2, '3': 2, '4': 1, '5': 1, '6': 2, '7': 2, '8': 2, '9': 2, 'draw_2': 2, 'skip': 2, 'reverse': 2}, 'black': {'wild': 4, 'wild_draw_4': 4, 'wild_shuffle': 1}, 'white': {'white_wild': 3}}
私の手札は
[
    {'color': 'red', 'special': 'draw_2'},
    {'color': 'yellow', 'number': 5},
    {'color': 'red', 'number': 7},
    {'color': 'green', 'special': 'skip'},
    {'color': 'blue', 'number': 5},
    {'color': 'green', 'number': 7},
    {'color': 'yellow', 'number': 4}
]
Receive receiver-card event.
Receive first-player event.
res_data: 
{
    'cards_receive': [
        {'color': 'red', 'special': 'draw_2'},
        {'color': 'yellow', 'number': 5},
        {'color': 'red', 'number': 7},
        {'color': 'green', 'special': 'skip'},
        {'color': 'blue', 'number': 5},
        {'color': 'green', 'number': 7},
        {'color': 'yellow', 'number': 4}
    ],
    'is_penalty': False
}
res_data: 
{
    'first_player': 'P-00000004',
    'first_card': {'color': 'green', 'number': 4},
    'play_order': ['P-00000004', 'P-00000002', 'P-00000003', 'P-00000001'],
    'total_turn': 1,
    'white_wild': 'skip_bind_2'
}
私以外だよ
場札または手札にないのは
カードステータス: {'blue': {'0': 1, '1': 2, '2': 2, '3': 2, '4': 2, '5': 1, '6': 2, '7': 2, '8': 2, '9': 2, 'draw_2': 2, 'skip': 2, 'reverse': 2}, 'green': {'0': 1, '1': 2, '2': 2, '3': 2, '4': 2, '5': 2, '6': 2, '7': 1, '8': 2, '9': 2, 'draw_2': 2, 'skip': 1, 'reverse': 2}, 'red': {'0': 1, '1': 2, '2': 2, '3': 2, '4': 2, '5': 2, '6': 2, '7': 1, '8': 2, '9': 2, 'draw_2': 1, 'skip': 2, 'reverse': 2}, 'yellow': {'0': 1, '1': 2, '2': 2, '3': 2, '4': 0, '5': 1, '6': 2, '7': 2, '8': 2, '9': 2, 'draw_2': 2, 'skip': 2, 'reverse': 2}, 'black': {'wild': 4, 'wild_draw_4': 4, 'wild_shuffle': 1}, 'white': {'white_wild': 3}}
---場にカードを出した---
プレイヤー: P-00000004
カード: {'color': 'yellow', 'number': 4}
山札の枚数: 83
場の枚数: 2
P-00000004の枚数: 6
P-00000002の枚数: 7
P-00000003の枚数: 7
P-00000001の枚数: 7
カード合計: 112
CHECK: True
最後に記録されたカード: {'color': 'yellow', 'number': 4}
Receive play-card event.
res_data: 
{
    'card_play': {'color': 'yellow', 'number': 4},
    'yell_uno': False,
    'player': 'P-00000004'
}
私以外だよ
場札または手札にないのは
カードステータス: {'blue': {'0': 1, '1': 2, '2': 2, '3': 2, '4': 2, '5': 1, '6': 2, '7': 2, '8': 2, '9': 2, 'draw_2': 2, 'skip': 2, 'reverse': 2}, 'green': {'0': 1, '1': 2, '2': 2, '3': 2, '4': 2, '5': 2, '6': 2, '7': 1, '8': 2, '9': 2, 'draw_2': 2, 'skip': 1, 'reverse': 2}, 'red': {'0': 1, '1': 2, '2': 2, '3': 2, '4': 2, '5': 2, '6': 2, '7': 1, '8': 2, '9': 2, 'draw_2': 1, 'skip': 2, 'reverse': 2}, 'yellow': {'0': 1, '1': 2, '2': 2, '3': 2, '4': 0, '5': 1, '6': 2, '7': 2, '8': 2, '9': 2, 'draw_2': 2, 'skip': 1, 'reverse': 2}, 'black': {'wild': 4, 'wild_draw_4': 4, 'wild_shuffle': 1}, 'white': {'white_wild': 3}}
---場にカードを出した---
プレイヤー: P-00000002
カード: {'color': 'yellow', 'special': 'skip'}
山札の枚数: 83
場の枚数: 3
P-00000004の枚数: 6
P-00000002の枚数: 6
P-00000003の枚数: 7
P-00000001の枚数: 7
カード合計: 112
CHECK: True
最後に記録されたカード: {'color': 'yellow', 'special': 'skip'}
Receive play-card event.
res_data: 
{
    'card_play': {'color': 'yellow', 'special': 'skip'},
    'yell_uno': False,
    'player': 'P-00000002'
}
私はP-00000001です
Receive next-player event.
res_data: 
{
    'next_player': 'P-00000001',
    'before_player': 'P-00000002',
    'card_before': {'color': 'yellow', 'special': 'skip'},
    'card_of_player': [
        {'color': 'yellow', 'number': 4},
        {'color': 'yellow', 'number': 5},
        {'color': 'green', 'special': 'skip'},
        {'color': 'green', 'number': 7},
        {'color': 'blue', 'number': 5},
        {'color': 'red', 'special': 'draw_2'},
        {'color': 'red', 'number': 7}
    ],
    'must_call_draw_card': False,
    'draw_reason': 'nothing',
    'turn_right': True,
    'number_card_play': 3,
    'number_turn_play': 2,
    'number_card_of_player': {
        'P-00000004': 6,
        'P-00000002': 6,
        'P-00000003': 7,
        'P-00000001': 7
    }
}
---枚数照合---
誰？： P-00000004
dealerから送られてきたカード枚数: 6
game_statusで記録していたカード枚数: 6
正しいか: True
---枚数照合---
誰？： P-00000002
dealerから送られてきたカード枚数: 6
game_statusで記録していたカード枚数: 6
正しいか: True
---枚数照合---
誰？： P-00000003
dealerから送られてきたカード枚数: 7
game_statusで記録していたカード枚数: 7
正しいか: True
---枚数照合---
誰？： P-00000001
dealerから送られてきたカード枚数: 7
game_statusで記録していたカード枚数: 7
正しいか: True
出せるのは(offensive)
[{'color': 'green', 'special': 'skip'}, {'color': 'yellow', 'number': 5}, {'color': 'yellow', 'number': 4}]
selected card: green skip
Send play-card event.
req_data: 
{'card_play': {'color': 'green', 'special': 'skip'}, 'yell_uno': False}
---場にカードを出した---
プレイヤー: P-00000001
カード: {'color': 'green', 'special': 'skip'}
山札の枚数: 83
場の枚数: 4
P-00000004の枚数: 6
P-00000002の枚数: 6
P-00000003の枚数: 7
P-00000001の枚数: 6
カード合計: 112
CHECK: True
最後に記録されたカード: {'color': 'green', 'special': 'skip'}
Receive play-card event.
res_data: 
{
    'card_play': {'color': 'green', 'special': 'skip'},
    'yell_uno': False,
    'player': 'P-00000001'
}
Send play-card event.
res_data: 
{'card_play': {'color': 'green', 'special': 'skip'}, 'yell_uno': False}
私以外だよ
場札または手札にないのは
カードステータス: {'blue': {'0': 1, '1': 2, '2': 2, '3': 2, '4': 2, '5': 1, '6': 2, '7': 2, '8': 2, '9': 2, 'draw_2': 2, 'skip': 2, 'reverse': 2}, 'green': {'0': 1, '1': 2, '2': 2, '3': 2, '4': 2, '5': 2, '6': 2, '7': 1, '8': 2, '9': 2, 'draw_2': 2, 'skip': 1, 'reverse': 1}, 'red': {'0': 1, '1': 2, '2': 2, '3': 2, '4': 2, '5': 2, '6': 2, '7': 1, '8': 2, '9': 2, 'draw_2': 1, 'skip': 2, 'reverse': 2}, 'yellow': {'0': 1, '1': 2, '2': 2, '3': 2, '4': 0, '5': 1, '6': 2, '7': 2, '8': 2, '9': 2, 'draw_2': 2, 'skip': 1, 'reverse': 2}, 'black': {'wild': 4, 'wild_draw_4': 4, 'wild_shuffle': 1}, 'white': {'white_wild': 3}}
今のは{'card_counts': 5, 'card': {'color': 'green', 'special': 'reverse'}}
その前は{'card_counts': 6, 'card': {'color': 'yellow', 'special': 'skip'}}
---場にカードを出した---
プレイヤー: P-00000002
カード: {'color': 'green', 'special': 'reverse'}
山札の枚数: 83
場の枚数: 5
P-00000004の枚数: 6
P-00000002の枚数: 5
P-00000003の枚数: 7
P-00000001の枚数: 6
カード合計: 112
CHECK: True
最後に記録されたカード: {'color': 'green', 'special': 'reverse'}
反転発動
{'P-00000004': {'位置': '直後', 'UNO': False}, 'P-00000002': {'位置': '対面', 'UNO': False}, 'P-00000003': {'位置': '直前', 'UNO': False}}
Receive play-card event.
res_data: 
{
    'card_play': {'color': 'green', 'special': 'reverse'},
    'yell_uno': False,
    'player': 'P-00000002'
}
私以外だよ
場札または手札にないのは
カードステータス: {'blue': {'0': 1, '1': 2, '2': 2, '3': 2, '4': 2, '5': 1, '6': 2, '7': 2, '8': 2, '9': 2, 'draw_2': 2, 'skip': 2, 'reverse': 2}, 'green': {'0': 0, '1': 2, '2': 2, '3': 2, '4': 2, '5': 2, '6': 2, '7': 1, '8': 2, '9': 2, 'draw_2': 2, 'skip': 1, 'reverse': 1}, 'red': {'0': 1, '1': 2, '2': 2, '3': 2, '4': 2, '5': 2, '6': 2, '7': 1, '8': 2, '9': 2, 'draw_2': 1, 'skip': 2, 'reverse': 2}, 'yellow': {'0': 1, '1': 2, '2': 2, '3': 2, '4': 0, '5': 1, '6': 2, '7': 2, '8': 2, '9': 2, 'draw_2': 2, 'skip': 1, 'reverse': 2}, 'black': {'wild': 4, 'wild_draw_4': 4, 'wild_shuffle': 1}, 'white': {'white_wild': 3}}
今のは{'card_counts': 5, 'card': {'color': 'green', 'number': 0}}
その前は{'card_counts': 6, 'card': {'color': 'yellow', 'number': 4}}
---場にカードを出した---
プレイヤー: P-00000004
カード: {'color': 'green', 'number': 0}
山札の枚数: 83
場の枚数: 6
P-00000004の枚数: 5
P-00000002の枚数: 5
P-00000003の枚数: 7
P-00000001の枚数: 6
カード合計: 112
CHECK: True
最後に記録されたカード: {'color': 'green', 'number': 0}
Receive play-card event.
res_data: 
{
    'card_play': {'color': 'green', 'number': 0},
    'yell_uno': False,
    'player': 'P-00000004'
}
私はP-00000001です
Receive next-player event.
res_data: 
{
    'next_player': 'P-00000001',
    'before_player': 'P-00000004',
    'card_before': {'color': 'green', 'number': 0},
    'card_of_player': [
        {'color': 'yellow', 'number': 4},
        {'color': 'yellow', 'number': 5},
        {'color': 'green', 'number': 7},
        {'color': 'blue', 'number': 5},
        {'color': 'red', 'special': 'draw_2'},
        {'color': 'red', 'number': 7}
    ],
    'must_call_draw_card': False,
    'draw_reason': 'nothing',
    'turn_right': False,
    'number_card_play': 6,
    'number_turn_play': 5,
    'number_card_of_player': {
        'P-00000004': 5,
        'P-00000002': 5,
        'P-00000003': 7,
        'P-00000001': 6
    }
}
---枚数照合---
誰？： P-00000004
dealerから送られてきたカード枚数: 5
game_statusで記録していたカード枚数: 5
正しいか: True
---枚数照合---
誰？： P-00000002
dealerから送られてきたカード枚数: 5
game_statusで記録していたカード枚数: 5
正しいか: True
---枚数照合---
誰？： P-00000003
dealerから送られてきたカード枚数: 7
game_statusで記録していたカード枚数: 7
正しいか: True
---枚数照合---
誰？： P-00000001
dealerから送られてきたカード枚数: 6
game_statusで記録していたカード枚数: 6
正しいか: True
Send special-logic event.
req_data: 
{'title': '◯◯◯◯◯◯◯◯◯◯◯◯◯◯◯◯◯◯◯◯◯'}
出せるのは(offensive)
[{'color': 'green', 'number': 7}]
selected card: green 7
Send play-card event.
req_data: 
{'card_play': {'color': 'green', 'number': 7}, 'yell_uno': False}
Send special-logic event.
res_data: 
{'title': '◯◯◯◯◯◯◯◯◯◯◯◯◯◯◯◯◯◯◯◯◯'}
今のは{'card_counts': 5, 'card': {'color': 'green', 'number': 7}}
その前は{'card_counts': 6, 'card': {'color': 'green', 'special': 'skip'}}
---場にカードを出した---
プレイヤー: P-00000001
カード: {'color': 'green', 'number': 7}
山札の枚数: 83
場の枚数: 7
P-00000004の枚数: 5
P-00000002の枚数: 5
P-00000003の枚数: 7
P-00000001の枚数: 5
カード合計: 112
CHECK: True
最後に記録されたカード: {'color': 'green', 'number': 7}
Receive play-card event.
res_data: 
{
    'card_play': {'color': 'green', 'number': 7},
    'yell_uno': False,
    'player': 'P-00000001'
}
Send play-card event.
res_data: 
{'card_play': {'color': 'green', 'number': 7}, 'yell_uno': False}
私以外だよ
場札または手札にないのは
カードステータス: {'blue': {'0': 1, '1': 2, '2': 2, '3': 2, '4': 2, '5': 1, '6': 2, '7': 2, '8': 2, '9': 2, 'draw_2': 2, 'skip': 2, 'reverse': 2}, 'green': {'0': 0, '1': 2, '2': 2, '3': 2, '4': 2, '5': 2, '6': 2, '7': 1, '8': 2, '9': 1, 'draw_2': 2, 'skip': 1, 'reverse': 1}, 'red': {'0': 1, '1': 2, '2': 2, '3': 2, '4': 2, '5': 2, '6': 2, '7': 1, '8': 2, '9': 2, 'draw_2': 1, 'skip': 2, 'reverse': 2}, 'yellow': {'0': 1, '1': 2, '2': 2, '3': 2, '4': 0, '5': 1, '6': 2, '7': 2, '8': 2, '9': 2, 'draw_2': 2, 'skip': 1, 'reverse': 2}, 'black': {'wild': 4, 'wild_draw_4': 4, 'wild_shuffle': 1}, 'white': {'white_wild': 3}}
---場にカードを出した---
プレイヤー: P-00000003
カード: {'color': 'green', 'number': 9}
山札の枚数: 83
場の枚数: 8
P-00000004の枚数: 5
P-00000002の枚数: 5
P-00000003の枚数: 6
P-00000001の枚数: 5
カード合計: 112
CHECK: True
最後に記録されたカード: {'color': 'green', 'number': 9}
Receive play-card event.
res_data: 
{
    'card_play': {'color': 'green', 'number': 9},
    'yell_uno': False,
    'player': 'P-00000003'
}
私以外だよ
場札または手札にないのは
カードステータス: {'blue': {'0': 1, '1': 2, '2': 2, '3': 2, '4': 2, '5': 1, '6': 2, '7': 2, '8': 2, '9': 2, 'draw_2': 2, 'skip': 2, 'reverse': 2}, 'green': {'0': 0, '1': 2, '2': 2, '3': 2, '4': 2, '5': 2, '6': 2, '7': 1, '8': 2, '9': 1, 'draw_2': 2, 'skip': 1, 'reverse': 1}, 'red': {'0': 1, '1': 2, '2': 2, '3': 2, '4': 2, '5': 2, '6': 2, '7': 1, '8': 2, '9': 2, 'draw_2': 1, 'skip': 2, 'reverse': 2}, 'yellow': {'0': 1, '1': 2, '2': 2, '3': 2, '4': 0, '5': 1, '6': 2, '7': 2, '8': 2, '9': 1, 'draw_2': 2, 'skip': 1, 'reverse': 2}, 'black': {'wild': 4, 'wild_draw_4': 4, 'wild_shuffle': 1}, 'white': {'white_wild': 3}}
今のは{'card_counts': 4, 'card': {'color': 'yellow', 'number': 9}}
その前は{'card_counts': 5, 'card': {'color': 'green', 'special': 'reverse'}}
---場にカードを出した---
プレイヤー: P-00000002
カード: {'color': 'yellow', 'number': 9}
山札の枚数: 83
場の枚数: 9
P-00000004の枚数: 5
P-00000002の枚数: 4
P-00000003の枚数: 6
P-00000001の枚数: 5
カード合計: 112
CHECK: True
最後に記録されたカード: {'color': 'yellow', 'number': 9}
Receive play-card event.
res_data: 
{
    'card_play': {'color': 'yellow', 'number': 9},
    'yell_uno': False,
    'player': 'P-00000002'
}
私以外だよ
場札または手札にないのは
カードステータス: {'blue': {'0': 1, '1': 2, '2': 2, '3': 2, '4': 2, '5': 1, '6': 2, '7': 2, '8': 2, '9': 2, 'draw_2': 2, 'skip': 2, 'reverse': 2}, 'green': {'0': 0, '1': 2, '2': 2, '3': 2, '4': 2, '5': 2, '6': 2, '7': 1, '8': 2, '9': 1, 'draw_2': 2, 'skip': 1, 'reverse': 1}, 'red': {'0': 1, '1': 2, '2': 2, '3': 2, '4': 2, '5': 2, '6': 2, '7': 1, '8': 2, '9': 2, 'draw_2': 1, 'skip': 2, 'reverse': 2}, 'yellow': {'0': 1, '1': 2, '2': 2, '3': 1, '4': 0, '5': 1, '6': 2, '7': 2, '8': 2, '9': 1, 'draw_2': 2, 'skip': 1, 'reverse': 2}, 'black': {'wild': 4, 'wild_draw_4': 4, 'wild_shuffle': 1}, 'white': {'white_wild': 3}}
今のは{'card_counts': 4, 'card': {'color': 'yellow', 'number': 3}}
その前は{'card_counts': 5, 'card': {'color': 'green', 'number': 0}}
---場にカードを出した---
プレイヤー: P-00000004
カード: {'color': 'yellow', 'number': 3}
山札の枚数: 83
場の枚数: 10
P-00000004の枚数: 4
P-00000002の枚数: 4
P-00000003の枚数: 6
P-00000001の枚数: 5
カード合計: 112
CHECK: True
最後に記録されたカード: {'color': 'yellow', 'number': 3}
Receive play-card event.
res_data: 
{
    'card_play': {'color': 'yellow', 'number': 3},
    'yell_uno': False,
    'player': 'P-00000004'
}
私はP-00000001です
Receive next-player event.
res_data: 
{
    'next_player': 'P-00000001',
    'before_player': 'P-00000004',
    'card_before': {'color': 'yellow', 'number': 3},
    'card_of_player': [
        {'color': 'yellow', 'number': 4},
        {'color': 'yellow', 'number': 5},
        {'color': 'blue', 'number': 5},
        {'color': 'red', 'special': 'draw_2'},
        {'color': 'red', 'number': 7}
    ],
    'must_call_draw_card': False,
    'draw_reason': 'nothing',
    'turn_right': False,
    'number_card_play': 10,
    'number_turn_play': 9,
    'number_card_of_player': {
        'P-00000004': 4,
        'P-00000002': 4,
        'P-00000003': 6,
        'P-00000001': 5
    }
}
---枚数照合---
誰？： P-00000004
dealerから送られてきたカード枚数: 4
game_statusで記録していたカード枚数: 4
正しいか: True
---枚数照合---
誰？： P-00000002
dealerから送られてきたカード枚数: 4
game_statusで記録していたカード枚数: 4
正しいか: True
---枚数照合---
誰？： P-00000003
dealerから送られてきたカード枚数: 6
game_statusで記録していたカード枚数: 6
正しいか: True
---枚数照合---
誰？： P-00000001
dealerから送られてきたカード枚数: 5
game_statusで記録していたカード枚数: 5
正しいか: True
出せるのは(offensive)
[{'color': 'yellow', 'number': 5}, {'color': 'yellow', 'number': 4}]
selected card: yellow 5
Send play-card event.
req_data: 
{'card_play': {'color': 'yellow', 'number': 5}, 'yell_uno': False}
今のは{'card_counts': 4, 'card': {'color': 'yellow', 'number': 5}}
その前は{'card_counts': 5, 'card': {'color': 'green', 'number': 7}}
---場にカードを出した---
プレイヤー: P-00000001
カード: {'color': 'yellow', 'number': 5}
山札の枚数: 83
場の枚数: 11
P-00000004の枚数: 4
P-00000002の枚数: 4
P-00000003の枚数: 6
P-00000001の枚数: 4
カード合計: 112
CHECK: True
最後に記録されたカード: {'color': 'yellow', 'number': 5}
Receive play-card event.
res_data: 
{
    'card_play': {'color': 'yellow', 'number': 5},
    'yell_uno': False,
    'player': 'P-00000001'
}
Send play-card event.
res_data: 
{'card_play': {'color': 'yellow', 'number': 5}, 'yell_uno': False}
私以外だよ
場札または手札にないのは
カードステータス: {'blue': {'0': 1, '1': 2, '2': 2, '3': 2, '4': 2, '5': 1, '6': 2, '7': 2, '8': 2, '9': 2, 'draw_2': 2, 'skip': 2, 'reverse': 2}, 'green': {'0': 0, '1': 2, '2': 2, '3': 2, '4': 2, '5': 2, '6': 2, '7': 1, '8': 2, '9': 1, 'draw_2': 2, 'skip': 1, 'reverse': 1}, 'red': {'0': 1, '1': 2, '2': 2, '3': 2, '4': 2, '5': 2, '6': 2, '7': 1, '8': 2, '9': 2, 'draw_2': 1, 'skip': 2, 'reverse': 2}, 'yellow': {'0': 1, '1': 2, '2': 2, '3': 1, '4': 0, '5': 1, '6': 2, '7': 2, '8': 2, '9': 0, 'draw_2': 2, 'skip': 1, 'reverse': 2}, 'black': {'wild': 4, 'wild_draw_4': 4, 'wild_shuffle': 1}, 'white': {'white_wild': 3}}
今のは{'card_counts': 5, 'card': {'color': 'yellow', 'number': 9}}
その前は{'card_counts': 6, 'card': {'color': 'green', 'number': 9}}
---場にカードを出した---
プレイヤー: P-00000003
カード: {'color': 'yellow', 'number': 9}
山札の枚数: 83
場の枚数: 12
P-00000004の枚数: 4
P-00000002の枚数: 4
P-00000003の枚数: 5
P-00000001の枚数: 4
カード合計: 112
CHECK: True
最後に記録されたカード: {'color': 'yellow', 'number': 9}
Receive play-card event.
res_data: 
{
    'card_play': {'color': 'yellow', 'number': 9},
    'yell_uno': False,
    'player': 'P-00000003'
}
私以外だよ
場札または手札にないのは
カードステータス: {'blue': {'0': 1, '1': 2, '2': 2, '3': 2, '4': 2, '5': 1, '6': 2, '7': 2, '8': 2, '9': 2, 'draw_2': 2, 'skip': 2, 'reverse': 2}, 'green': {'0': 0, '1': 2, '2': 2, '3': 2, '4': 2, '5': 2, '6': 2, '7': 1, '8': 2, '9': 1, 'draw_2': 2, 'skip': 1, 'reverse': 1}, 'red': {'0': 1, '1': 2, '2': 2, '3': 2, '4': 2, '5': 2, '6': 2, '7': 1, '8': 2, '9': 2, 'draw_2': 1, 'skip': 2, 'reverse': 2}, 'yellow': {'0': 1, '1': 2, '2': 2, '3': 1, '4': 0, '5': 1, '6': 1, '7': 2, '8': 2, '9': 0, 'draw_2': 2, 'skip': 1, 'reverse': 2}, 'black': {'wild': 4, 'wild_draw_4': 4, 'wild_shuffle': 1}, 'white': {'white_wild': 3}}
今のは{'card_counts': 3, 'card': {'color': 'yellow', 'number': 6}}
その前は{'card_counts': 4, 'card': {'color': 'yellow', 'number': 9}}
---場にカードを出した---
プレイヤー: P-00000002
カード: {'color': 'yellow', 'number': 6}
山札の枚数: 83
場の枚数: 13
P-00000004の枚数: 4
P-00000002の枚数: 3
P-00000003の枚数: 5
P-00000001の枚数: 4
カード合計: 112
CHECK: True
最後に記録されたカード: {'color': 'yellow', 'number': 6}
Receive play-card event.
res_data: 
{
    'card_play': {'color': 'yellow', 'number': 6},
    'yell_uno': False,
    'player': 'P-00000002'
}
Receive draw-card event.
res_data: 
{'player': 'P-00000004', 'is_draw': True}
---P-00000004がカードを引きます---
引く理由: 場に出すカードがない(再行動可能)
---更新前---
山札:83枚
P-00000004:4枚 P-00000002:3枚 P-00000003:5枚 P-00000001:4枚 
25枚以下制約あり
---更新後---
山札からP-00000004へ1枚移動
山札:82枚
P-00000004:5枚 P-00000002:3枚 P-00000003:5枚 P-00000001:4枚 
Receive play-draw-card event.
res_data: 
{
    'is_play_card': True,
    'yell_uno': False,
    'player': 'P-00000004',
    'card_play': {'color': 'yellow', 'number': 7}
}
今のは{'card_counts': 4, 'card': {'color': 'yellow', 'number': 7}}
その前は{'card_counts': 4, 'card': {'color': 'yellow', 'number': 3}}
---場にカードを出した---
プレイヤー: P-00000004
カード: {'color': 'yellow', 'number': 7}
山札の枚数: 82
場の枚数: 14
P-00000004の枚数: 4
P-00000002の枚数: 3
P-00000003の枚数: 5
P-00000001の枚数: 4
カード合計: 112
CHECK: True
最後に記録されたカード: {'color': 'yellow', 'number': 7}
場札または手札にないのは
カードステータス: {'blue': {'0': 1, '1': 2, '2': 2, '3': 2, '4': 2, '5': 1, '6': 2, '7': 2, '8': 2, '9': 2, 'draw_2': 2, 'skip': 2, 'reverse': 2}, 'green': {'0': 0, '1': 2, '2': 2, '3': 2, '4': 2, '5': 2, '6': 2, '7': 1, '8': 2, '9': 1, 'draw_2': 2, 'skip': 1, 'reverse': 1}, 'red': {'0': 1, '1': 2, '2': 2, '3': 2, '4': 2, '5': 2, '6': 2, '7': 1, '8': 2, '9': 2, 'draw_2': 1, 'skip': 2, 'reverse': 2}, 'yellow': {'0': 1, '1': 2, '2': 2, '3': 1, '4': 0, '5': 1, '6': 1, '7': 1, '8': 2, '9': 0, 'draw_2': 2, 'skip': 1, 'reverse': 2}, 'black': {'wild': 4, 'wild_draw_4': 4, 'wild_shuffle': 1}, 'white': {'white_wild': 3}}
私はP-00000001です
Receive next-player event.
res_data: 
{
    'next_player': 'P-00000001',
    'before_player': 'P-00000004',
    'card_before': {'color': 'yellow', 'number': 7},
    'card_of_player': [
        {'color': 'yellow', 'number': 4},
        {'color': 'blue', 'number': 5},
        {'color': 'red', 'special': 'draw_2'},
        {'color': 'red', 'number': 7}
    ],
    'must_call_draw_card': False,
    'draw_reason': 'nothing',
    'turn_right': False,
    'number_card_play': 14,
    'number_turn_play': 13,
    'number_card_of_player': {
        'P-00000004': 4,
        'P-00000002': 3,
        'P-00000003': 5,
        'P-00000001': 4
    }
}
---枚数照合---
誰？： P-00000004
dealerから送られてきたカード枚数: 4
game_statusで記録していたカード枚数: 4
正しいか: True
---枚数照合---
誰？： P-00000002
dealerから送られてきたカード枚数: 3
game_statusで記録していたカード枚数: 3
正しいか: True
---枚数照合---
誰？： P-00000003
dealerから送られてきたカード枚数: 5
game_statusで記録していたカード枚数: 5
正しいか: True
---枚数照合---
誰？： P-00000001
dealerから送られてきたカード枚数: 4
game_statusで記録していたカード枚数: 4
正しいか: True
出せるのは(offensive)
[{'color': 'red', 'number': 7}, {'color': 'yellow', 'number': 4}]
selected card: red 7
Send play-card event.
req_data: 
{'card_play': {'color': 'red', 'number': 7}, 'yell_uno': False}
今のは{'card_counts': 3, 'card': {'color': 'red', 'number': 7}}
その前は{'card_counts': 4, 'card': {'color': 'yellow', 'number': 5}}
---場にカードを出した---
プレイヤー: P-00000001
カード: {'color': 'red', 'number': 7}
山札の枚数: 82
場の枚数: 15
P-00000004の枚数: 4
P-00000002の枚数: 3
P-00000003の枚数: 5
P-00000001の枚数: 3
カード合計: 112
CHECK: True
最後に記録されたカード: {'color': 'red', 'number': 7}
Receive play-card event.
res_data: 
{
    'card_play': {'color': 'red', 'number': 7},
    'yell_uno': False,
    'player': 'P-00000001'
}
Send play-card event.
res_data: 
{'card_play': {'color': 'red', 'number': 7}, 'yell_uno': False}
私以外だよ
場札または手札にないのは
カードステータス: {'blue': {'0': 1, '1': 2, '2': 2, '3': 2, '4': 2, '5': 1, '6': 2, '7': 2, '8': 2, '9': 2, 'draw_2': 2, 'skip': 2, 'reverse': 2}, 'green': {'0': 0, '1': 2, '2': 2, '3': 2, '4': 2, '5': 2, '6': 2, '7': 1, '8': 2, '9': 1, 'draw_2': 2, 'skip': 1, 'reverse': 1}, 'red': {'0': 0, '1': 2, '2': 2, '3': 2, '4': 2, '5': 2, '6': 2, '7': 1, '8': 2, '9': 2, 'draw_2': 1, 'skip': 2, 'reverse': 2}, 'yellow': {'0': 1, '1': 2, '2': 2, '3': 1, '4': 0, '5': 1, '6': 1, '7': 1, '8': 2, '9': 0, 'draw_2': 2, 'skip': 1, 'reverse': 2}, 'black': {'wild': 4, 'wild_draw_4': 4, 'wild_shuffle': 1}, 'white': {'white_wild': 3}}
今のは{'card_counts': 4, 'card': {'color': 'red', 'number': 0}}
その前は{'card_counts': 5, 'card': {'color': 'yellow', 'number': 9}}
---場にカードを出した---
プレイヤー: P-00000003
カード: {'color': 'red', 'number': 0}
山札の枚数: 82
場の枚数: 16
P-00000004の枚数: 4
P-00000002の枚数: 3
P-00000003の枚数: 4
P-00000001の枚数: 3
カード合計: 112
CHECK: True
最後に記録されたカード: {'color': 'red', 'number': 0}
Receive play-card event.
res_data: 
{
    'card_play': {'color': 'red', 'number': 0},
    'yell_uno': False,
    'player': 'P-00000003'
}
私以外だよ
場札または手札にないのは
カードステータス: {'blue': {'0': 1, '1': 2, '2': 2, '3': 2, '4': 2, '5': 1, '6': 2, '7': 2, '8': 2, '9': 2, 'draw_2': 2, 'skip': 2, 'reverse': 2}, 'green': {'0': 0, '1': 2, '2': 2, '3': 2, '4': 2, '5': 2, '6': 2, '7': 1, '8': 2, '9': 1, 'draw_2': 2, 'skip': 1, 'reverse': 1}, 'red': {'0': 0, '1': 2, '2': 2, '3': 1, '4': 2, '5': 2, '6': 2, '7': 1, '8': 2, '9': 2, 'draw_2': 1, 'skip': 2, 'reverse': 2}, 'yellow': {'0': 1, '1': 2, '2': 2, '3': 1, '4': 0, '5': 1, '6': 1, '7': 1, '8': 2, '9': 0, 'draw_2': 2, 'skip': 1, 'reverse': 2}, 'black': {'wild': 4, 'wild_draw_4': 4, 'wild_shuffle': 1}, 'white': {'white_wild': 3}}
今のは{'card_counts': 2, 'card': {'color': 'red', 'number': 3}}
その前は{'card_counts': 3, 'card': {'color': 'yellow', 'number': 6}}
---場にカードを出した---
プレイヤー: P-00000002
カード: {'color': 'red', 'number': 3}
山札の枚数: 82
場の枚数: 17
P-00000004の枚数: 4
P-00000002の枚数: 2
P-00000003の枚数: 4
P-00000001の枚数: 3
カード合計: 112
CHECK: True
最後に記録されたカード: {'color': 'red', 'number': 3}
Receive play-card event.
res_data: 
{
    'card_play': {'color': 'red', 'number': 3},
    'yell_uno': False,
    'player': 'P-00000002'
}
私以外だよ
場札または手札にないのは
カードステータス: {'blue': {'0': 1, '1': 2, '2': 2, '3': 2, '4': 2, '5': 1, '6': 2, '7': 2, '8': 2, '9': 2, 'draw_2': 2, 'skip': 2, 'reverse': 2}, 'green': {'0': 0, '1': 2, '2': 2, '3': 2, '4': 2, '5': 2, '6': 2, '7': 1, '8': 2, '9': 1, 'draw_2': 2, 'skip': 1, 'reverse': 1}, 'red': {'0': 0, '1': 2, '2': 2, '3': 1, '4': 2, '5': 1, '6': 2, '7': 1, '8': 2, '9': 2, 'draw_2': 1, 'skip': 2, 'reverse': 2}, 'yellow': {'0': 1, '1': 2, '2': 2, '3': 1, '4': 0, '5': 1, '6': 1, '7': 1, '8': 2, '9': 0, 'draw_2': 2, 'skip': 1, 'reverse': 2}, 'black': {'wild': 4, 'wild_draw_4': 4, 'wild_shuffle': 1}, 'white': {'white_wild': 3}}
今のは{'card_counts': 3, 'card': {'color': 'red', 'number': 5}}
その前は{'card_counts': 4, 'card': {'color': 'yellow', 'number': 7}}
---場にカードを出した---
プレイヤー: P-00000004
カード: {'color': 'red', 'number': 5}
山札の枚数: 82
場の枚数: 18
P-00000004の枚数: 3
P-00000002の枚数: 2
P-00000003の枚数: 4
P-00000001の枚数: 3
カード合計: 112
CHECK: True
最後に記録されたカード: {'color': 'red', 'number': 5}
Receive play-card event.
res_data: 
{
    'card_play': {'color': 'red', 'number': 5},
    'yell_uno': False,
    'player': 'P-00000004'
}
私はP-00000001です
Receive next-player event.
res_data: 
{
    'next_player': 'P-00000001',
    'before_player': 'P-00000004',
    'card_before': {'color': 'red', 'number': 5},
    'card_of_player': [
        {'color': 'yellow', 'number': 4},
        {'color': 'blue', 'number': 5},
        {'color': 'red', 'special': 'draw_2'}
    ],
    'must_call_draw_card': False,
    'draw_reason': 'nothing',
    'turn_right': False,
    'number_card_play': 18,
    'number_turn_play': 17,
    'number_card_of_player': {
        'P-00000004': 3,
        'P-00000002': 2,
        'P-00000003': 4,
        'P-00000001': 3
    }
}
---枚数照合---
誰？： P-00000004
dealerから送られてきたカード枚数: 3
game_statusで記録していたカード枚数: 3
正しいか: True
---枚数照合---
誰？： P-00000002
dealerから送られてきたカード枚数: 2
game_statusで記録していたカード枚数: 2
正しいか: True
---枚数照合---
誰？： P-00000003
dealerから送られてきたカード枚数: 4
game_statusで記録していたカード枚数: 4
正しいか: True
---枚数照合---
誰？： P-00000001
dealerから送られてきたカード枚数: 3
game_statusで記録していたカード枚数: 3
正しいか: True
selected card: red draw_2
Send play-card event.
req_data: 
{'card_play': {'color': 'red', 'special': 'draw_2'}, 'yell_uno': False}
今のは{'card_counts': 2, 'card': {'color': 'red', 'special': 'draw_2'}}
その前は{'card_counts': 3, 'card': {'color': 'red', 'number': 7}}
---場にカードを出した---
プレイヤー: P-00000001
カード: {'color': 'red', 'special': 'draw_2'}
山札の枚数: 82
場の枚数: 19
P-00000004の枚数: 3
P-00000002の枚数: 2
P-00000003の枚数: 4
P-00000001の枚数: 2
カード合計: 112
CHECK: True
最後に記録されたカード: {'color': 'red', 'special': 'draw_2'}
Receive play-card event.
res_data: 
{
    'card_play': {'color': 'red', 'special': 'draw_2'},
    'yell_uno': False,
    'player': 'P-00000001'
}
Send play-card event.
res_data: 
{'card_play': {'color': 'red', 'special': 'draw_2'}, 'yell_uno': False}
Receive draw-card event.
res_data: 
{'player': 'P-00000003', 'is_draw': True}
---P-00000003がカードを引きます---
引く理由: draw_2
---更新前---
山札:82枚
P-00000004:3枚 P-00000002:2枚 P-00000003:4枚 P-00000001:2枚 
---更新後---
山札からP-00000003へ2枚移動
山札:80枚
P-00000004:3枚 P-00000002:2枚 P-00000003:6枚 P-00000001:2枚 
Receive draw-card event.
res_data: 
{'player': 'P-00000002', 'is_draw': True}
---P-00000002がカードを引きます---
引く理由: 場に出すカードがない(再行動可能)
---更新前---
山札:80枚
P-00000004:3枚 P-00000002:2枚 P-00000003:6枚 P-00000001:2枚 
25枚以下制約あり
---更新後---
山札からP-00000002へ1枚移動
山札:79枚
P-00000004:3枚 P-00000002:3枚 P-00000003:6枚 P-00000001:2枚 
私以外だよ
場札または手札にないのは
カードステータス: {'blue': {'0': 1, '1': 2, '2': 2, '3': 2, '4': 2, '5': 1, '6': 2, '7': 2, '8': 2, '9': 2, 'draw_2': 2, 'skip': 2, 'reverse': 2}, 'green': {'0': 0, '1': 2, '2': 2, '3': 2, '4': 2, '5': 2, '6': 2, '7': 1, '8': 2, '9': 1, 'draw_2': 2, 'skip': 1, 'reverse': 1}, 'red': {'0': 0, '1': 2, '2': 2, '3': 1, '4': 2, '5': 1, '6': 2, '7': 1, '8': 2, '9': 2, 'draw_2': 1, 'skip': 2, 'reverse': 1}, 'yellow': {'0': 1, '1': 2, '2': 2, '3': 1, '4': 0, '5': 1, '6': 1, '7': 1, '8': 2, '9': 0, 'draw_2': 2, 'skip': 1, 'reverse': 2}, 'black': {'wild': 4, 'wild_draw_4': 4, 'wild_shuffle': 1}, 'white': {'white_wild': 3}}
今のは{'card_counts': 2, 'card': {'color': 'red', 'special': 'reverse'}}
その前は{'card_counts': 3, 'card': {'color': 'red', 'number': 5}}
---場にカードを出した---
プレイヤー: P-00000004
カード: {'color': 'red', 'special': 'reverse'}
山札の枚数: 79
場の枚数: 20
P-00000004の枚数: 2
P-00000002の枚数: 3
P-00000003の枚数: 6
P-00000001の枚数: 2
カード合計: 112
CHECK: True
最後に記録されたカード: {'color': 'red', 'special': 'reverse'}
反転発動
{'P-00000004': {'位置': '直前', 'UNO': False}, 'P-00000002': {'位置': '対面', 'UNO': False}, 'P-00000003': {'位置': '直後', 'UNO': False}}
Receive play-card event.
res_data: 
{
    'card_play': {'color': 'red', 'special': 'reverse'},
    'yell_uno': False,
    'player': 'P-00000004'
}
Receive draw-card event.
res_data: 
{'player': 'P-00000002', 'is_draw': True}
---P-00000002がカードを引きます---
引く理由: 場に出すカードがない(再行動可能)
---更新前---
山札:79枚
P-00000004:2枚 P-00000002:3枚 P-00000003:6枚 P-00000001:2枚 
25枚以下制約あり
---更新後---
山札からP-00000002へ1枚移動
山札:78枚
P-00000004:2枚 P-00000002:4枚 P-00000003:6枚 P-00000001:2枚 
私以外だよ
場札または手札にないのは
カードステータス: {'blue': {'0': 1, '1': 2, '2': 2, '3': 2, '4': 2, '5': 1, '6': 2, '7': 2, '8': 2, '9': 2, 'draw_2': 2, 'skip': 2, 'reverse': 2}, 'green': {'0': 0, '1': 2, '2': 2, '3': 2, '4': 2, '5': 2, '6': 2, '7': 1, '8': 2, '9': 1, 'draw_2': 2, 'skip': 1, 'reverse': 1}, 'red': {'0': 0, '1': 1, '2': 2, '3': 1, '4': 2, '5': 1, '6': 2, '7': 1, '8': 2, '9': 2, 'draw_2': 1, 'skip': 2, 'reverse': 1}, 'yellow': {'0': 1, '1': 2, '2': 2, '3': 1, '4': 0, '5': 1, '6': 1, '7': 1, '8': 2, '9': 0, 'draw_2': 2, 'skip': 1, 'reverse': 2}, 'black': {'wild': 4, 'wild_draw_4': 4, 'wild_shuffle': 1}, 'white': {'white_wild': 3}}
今のは{'card_counts': 5, 'card': {'color': 'red', 'number': 1}}
その前は{'card_counts': 4, 'card': {'color': 'red', 'number': 0}}
---場にカードを出した---
プレイヤー: P-00000003
カード: {'color': 'red', 'number': 1}
山札の枚数: 78
場の枚数: 21
P-00000004の枚数: 2
P-00000002の枚数: 4
P-00000003の枚数: 5
P-00000001の枚数: 2
カード合計: 112
CHECK: True
最後に記録されたカード: {'color': 'red', 'number': 1}
Receive play-card event.
res_data: 
{
    'card_play': {'color': 'red', 'number': 1},
    'yell_uno': False,
    'player': 'P-00000003'
}
私はP-00000001です
Receive next-player event.
res_data: 
{
    'next_player': 'P-00000001',
    'before_player': 'P-00000003',
    'card_before': {'color': 'red', 'number': 1},
    'card_of_player': [
        {'color': 'yellow', 'number': 4},
        {'color': 'blue', 'number': 5}
    ],
    'must_call_draw_card': False,
    'draw_reason': 'nothing',
    'turn_right': True,
    'number_card_play': 21,
    'number_turn_play': 23,
    'number_card_of_player': {
        'P-00000004': 2,
        'P-00000002': 4,
        'P-00000003': 5,
        'P-00000001': 2
    }
}
---枚数照合---
誰？： P-00000004
dealerから送られてきたカード枚数: 2
game_statusで記録していたカード枚数: 2
正しいか: True
---枚数照合---
誰？： P-00000002
dealerから送られてきたカード枚数: 4
game_statusで記録していたカード枚数: 4
正しいか: True
---枚数照合---
誰？： P-00000003
dealerから送られてきたカード枚数: 5
game_statusで記録していたカード枚数: 5
正しいか: True
---枚数照合---
誰？： P-00000001
dealerから送られてきたカード枚数: 2
game_statusで記録していたカード枚数: 2
正しいか: True
Send draw-card event.
req_data: 
{}
場札または手札にないのは
カードステータス: {'blue': {'0': 1, '1': 2, '2': 2, '3': 2, '4': 2, '5': 1, '6': 2, '7': 2, '8': 2, '9': 2, 'draw_2': 1, 'skip': 2, 'reverse': 2}, 'green': {'0': 0, '1': 2, '2': 2, '3': 2, '4': 2, '5': 2, '6': 2, '7': 1, '8': 2, '9': 1, 'draw_2': 2, 'skip': 1, 'reverse': 1}, 'red': {'0': 0, '1': 1, '2': 2, '3': 1, '4': 2, '5': 1, '6': 2, '7': 1, '8': 2, '9': 2, 'draw_2': 1, 'skip': 2, 'reverse': 1}, 'yellow': {'0': 1, '1': 2, '2': 2, '3': 1, '4': 0, '5': 1, '6': 1, '7': 1, '8': 2, '9': 0, 'draw_2': 2, 'skip': 1, 'reverse': 2}, 'black': {'wild': 4, 'wild_draw_4': 4, 'wild_shuffle': 1}, 'white': {'white_wild': 3}}
私の手札は
[
    {'color': 'yellow', 'number': 4},
    {'color': 'blue', 'number': 5},
    {'color': 'blue', 'special': 'draw_2'}
]
Receive receiver-card event.
res_data: 
{'cards_receive': [{'color': 'blue', 'special': 'draw_2'}], 'is_penalty': False}
Receive draw-card event.
res_data: 
{'player': 'P-00000001', 'is_draw': True}
---P-00000001がカードを引きます---
引く理由: 場に出すカードがない(再行動可能)
---更新前---
山札:78枚
P-00000004:2枚 P-00000002:4枚 P-00000003:5枚 P-00000001:2枚 
25枚以下制約あり
---更新後---
山札からP-00000001へ1枚移動
山札:77枚
P-00000004:2枚 P-00000002:4枚 P-00000003:5枚 P-00000001:3枚 
Send draw-card event.
res_data: 
{
    'player': 'P-00000001',
    'is_draw': True,
    'can_play_draw_card': False,
    'draw_card': [{'color': 'blue', 'special': 'draw_2'}]
}
Receive draw-card event.
res_data: 
{'player': 'P-00000004', 'is_draw': True}
---P-00000004がカードを引きます---
引く理由: 場に出すカードがない(再行動可能)
---更新前---
山札:77枚
P-00000004:2枚 P-00000002:4枚 P-00000003:5枚 P-00000001:3枚 
25枚以下制約あり
---更新後---
山札からP-00000004へ1枚移動
山札:76枚
P-00000004:3枚 P-00000002:4枚 P-00000003:5枚 P-00000001:3枚 
Receive draw-card event.
res_data: 
{'player': 'P-00000002', 'is_draw': True}
---P-00000002がカードを引きます---
引く理由: 場に出すカードがない(再行動可能)
---更新前---
山札:76枚
P-00000004:3枚 P-00000002:4枚 P-00000003:5枚 P-00000001:3枚 
25枚以下制約あり
---更新後---
山札からP-00000002へ1枚移動
山札:75枚
P-00000004:3枚 P-00000002:5枚 P-00000003:5枚 P-00000001:3枚 
Receive play-draw-card event.
res_data: 
{
    'is_play_card': True,
    'yell_uno': False,
    'player': 'P-00000002',
    'card_play': {'color': 'red', 'number': 3}
}
今のは{'card_counts': 4, 'card': {'color': 'red', 'number': 3}}
その前は{'card_counts': 2, 'card': {'color': 'red', 'number': 3}}
---場にカードを出した---
プレイヤー: P-00000002
カード: {'color': 'red', 'number': 3}
山札の枚数: 75
場の枚数: 22
P-00000004の枚数: 3
P-00000002の枚数: 4
P-00000003の枚数: 5
P-00000001の枚数: 3
カード合計: 112
CHECK: True
最後に記録されたカード: {'color': 'red', 'number': 3}
場札または手札にないのは
カードステータス: {'blue': {'0': 1, '1': 2, '2': 2, '3': 2, '4': 2, '5': 1, '6': 2, '7': 2, '8': 2, '9': 2, 'draw_2': 1, 'skip': 2, 'reverse': 2}, 'green': {'0': 0, '1': 2, '2': 2, '3': 2, '4': 2, '5': 2, '6': 2, '7': 1, '8': 2, '9': 1, 'draw_2': 2, 'skip': 1, 'reverse': 1}, 'red': {'0': 0, '1': 1, '2': 2, '3': 0, '4': 2, '5': 1, '6': 2, '7': 1, '8': 2, '9': 2, 'draw_2': 1, 'skip': 2, 'reverse': 1}, 'yellow': {'0': 1, '1': 2, '2': 2, '3': 1, '4': 0, '5': 1, '6': 1, '7': 1, '8': 2, '9': 0, 'draw_2': 2, 'skip': 1, 'reverse': 2}, 'black': {'wild': 4, 'wild_draw_4': 4, 'wild_shuffle': 1}, 'white': {'white_wild': 3}}
私以外だよ
場札または手札にないのは
カードステータス: {'blue': {'0': 1, '1': 2, '2': 2, '3': 2, '4': 2, '5': 1, '6': 2, '7': 2, '8': 2, '9': 2, 'draw_2': 1, 'skip': 2, 'reverse': 2}, 'green': {'0': 0, '1': 2, '2': 2, '3': 2, '4': 2, '5': 2, '6': 2, '7': 1, '8': 2, '9': 1, 'draw_2': 2, 'skip': 1, 'reverse': 1}, 'red': {'0': 0, '1': 1, '2': 2, '3': 0, '4': 2, '5': 1, '6': 2, '7': 1, '8': 2, '9': 2, 'draw_2': 1, 'skip': 2, 'reverse': 1}, 'yellow': {'0': 1, '1': 2, '2': 2, '3': 1, '4': 0, '5': 1, '6': 1, '7': 1, '8': 2, '9': 0, 'draw_2': 2, 'skip': 1, 'reverse': 2}, 'black': {'wild': 4, 'wild_draw_4': 4, 'wild_shuffle': 1}, 'white': {'white_wild': 2}}
今のは{'card_counts': 4, 'card': {'color': 'white', 'special': 'white_wild'}}
その前は{'card_counts': 5, 'card': {'color': 'red', 'number': 1}}
---場にカードを出した---
プレイヤー: P-00000003
カード: {'color': 'white', 'special': 'white_wild'}
山札の枚数: 75
場の枚数: 23
P-00000004の枚数: 3
P-00000002の枚数: 4
P-00000003の枚数: 4
P-00000001の枚数: 3
カード合計: 112
CHECK: True
最後に記録されたカード: {'color': 'white', 'special': 'white_wild'}
Receive play-card event.
res_data: 
{
    'card_play': {'color': 'white', 'special': 'white_wild'},
    'yell_uno': False,
    'player': 'P-00000003'
}
Receive draw-card event.
res_data: 
{'player': 'P-00000004', 'is_draw': True}
---P-00000004がカードを引きます---
引く理由: white_wild
---更新前---
山札:75枚
P-00000004:3枚 P-00000002:4枚 P-00000003:4枚 P-00000001:3枚 
---更新後---
山札からP-00000004へ2枚移動
山札:73枚
P-00000004:5枚 P-00000002:4枚 P-00000003:4枚 P-00000001:3枚 
Receive draw-card event.
res_data: 
{'player': 'P-00000002', 'is_draw': True}
---P-00000002がカードを引きます---
引く理由: 場に出すカードがない(再行動可能)
---更新前---
山札:73枚
P-00000004:5枚 P-00000002:4枚 P-00000003:4枚 P-00000001:3枚 
25枚以下制約あり
---更新後---
山札からP-00000002へ1枚移動
山札:72枚
P-00000004:5枚 P-00000002:5枚 P-00000003:4枚 P-00000001:3枚 
私以外だよ
場札または手札にないのは
カードステータス: {'blue': {'0': 1, '1': 2, '2': 2, '3': 2, '4': 2, '5': 1, '6': 2, '7': 2, '8': 2, '9': 2, 'draw_2': 1, 'skip': 2, 'reverse': 2}, 'green': {'0': 0, '1': 2, '2': 2, '3': 2, '4': 2, '5': 2, '6': 2, '7': 1, '8': 2, '9': 1, 'draw_2': 2, 'skip': 1, 'reverse': 1}, 'red': {'0': 0, '1': 1, '2': 2, '3': 0, '4': 2, '5': 1, '6': 2, '7': 1, '8': 2, '9': 2, 'draw_2': 1, 'skip': 2, 'reverse': 1}, 'yellow': {'0': 1, '1': 2, '2': 2, '3': 1, '4': 0, '5': 1, '6': 1, '7': 1, '8': 2, '9': 0, 'draw_2': 2, 'skip': 1, 'reverse': 2}, 'black': {'wild': 4, 'wild_draw_4': 4, 'wild_shuffle': 1}, 'white': {'white_wild': 1}}
今のは{'card_counts': 3, 'card': {'color': 'white', 'special': 'white_wild'}}
その前は{'card_counts': 4, 'card': {'color': 'white', 'special': 'white_wild'}}
---場にカードを出した---
プレイヤー: P-00000003
カード: {'color': 'white', 'special': 'white_wild'}
山札の枚数: 72
場の枚数: 24
P-00000004の枚数: 5
P-00000002の枚数: 5
P-00000003の枚数: 3
P-00000001の枚数: 3
カード合計: 112
CHECK: True
最後に記録されたカード: {'color': 'white', 'special': 'white_wild'}
Receive play-card event.
res_data: 
{
    'card_play': {'color': 'white', 'special': 'white_wild'},
    'yell_uno': False,
    'player': 'P-00000003'
}
Receive draw-card event.
res_data: 
{'player': 'P-00000004', 'is_draw': True}
---P-00000004がカードを引きます---
引く理由: white_wild
---更新前---
山札:72枚
P-00000004:5枚 P-00000002:5枚 P-00000003:3枚 P-00000001:3枚 
---更新後---
山札からP-00000004へ2枚移動
山札:70枚
P-00000004:7枚 P-00000002:5枚 P-00000003:3枚 P-00000001:3枚 
Receive draw-card event.
res_data: 
{'player': 'P-00000002', 'is_draw': True}
---P-00000002がカードを引きます---
引く理由: 場に出すカードがない(再行動可能)
---更新前---
山札:70枚
P-00000004:7枚 P-00000002:5枚 P-00000003:3枚 P-00000001:3枚 
25枚以下制約あり
---更新後---
山札からP-00000002へ1枚移動
山札:69枚
P-00000004:7枚 P-00000002:6枚 P-00000003:3枚 P-00000001:3枚 
Receive draw-card event.
res_data: 
{'player': 'P-00000003', 'is_draw': True}
---P-00000003がカードを引きます---
引く理由: 場に出すカードがない(再行動可能)
---更新前---
山札:69枚
P-00000004:7枚 P-00000002:6枚 P-00000003:3枚 P-00000001:3枚 
25枚以下制約あり
---更新後---
山札からP-00000003へ1枚移動
山札:68枚
P-00000004:7枚 P-00000002:6枚 P-00000003:4枚 P-00000001:3枚 
私はP-00000001です
Receive next-player event.
res_data: 
{
    'next_player': 'P-00000001',
    'before_player': 'P-00000003',
    'card_before': {'color': 'red', 'special': 'white_wild'},
    'card_of_player': [
        {'color': 'yellow', 'number': 4},
        {'color': 'blue', 'number': 5},
        {'color': 'blue', 'special': 'draw_2'}
    ],
    'must_call_draw_card': False,
    'draw_reason': 'nothing',
    'turn_right': True,
    'number_card_play': 24,
    'number_turn_play': 33,
    'number_card_of_player': {
        'P-00000004': 5,
        'P-00000002': 6,
        'P-00000003': 4,
        'P-00000001': 3
    }
}
---枚数照合---
誰？： P-00000004
dealerから送られてきたカード枚数: 5
game_statusで記録していたカード枚数: 7
正しいか: False
正しい枚数に更新する
---枚数照合---
誰？： P-00000002
dealerから送られてきたカード枚数: 6
game_statusで記録していたカード枚数: 6
正しいか: True
---枚数照合---
誰？： P-00000003
dealerから送られてきたカード枚数: 4
game_statusで記録していたカード枚数: 4
正しいか: True
---枚数照合---
誰？： P-00000001
dealerから送られてきたカード枚数: 3
game_statusで記録していたカード枚数: 3
正しいか: True
Send draw-card event.
req_data: 
{}
場札または手札にないのは
カードステータス: {'blue': {'0': 1, '1': 2, '2': 2, '3': 2, '4': 2, '5': 1, '6': 2, '7': 1, '8': 2, '9': 2, 'draw_2': 1, 'skip': 2, 'reverse': 2}, 'green': {'0': 0, '1': 2, '2': 2, '3': 2, '4': 2, '5': 2, '6': 2, '7': 1, '8': 2, '9': 1, 'draw_2': 2, 'skip': 1, 'reverse': 1}, 'red': {'0': 0, '1': 1, '2': 2, '3': 0, '4': 2, '5': 1, '6': 2, '7': 1, '8': 2, '9': 2, 'draw_2': 1, 'skip': 2, 'reverse': 1}, 'yellow': {'0': 1, '1': 2, '2': 2, '3': 1, '4': 0, '5': 1, '6': 1, '7': 1, '8': 2, '9': 0, 'draw_2': 2, 'skip': 1, 'reverse': 2}, 'black': {'wild': 4, 'wild_draw_4': 4, 'wild_shuffle': 1}, 'white': {'white_wild': 1}}
私の手札は
[
    {'color': 'yellow', 'number': 4},
    {'color': 'blue', 'number': 5},
    {'color': 'blue', 'special': 'draw_2'},
    {'color': 'blue', 'number': 7}
]
Receive receiver-card event.
res_data: 
{'cards_receive': [{'color': 'blue', 'number': 7}], 'is_penalty': False}
Receive draw-card event.
res_data: 
{'player': 'P-00000001', 'is_draw': True}
---P-00000001がカードを引きます---
引く理由: 場に出すカードがない(再行動可能)
---更新前---
山札:68枚
P-00000004:5枚 P-00000002:6枚 P-00000003:4枚 P-00000001:3枚 
25枚以下制約あり
---更新後---
山札からP-00000001へ1枚移動
山札:67枚
P-00000004:5枚 P-00000002:6枚 P-00000003:4枚 P-00000001:4枚 
Send draw-card event.
res_data: 
{
    'player': 'P-00000001',
    'is_draw': True,
    'can_play_draw_card': False,
    'draw_card': [{'color': 'blue', 'number': 7}]
}
Receive draw-card event.
res_data: 
{'player': 'P-00000004', 'is_draw': True}
---P-00000004がカードを引きます---
引く理由: 場に出すカードがない(再行動可能)
---更新前---
山札:67枚
P-00000004:5枚 P-00000002:6枚 P-00000003:4枚 P-00000001:4枚 
25枚以下制約あり
---更新後---
山札からP-00000004へ1枚移動
山札:66枚
P-00000004:6枚 P-00000002:6枚 P-00000003:4枚 P-00000001:4枚 
Receive draw-card event.
res_data: 
{'player': 'P-00000002', 'is_draw': True}
---P-00000002がカードを引きます---
引く理由: 場に出すカードがない(再行動可能)
---更新前---
山札:66枚
P-00000004:6枚 P-00000002:6枚 P-00000003:4枚 P-00000001:4枚 
25枚以下制約あり
---更新後---
山札からP-00000002へ1枚移動
山札:65枚
P-00000004:6枚 P-00000002:7枚 P-00000003:4枚 P-00000001:4枚 
Receive play-draw-card event.
res_data: 
{
    'is_play_card': True,
    'yell_uno': False,
    'player': 'P-00000002',
    'card_play': {'color': 'red', 'number': 5}
}
今のは{'card_counts': 6, 'card': {'color': 'red', 'number': 5}}
その前は{'card_counts': 4, 'card': {'color': 'red', 'number': 3}}
---場にカードを出した---
プレイヤー: P-00000002
カード: {'color': 'red', 'number': 5}
山札の枚数: 65
場の枚数: 25
P-00000004の枚数: 6
P-00000002の枚数: 6
P-00000003の枚数: 4
P-00000001の枚数: 4
カード合計: 110
CHECK: False
最後に記録されたカード: {'color': 'red', 'number': 5}
場札または手札にないのは
カードステータス: {'blue': {'0': 1, '1': 2, '2': 2, '3': 2, '4': 2, '5': 1, '6': 2, '7': 1, '8': 2, '9': 2, 'draw_2': 1, 'skip': 2, 'reverse': 2}, 'green': {'0': 0, '1': 2, '2': 2, '3': 2, '4': 2, '5': 2, '6': 2, '7': 1, '8': 2, '9': 1, 'draw_2': 2, 'skip': 1, 'reverse': 1}, 'red': {'0': 0, '1': 1, '2': 2, '3': 0, '4': 2, '5': 0, '6': 2, '7': 1, '8': 2, '9': 2, 'draw_2': 1, 'skip': 2, 'reverse': 1}, 'yellow': {'0': 1, '1': 2, '2': 2, '3': 1, '4': 0, '5': 1, '6': 1, '7': 1, '8': 2, '9': 0, 'draw_2': 2, 'skip': 1, 'reverse': 2}, 'black': {'wild': 4, 'wild_draw_4': 4, 'wild_shuffle': 1}, 'white': {'white_wild': 1}}
Receive draw-card event.
res_data: 
{'player': 'P-00000003', 'is_draw': True}
---P-00000003がカードを引きます---
引く理由: 場に出すカードがない(再行動可能)
---更新前---
山札:65枚
P-00000004:6枚 P-00000002:6枚 P-00000003:4枚 P-00000001:4枚 
25枚以下制約あり
---更新後---
山札からP-00000003へ1枚移動
山札:64枚
P-00000004:6枚 P-00000002:6枚 P-00000003:5枚 P-00000001:4枚 
私はP-00000001です
Receive next-player event.
res_data: 
{
    'next_player': 'P-00000001',
    'before_player': 'P-00000003',
    'card_before': {'color': 'red', 'number': 5},
    'card_of_player': [
        {'color': 'yellow', 'number': 4},
        {'color': 'blue', 'number': 5},
        {'color': 'blue', 'special': 'draw_2'},
        {'color': 'blue', 'number': 7}
    ],
    'must_call_draw_card': False,
    'draw_reason': 'nothing',
    'turn_right': True,
    'number_card_play': 25,
    'number_turn_play': 37,
    'number_card_of_player': {
        'P-00000004': 6,
        'P-00000002': 6,
        'P-00000003': 5,
        'P-00000001': 4
    }
}
---枚数照合---
誰？： P-00000004
dealerから送られてきたカード枚数: 6
game_statusで記録していたカード枚数: 6
正しいか: True
---枚数照合---
誰？： P-00000002
dealerから送られてきたカード枚数: 6
game_statusで記録していたカード枚数: 6
正しいか: True
---枚数照合---
誰？： P-00000003
dealerから送られてきたカード枚数: 5
game_statusで記録していたカード枚数: 5
正しいか: True
---枚数照合---
誰？： P-00000001
dealerから送られてきたカード枚数: 4
game_statusで記録していたカード枚数: 4
正しいか: True
出せるのは(offensive)
[{'color': 'blue', 'number': 5}]
selected card: blue 5
Send play-card event.
req_data: 
{'card_play': {'color': 'blue', 'number': 5}, 'yell_uno': False}
今のは{'card_counts': 3, 'card': {'color': 'blue', 'number': 5}}
その前は{'card_counts': 2, 'card': {'color': 'red', 'special': 'draw_2'}}
---場にカードを出した---
プレイヤー: P-00000001
カード: {'color': 'blue', 'number': 5}
山札の枚数: 64
場の枚数: 26
P-00000004の枚数: 6
P-00000002の枚数: 6
P-00000003の枚数: 5
P-00000001の枚数: 3
カード合計: 110
CHECK: False
最後に記録されたカード: {'color': 'blue', 'number': 5}
Receive play-card event.
res_data: 
{
    'card_play': {'color': 'blue', 'number': 5},
    'yell_uno': False,
    'player': 'P-00000001'
}
Send play-card event.
res_data: 
{'card_play': {'color': 'blue', 'number': 5}, 'yell_uno': False}
Receive draw-card event.
res_data: 
{'player': 'P-00000004', 'is_draw': True}
---P-00000004がカードを引きます---
引く理由: 場に出すカードがない(再行動可能)
---更新前---
山札:64枚
P-00000004:6枚 P-00000002:6枚 P-00000003:5枚 P-00000001:3枚 
25枚以下制約あり
---更新後---
山札からP-00000004へ1枚移動
山札:63枚
P-00000004:7枚 P-00000002:6枚 P-00000003:5枚 P-00000001:3枚 
私以外だよ
場札または手札にないのは
カードステータス: {'blue': {'0': 1, '1': 2, '2': 2, '3': 1, '4': 2, '5': 1, '6': 2, '7': 1, '8': 2, '9': 2, 'draw_2': 1, 'skip': 2, 'reverse': 2}, 'green': {'0': 0, '1': 2, '2': 2, '3': 2, '4': 2, '5': 2, '6': 2, '7': 1, '8': 2, '9': 1, 'draw_2': 2, 'skip': 1, 'reverse': 1}, 'red': {'0': 0, '1': 1, '2': 2, '3': 0, '4': 2, '5': 0, '6': 2, '7': 1, '8': 2, '9': 2, 'draw_2': 1, 'skip': 2, 'reverse': 1}, 'yellow': {'0': 1, '1': 2, '2': 2, '3': 1, '4': 0, '5': 1, '6': 1, '7': 1, '8': 2, '9': 0, 'draw_2': 2, 'skip': 1, 'reverse': 2}, 'black': {'wild': 4, 'wild_draw_4': 4, 'wild_shuffle': 1}, 'white': {'white_wild': 1}}
今のは{'card_counts': 5, 'card': {'color': 'blue', 'number': 3}}
その前は{'card_counts': 6, 'card': {'color': 'red', 'number': 5}}
---場にカードを出した---
プレイヤー: P-00000002
カード: {'color': 'blue', 'number': 3}
山札の枚数: 63
場の枚数: 27
P-00000004の枚数: 7
P-00000002の枚数: 5
P-00000003の枚数: 5
P-00000001の枚数: 3
カード合計: 110
CHECK: False
最後に記録されたカード: {'color': 'blue', 'number': 3}
Receive play-card event.
res_data: 
{
    'card_play': {'color': 'blue', 'number': 3},
    'yell_uno': False,
    'player': 'P-00000002'
}
私以外だよ
場札または手札にないのは
カードステータス: {'blue': {'0': 1, '1': 1, '2': 2, '3': 1, '4': 2, '5': 1, '6': 2, '7': 1, '8': 2, '9': 2, 'draw_2': 1, 'skip': 2, 'reverse': 2}, 'green': {'0': 0, '1': 2, '2': 2, '3': 2, '4': 2, '5': 2, '6': 2, '7': 1, '8': 2, '9': 1, 'draw_2': 2, 'skip': 1, 'reverse': 1}, 'red': {'0': 0, '1': 1, '2': 2, '3': 0, '4': 2, '5': 0, '6': 2, '7': 1, '8': 2, '9': 2, 'draw_2': 1, 'skip': 2, 'reverse': 1}, 'yellow': {'0': 1, '1': 2, '2': 2, '3': 1, '4': 0, '5': 1, '6': 1, '7': 1, '8': 2, '9': 0, 'draw_2': 2, 'skip': 1, 'reverse': 2}, 'black': {'wild': 4, 'wild_draw_4': 4, 'wild_shuffle': 1}, 'white': {'white_wild': 1}}
今のは{'card_counts': 4, 'card': {'color': 'blue', 'number': 1}}
その前は{'card_counts': 3, 'card': {'color': 'white', 'special': 'white_wild'}}
---場にカードを出した---
プレイヤー: P-00000003
カード: {'color': 'blue', 'number': 1}
山札の枚数: 63
場の枚数: 28
P-00000004の枚数: 7
P-00000002の枚数: 5
P-00000003の枚数: 4
P-00000001の枚数: 3
カード合計: 110
CHECK: False
最後に記録されたカード: {'color': 'blue', 'number': 1}
Receive play-card event.
res_data: 
{
    'card_play': {'color': 'blue', 'number': 1},
    'yell_uno': False,
    'player': 'P-00000003'
}
私はP-00000001です
Receive next-player event.
res_data: 
{
    'next_player': 'P-00000001',
    'before_player': 'P-00000003',
    'card_before': {'color': 'blue', 'number': 1},
    'card_of_player': [
        {'color': 'yellow', 'number': 4},
        {'color': 'blue', 'special': 'draw_2'},
        {'color': 'blue', 'number': 7}
    ],
    'must_call_draw_card': False,
    'draw_reason': 'nothing',
    'turn_right': True,
    'number_card_play': 28,
    'number_turn_play': 41,
    'number_card_of_player': {
        'P-00000004': 7,
        'P-00000002': 5,
        'P-00000003': 4,
        'P-00000001': 3
    }
}
---枚数照合---
誰？： P-00000004
dealerから送られてきたカード枚数: 7
game_statusで記録していたカード枚数: 7
正しいか: True
---枚数照合---
誰？： P-00000002
dealerから送られてきたカード枚数: 5
game_statusで記録していたカード枚数: 5
正しいか: True
---枚数照合---
誰？： P-00000003
dealerから送られてきたカード枚数: 4
game_statusで記録していたカード枚数: 4
正しいか: True
---枚数照合---
誰？： P-00000001
dealerから送られてきたカード枚数: 3
game_statusで記録していたカード枚数: 3
正しいか: True
出せるのは(offensive)
[{'color': 'blue', 'special': 'draw_2'}, {'color': 'blue', 'number': 7}]
selected card: blue draw_2
Send play-card event.
req_data: 
{'card_play': {'color': 'blue', 'special': 'draw_2'}, 'yell_uno': False}
今のは{'card_counts': 2, 'card': {'color': 'blue', 'special': 'draw_2'}}
その前は{'card_counts': 3, 'card': {'color': 'blue', 'number': 5}}
---場にカードを出した---
プレイヤー: P-00000001
カード: {'color': 'blue', 'special': 'draw_2'}
山札の枚数: 63
場の枚数: 29
P-00000004の枚数: 7
P-00000002の枚数: 5
P-00000003の枚数: 4
P-00000001の枚数: 2
カード合計: 110
CHECK: False
最後に記録されたカード: {'color': 'blue', 'special': 'draw_2'}
Receive play-card event.
res_data: 
{
    'card_play': {'color': 'blue', 'special': 'draw_2'},
    'yell_uno': False,
    'player': 'P-00000001'
}
Send play-card event.
res_data: 
{'card_play': {'color': 'blue', 'special': 'draw_2'}, 'yell_uno': False}
Receive draw-card event.
res_data: 
{'player': 'P-00000004', 'is_draw': True}
---P-00000004がカードを引きます---
引く理由: draw_2
---更新前---
山札:63枚
P-00000004:7枚 P-00000002:5枚 P-00000003:4枚 P-00000001:2枚 
---更新後---
山札からP-00000004へ2枚移動
山札:61枚
P-00000004:9枚 P-00000002:5枚 P-00000003:4枚 P-00000001:2枚 
私以外だよ
場札または手札にないのは
カードステータス: {'blue': {'0': 1, '1': 1, '2': 2, '3': 1, '4': 1, '5': 1, '6': 2, '7': 1, '8': 2, '9': 2, 'draw_2': 1, 'skip': 2, 'reverse': 2}, 'green': {'0': 0, '1': 2, '2': 2, '3': 2, '4': 2, '5': 2, '6': 2, '7': 1, '8': 2, '9': 1, 'draw_2': 2, 'skip': 1, 'reverse': 1}, 'red': {'0': 0, '1': 1, '2': 2, '3': 0, '4': 2, '5': 0, '6': 2, '7': 1, '8': 2, '9': 2, 'draw_2': 1, 'skip': 2, 'reverse': 1}, 'yellow': {'0': 1, '1': 2, '2': 2, '3': 1, '4': 0, '5': 1, '6': 1, '7': 1, '8': 2, '9': 0, 'draw_2': 2, 'skip': 1, 'reverse': 2}, 'black': {'wild': 4, 'wild_draw_4': 4, 'wild_shuffle': 1}, 'white': {'white_wild': 1}}
今のは{'card_counts': 4, 'card': {'color': 'blue', 'number': 4}}
その前は{'card_counts': 5, 'card': {'color': 'blue', 'number': 3}}
---場にカードを出した---
プレイヤー: P-00000002
カード: {'color': 'blue', 'number': 4}
山札の枚数: 61
場の枚数: 30
P-00000004の枚数: 9
P-00000002の枚数: 4
P-00000003の枚数: 4
P-00000001の枚数: 2
カード合計: 110
CHECK: False
最後に記録されたカード: {'color': 'blue', 'number': 4}
Receive play-card event.
res_data: 
{
    'card_play': {'color': 'blue', 'number': 4},
    'yell_uno': False,
    'player': 'P-00000002'
}
私以外だよ
場札または手札にないのは
カードステータス: {'blue': {'0': 1, '1': 1, '2': 2, '3': 1, '4': 1, '5': 1, '6': 1, '7': 1, '8': 2, '9': 2, 'draw_2': 1, 'skip': 2, 'reverse': 2}, 'green': {'0': 0, '1': 2, '2': 2, '3': 2, '4': 2, '5': 2, '6': 2, '7': 1, '8': 2, '9': 1, 'draw_2': 2, 'skip': 1, 'reverse': 1}, 'red': {'0': 0, '1': 1, '2': 2, '3': 0, '4': 2, '5': 0, '6': 2, '7': 1, '8': 2, '9': 2, 'draw_2': 1, 'skip': 2, 'reverse': 1}, 'yellow': {'0': 1, '1': 2, '2': 2, '3': 1, '4': 0, '5': 1, '6': 1, '7': 1, '8': 2, '9': 0, 'draw_2': 2, 'skip': 1, 'reverse': 2}, 'black': {'wild': 4, 'wild_draw_4': 4, 'wild_shuffle': 1}, 'white': {'white_wild': 1}}
今のは{'card_counts': 3, 'card': {'color': 'blue', 'number': 6}}
その前は{'card_counts': 4, 'card': {'color': 'blue', 'number': 1}}
---場にカードを出した---
プレイヤー: P-00000003
カード: {'color': 'blue', 'number': 6}
山札の枚数: 61
場の枚数: 31
P-00000004の枚数: 9
P-00000002の枚数: 4
P-00000003の枚数: 3
P-00000001の枚数: 2
カード合計: 110
CHECK: False
最後に記録されたカード: {'color': 'blue', 'number': 6}
Receive play-card event.
res_data: 
{
    'card_play': {'color': 'blue', 'number': 6},
    'yell_uno': False,
    'player': 'P-00000003'
}
私はP-00000001です
Receive next-player event.
res_data: 
{
    'next_player': 'P-00000001',
    'before_player': 'P-00000003',
    'card_before': {'color': 'blue', 'number': 6},
    'card_of_player': [
        {'color': 'yellow', 'number': 4},
        {'color': 'blue', 'number': 7}
    ],
    'must_call_draw_card': False,
    'draw_reason': 'nothing',
    'turn_right': True,
    'number_card_play': 31,
    'number_turn_play': 45,
    'number_card_of_player': {
        'P-00000004': 9,
        'P-00000002': 4,
        'P-00000003': 3,
        'P-00000001': 2
    }
}
---枚数照合---
誰？： P-00000004
dealerから送られてきたカード枚数: 9
game_statusで記録していたカード枚数: 9
正しいか: True
---枚数照合---
誰？： P-00000002
dealerから送られてきたカード枚数: 4
game_statusで記録していたカード枚数: 4
正しいか: True
---枚数照合---
誰？： P-00000003
dealerから送られてきたカード枚数: 3
game_statusで記録していたカード枚数: 3
正しいか: True
---枚数照合---
誰？： P-00000001
dealerから送られてきたカード枚数: 2
game_statusで記録していたカード枚数: 2
正しいか: True
出せるのは(offensive)
[{'color': 'blue', 'number': 7}]
selected card: blue 7
Send play-card event.
req_data: 
{'card_play': {'color': 'blue', 'number': 7}, 'yell_uno': True}
今のは{'card_counts': 1, 'card': {'color': 'blue', 'number': 7}}
その前は{'card_counts': 2, 'card': {'color': 'blue', 'special': 'draw_2'}}
---場にカードを出した---
プレイヤー: P-00000001
カード: {'color': 'blue', 'number': 7}
山札の枚数: 61
場の枚数: 32
P-00000004の枚数: 9
P-00000002の枚数: 4
P-00000003の枚数: 3
P-00000001の枚数: 1
カード合計: 110
CHECK: False
最後に記録されたカード: {'color': 'blue', 'number': 7}
Receive play-card event.
res_data: 
{
    'card_play': {'color': 'blue', 'number': 7},
    'yell_uno': True,
    'player': 'P-00000001'
}
Send play-card event.
res_data: 
{'card_play': {'color': 'blue', 'number': 7}, 'yell_uno': True}
私以外だよ
場札または手札にないのは
カードステータス: {'blue': {'0': 1, '1': 1, '2': 2, '3': 1, '4': 1, '5': 1, '6': 1, '7': 1, '8': 2, '9': 2, 'draw_2': 1, 'skip': 1, 'reverse': 2}, 'green': {'0': 0, '1': 2, '2': 2, '3': 2, '4': 2, '5': 2, '6': 2, '7': 1, '8': 2, '9': 1, 'draw_2': 2, 'skip': 1, 'reverse': 1}, 'red': {'0': 0, '1': 1, '2': 2, '3': 0, '4': 2, '5': 0, '6': 2, '7': 1, '8': 2, '9': 2, 'draw_2': 1, 'skip': 2, 'reverse': 1}, 'yellow': {'0': 1, '1': 2, '2': 2, '3': 1, '4': 0, '5': 1, '6': 1, '7': 1, '8': 2, '9': 0, 'draw_2': 2, 'skip': 1, 'reverse': 2}, 'black': {'wild': 4, 'wild_draw_4': 4, 'wild_shuffle': 1}, 'white': {'white_wild': 1}}
今のは{'card_counts': 8, 'card': {'color': 'blue', 'special': 'skip'}}
その前は{'card_counts': 2, 'card': {'color': 'red', 'special': 'reverse'}}
---場にカードを出した---
プレイヤー: P-00000004
カード: {'color': 'blue', 'special': 'skip'}
山札の枚数: 61
場の枚数: 33
P-00000004の枚数: 8
P-00000002の枚数: 4
P-00000003の枚数: 3
P-00000001の枚数: 1
カード合計: 110
CHECK: False
最後に記録されたカード: {'color': 'blue', 'special': 'skip'}
Receive play-card event.
res_data: 
{
    'card_play': {'color': 'blue', 'special': 'skip'},
    'yell_uno': False,
    'player': 'P-00000004'
}
私以外だよ
場札または手札にないのは
カードステータス: {'blue': {'0': 1, '1': 1, '2': 2, '3': 1, '4': 1, '5': 1, '6': 1, '7': 1, '8': 2, '9': 2, 'draw_2': 0, 'skip': 1, 'reverse': 2}, 'green': {'0': 0, '1': 2, '2': 2, '3': 2, '4': 2, '5': 2, '6': 2, '7': 1, '8': 2, '9': 1, 'draw_2': 2, 'skip': 1, 'reverse': 1}, 'red': {'0': 0, '1': 1, '2': 2, '3': 0, '4': 2, '5': 0, '6': 2, '7': 1, '8': 2, '9': 2, 'draw_2': 1, 'skip': 2, 'reverse': 1}, 'yellow': {'0': 1, '1': 2, '2': 2, '3': 1, '4': 0, '5': 1, '6': 1, '7': 1, '8': 2, '9': 0, 'draw_2': 2, 'skip': 1, 'reverse': 2}, 'black': {'wild': 4, 'wild_draw_4': 4, 'wild_shuffle': 1}, 'white': {'white_wild': 1}}
今のは{'card_counts': 2, 'card': {'color': 'blue', 'special': 'draw_2'}}
その前は{'card_counts': 3, 'card': {'color': 'blue', 'number': 6}}
---場にカードを出した---
プレイヤー: P-00000003
カード: {'color': 'blue', 'special': 'draw_2'}
山札の枚数: 61
場の枚数: 34
P-00000004の枚数: 8
P-00000002の枚数: 4
P-00000003の枚数: 2
P-00000001の枚数: 1
カード合計: 110
CHECK: False
最後に記録されたカード: {'color': 'blue', 'special': 'draw_2'}
Receive play-card event.
res_data: 
{
    'card_play': {'color': 'blue', 'special': 'draw_2'},
    'yell_uno': False,
    'player': 'P-00000003'
}
私はP-00000001です
Receive next-player event.
res_data: 
{
    'next_player': 'P-00000001',
    'before_player': 'P-00000003',
    'card_before': {'color': 'blue', 'special': 'draw_2'},
    'card_of_player': [{'color': 'yellow', 'number': 4}],
    'must_call_draw_card': True,
    'draw_reason': 'draw_2',
    'turn_right': True,
    'number_card_play': 34,
    'number_turn_play': 48,
    'number_card_of_player': {
        'P-00000004': 8,
        'P-00000002': 4,
        'P-00000003': 2,
        'P-00000001': 1
    }
}
---枚数照合---
誰？： P-00000004
dealerから送られてきたカード枚数: 8
game_statusで記録していたカード枚数: 8
正しいか: True
---枚数照合---
誰？： P-00000002
dealerから送られてきたカード枚数: 4
game_statusで記録していたカード枚数: 4
正しいか: True
---枚数照合---
誰？： P-00000003
dealerから送られてきたカード枚数: 2
game_statusで記録していたカード枚数: 2
正しいか: True
---枚数照合---
誰？： P-00000001
dealerから送られてきたカード枚数: 1
game_statusで記録していたカード枚数: 1
正しいか: True
Send draw-card event.
req_data: 
{}
場札または手札にないのは
カードステータス: {'blue': {'0': 1, '1': 1, '2': 2, '3': 1, '4': 0, '5': 1, '6': 1, '7': 1, '8': 2, '9': 2, 'draw_2': 0, 'skip': 1, 'reverse': 2}, 'green': {'0': 0, '1': 1, '2': 2, '3': 2, '4': 2, '5': 2, '6': 2, '7': 1, '8': 2, '9': 1, 'draw_2': 2, 'skip': 1, 'reverse': 1}, 'red': {'0': 0, '1': 1, '2': 2, '3': 0, '4': 2, '5': 0, '6': 2, '7': 1, '8': 2, '9': 2, 'draw_2': 1, 'skip': 2, 'reverse': 1}, 'yellow': {'0': 1, '1': 2, '2': 2, '3': 1, '4': 0, '5': 1, '6': 1, '7': 1, '8': 2, '9': 0, 'draw_2': 2, 'skip': 1, 'reverse': 2}, 'black': {'wild': 4, 'wild_draw_4': 4, 'wild_shuffle': 1}, 'white': {'white_wild': 1}}
私の手札は
[
    {'color': 'yellow', 'number': 4},
    {'color': 'green', 'number': 1},
    {'color': 'blue', 'number': 4}
]
Receive receiver-card event.
res_data: 
{
    'cards_receive': [
        {'color': 'green', 'number': 1},
        {'color': 'blue', 'number': 4}
    ],
    'is_penalty': False
}
Receive draw-card event.
Send draw-card event.
res_data: 
{
    'player': 'P-00000001',
    'is_draw': True,
    'can_play_draw_card': False,
    'draw_card': [
        {'color': 'green', 'number': 1},
        {'color': 'blue', 'number': 4}
    ]
}
res_data: 
{'player': 'P-00000001', 'is_draw': True}
---P-00000001がカードを引きます---
引く理由: draw_2
---更新前---
山札:61枚
P-00000004:8枚 P-00000002:4枚 P-00000003:2枚 P-00000001:1枚 
---更新後---
山札からP-00000001へ2枚移動
山札:59枚
P-00000004:8枚 P-00000002:4枚 P-00000003:2枚 P-00000001:3枚 
私以外だよ
場札または手札にないのは
カードステータス: {'blue': {'0': 1, '1': 1, '2': 1, '3': 1, '4': 0, '5': 1, '6': 1, '7': 1, '8': 2, '9': 2, 'draw_2': 0, 'skip': 1, 'reverse': 2}, 'green': {'0': 0, '1': 1, '2': 2, '3': 2, '4': 2, '5': 2, '6': 2, '7': 1, '8': 2, '9': 1, 'draw_2': 2, 'skip': 1, 'reverse': 1}, 'red': {'0': 0, '1': 1, '2': 2, '3': 0, '4': 2, '5': 0, '6': 2, '7': 1, '8': 2, '9': 2, 'draw_2': 1, 'skip': 2, 'reverse': 1}, 'yellow': {'0': 1, '1': 2, '2': 2, '3': 1, '4': 0, '5': 1, '6': 1, '7': 1, '8': 2, '9': 0, 'draw_2': 2, 'skip': 1, 'reverse': 2}, 'black': {'wild': 4, 'wild_draw_4': 4, 'wild_shuffle': 1}, 'white': {'white_wild': 1}}
今のは{'card_counts': 7, 'card': {'color': 'blue', 'number': 2}}
その前は{'card_counts': 8, 'card': {'color': 'blue', 'special': 'skip'}}
---場にカードを出した---
プレイヤー: P-00000004
カード: {'color': 'blue', 'number': 2}
山札の枚数: 59
場の枚数: 35
P-00000004の枚数: 7
P-00000002の枚数: 4
P-00000003の枚数: 2
P-00000001の枚数: 3
カード合計: 110
CHECK: False
最後に記録されたカード: {'color': 'blue', 'number': 2}
Receive play-card event.
res_data: 
{
    'card_play': {'color': 'blue', 'number': 2},
    'yell_uno': False,
    'player': 'P-00000004'
}
私以外だよ
場札または手札にないのは
カードステータス: {'blue': {'0': 1, '1': 1, '2': 1, '3': 1, '4': 0, '5': 1, '6': 1, '7': 0, '8': 2, '9': 2, 'draw_2': 0, 'skip': 1, 'reverse': 2}, 'green': {'0': 0, '1': 1, '2': 2, '3': 2, '4': 2, '5': 2, '6': 2, '7': 1, '8': 2, '9': 1, 'draw_2': 2, 'skip': 1, 'reverse': 1}, 'red': {'0': 0, '1': 1, '2': 2, '3': 0, '4': 2, '5': 0, '6': 2, '7': 1, '8': 2, '9': 2, 'draw_2': 1, 'skip': 2, 'reverse': 1}, 'yellow': {'0': 1, '1': 2, '2': 2, '3': 1, '4': 0, '5': 1, '6': 1, '7': 1, '8': 2, '9': 0, 'draw_2': 2, 'skip': 1, 'reverse': 2}, 'black': {'wild': 4, 'wild_draw_4': 4, 'wild_shuffle': 1}, 'white': {'white_wild': 1}}
今のは{'card_counts': 3, 'card': {'color': 'blue', 'number': 7}}
その前は{'card_counts': 4, 'card': {'color': 'blue', 'number': 4}}
---場にカードを出した---
プレイヤー: P-00000002
カード: {'color': 'blue', 'number': 7}
山札の枚数: 59
場の枚数: 36
P-00000004の枚数: 7
P-00000002の枚数: 3
P-00000003の枚数: 2
P-00000001の枚数: 3
カード合計: 110
CHECK: False
最後に記録されたカード: {'color': 'blue', 'number': 7}
Receive play-card event.
res_data: 
{
    'card_play': {'color': 'blue', 'number': 7},
    'yell_uno': False,
    'player': 'P-00000002'
}
Receive draw-card event.
res_data: 
{'player': 'P-00000003', 'is_draw': True}
---P-00000003がカードを引きます---
引く理由: 場に出すカードがない(再行動可能)
---更新前---
山札:59枚
P-00000004:7枚 P-00000002:3枚 P-00000003:2枚 P-00000001:3枚 
25枚以下制約あり
---更新後---
山札からP-00000003へ1枚移動
山札:58枚
P-00000004:7枚 P-00000002:3枚 P-00000003:3枚 P-00000001:3枚 
私はP-00000001です
Receive next-player event.
res_data: 
{
    'next_player': 'P-00000001',
    'before_player': 'P-00000003',
    'card_before': {'color': 'blue', 'number': 7},
    'card_of_player': [
        {'color': 'yellow', 'number': 4},
        {'color': 'green', 'number': 1},
        {'color': 'blue', 'number': 4}
    ],
    'must_call_draw_card': False,
    'draw_reason': 'nothing',
    'turn_right': True,
    'number_card_play': 36,
    'number_turn_play': 52,
    'number_card_of_player': {
        'P-00000004': 7,
        'P-00000002': 3,
        'P-00000003': 3,
        'P-00000001': 3
    }
}
---枚数照合---
誰？： P-00000004
dealerから送られてきたカード枚数: 7
game_statusで記録していたカード枚数: 7
正しいか: True
---枚数照合---
誰？： P-00000002
dealerから送られてきたカード枚数: 3
game_statusで記録していたカード枚数: 3
正しいか: True
---枚数照合---
誰？： P-00000003
dealerから送られてきたカード枚数: 3
game_statusで記録していたカード枚数: 3
正しいか: True
---枚数照合---
誰？： P-00000001
dealerから送られてきたカード枚数: 3
game_statusで記録していたカード枚数: 3
正しいか: True
出せるのは(offensive)
[{'color': 'blue', 'number': 4}]
selected card: blue 4
Send play-card event.
req_data: 
{'card_play': {'color': 'blue', 'number': 4}, 'yell_uno': False}
今のは{'card_counts': 2, 'card': {'color': 'blue', 'number': 4}}
その前は{'card_counts': 1, 'card': {'color': 'blue', 'number': 7}}
---場にカードを出した---
プレイヤー: P-00000001
カード: {'color': 'blue', 'number': 4}
山札の枚数: 58
場の枚数: 37
P-00000004の枚数: 7
P-00000002の枚数: 3
P-00000003の枚数: 3
P-00000001の枚数: 2
カード合計: 110
CHECK: False
最後に記録されたカード: {'color': 'blue', 'number': 4}
Receive play-card event.
res_data: 
{
    'card_play': {'color': 'blue', 'number': 4},
    'yell_uno': False,
    'player': 'P-00000001'
}
Send play-card event.
res_data: 
{'card_play': {'color': 'blue', 'number': 4}, 'yell_uno': False}
私以外だよ
場札または手札にないのは
カードステータス: {'blue': {'0': 1, '1': 1, '2': 1, '3': 1, '4': 0, '5': 1, '6': 1, '7': 0, '8': 1, '9': 2, 'draw_2': 0, 'skip': 1, 'reverse': 2}, 'green': {'0': 0, '1': 1, '2': 2, '3': 2, '4': 2, '5': 2, '6': 2, '7': 1, '8': 2, '9': 1, 'draw_2': 2, 'skip': 1, 'reverse': 1}, 'red': {'0': 0, '1': 1, '2': 2, '3': 0, '4': 2, '5': 0, '6': 2, '7': 1, '8': 2, '9': 2, 'draw_2': 1, 'skip': 2, 'reverse': 1}, 'yellow': {'0': 1, '1': 2, '2': 2, '3': 1, '4': 0, '5': 1, '6': 1, '7': 1, '8': 2, '9': 0, 'draw_2': 2, 'skip': 1, 'reverse': 2}, 'black': {'wild': 4, 'wild_draw_4': 4, 'wild_shuffle': 1}, 'white': {'white_wild': 1}}
今のは{'card_counts': 6, 'card': {'color': 'blue', 'number': 8}}
その前は{'card_counts': 7, 'card': {'color': 'blue', 'number': 2}}
---場にカードを出した---
プレイヤー: P-00000004
カード: {'color': 'blue', 'number': 8}
山札の枚数: 58
場の枚数: 38
P-00000004の枚数: 6
P-00000002の枚数: 3
P-00000003の枚数: 3
P-00000001の枚数: 2
カード合計: 110
CHECK: False
最後に記録されたカード: {'color': 'blue', 'number': 8}
Receive play-card event.
res_data: 
{
    'card_play': {'color': 'blue', 'number': 8},
    'yell_uno': False,
    'player': 'P-00000004'
}
私以外だよ
場札または手札にないのは
カードステータス: {'blue': {'0': 1, '1': 1, '2': 1, '3': 1, '4': 0, '5': 1, '6': 1, '7': 0, '8': 0, '9': 2, 'draw_2': 0, 'skip': 1, 'reverse': 2}, 'green': {'0': 0, '1': 1, '2': 2, '3': 2, '4': 2, '5': 2, '6': 2, '7': 1, '8': 2, '9': 1, 'draw_2': 2, 'skip': 1, 'reverse': 1}, 'red': {'0': 0, '1': 1, '2': 2, '3': 0, '4': 2, '5': 0, '6': 2, '7': 1, '8': 2, '9': 2, 'draw_2': 1, 'skip': 2, 'reverse': 1}, 'yellow': {'0': 1, '1': 2, '2': 2, '3': 1, '4': 0, '5': 1, '6': 1, '7': 1, '8': 2, '9': 0, 'draw_2': 2, 'skip': 1, 'reverse': 2}, 'black': {'wild': 4, 'wild_draw_4': 4, 'wild_shuffle': 1}, 'white': {'white_wild': 1}}
今のは{'card_counts': 2, 'card': {'color': 'blue', 'number': 8}}
その前は{'card_counts': 3, 'card': {'color': 'blue', 'number': 7}}
---場にカードを出した---
プレイヤー: P-00000002
カード: {'color': 'blue', 'number': 8}
山札の枚数: 58
場の枚数: 39
P-00000004の枚数: 6
P-00000002の枚数: 2
P-00000003の枚数: 3
P-00000001の枚数: 2
カード合計: 110
CHECK: False
最後に記録されたカード: {'color': 'blue', 'number': 8}
Receive play-card event.
res_data: 
{
    'card_play': {'color': 'blue', 'number': 8},
    'yell_uno': False,
    'player': 'P-00000002'
}
私以外だよ
場札または手札にないのは
カードステータス: {'blue': {'0': 1, '1': 1, '2': 1, '3': 1, '4': 0, '5': 1, '6': 1, '7': 0, '8': 0, '9': 2, 'draw_2': 0, 'skip': 1, 'reverse': 2}, 'green': {'0': 0, '1': 1, '2': 2, '3': 2, '4': 2, '5': 2, '6': 2, '7': 1, '8': 1, '9': 1, 'draw_2': 2, 'skip': 1, 'reverse': 1}, 'red': {'0': 0, '1': 1, '2': 2, '3': 0, '4': 2, '5': 0, '6': 2, '7': 1, '8': 2, '9': 2, 'draw_2': 1, 'skip': 2, 'reverse': 1}, 'yellow': {'0': 1, '1': 2, '2': 2, '3': 1, '4': 0, '5': 1, '6': 1, '7': 1, '8': 2, '9': 0, 'draw_2': 2, 'skip': 1, 'reverse': 2}, 'black': {'wild': 4, 'wild_draw_4': 4, 'wild_shuffle': 1}, 'white': {'white_wild': 1}}
今のは{'card_counts': 2, 'card': {'color': 'green', 'number': 8}}
その前は{'card_counts': 2, 'card': {'color': 'blue', 'special': 'draw_2'}}
---場にカードを出した---
プレイヤー: P-00000003
カード: {'color': 'green', 'number': 8}
山札の枚数: 58
場の枚数: 40
P-00000004の枚数: 6
P-00000002の枚数: 2
P-00000003の枚数: 2
P-00000001の枚数: 2
カード合計: 110
CHECK: False
最後に記録されたカード: {'color': 'green', 'number': 8}
Receive play-card event.
res_data: 
{
    'card_play': {'color': 'green', 'number': 8},
    'yell_uno': False,
    'player': 'P-00000003'
}
私はP-00000001です
Receive next-player event.
res_data: 
{
    'next_player': 'P-00000001',
    'before_player': 'P-00000003',
    'card_before': {'color': 'green', 'number': 8},
    'card_of_player': [
        {'color': 'yellow', 'number': 4},
        {'color': 'green', 'number': 1}
    ],
    'must_call_draw_card': False,
    'draw_reason': 'nothing',
    'turn_right': True,
    'number_card_play': 40,
    'number_turn_play': 56,
    'number_card_of_player': {
        'P-00000004': 6,
        'P-00000002': 2,
        'P-00000003': 2,
        'P-00000001': 2
    }
}
---枚数照合---
誰？： P-00000004
dealerから送られてきたカード枚数: 6
game_statusで記録していたカード枚数: 6
正しいか: True
---枚数照合---
誰？： P-00000002
dealerから送られてきたカード枚数: 2
game_statusで記録していたカード枚数: 2
正しいか: True
---枚数照合---
誰？： P-00000003
dealerから送られてきたカード枚数: 2
game_statusで記録していたカード枚数: 2
正しいか: True
---枚数照合---
誰？： P-00000001
dealerから送られてきたカード枚数: 2
game_statusで記録していたカード枚数: 2
正しいか: True
出せるのは(offensive)
[{'color': 'green', 'number': 1}]
selected card: green 1
Send play-card event.
req_data: 
{'card_play': {'color': 'green', 'number': 1}, 'yell_uno': True}
今のは{'card_counts': 1, 'card': {'color': 'green', 'number': 1}}
その前は{'card_counts': 2, 'card': {'color': 'blue', 'number': 4}}
---場にカードを出した---
プレイヤー: P-00000001
カード: {'color': 'green', 'number': 1}
山札の枚数: 58
場の枚数: 41
P-00000004の枚数: 6
P-00000002の枚数: 2
P-00000003の枚数: 2
P-00000001の枚数: 1
カード合計: 110
CHECK: False
最後に記録されたカード: {'color': 'green', 'number': 1}
Receive play-card event.
res_data: 
{
    'card_play': {'color': 'green', 'number': 1},
    'yell_uno': True,
    'player': 'P-00000001'
}
Send play-card event.
res_data: 
{'card_play': {'color': 'green', 'number': 1}, 'yell_uno': True}
私以外だよ
場札または手札にないのは
カードステータス: {'blue': {'0': 1, '1': 1, '2': 1, '3': 1, '4': 0, '5': 1, '6': 1, '7': 0, '8': 0, '9': 2, 'draw_2': 0, 'skip': 1, 'reverse': 2}, 'green': {'0': 0, '1': 1, '2': 2, '3': 1, '4': 2, '5': 2, '6': 2, '7': 1, '8': 1, '9': 1, 'draw_2': 2, 'skip': 1, 'reverse': 1}, 'red': {'0': 0, '1': 1, '2': 2, '3': 0, '4': 2, '5': 0, '6': 2, '7': 1, '8': 2, '9': 2, 'draw_2': 1, 'skip': 2, 'reverse': 1}, 'yellow': {'0': 1, '1': 2, '2': 2, '3': 1, '4': 0, '5': 1, '6': 1, '7': 1, '8': 2, '9': 0, 'draw_2': 2, 'skip': 1, 'reverse': 2}, 'black': {'wild': 4, 'wild_draw_4': 4, 'wild_shuffle': 1}, 'white': {'white_wild': 1}}
今のは{'card_counts': 5, 'card': {'color': 'green', 'number': 3}}
その前は{'card_counts': 6, 'card': {'color': 'blue', 'number': 8}}
---場にカードを出した---
プレイヤー: P-00000004
カード: {'color': 'green', 'number': 3}
山札の枚数: 58
場の枚数: 42
P-00000004の枚数: 5
P-00000002の枚数: 2
P-00000003の枚数: 2
P-00000001の枚数: 1
カード合計: 110
CHECK: False
最後に記録されたカード: {'color': 'green', 'number': 3}
Receive play-card event.
res_data: 
{
    'card_play': {'color': 'green', 'number': 3},
    'yell_uno': False,
    'player': 'P-00000004'
}
私以外だよ
場札または手札にないのは
カードステータス: {'blue': {'0': 1, '1': 1, '2': 1, '3': 1, '4': 0, '5': 1, '6': 1, '7': 0, '8': 0, '9': 2, 'draw_2': 0, 'skip': 1, 'reverse': 2}, 'green': {'0': 0, '1': 1, '2': 2, '3': 1, '4': 2, '5': 2, '6': 1, '7': 1, '8': 1, '9': 1, 'draw_2': 2, 'skip': 1, 'reverse': 1}, 'red': {'0': 0, '1': 1, '2': 2, '3': 0, '4': 2, '5': 0, '6': 2, '7': 1, '8': 2, '9': 2, 'draw_2': 1, 'skip': 2, 'reverse': 1}, 'yellow': {'0': 1, '1': 2, '2': 2, '3': 1, '4': 0, '5': 1, '6': 1, '7': 1, '8': 2, '9': 0, 'draw_2': 2, 'skip': 1, 'reverse': 2}, 'black': {'wild': 4, 'wild_draw_4': 4, 'wild_shuffle': 1}, 'white': {'white_wild': 1}}
今のは{'card_counts': 1, 'card': {'color': 'green', 'number': 6}}
その前は{'card_counts': 2, 'card': {'color': 'blue', 'number': 8}}
---場にカードを出した---
プレイヤー: P-00000002
カード: {'color': 'green', 'number': 6}
山札の枚数: 58
場の枚数: 43
P-00000004の枚数: 5
P-00000002の枚数: 1
P-00000003の枚数: 2
P-00000001の枚数: 1
カード合計: 110
CHECK: False
最後に記録されたカード: {'color': 'green', 'number': 6}
Receive play-card event.
res_data: 
{
    'card_play': {'color': 'green', 'number': 6},
    'yell_uno': True,
    'player': 'P-00000002'
}
P-00000002がUNOしました
私以外だよ
場札または手札にないのは
カードステータス: {'blue': {'0': 1, '1': 1, '2': 1, '3': 1, '4': 0, '5': 1, '6': 1, '7': 0, '8': 0, '9': 2, 'draw_2': 0, 'skip': 1, 'reverse': 2}, 'green': {'0': 0, '1': 1, '2': 2, '3': 1, '4': 2, '5': 1, '6': 1, '7': 1, '8': 1, '9': 1, 'draw_2': 2, 'skip': 1, 'reverse': 1}, 'red': {'0': 0, '1': 1, '2': 2, '3': 0, '4': 2, '5': 0, '6': 2, '7': 1, '8': 2, '9': 2, 'draw_2': 1, 'skip': 2, 'reverse': 1}, 'yellow': {'0': 1, '1': 2, '2': 2, '3': 1, '4': 0, '5': 1, '6': 1, '7': 1, '8': 2, '9': 0, 'draw_2': 2, 'skip': 1, 'reverse': 2}, 'black': {'wild': 4, 'wild_draw_4': 4, 'wild_shuffle': 1}, 'white': {'white_wild': 1}}
今のは{'card_counts': 1, 'card': {'color': 'green', 'number': 5}}
その前は{'card_counts': 2, 'card': {'color': 'green', 'number': 8}}
---場にカードを出した---
プレイヤー: P-00000003
カード: {'color': 'green', 'number': 5}
山札の枚数: 58
場の枚数: 44
P-00000004の枚数: 5
P-00000002の枚数: 1
P-00000003の枚数: 1
P-00000001の枚数: 1
カード合計: 110
CHECK: False
最後に記録されたカード: {'color': 'green', 'number': 5}
Receive play-card event.
res_data: 
{
    'card_play': {'color': 'green', 'number': 5},
    'yell_uno': True,
    'player': 'P-00000003'
}
P-00000003がUNOしました
私はP-00000001です
Receive next-player event.
res_data: 
{
    'next_player': 'P-00000001',
    'before_player': 'P-00000003',
    'card_before': {'color': 'green', 'number': 5},
    'card_of_player': [{'color': 'yellow', 'number': 4}],
    'must_call_draw_card': False,
    'draw_reason': 'nothing',
    'turn_right': True,
    'number_card_play': 44,
    'number_turn_play': 60,
    'number_card_of_player': {
        'P-00000004': 5,
        'P-00000002': 1,
        'P-00000003': 1,
        'P-00000001': 1
    }
}
---枚数照合---
誰？： P-00000004
dealerから送られてきたカード枚数: 5
game_statusで記録していたカード枚数: 5
正しいか: True
---枚数照合---
誰？： P-00000002
dealerから送られてきたカード枚数: 1
game_statusで記録していたカード枚数: 1
正しいか: True
---枚数照合---
誰？： P-00000003
dealerから送られてきたカード枚数: 1
game_statusで記録していたカード枚数: 1
正しいか: True
---枚数照合---
誰？： P-00000001
dealerから送られてきたカード枚数: 1
game_statusで記録していたカード枚数: 1
正しいか: True
Send special-logic event.
req_data: 
{'title': '◯◯◯◯◯◯◯◯◯◯◯◯◯◯◯◯◯◯◯◯◯'}
Send draw-card event.
req_data: 
{}
Send special-logic event.
res_data: 
{'title': '◯◯◯◯◯◯◯◯◯◯◯◯◯◯◯◯◯◯◯◯◯'}
場札または手札にないのは
カードステータス: {'blue': {'0': 1, '1': 1, '2': 1, '3': 0, '4': 0, '5': 1, '6': 1, '7': 0, '8': 0, '9': 2, 'draw_2': 0, 'skip': 1, 'reverse': 2}, 'green': {'0': 0, '1': 1, '2': 2, '3': 1, '4': 2, '5': 1, '6': 1, '7': 1, '8': 1, '9': 1, 'draw_2': 2, 'skip': 1, 'reverse': 1}, 'red': {'0': 0, '1': 1, '2': 2, '3': 0, '4': 2, '5': 0, '6': 2, '7': 1, '8': 2, '9': 2, 'draw_2': 1, 'skip': 2, 'reverse': 1}, 'yellow': {'0': 1, '1': 2, '2': 2, '3': 1, '4': 0, '5': 1, '6': 1, '7': 1, '8': 2, '9': 0, 'draw_2': 2, 'skip': 1, 'reverse': 2}, 'black': {'wild': 4, 'wild_draw_4': 4, 'wild_shuffle': 1}, 'white': {'white_wild': 1}}
私の手札は
[{'color': 'yellow', 'number': 4}, {'color': 'blue', 'number': 3}]
Receive receiver-card event.
res_data: 
{'cards_receive': [{'color': 'blue', 'number': 3}], 'is_penalty': False}
Receive draw-card event.
res_data: 
{'player': 'P-00000001', 'is_draw': True}
---P-00000001がカードを引きます---
引く理由: 場に出すカードがない(再行動可能)
---更新前---
山札:58枚
P-00000004:5枚 P-00000002:1枚 P-00000003:1枚 P-00000001:1枚 
25枚以下制約あり
---更新後---
山札からP-00000001へ1枚移動
山札:57枚
P-00000004:5枚 P-00000002:1枚 P-00000003:1枚 P-00000001:2枚 
Send draw-card event.
res_data: 
{
    'player': 'P-00000001',
    'is_draw': True,
    'can_play_draw_card': False,
    'draw_card': [{'color': 'blue', 'number': 3}]
}
私以外だよ
場札または手札にないのは
カードステータス: {'blue': {'0': 1, '1': 1, '2': 1, '3': 0, '4': 0, '5': 1, '6': 1, '7': 0, '8': 0, '9': 2, 'draw_2': 0, 'skip': 1, 'reverse': 2}, 'green': {'0': 0, '1': 1, '2': 2, '3': 1, '4': 2, '5': 0, '6': 1, '7': 1, '8': 1, '9': 1, 'draw_2': 2, 'skip': 1, 'reverse': 1}, 'red': {'0': 0, '1': 1, '2': 2, '3': 0, '4': 2, '5': 0, '6': 2, '7': 1, '8': 2, '9': 2, 'draw_2': 1, 'skip': 2, 'reverse': 1}, 'yellow': {'0': 1, '1': 2, '2': 2, '3': 1, '4': 0, '5': 1, '6': 1, '7': 1, '8': 2, '9': 0, 'draw_2': 2, 'skip': 1, 'reverse': 2}, 'black': {'wild': 4, 'wild_draw_4': 4, 'wild_shuffle': 1}, 'white': {'white_wild': 1}}
今のは{'card_counts': 4, 'card': {'color': 'green', 'number': 5}}
その前は{'card_counts': 5, 'card': {'color': 'green', 'number': 3}}
---場にカードを出した---
プレイヤー: P-00000004
カード: {'color': 'green', 'number': 5}
山札の枚数: 57
場の枚数: 45
P-00000004の枚数: 4
P-00000002の枚数: 1
P-00000003の枚数: 1
P-00000001の枚数: 2
カード合計: 110
CHECK: False
最後に記録されたカード: {'color': 'green', 'number': 5}
Receive play-card event.
res_data: 
{
    'card_play': {'color': 'green', 'number': 5},
    'yell_uno': False,
    'player': 'P-00000004'
}
Receive draw-card event.
res_data: 
{'player': 'P-00000002', 'is_draw': True}
P-00000002がUNO解除しました
---P-00000002がカードを引きます---
引く理由: 場に出すカードがない(再行動可能)
---更新前---
山札:57枚
P-00000004:4枚 P-00000002:1枚 P-00000003:1枚 P-00000001:2枚 
25枚以下制約あり
---更新後---
山札からP-00000002へ1枚移動
山札:56枚
P-00000004:4枚 P-00000002:2枚 P-00000003:1枚 P-00000001:2枚 
Receive draw-card event.
res_data: 
{'player': 'P-00000003', 'is_draw': True}
P-00000003がUNO解除しました
---P-00000003がカードを引きます---
引く理由: 場に出すカードがない(再行動可能)
---更新前---
山札:56枚
P-00000004:4枚 P-00000002:2枚 P-00000003:1枚 P-00000001:2枚 
25枚以下制約あり
---更新後---
山札からP-00000003へ1枚移動
山札:55枚
P-00000004:4枚 P-00000002:2枚 P-00000003:2枚 P-00000001:2枚 
私はP-00000001です
Receive next-player event.
res_data: 
{
    'next_player': 'P-00000001',
    'before_player': 'P-00000003',
    'card_before': {'color': 'green', 'number': 5},
    'card_of_player': [
        {'color': 'yellow', 'number': 4},
        {'color': 'blue', 'number': 3}
    ],
    'must_call_draw_card': False,
    'draw_reason': 'nothing',
    'turn_right': True,
    'number_card_play': 45,
    'number_turn_play': 64,
    'number_card_of_player': {
        'P-00000004': 4,
        'P-00000002': 2,
        'P-00000003': 2,
        'P-00000001': 2
    }
}
---枚数照合---
誰？： P-00000004
dealerから送られてきたカード枚数: 4
game_statusで記録していたカード枚数: 4
正しいか: True
---枚数照合---
誰？： P-00000002
dealerから送られてきたカード枚数: 2
game_statusで記録していたカード枚数: 2
正しいか: True
---枚数照合---
誰？： P-00000003
dealerから送られてきたカード枚数: 2
game_statusで記録していたカード枚数: 2
正しいか: True
---枚数照合---
誰？： P-00000001
dealerから送られてきたカード枚数: 2
game_statusで記録していたカード枚数: 2
正しいか: True
Send special-logic event.
req_data: 
{'title': '◯◯◯◯◯◯◯◯◯◯◯◯◯◯◯◯◯◯◯◯◯'}
Send draw-card event.
req_data: 
{}
場札または手札にないのは
カードステータス: {'blue': {'0': 1, '1': 1, '2': 1, '3': 0, '4': 0, '5': 1, '6': 1, '7': 0, '8': 0, '9': 2, 'draw_2': 0, 'skip': 1, 'reverse': 2}, 'green': {'0': 0, '1': 1, '2': 2, '3': 1, '4': 2, '5': 0, '6': 1, '7': 1, '8': 1, '9': 1, 'draw_2': 2, 'skip': 0, 'reverse': 1}, 'red': {'0': 0, '1': 1, '2': 2, '3': 0, '4': 2, '5': 0, '6': 2, '7': 1, '8': 2, '9': 2, 'draw_2': 1, 'skip': 2, 'reverse': 1}, 'yellow': {'0': 1, '1': 2, '2': 2, '3': 1, '4': 0, '5': 1, '6': 1, '7': 1, '8': 2, '9': 0, 'draw_2': 2, 'skip': 1, 'reverse': 2}, 'black': {'wild': 4, 'wild_draw_4': 4, 'wild_shuffle': 1}, 'white': {'white_wild': 1}}
私の手札は
[
    {'color': 'yellow', 'number': 4},
    {'color': 'blue', 'number': 3},
    {'color': 'green', 'special': 'skip'}
]
Receive receiver-card event.
res_data: 
{'cards_receive': [{'color': 'green', 'special': 'skip'}], 'is_penalty': False}
Receive draw-card event.
res_data: 
{'player': 'P-00000001', 'is_draw': True}
---P-00000001がカードを引きます---
引く理由: 場に出すカードがない(再行動可能)
---更新前---
山札:55枚
P-00000004:4枚 P-00000002:2枚 P-00000003:2枚 P-00000001:2枚 
25枚以下制約あり
---更新後---
山札からP-00000001へ1枚移動
山札:54枚
P-00000004:4枚 P-00000002:2枚 P-00000003:2枚 P-00000001:3枚 
Send draw-card event.
special-logic event failed!
res_data: 
{
    'player': 'P-00000001',
    'is_draw': True,
    'draw_card': [{'color': 'green', 'special': 'skip'}],
    'can_play_draw_card': True
}
{'message': 'Interrupts are restricted.', 'code': 'bad_request', 'status': 400}
Send play-draw-card event.
req_data: 
{'is_play_card': True, 'yell_uno': False}
Receive play-draw-card event.
res_data: 
{
    'is_play_card': True,
    'yell_uno': False,
    'player': 'P-00000001',
    'card_play': {'color': 'green', 'special': 'skip'}
}
今のは{'card_counts': 2, 'card': {'color': 'green', 'special': 'skip'}}
その前は{'card_counts': 1, 'card': {'color': 'green', 'number': 1}}
---場にカードを出した---
プレイヤー: P-00000001
カード: {'color': 'green', 'special': 'skip'}
山札の枚数: 54
場の枚数: 46
P-00000004の枚数: 4
P-00000002の枚数: 2
P-00000003の枚数: 2
P-00000001の枚数: 2
カード合計: 110
CHECK: False
最後に記録されたカード: {'color': 'green', 'special': 'skip'}
Send play-draw-card event.
res_data: 
{'is_play_card': True, 'yell_uno': False}
Receive draw-card event.
res_data: 
{'player': 'P-00000002', 'is_draw': True}
---P-00000002がカードを引きます---
引く理由: 場に出すカードがない(再行動可能)
---更新前---
山札:54枚
P-00000004:4枚 P-00000002:2枚 P-00000003:2枚 P-00000001:2枚 
25枚以下制約あり
---更新後---
山札からP-00000002へ1枚移動
山札:53枚
P-00000004:4枚 P-00000002:3枚 P-00000003:2枚 P-00000001:2枚 
Receive draw-card event.
res_data: 
{'player': 'P-00000003', 'is_draw': True}
---P-00000003がカードを引きます---
引く理由: 場に出すカードがない(再行動可能)
---更新前---
山札:53枚
P-00000004:4枚 P-00000002:3枚 P-00000003:2枚 P-00000001:2枚 
25枚以下制約あり
---更新後---
山札からP-00000003へ1枚移動
山札:52枚
P-00000004:4枚 P-00000002:3枚 P-00000003:3枚 P-00000001:2枚 
Receive play-draw-card event.
res_data: 
{
    'is_play_card': True,
    'yell_uno': False,
    'player': 'P-00000003',
    'card_play': {'color': 'green', 'number': 9}
}
今のは{'card_counts': 2, 'card': {'color': 'green', 'number': 9}}
その前は{'card_counts': 1, 'card': {'color': 'green', 'number': 5}}
---場にカードを出した---
プレイヤー: P-00000003
カード: {'color': 'green', 'number': 9}
山札の枚数: 52
場の枚数: 47
P-00000004の枚数: 4
P-00000002の枚数: 3
P-00000003の枚数: 2
P-00000001の枚数: 2
カード合計: 110
CHECK: False
最後に記録されたカード: {'color': 'green', 'number': 9}
場札または手札にないのは
カードステータス: {'blue': {'0': 1, '1': 1, '2': 1, '3': 0, '4': 0, '5': 1, '6': 1, '7': 0, '8': 0, '9': 2, 'draw_2': 0, 'skip': 1, 'reverse': 2}, 'green': {'0': 0, '1': 1, '2': 2, '3': 1, '4': 2, '5': 0, '6': 1, '7': 1, '8': 1, '9': 0, 'draw_2': 2, 'skip': 0, 'reverse': 1}, 'red': {'0': 0, '1': 1, '2': 2, '3': 0, '4': 2, '5': 0, '6': 2, '7': 1, '8': 2, '9': 2, 'draw_2': 1, 'skip': 2, 'reverse': 1}, 'yellow': {'0': 1, '1': 2, '2': 2, '3': 1, '4': 0, '5': 1, '6': 1, '7': 1, '8': 2, '9': 0, 'draw_2': 2, 'skip': 1, 'reverse': 2}, 'black': {'wild': 4, 'wild_draw_4': 4, 'wild_shuffle': 1}, 'white': {'white_wild': 1}}
私はP-00000001です
Receive next-player event.
res_data: 
{
    'next_player': 'P-00000001',
    'before_player': 'P-00000003',
    'card_before': {'color': 'green', 'number': 9},
    'card_of_player': [
        {'color': 'yellow', 'number': 4},
        {'color': 'blue', 'number': 3}
    ],
    'must_call_draw_card': False,
    'draw_reason': 'nothing',
    'turn_right': True,
    'number_card_play': 47,
    'number_turn_play': 67,
    'number_card_of_player': {
        'P-00000004': 4,
        'P-00000002': 3,
        'P-00000003': 2,
        'P-00000001': 2
    }
}
---枚数照合---
誰？： P-00000004
dealerから送られてきたカード枚数: 4
game_statusで記録していたカード枚数: 4
正しいか: True
---枚数照合---
誰？： P-00000002
dealerから送られてきたカード枚数: 3
game_statusで記録していたカード枚数: 3
正しいか: True
---枚数照合---
誰？： P-00000003
dealerから送られてきたカード枚数: 2
game_statusで記録していたカード枚数: 2
正しいか: True
---枚数照合---
誰？： P-00000001
dealerから送られてきたカード枚数: 2
game_statusで記録していたカード枚数: 2
正しいか: True
Send draw-card event.
req_data: 
{}
場札または手札にないのは
カードステータス: {'blue': {'0': 1, '1': 1, '2': 1, '3': 0, '4': 0, '5': 1, '6': 1, '7': 0, '8': 0, '9': 2, 'draw_2': 0, 'skip': 1, 'reverse': 2}, 'green': {'0': 0, '1': 1, '2': 2, '3': 1, '4': 2, '5': 0, '6': 1, '7': 1, '8': 1, '9': 0, 'draw_2': 2, 'skip': 0, 'reverse': 1}, 'red': {'0': 0, '1': 1, '2': 2, '3': 0, '4': 2, '5': 0, '6': 2, '7': 1, '8': 2, '9': 2, 'draw_2': 1, 'skip': 2, 'reverse': 1}, 'yellow': {'0': 1, '1': 2, '2': 2, '3': 1, '4': 0, '5': 1, '6': 1, '7': 1, '8': 2, '9': 0, 'draw_2': 2, 'skip': 1, 'reverse': 2}, 'black': {'wild': 4, 'wild_draw_4': 4, 'wild_shuffle': 0}, 'white': {'white_wild': 1}}
私の手札は
[
    {'color': 'yellow', 'number': 4},
    {'color': 'blue', 'number': 3},
    {'color': 'black', 'special': 'wild_shuffle'}
]
Receive receiver-card event.
Receive draw-card event.
Send draw-card event.
res_data: 
{'player': 'P-00000001', 'is_draw': True}
---P-00000001がカードを引きます---
引く理由: 場に出すカードがない(再行動可能)
---更新前---
山札:52枚
P-00000004:4枚 P-00000002:3枚 P-00000003:2枚 P-00000001:2枚 
25枚以下制約あり
---更新後---
山札からP-00000001へ1枚移動
山札:51枚
P-00000004:4枚 P-00000002:3枚 P-00000003:2枚 P-00000001:3枚 
res_data: 
{
    'cards_receive': [{'color': 'black', 'special': 'wild_shuffle'}],
    'is_penalty': False
}
res_data: 
{
    'player': 'P-00000001',
    'is_draw': True,
    'draw_card': [{'color': 'black', 'special': 'wild_shuffle'}],
    'can_play_draw_card': True
}
Send play-draw-card event.
req_data: 
{'is_play_card': True, 'yell_uno': False}
場札または手札にないのは
カードステータス: {'blue': {'0': 1, '1': 1, '2': 1, '3': 1, '4': 0, '5': 1, '6': 1, '7': 0, '8': 0, '9': 2, 'draw_2': 0, 'skip': 1, 'reverse': 1}, 'green': {'0': 0, '1': 1, '2': 2, '3': 1, '4': 2, '5': 0, '6': 1, '7': 1, '8': 1, '9': 0, 'draw_2': 2, 'skip': 0, 'reverse': 1}, 'red': {'0': 0, '1': 1, '2': 2, '3': 0, '4': 2, '5': 0, '6': 2, '7': 1, '8': 2, '9': 2, 'draw_2': 1, 'skip': 2, 'reverse': 1}, 'yellow': {'0': 1, '1': 1, '2': 2, '3': 1, '4': 1, '5': 1, '6': 1, '7': 1, '8': 2, '9': 0, 'draw_2': 2, 'skip': 1, 'reverse': 2}, 'black': {'wild': 4, 'wild_draw_4': 4, 'wild_shuffle': 1}, 'white': {'white_wild': 1}}
Receive shuffle-wild event.
Receive color-of-wild event.
res_data: 
{}
change_card
[('blue', 1), ('yellow', 1), ('red', 0), ('green', 0)]
res_data: 
{
    'cards_receive': [
        {'color': 'yellow', 'number': 1},
        {'color': 'blue', 'special': 'reverse'}
    ],
    'number_card_of_player': {
        'P-00000004': 3,
        'P-00000002': 3,
        'P-00000003': 3,
        'P-00000001': 2
    }
}
公開カードリセット
---枚数照合---
誰？： P-00000004
dealerから送られてきたカード枚数: 3
game_statusで記録していたカード枚数: 4
正しいか: False
正しい枚数に更新する
---枚数照合---
誰？： P-00000002
dealerから送られてきたカード枚数: 3
game_statusで記録していたカード枚数: 3
正しいか: True
---枚数照合---
誰？： P-00000003
dealerから送られてきたカード枚数: 3
game_statusで記録していたカード枚数: 2
正しいか: False
正しい枚数に更新する
---枚数照合---
誰？： P-00000001
dealerから送られてきたカード枚数: 2
game_statusで記録していたカード枚数: 3
正しいか: False
正しい枚数に更新する
Send color-of-wild event.
req_data: 
{'color_of_wild': 'blue'}
Receive play-draw-card event.
res_data: 
{
    'is_play_card': True,
    'yell_uno': False,
    'player': 'P-00000001',
    'card_play': {'color': 'black', 'special': 'wild_shuffle'}
}
今のは{'card_counts': 1, 'card': {'color': 'black', 'special': 'wild_shuffle'}}
その前は{'card_counts': 2, 'card': {'color': 'green', 'special': 'skip'}}
---場にカードを出した---
プレイヤー: P-00000001
カード: {'color': 'black', 'special': 'wild_shuffle'}
山札の枚数: 51
場の枚数: 48
P-00000004の枚数: 3
P-00000002の枚数: 3
P-00000003の枚数: 3
P-00000001の枚数: 1
Noneの枚数: 1
カード合計: 110
CHECK: False
最後に記録されたカード: {'color': 'black', 'special': 'wild_shuffle'}
Send play-draw-card event.
res_data: 
{'is_play_card': True, 'yell_uno': False}
Receive update-color event.
res_data: 
{'color': 'blue'}
Send color-of-wild event.
res_data: 
{'color_of_wild': 'blue'}
私以外だよ
場札または手札にないのは
カードステータス: {'blue': {'0': 1, '1': 1, '2': 1, '3': 0, '4': 0, '5': 1, '6': 1, '7': 0, '8': 0, '9': 2, 'draw_2': 0, 'skip': 1, 'reverse': 1}, 'green': {'0': 0, '1': 1, '2': 2, '3': 1, '4': 2, '5': 0, '6': 1, '7': 1, '8': 1, '9': 0, 'draw_2': 2, 'skip': 0, 'reverse': 1}, 'red': {'0': 0, '1': 1, '2': 2, '3': 0, '4': 2, '5': 0, '6': 2, '7': 1, '8': 2, '9': 2, 'draw_2': 1, 'skip': 2, 'reverse': 1}, 'yellow': {'0': 1, '1': 1, '2': 2, '3': 1, '4': 1, '5': 1, '6': 1, '7': 1, '8': 2, '9': 0, 'draw_2': 2, 'skip': 1, 'reverse': 2}, 'black': {'wild': 4, 'wild_draw_4': 4, 'wild_shuffle': 1}, 'white': {'white_wild': 1}}
今のは{'card_counts': 2, 'card': {'color': 'blue', 'number': 3}}
その前は{'card_counts': 4, 'card': {'color': 'green', 'number': 5}}
---場にカードを出した---
プレイヤー: P-00000004
カード: {'color': 'blue', 'number': 3}
山札の枚数: 51
場の枚数: 49
P-00000004の枚数: 2
P-00000002の枚数: 3
P-00000003の枚数: 3
P-00000001の枚数: 1
Noneの枚数: 1
カード合計: 110
CHECK: False
最後に記録されたカード: {'color': 'blue', 'number': 3}
Receive play-card event.
res_data: 
{
    'card_play': {'color': 'blue', 'number': 3},
    'yell_uno': False,
    'player': 'P-00000004'
}
Receive draw-card event.
res_data: 
{'player': 'P-00000002', 'is_draw': True}
---P-00000002がカードを引きます---
引く理由: 場に出すカードがない(再行動可能)
---更新前---
山札:51枚
P-00000004:2枚 P-00000002:3枚 P-00000003:3枚 P-00000001:1枚 None:1枚 
25枚以下制約あり
---更新後---
山札からP-00000002へ1枚移動
山札:50枚
P-00000004:2枚 P-00000002:4枚 P-00000003:3枚 P-00000001:1枚 None:1枚 
私以外だよ
場札または手札にないのは
カードステータス: {'blue': {'0': 1, '1': 1, '2': 1, '3': 0, '4': 0, '5': 1, '6': 1, '7': 0, '8': 0, '9': 1, 'draw_2': 0, 'skip': 1, 'reverse': 1}, 'green': {'0': 0, '1': 1, '2': 2, '3': 1, '4': 2, '5': 0, '6': 1, '7': 1, '8': 1, '9': 0, 'draw_2': 2, 'skip': 0, 'reverse': 1}, 'red': {'0': 0, '1': 1, '2': 2, '3': 0, '4': 2, '5': 0, '6': 2, '7': 1, '8': 2, '9': 2, 'draw_2': 1, 'skip': 2, 'reverse': 1}, 'yellow': {'0': 1, '1': 1, '2': 2, '3': 1, '4': 1, '5': 1, '6': 1, '7': 1, '8': 2, '9': 0, 'draw_2': 2, 'skip': 1, 'reverse': 2}, 'black': {'wild': 4, 'wild_draw_4': 4, 'wild_shuffle': 1}, 'white': {'white_wild': 1}}
今のは{'card_counts': 2, 'card': {'color': 'blue', 'number': 9}}
その前は{'card_counts': 2, 'card': {'color': 'green', 'number': 9}}
---場にカードを出した---
プレイヤー: P-00000003
カード: {'color': 'blue', 'number': 9}
山札の枚数: 50
場の枚数: 50
P-00000004の枚数: 2
P-00000002の枚数: 4
P-00000003の枚数: 2
P-00000001の枚数: 1
Noneの枚数: 1
カード合計: 110
CHECK: False
最後に記録されたカード: {'color': 'blue', 'number': 9}
Receive play-card event.
res_data: 
{
    'card_play': {'color': 'blue', 'number': 9},
    'yell_uno': False,
    'player': 'P-00000003'
}
私はP-00000001です
Receive next-player event.
res_data: 
{
    'next_player': 'P-00000001',
    'before_player': 'P-00000003',
    'card_before': {'color': 'blue', 'number': 9},
    'card_of_player': [
        {'color': 'yellow', 'number': 1},
        {'color': 'blue', 'special': 'reverse'}
    ],
    'must_call_draw_card': False,
    'draw_reason': 'nothing',
    'turn_right': True,
    'number_card_play': 50,
    'number_turn_play': 71,
    'number_card_of_player': {
        'P-00000004': 2,
        'P-00000002': 4,
        'P-00000003': 2,
        'P-00000001': 2
    }
}
---枚数照合---
誰？： P-00000004
dealerから送られてきたカード枚数: 2
game_statusで記録していたカード枚数: 2
正しいか: True
---枚数照合---
誰？： P-00000002
dealerから送られてきたカード枚数: 4
game_statusで記録していたカード枚数: 4
正しいか: True
---枚数照合---
誰？： P-00000003
dealerから送られてきたカード枚数: 2
game_statusで記録していたカード枚数: 2
正しいか: True
---枚数照合---
誰？： P-00000001
dealerから送られてきたカード枚数: 2
game_statusで記録していたカード枚数: 1
正しいか: False
正しい枚数に更新する
selected card: blue reverse
Send play-card event.
req_data: 
{'card_play': {'color': 'blue', 'special': 'reverse'}, 'yell_uno': True}
今のは{'card_counts': 1, 'card': {'color': 'blue', 'special': 'reverse'}}
その前は{'card_counts': 1, 'card': {'color': 'black', 'special': 'wild_shuffle'}}
---場にカードを出した---
プレイヤー: P-00000001
カード: {'color': 'blue', 'special': 'reverse'}
山札の枚数: 50
場の枚数: 51
P-00000004の枚数: 2
P-00000002の枚数: 4
P-00000003の枚数: 2
P-00000001の枚数: 1
Noneの枚数: 1
カード合計: 111
CHECK: False
最後に記録されたカード: {'color': 'blue', 'special': 'reverse'}
反転発動
{'P-00000004': {'位置': '直後', 'UNO': False}, 'P-00000002': {'位置': '対面', 'UNO': False}, 'P-00000003': {'位置': '直前', 'UNO': False}}
Receive play-card event.
res_data: 
{
    'card_play': {'color': 'blue', 'special': 'reverse'},
    'yell_uno': True,
    'player': 'P-00000001'
}
Send play-card event.
res_data: 
{'card_play': {'color': 'blue', 'special': 'reverse'}, 'yell_uno': True}
私以外だよ
場札または手札にないのは
カードステータス: {'blue': {'0': 1, '1': 1, '2': 1, '3': 0, '4': 0, '5': 1, '6': 1, '7': 0, '8': 0, '9': 0, 'draw_2': 0, 'skip': 1, 'reverse': 1}, 'green': {'0': 0, '1': 1, '2': 2, '3': 1, '4': 2, '5': 0, '6': 1, '7': 1, '8': 1, '9': 0, 'draw_2': 2, 'skip': 0, 'reverse': 1}, 'red': {'0': 0, '1': 1, '2': 2, '3': 0, '4': 2, '5': 0, '6': 2, '7': 1, '8': 2, '9': 2, 'draw_2': 1, 'skip': 2, 'reverse': 1}, 'yellow': {'0': 1, '1': 1, '2': 2, '3': 1, '4': 1, '5': 1, '6': 1, '7': 1, '8': 2, '9': 0, 'draw_2': 2, 'skip': 1, 'reverse': 2}, 'black': {'wild': 4, 'wild_draw_4': 4, 'wild_shuffle': 1}, 'white': {'white_wild': 1}}
今のは{'card_counts': 1, 'card': {'color': 'blue', 'number': 9}}
その前は{'card_counts': 2, 'card': {'color': 'blue', 'number': 9}}
---場にカードを出した---
プレイヤー: P-00000003
カード: {'color': 'blue', 'number': 9}
山札の枚数: 50
場の枚数: 52
P-00000004の枚数: 2
P-00000002の枚数: 4
P-00000003の枚数: 1
P-00000001の枚数: 1
Noneの枚数: 1
カード合計: 111
CHECK: False
最後に記録されたカード: {'color': 'blue', 'number': 9}
Receive play-card event.
res_data: 
{
    'card_play': {'color': 'blue', 'number': 9},
    'yell_uno': True,
    'player': 'P-00000003'
}
P-00000003がUNOしました
Receive draw-card event.
res_data: 
{'player': 'P-00000002', 'is_draw': True}
---P-00000002がカードを引きます---
引く理由: 場に出すカードがない(再行動可能)
---更新前---
山札:50枚
P-00000004:2枚 P-00000002:4枚 P-00000003:1枚 P-00000001:1枚 None:1枚 
25枚以下制約あり
---更新後---
山札からP-00000002へ1枚移動
山札:49枚
P-00000004:2枚 P-00000002:5枚 P-00000003:1枚 P-00000001:1枚 None:1枚 
私以外だよ
場札または手札にないのは
カードステータス: {'blue': {'0': 1, '1': 1, '2': 1, '3': 0, '4': 0, '5': 1, '6': 1, '7': 0, '8': 0, '9': 0, 'draw_2': 0, 'skip': 1, 'reverse': 1}, 'green': {'0': 0, '1': 1, '2': 2, '3': 1, '4': 2, '5': 0, '6': 1, '7': 1, '8': 1, '9': 0, 'draw_2': 2, 'skip': 0, 'reverse': 1}, 'red': {'0': 0, '1': 1, '2': 2, '3': 0, '4': 2, '5': 0, '6': 2, '7': 1, '8': 2, '9': 2, 'draw_2': 1, 'skip': 2, 'reverse': 1}, 'yellow': {'0': 1, '1': 1, '2': 2, '3': 1, '4': 1, '5': 1, '6': 1, '7': 1, '8': 2, '9': 0, 'draw_2': 2, 'skip': 1, 'reverse': 2}, 'black': {'wild': 3, 'wild_draw_4': 4, 'wild_shuffle': 1}, 'white': {'white_wild': 1}}
今のは{'card_counts': 1, 'card': {'color': 'black', 'special': 'wild'}}
その前は{'card_counts': 2, 'card': {'color': 'blue', 'number': 3}}
---場にカードを出した---
プレイヤー: P-00000004
カード: {'color': 'black', 'special': 'wild'}
山札の枚数: 49
場の枚数: 53
P-00000004の枚数: 1
P-00000002の枚数: 5
P-00000003の枚数: 1
P-00000001の枚数: 1
Noneの枚数: 1
カード合計: 111
CHECK: False
最後に記録されたカード: {'color': 'black', 'special': 'wild'}
Receive play-card event.
res_data: 
{
    'card_play': {'color': 'black', 'special': 'wild'},
    'yell_uno': True,
    'color_of_wild': 'yellow',
    'player': 'P-00000004'
}
P-00000004がUNOしました
Receive update-color event.
res_data: 
{'color': 'yellow'}
私はP-00000001です
Receive next-player event.
res_data: 
{
    'next_player': 'P-00000001',
    'before_player': 'P-00000004',
    'card_before': {'color': 'yellow', 'special': 'wild'},
    'card_of_player': [{'color': 'yellow', 'number': 1}],
    'must_call_draw_card': False,
    'draw_reason': 'nothing',
    'turn_right': False,
    'number_card_play': 53,
    'number_turn_play': 75,
    'number_card_of_player': {
        'P-00000004': 1,
        'P-00000002': 5,
        'P-00000003': 1,
        'P-00000001': 1
    }
}
---枚数照合---
誰？： P-00000004
dealerから送られてきたカード枚数: 1
game_statusで記録していたカード枚数: 1
正しいか: True
---枚数照合---
誰？： P-00000002
dealerから送られてきたカード枚数: 5
game_statusで記録していたカード枚数: 5
正しいか: True
---枚数照合---
誰？： P-00000003
dealerから送られてきたカード枚数: 1
game_statusで記録していたカード枚数: 1
正しいか: True
---枚数照合---
誰？： P-00000001
dealerから送られてきたカード枚数: 1
game_statusで記録していたカード枚数: 1
正しいか: True
pos is  直前
tmp_num_list
[{'color': 'yellow', 'number': 1}]
rtn_list_1 :
[]
rtn_list_2 :
[{'color': 'yellow', 'number': 1}]
---出す順---
yellowの1 [{'color': 'yellow', 'number': 1}]
selected card: yellow 1
Send play-card event.
req_data: 
{'card_play': {'color': 'yellow', 'number': 1}, 'yell_uno': False}
今のは{'card_counts': 0, 'card': {'color': 'yellow', 'number': 1}}
その前は{'card_counts': 1, 'card': {'color': 'blue', 'special': 'reverse'}}
---場にカードを出した---
プレイヤー: P-00000001
カード: {'color': 'yellow', 'number': 1}
山札の枚数: 49
場の枚数: 54
P-00000004の枚数: 1
P-00000002の枚数: 5
P-00000003の枚数: 1
P-00000001の枚数: 0
Noneの枚数: 1
カード合計: 111
CHECK: False
最後に記録されたカード: {'color': 'yellow', 'number': 1}
Receive play-card event.
res_data: 
{
    'card_play': {'color': 'yellow', 'number': 1},
    'yell_uno': False,
    'player': 'P-00000001'
}
Receive finish-turn event.
res_data: 
{
    'winner': 'P-00000001',
    'turn_no': 197,
    'score': {
        'P-00000004': -4,
        'P-00000002': -35,
        'P-00000003': -2,
        'P-00000001': 41
    }
}
Receive finish-game event.
res_data: 
{
    'winner': 'P-00000001',
    'turn_win': 53,
    'order': {
        'P-00000001': 53,
        'P-00000004': 51,
        'P-00000003': 45,
        'P-00000002': 45
    },
    'total_score': {
        'P-00000001': 1462,
        'P-00000004': 249,
        'P-00000002': -493,
        'P-00000003': -1218
    }
}
Client disconnect.
